[2024-12-20T19:23:36.150+0000] {processor.py:157} INFO - Started process (PID=33254) to work on /home/vscode/.local/lib/python3.10/site-packages/airflow/example_dags/example_params_trigger_ui.py
[2024-12-20T19:23:36.151+0000] {processor.py:826} INFO - Processing file /home/vscode/.local/lib/python3.10/site-packages/airflow/example_dags/example_params_trigger_ui.py for tasks to queue
[2024-12-20T19:23:36.152+0000] {logging_mixin.py:150} INFO - [2024-12-20T19:23:36.151+0000] {dagbag.py:541} INFO - Filling up the DagBag from /home/vscode/.local/lib/python3.10/site-packages/airflow/example_dags/example_params_trigger_ui.py
[2024-12-20T19:23:36.164+0000] {processor.py:836} INFO - DAG(s) dict_keys(['example_params_trigger_ui']) retrieved from /home/vscode/.local/lib/python3.10/site-packages/airflow/example_dags/example_params_trigger_ui.py
[2024-12-20T19:23:36.198+0000] {logging_mixin.py:150} INFO - [2024-12-20T19:23:36.198+0000] {dag.py:2742} INFO - Sync 1 DAGs
[2024-12-20T19:23:36.214+0000] {logging_mixin.py:150} INFO - [2024-12-20T19:23:36.214+0000] {dag.py:3504} INFO - Setting next_dagrun for example_params_trigger_ui to None, run_after=None
[2024-12-20T19:23:36.231+0000] {processor.py:179} INFO - Processing /home/vscode/.local/lib/python3.10/site-packages/airflow/example_dags/example_params_trigger_ui.py took 0.082 seconds
[2024-12-20T19:24:21.566+0000] {processor.py:157} INFO - Started process (PID=33581) to work on /home/vscode/.local/lib/python3.10/site-packages/airflow/example_dags/example_params_trigger_ui.py
[2024-12-20T19:24:21.567+0000] {processor.py:826} INFO - Processing file /home/vscode/.local/lib/python3.10/site-packages/airflow/example_dags/example_params_trigger_ui.py for tasks to queue
[2024-12-20T19:24:21.568+0000] {logging_mixin.py:150} INFO - [2024-12-20T19:24:21.567+0000] {dagbag.py:541} INFO - Filling up the DagBag from /home/vscode/.local/lib/python3.10/site-packages/airflow/example_dags/example_params_trigger_ui.py
[2024-12-20T19:24:21.582+0000] {processor.py:836} INFO - DAG(s) dict_keys(['example_params_trigger_ui']) retrieved from /home/vscode/.local/lib/python3.10/site-packages/airflow/example_dags/example_params_trigger_ui.py
[2024-12-20T19:24:21.617+0000] {logging_mixin.py:150} INFO - [2024-12-20T19:24:21.616+0000] {dag.py:2742} INFO - Sync 1 DAGs
[2024-12-20T19:24:21.634+0000] {logging_mixin.py:150} INFO - [2024-12-20T19:24:21.634+0000] {dag.py:3504} INFO - Setting next_dagrun for example_params_trigger_ui to None, run_after=None
[2024-12-20T19:24:21.649+0000] {processor.py:179} INFO - Processing /home/vscode/.local/lib/python3.10/site-packages/airflow/example_dags/example_params_trigger_ui.py took 0.086 seconds
[2024-12-20T19:25:06.695+0000] {processor.py:157} INFO - Started process (PID=33960) to work on /home/vscode/.local/lib/python3.10/site-packages/airflow/example_dags/example_params_trigger_ui.py
[2024-12-20T19:25:06.695+0000] {processor.py:826} INFO - Processing file /home/vscode/.local/lib/python3.10/site-packages/airflow/example_dags/example_params_trigger_ui.py for tasks to queue
[2024-12-20T19:25:06.696+0000] {logging_mixin.py:150} INFO - [2024-12-20T19:25:06.696+0000] {dagbag.py:541} INFO - Filling up the DagBag from /home/vscode/.local/lib/python3.10/site-packages/airflow/example_dags/example_params_trigger_ui.py
[2024-12-20T19:25:06.708+0000] {processor.py:836} INFO - DAG(s) dict_keys(['example_params_trigger_ui']) retrieved from /home/vscode/.local/lib/python3.10/site-packages/airflow/example_dags/example_params_trigger_ui.py
[2024-12-20T19:25:06.740+0000] {logging_mixin.py:150} INFO - [2024-12-20T19:25:06.740+0000] {dag.py:2742} INFO - Sync 1 DAGs
[2024-12-20T19:25:06.754+0000] {logging_mixin.py:150} INFO - [2024-12-20T19:25:06.754+0000] {dag.py:3504} INFO - Setting next_dagrun for example_params_trigger_ui to None, run_after=None
[2024-12-20T19:25:06.770+0000] {processor.py:179} INFO - Processing /home/vscode/.local/lib/python3.10/site-packages/airflow/example_dags/example_params_trigger_ui.py took 0.077 seconds
[2024-12-20T19:25:54.334+0000] {processor.py:157} INFO - Started process (PID=34400) to work on /home/vscode/.local/lib/python3.10/site-packages/airflow/example_dags/example_params_trigger_ui.py
[2024-12-20T19:25:54.334+0000] {processor.py:826} INFO - Processing file /home/vscode/.local/lib/python3.10/site-packages/airflow/example_dags/example_params_trigger_ui.py for tasks to queue
[2024-12-20T19:25:54.335+0000] {logging_mixin.py:150} INFO - [2024-12-20T19:25:54.335+0000] {dagbag.py:541} INFO - Filling up the DagBag from /home/vscode/.local/lib/python3.10/site-packages/airflow/example_dags/example_params_trigger_ui.py
[2024-12-20T19:25:54.350+0000] {processor.py:836} INFO - DAG(s) dict_keys(['example_params_trigger_ui']) retrieved from /home/vscode/.local/lib/python3.10/site-packages/airflow/example_dags/example_params_trigger_ui.py
[2024-12-20T19:25:54.387+0000] {logging_mixin.py:150} INFO - [2024-12-20T19:25:54.387+0000] {dag.py:2742} INFO - Sync 1 DAGs
[2024-12-20T19:25:54.406+0000] {logging_mixin.py:150} INFO - [2024-12-20T19:25:54.406+0000] {dag.py:3504} INFO - Setting next_dagrun for example_params_trigger_ui to None, run_after=None
[2024-12-20T19:25:54.422+0000] {processor.py:179} INFO - Processing /home/vscode/.local/lib/python3.10/site-packages/airflow/example_dags/example_params_trigger_ui.py took 0.091 seconds
[2024-12-20T19:26:38.168+0000] {processor.py:157} INFO - Started process (PID=34837) to work on /home/vscode/.local/lib/python3.10/site-packages/airflow/example_dags/example_params_trigger_ui.py
[2024-12-20T19:26:38.168+0000] {processor.py:826} INFO - Processing file /home/vscode/.local/lib/python3.10/site-packages/airflow/example_dags/example_params_trigger_ui.py for tasks to queue
[2024-12-20T19:26:38.169+0000] {logging_mixin.py:150} INFO - [2024-12-20T19:26:38.169+0000] {dagbag.py:541} INFO - Filling up the DagBag from /home/vscode/.local/lib/python3.10/site-packages/airflow/example_dags/example_params_trigger_ui.py
[2024-12-20T19:26:38.181+0000] {processor.py:836} INFO - DAG(s) dict_keys(['example_params_trigger_ui']) retrieved from /home/vscode/.local/lib/python3.10/site-packages/airflow/example_dags/example_params_trigger_ui.py
[2024-12-20T19:26:38.214+0000] {logging_mixin.py:150} INFO - [2024-12-20T19:26:38.214+0000] {dag.py:2742} INFO - Sync 1 DAGs
[2024-12-20T19:26:38.228+0000] {logging_mixin.py:150} INFO - [2024-12-20T19:26:38.228+0000] {dag.py:3504} INFO - Setting next_dagrun for example_params_trigger_ui to None, run_after=None
[2024-12-20T19:26:38.243+0000] {processor.py:179} INFO - Processing /home/vscode/.local/lib/python3.10/site-packages/airflow/example_dags/example_params_trigger_ui.py took 0.078 seconds
[2024-12-20T19:33:35.328+0000] {processor.py:157} INFO - Started process (PID=37830) to work on /home/vscode/.local/lib/python3.10/site-packages/airflow/example_dags/example_params_trigger_ui.py
[2024-12-20T19:33:35.328+0000] {processor.py:826} INFO - Processing file /home/vscode/.local/lib/python3.10/site-packages/airflow/example_dags/example_params_trigger_ui.py for tasks to queue
[2024-12-20T19:33:35.329+0000] {logging_mixin.py:150} INFO - [2024-12-20T19:33:35.329+0000] {dagbag.py:541} INFO - Filling up the DagBag from /home/vscode/.local/lib/python3.10/site-packages/airflow/example_dags/example_params_trigger_ui.py
[2024-12-20T19:33:35.341+0000] {processor.py:836} INFO - DAG(s) dict_keys(['example_params_trigger_ui']) retrieved from /home/vscode/.local/lib/python3.10/site-packages/airflow/example_dags/example_params_trigger_ui.py
[2024-12-20T19:33:35.371+0000] {logging_mixin.py:150} INFO - [2024-12-20T19:33:35.371+0000] {dag.py:2742} INFO - Sync 1 DAGs
[2024-12-20T19:33:35.384+0000] {logging_mixin.py:150} INFO - [2024-12-20T19:33:35.384+0000] {dag.py:3504} INFO - Setting next_dagrun for example_params_trigger_ui to None, run_after=None
[2024-12-20T19:33:35.399+0000] {processor.py:179} INFO - Processing /home/vscode/.local/lib/python3.10/site-packages/airflow/example_dags/example_params_trigger_ui.py took 0.073 seconds
[2024-12-20T19:34:22.653+0000] {processor.py:157} INFO - Started process (PID=38185) to work on /home/vscode/.local/lib/python3.10/site-packages/airflow/example_dags/example_params_trigger_ui.py
[2024-12-20T19:34:22.654+0000] {processor.py:826} INFO - Processing file /home/vscode/.local/lib/python3.10/site-packages/airflow/example_dags/example_params_trigger_ui.py for tasks to queue
[2024-12-20T19:34:22.654+0000] {logging_mixin.py:150} INFO - [2024-12-20T19:34:22.654+0000] {dagbag.py:541} INFO - Filling up the DagBag from /home/vscode/.local/lib/python3.10/site-packages/airflow/example_dags/example_params_trigger_ui.py
[2024-12-20T19:34:22.667+0000] {processor.py:836} INFO - DAG(s) dict_keys(['example_params_trigger_ui']) retrieved from /home/vscode/.local/lib/python3.10/site-packages/airflow/example_dags/example_params_trigger_ui.py
[2024-12-20T19:34:22.697+0000] {logging_mixin.py:150} INFO - [2024-12-20T19:34:22.697+0000] {dag.py:2742} INFO - Sync 1 DAGs
[2024-12-20T19:34:22.711+0000] {logging_mixin.py:150} INFO - [2024-12-20T19:34:22.711+0000] {dag.py:3504} INFO - Setting next_dagrun for example_params_trigger_ui to None, run_after=None
[2024-12-20T19:34:22.725+0000] {processor.py:179} INFO - Processing /home/vscode/.local/lib/python3.10/site-packages/airflow/example_dags/example_params_trigger_ui.py took 0.074 seconds
[2024-12-20T19:35:08.742+0000] {processor.py:157} INFO - Started process (PID=38545) to work on /home/vscode/.local/lib/python3.10/site-packages/airflow/example_dags/example_params_trigger_ui.py
[2024-12-20T19:35:08.742+0000] {processor.py:826} INFO - Processing file /home/vscode/.local/lib/python3.10/site-packages/airflow/example_dags/example_params_trigger_ui.py for tasks to queue
[2024-12-20T19:35:08.743+0000] {logging_mixin.py:150} INFO - [2024-12-20T19:35:08.743+0000] {dagbag.py:541} INFO - Filling up the DagBag from /home/vscode/.local/lib/python3.10/site-packages/airflow/example_dags/example_params_trigger_ui.py
[2024-12-20T19:35:08.755+0000] {processor.py:836} INFO - DAG(s) dict_keys(['example_params_trigger_ui']) retrieved from /home/vscode/.local/lib/python3.10/site-packages/airflow/example_dags/example_params_trigger_ui.py
[2024-12-20T19:35:08.786+0000] {logging_mixin.py:150} INFO - [2024-12-20T19:35:08.785+0000] {dag.py:2742} INFO - Sync 1 DAGs
[2024-12-20T19:35:08.799+0000] {logging_mixin.py:150} INFO - [2024-12-20T19:35:08.799+0000] {dag.py:3504} INFO - Setting next_dagrun for example_params_trigger_ui to None, run_after=None
[2024-12-20T19:35:08.817+0000] {processor.py:179} INFO - Processing /home/vscode/.local/lib/python3.10/site-packages/airflow/example_dags/example_params_trigger_ui.py took 0.077 seconds
[2024-12-20T19:35:55.249+0000] {processor.py:157} INFO - Started process (PID=38885) to work on /home/vscode/.local/lib/python3.10/site-packages/airflow/example_dags/example_params_trigger_ui.py
[2024-12-20T19:35:55.249+0000] {processor.py:826} INFO - Processing file /home/vscode/.local/lib/python3.10/site-packages/airflow/example_dags/example_params_trigger_ui.py for tasks to queue
[2024-12-20T19:35:55.250+0000] {logging_mixin.py:150} INFO - [2024-12-20T19:35:55.250+0000] {dagbag.py:541} INFO - Filling up the DagBag from /home/vscode/.local/lib/python3.10/site-packages/airflow/example_dags/example_params_trigger_ui.py
[2024-12-20T19:35:55.267+0000] {processor.py:836} INFO - DAG(s) dict_keys(['example_params_trigger_ui']) retrieved from /home/vscode/.local/lib/python3.10/site-packages/airflow/example_dags/example_params_trigger_ui.py
[2024-12-20T19:35:55.317+0000] {logging_mixin.py:150} INFO - [2024-12-20T19:35:55.317+0000] {dag.py:2742} INFO - Sync 1 DAGs
[2024-12-20T19:35:55.339+0000] {logging_mixin.py:150} INFO - [2024-12-20T19:35:55.339+0000] {dag.py:3504} INFO - Setting next_dagrun for example_params_trigger_ui to None, run_after=None
[2024-12-20T19:35:55.356+0000] {processor.py:179} INFO - Processing /home/vscode/.local/lib/python3.10/site-packages/airflow/example_dags/example_params_trigger_ui.py took 0.110 seconds
[2024-12-20T19:36:42.617+0000] {processor.py:157} INFO - Started process (PID=39400) to work on /home/vscode/.local/lib/python3.10/site-packages/airflow/example_dags/example_params_trigger_ui.py
[2024-12-20T19:36:42.617+0000] {processor.py:826} INFO - Processing file /home/vscode/.local/lib/python3.10/site-packages/airflow/example_dags/example_params_trigger_ui.py for tasks to queue
[2024-12-20T19:36:42.618+0000] {logging_mixin.py:150} INFO - [2024-12-20T19:36:42.618+0000] {dagbag.py:541} INFO - Filling up the DagBag from /home/vscode/.local/lib/python3.10/site-packages/airflow/example_dags/example_params_trigger_ui.py
[2024-12-20T19:36:42.630+0000] {processor.py:836} INFO - DAG(s) dict_keys(['example_params_trigger_ui']) retrieved from /home/vscode/.local/lib/python3.10/site-packages/airflow/example_dags/example_params_trigger_ui.py
[2024-12-20T19:36:42.689+0000] {logging_mixin.py:150} INFO - [2024-12-20T19:36:42.689+0000] {dag.py:2742} INFO - Sync 1 DAGs
[2024-12-20T19:36:42.705+0000] {logging_mixin.py:150} INFO - [2024-12-20T19:36:42.704+0000] {dag.py:3504} INFO - Setting next_dagrun for example_params_trigger_ui to None, run_after=None
[2024-12-20T19:36:42.718+0000] {processor.py:179} INFO - Processing /home/vscode/.local/lib/python3.10/site-packages/airflow/example_dags/example_params_trigger_ui.py took 0.104 seconds
[2024-12-20T19:37:30.159+0000] {processor.py:157} INFO - Started process (PID=39906) to work on /home/vscode/.local/lib/python3.10/site-packages/airflow/example_dags/example_params_trigger_ui.py
[2024-12-20T19:37:30.160+0000] {processor.py:826} INFO - Processing file /home/vscode/.local/lib/python3.10/site-packages/airflow/example_dags/example_params_trigger_ui.py for tasks to queue
[2024-12-20T19:37:30.161+0000] {logging_mixin.py:150} INFO - [2024-12-20T19:37:30.160+0000] {dagbag.py:541} INFO - Filling up the DagBag from /home/vscode/.local/lib/python3.10/site-packages/airflow/example_dags/example_params_trigger_ui.py
[2024-12-20T19:37:30.172+0000] {processor.py:836} INFO - DAG(s) dict_keys(['example_params_trigger_ui']) retrieved from /home/vscode/.local/lib/python3.10/site-packages/airflow/example_dags/example_params_trigger_ui.py
[2024-12-20T19:37:30.203+0000] {logging_mixin.py:150} INFO - [2024-12-20T19:37:30.203+0000] {dag.py:2742} INFO - Sync 1 DAGs
[2024-12-20T19:37:30.217+0000] {logging_mixin.py:150} INFO - [2024-12-20T19:37:30.217+0000] {dag.py:3504} INFO - Setting next_dagrun for example_params_trigger_ui to None, run_after=None
[2024-12-20T19:37:30.232+0000] {processor.py:179} INFO - Processing /home/vscode/.local/lib/python3.10/site-packages/airflow/example_dags/example_params_trigger_ui.py took 0.075 seconds
