[2024-12-20T19:23:38.993+0000] {processor.py:157} INFO - Started process (PID=33277) to work on /home/vscode/.local/lib/python3.10/site-packages/airflow/example_dags/example_branch_operator_decorator.py
[2024-12-20T19:23:38.993+0000] {processor.py:826} INFO - Processing file /home/vscode/.local/lib/python3.10/site-packages/airflow/example_dags/example_branch_operator_decorator.py for tasks to queue
[2024-12-20T19:23:38.994+0000] {logging_mixin.py:150} INFO - [2024-12-20T19:23:38.994+0000] {dagbag.py:541} INFO - Filling up the DagBag from /home/vscode/.local/lib/python3.10/site-packages/airflow/example_dags/example_branch_operator_decorator.py
[2024-12-20T19:23:39.002+0000] {processor.py:836} INFO - DAG(s) dict_keys(['example_branch_python_operator_decorator']) retrieved from /home/vscode/.local/lib/python3.10/site-packages/airflow/example_dags/example_branch_operator_decorator.py
[2024-12-20T19:23:39.016+0000] {logging_mixin.py:150} INFO - [2024-12-20T19:23:39.016+0000] {dag.py:2742} INFO - Sync 1 DAGs
[2024-12-20T19:23:39.031+0000] {logging_mixin.py:150} INFO - [2024-12-20T19:23:39.031+0000] {dag.py:3504} INFO - Setting next_dagrun for example_branch_python_operator_decorator to 2024-12-19T00:00:00+00:00, run_after=2024-12-20T00:00:00+00:00
[2024-12-20T19:23:39.046+0000] {processor.py:179} INFO - Processing /home/vscode/.local/lib/python3.10/site-packages/airflow/example_dags/example_branch_operator_decorator.py took 0.056 seconds
[2024-12-20T19:24:24.402+0000] {processor.py:157} INFO - Started process (PID=33598) to work on /home/vscode/.local/lib/python3.10/site-packages/airflow/example_dags/example_branch_operator_decorator.py
[2024-12-20T19:24:24.403+0000] {processor.py:826} INFO - Processing file /home/vscode/.local/lib/python3.10/site-packages/airflow/example_dags/example_branch_operator_decorator.py for tasks to queue
[2024-12-20T19:24:24.403+0000] {logging_mixin.py:150} INFO - [2024-12-20T19:24:24.403+0000] {dagbag.py:541} INFO - Filling up the DagBag from /home/vscode/.local/lib/python3.10/site-packages/airflow/example_dags/example_branch_operator_decorator.py
[2024-12-20T19:24:24.411+0000] {processor.py:836} INFO - DAG(s) dict_keys(['example_branch_python_operator_decorator']) retrieved from /home/vscode/.local/lib/python3.10/site-packages/airflow/example_dags/example_branch_operator_decorator.py
[2024-12-20T19:24:24.426+0000] {logging_mixin.py:150} INFO - [2024-12-20T19:24:24.425+0000] {dag.py:2742} INFO - Sync 1 DAGs
[2024-12-20T19:24:24.441+0000] {logging_mixin.py:150} INFO - [2024-12-20T19:24:24.441+0000] {dag.py:3504} INFO - Setting next_dagrun for example_branch_python_operator_decorator to 2024-12-19T00:00:00+00:00, run_after=2024-12-20T00:00:00+00:00
[2024-12-20T19:24:24.456+0000] {processor.py:179} INFO - Processing /home/vscode/.local/lib/python3.10/site-packages/airflow/example_dags/example_branch_operator_decorator.py took 0.056 seconds
[2024-12-20T19:25:10.329+0000] {processor.py:157} INFO - Started process (PID=34006) to work on /home/vscode/.local/lib/python3.10/site-packages/airflow/example_dags/example_branch_operator_decorator.py
[2024-12-20T19:25:10.330+0000] {processor.py:826} INFO - Processing file /home/vscode/.local/lib/python3.10/site-packages/airflow/example_dags/example_branch_operator_decorator.py for tasks to queue
[2024-12-20T19:25:10.330+0000] {logging_mixin.py:150} INFO - [2024-12-20T19:25:10.330+0000] {dagbag.py:541} INFO - Filling up the DagBag from /home/vscode/.local/lib/python3.10/site-packages/airflow/example_dags/example_branch_operator_decorator.py
[2024-12-20T19:25:10.338+0000] {processor.py:836} INFO - DAG(s) dict_keys(['example_branch_python_operator_decorator']) retrieved from /home/vscode/.local/lib/python3.10/site-packages/airflow/example_dags/example_branch_operator_decorator.py
[2024-12-20T19:25:10.352+0000] {logging_mixin.py:150} INFO - [2024-12-20T19:25:10.352+0000] {dag.py:2742} INFO - Sync 1 DAGs
[2024-12-20T19:25:10.367+0000] {logging_mixin.py:150} INFO - [2024-12-20T19:25:10.367+0000] {dag.py:3504} INFO - Setting next_dagrun for example_branch_python_operator_decorator to 2024-12-19T00:00:00+00:00, run_after=2024-12-20T00:00:00+00:00
[2024-12-20T19:25:10.382+0000] {processor.py:179} INFO - Processing /home/vscode/.local/lib/python3.10/site-packages/airflow/example_dags/example_branch_operator_decorator.py took 0.055 seconds
[2024-12-20T19:25:57.987+0000] {processor.py:157} INFO - Started process (PID=34438) to work on /home/vscode/.local/lib/python3.10/site-packages/airflow/example_dags/example_branch_operator_decorator.py
[2024-12-20T19:25:57.988+0000] {processor.py:826} INFO - Processing file /home/vscode/.local/lib/python3.10/site-packages/airflow/example_dags/example_branch_operator_decorator.py for tasks to queue
[2024-12-20T19:25:57.988+0000] {logging_mixin.py:150} INFO - [2024-12-20T19:25:57.988+0000] {dagbag.py:541} INFO - Filling up the DagBag from /home/vscode/.local/lib/python3.10/site-packages/airflow/example_dags/example_branch_operator_decorator.py
[2024-12-20T19:25:57.996+0000] {processor.py:836} INFO - DAG(s) dict_keys(['example_branch_python_operator_decorator']) retrieved from /home/vscode/.local/lib/python3.10/site-packages/airflow/example_dags/example_branch_operator_decorator.py
[2024-12-20T19:25:58.009+0000] {logging_mixin.py:150} INFO - [2024-12-20T19:25:58.009+0000] {dag.py:2742} INFO - Sync 1 DAGs
[2024-12-20T19:25:58.025+0000] {logging_mixin.py:150} INFO - [2024-12-20T19:25:58.025+0000] {dag.py:3504} INFO - Setting next_dagrun for example_branch_python_operator_decorator to 2024-12-19T00:00:00+00:00, run_after=2024-12-20T00:00:00+00:00
[2024-12-20T19:25:58.040+0000] {processor.py:179} INFO - Processing /home/vscode/.local/lib/python3.10/site-packages/airflow/example_dags/example_branch_operator_decorator.py took 0.056 seconds
[2024-12-20T19:26:45.117+0000] {processor.py:157} INFO - Started process (PID=34884) to work on /home/vscode/.local/lib/python3.10/site-packages/airflow/example_dags/example_branch_operator_decorator.py
[2024-12-20T19:26:45.118+0000] {processor.py:826} INFO - Processing file /home/vscode/.local/lib/python3.10/site-packages/airflow/example_dags/example_branch_operator_decorator.py for tasks to queue
[2024-12-20T19:26:45.118+0000] {logging_mixin.py:150} INFO - [2024-12-20T19:26:45.118+0000] {dagbag.py:541} INFO - Filling up the DagBag from /home/vscode/.local/lib/python3.10/site-packages/airflow/example_dags/example_branch_operator_decorator.py
[2024-12-20T19:26:45.126+0000] {processor.py:836} INFO - DAG(s) dict_keys(['example_branch_python_operator_decorator']) retrieved from /home/vscode/.local/lib/python3.10/site-packages/airflow/example_dags/example_branch_operator_decorator.py
[2024-12-20T19:26:45.139+0000] {logging_mixin.py:150} INFO - [2024-12-20T19:26:45.139+0000] {dag.py:2742} INFO - Sync 1 DAGs
[2024-12-20T19:26:45.155+0000] {logging_mixin.py:150} INFO - [2024-12-20T19:26:45.155+0000] {dag.py:3504} INFO - Setting next_dagrun for example_branch_python_operator_decorator to 2024-12-19T00:00:00+00:00, run_after=2024-12-20T00:00:00+00:00
[2024-12-20T19:26:45.170+0000] {processor.py:179} INFO - Processing /home/vscode/.local/lib/python3.10/site-packages/airflow/example_dags/example_branch_operator_decorator.py took 0.055 seconds
[2024-12-20T19:33:38.971+0000] {processor.py:157} INFO - Started process (PID=37847) to work on /home/vscode/.local/lib/python3.10/site-packages/airflow/example_dags/example_branch_operator_decorator.py
[2024-12-20T19:33:38.972+0000] {processor.py:826} INFO - Processing file /home/vscode/.local/lib/python3.10/site-packages/airflow/example_dags/example_branch_operator_decorator.py for tasks to queue
[2024-12-20T19:33:38.973+0000] {logging_mixin.py:150} INFO - [2024-12-20T19:33:38.972+0000] {dagbag.py:541} INFO - Filling up the DagBag from /home/vscode/.local/lib/python3.10/site-packages/airflow/example_dags/example_branch_operator_decorator.py
[2024-12-20T19:33:38.980+0000] {processor.py:836} INFO - DAG(s) dict_keys(['example_branch_python_operator_decorator']) retrieved from /home/vscode/.local/lib/python3.10/site-packages/airflow/example_dags/example_branch_operator_decorator.py
[2024-12-20T19:33:38.994+0000] {logging_mixin.py:150} INFO - [2024-12-20T19:33:38.994+0000] {dag.py:2742} INFO - Sync 1 DAGs
[2024-12-20T19:33:39.010+0000] {logging_mixin.py:150} INFO - [2024-12-20T19:33:39.010+0000] {dag.py:3504} INFO - Setting next_dagrun for example_branch_python_operator_decorator to 2024-12-19T00:00:00+00:00, run_after=2024-12-20T00:00:00+00:00
[2024-12-20T19:33:39.026+0000] {processor.py:179} INFO - Processing /home/vscode/.local/lib/python3.10/site-packages/airflow/example_dags/example_branch_operator_decorator.py took 0.056 seconds
[2024-12-20T19:34:30.100+0000] {processor.py:157} INFO - Started process (PID=38248) to work on /home/vscode/.local/lib/python3.10/site-packages/airflow/example_dags/example_branch_operator_decorator.py
[2024-12-20T19:34:30.101+0000] {processor.py:826} INFO - Processing file /home/vscode/.local/lib/python3.10/site-packages/airflow/example_dags/example_branch_operator_decorator.py for tasks to queue
[2024-12-20T19:34:30.102+0000] {logging_mixin.py:150} INFO - [2024-12-20T19:34:30.101+0000] {dagbag.py:541} INFO - Filling up the DagBag from /home/vscode/.local/lib/python3.10/site-packages/airflow/example_dags/example_branch_operator_decorator.py
[2024-12-20T19:34:30.109+0000] {processor.py:836} INFO - DAG(s) dict_keys(['example_branch_python_operator_decorator']) retrieved from /home/vscode/.local/lib/python3.10/site-packages/airflow/example_dags/example_branch_operator_decorator.py
[2024-12-20T19:34:30.121+0000] {logging_mixin.py:150} INFO - [2024-12-20T19:34:30.121+0000] {dag.py:2742} INFO - Sync 1 DAGs
[2024-12-20T19:34:30.136+0000] {logging_mixin.py:150} INFO - [2024-12-20T19:34:30.136+0000] {dag.py:3504} INFO - Setting next_dagrun for example_branch_python_operator_decorator to 2024-12-19T00:00:00+00:00, run_after=2024-12-20T00:00:00+00:00
[2024-12-20T19:34:30.154+0000] {processor.py:179} INFO - Processing /home/vscode/.local/lib/python3.10/site-packages/airflow/example_dags/example_branch_operator_decorator.py took 0.056 seconds
[2024-12-20T19:35:12.726+0000] {processor.py:157} INFO - Started process (PID=38582) to work on /home/vscode/.local/lib/python3.10/site-packages/airflow/example_dags/example_branch_operator_decorator.py
[2024-12-20T19:35:12.726+0000] {processor.py:826} INFO - Processing file /home/vscode/.local/lib/python3.10/site-packages/airflow/example_dags/example_branch_operator_decorator.py for tasks to queue
[2024-12-20T19:35:12.727+0000] {logging_mixin.py:150} INFO - [2024-12-20T19:35:12.727+0000] {dagbag.py:541} INFO - Filling up the DagBag from /home/vscode/.local/lib/python3.10/site-packages/airflow/example_dags/example_branch_operator_decorator.py
[2024-12-20T19:35:12.734+0000] {processor.py:836} INFO - DAG(s) dict_keys(['example_branch_python_operator_decorator']) retrieved from /home/vscode/.local/lib/python3.10/site-packages/airflow/example_dags/example_branch_operator_decorator.py
[2024-12-20T19:35:12.746+0000] {logging_mixin.py:150} INFO - [2024-12-20T19:35:12.746+0000] {dag.py:2742} INFO - Sync 1 DAGs
[2024-12-20T19:35:12.761+0000] {logging_mixin.py:150} INFO - [2024-12-20T19:35:12.761+0000] {dag.py:3504} INFO - Setting next_dagrun for example_branch_python_operator_decorator to 2024-12-19T00:00:00+00:00, run_after=2024-12-20T00:00:00+00:00
[2024-12-20T19:35:12.775+0000] {processor.py:179} INFO - Processing /home/vscode/.local/lib/python3.10/site-packages/airflow/example_dags/example_branch_operator_decorator.py took 0.051 seconds
[2024-12-20T19:36:00.349+0000] {processor.py:157} INFO - Started process (PID=38925) to work on /home/vscode/.local/lib/python3.10/site-packages/airflow/example_dags/example_branch_operator_decorator.py
[2024-12-20T19:36:00.349+0000] {processor.py:826} INFO - Processing file /home/vscode/.local/lib/python3.10/site-packages/airflow/example_dags/example_branch_operator_decorator.py for tasks to queue
[2024-12-20T19:36:00.350+0000] {logging_mixin.py:150} INFO - [2024-12-20T19:36:00.350+0000] {dagbag.py:541} INFO - Filling up the DagBag from /home/vscode/.local/lib/python3.10/site-packages/airflow/example_dags/example_branch_operator_decorator.py
[2024-12-20T19:36:00.361+0000] {processor.py:836} INFO - DAG(s) dict_keys(['example_branch_python_operator_decorator']) retrieved from /home/vscode/.local/lib/python3.10/site-packages/airflow/example_dags/example_branch_operator_decorator.py
[2024-12-20T19:36:00.380+0000] {logging_mixin.py:150} INFO - [2024-12-20T19:36:00.380+0000] {dag.py:2742} INFO - Sync 1 DAGs
[2024-12-20T19:36:00.402+0000] {logging_mixin.py:150} INFO - [2024-12-20T19:36:00.402+0000] {dag.py:3504} INFO - Setting next_dagrun for example_branch_python_operator_decorator to 2024-12-19T00:00:00+00:00, run_after=2024-12-20T00:00:00+00:00
[2024-12-20T19:36:00.426+0000] {processor.py:179} INFO - Processing /home/vscode/.local/lib/python3.10/site-packages/airflow/example_dags/example_branch_operator_decorator.py took 0.081 seconds
[2024-12-20T19:36:48.461+0000] {processor.py:157} INFO - Started process (PID=39444) to work on /home/vscode/.local/lib/python3.10/site-packages/airflow/example_dags/example_branch_operator_decorator.py
[2024-12-20T19:36:48.462+0000] {processor.py:826} INFO - Processing file /home/vscode/.local/lib/python3.10/site-packages/airflow/example_dags/example_branch_operator_decorator.py for tasks to queue
[2024-12-20T19:36:48.463+0000] {logging_mixin.py:150} INFO - [2024-12-20T19:36:48.462+0000] {dagbag.py:541} INFO - Filling up the DagBag from /home/vscode/.local/lib/python3.10/site-packages/airflow/example_dags/example_branch_operator_decorator.py
[2024-12-20T19:36:48.470+0000] {processor.py:836} INFO - DAG(s) dict_keys(['example_branch_python_operator_decorator']) retrieved from /home/vscode/.local/lib/python3.10/site-packages/airflow/example_dags/example_branch_operator_decorator.py
[2024-12-20T19:36:48.483+0000] {logging_mixin.py:150} INFO - [2024-12-20T19:36:48.482+0000] {dag.py:2742} INFO - Sync 1 DAGs
[2024-12-20T19:36:48.498+0000] {logging_mixin.py:150} INFO - [2024-12-20T19:36:48.498+0000] {dag.py:3504} INFO - Setting next_dagrun for example_branch_python_operator_decorator to 2024-12-19T00:00:00+00:00, run_after=2024-12-20T00:00:00+00:00
[2024-12-20T19:36:48.514+0000] {processor.py:179} INFO - Processing /home/vscode/.local/lib/python3.10/site-packages/airflow/example_dags/example_branch_operator_decorator.py took 0.054 seconds
[2024-12-20T19:37:35.277+0000] {processor.py:157} INFO - Started process (PID=39982) to work on /home/vscode/.local/lib/python3.10/site-packages/airflow/example_dags/example_branch_operator_decorator.py
[2024-12-20T19:37:35.277+0000] {processor.py:826} INFO - Processing file /home/vscode/.local/lib/python3.10/site-packages/airflow/example_dags/example_branch_operator_decorator.py for tasks to queue
[2024-12-20T19:37:35.278+0000] {logging_mixin.py:150} INFO - [2024-12-20T19:37:35.278+0000] {dagbag.py:541} INFO - Filling up the DagBag from /home/vscode/.local/lib/python3.10/site-packages/airflow/example_dags/example_branch_operator_decorator.py
[2024-12-20T19:37:35.285+0000] {processor.py:836} INFO - DAG(s) dict_keys(['example_branch_python_operator_decorator']) retrieved from /home/vscode/.local/lib/python3.10/site-packages/airflow/example_dags/example_branch_operator_decorator.py
[2024-12-20T19:37:35.298+0000] {logging_mixin.py:150} INFO - [2024-12-20T19:37:35.298+0000] {dag.py:2742} INFO - Sync 1 DAGs
[2024-12-20T19:37:35.312+0000] {logging_mixin.py:150} INFO - [2024-12-20T19:37:35.312+0000] {dag.py:3504} INFO - Setting next_dagrun for example_branch_python_operator_decorator to 2024-12-19T00:00:00+00:00, run_after=2024-12-20T00:00:00+00:00
[2024-12-20T19:37:35.327+0000] {processor.py:179} INFO - Processing /home/vscode/.local/lib/python3.10/site-packages/airflow/example_dags/example_branch_operator_decorator.py took 0.052 seconds
