[2024-12-20T19:23:11.950+0000] {processor.py:157} INFO - Started process (PID=33096) to work on /home/vscode/.local/lib/python3.10/site-packages/airflow/example_dags/example_trigger_controller_dag.py
[2024-12-20T19:23:11.951+0000] {processor.py:826} INFO - Processing file /home/vscode/.local/lib/python3.10/site-packages/airflow/example_dags/example_trigger_controller_dag.py for tasks to queue
[2024-12-20T19:23:11.951+0000] {logging_mixin.py:150} INFO - [2024-12-20T19:23:11.951+0000] {dagbag.py:541} INFO - Filling up the DagBag from /home/vscode/.local/lib/python3.10/site-packages/airflow/example_dags/example_trigger_controller_dag.py
[2024-12-20T19:23:11.957+0000] {processor.py:836} INFO - DAG(s) dict_keys(['example_trigger_controller_dag']) retrieved from /home/vscode/.local/lib/python3.10/site-packages/airflow/example_dags/example_trigger_controller_dag.py
[2024-12-20T19:23:11.972+0000] {logging_mixin.py:150} INFO - [2024-12-20T19:23:11.972+0000] {dag.py:2742} INFO - Sync 1 DAGs
[2024-12-20T19:23:12.138+0000] {logging_mixin.py:150} INFO - [2024-12-20T19:23:12.137+0000] {dag.py:3504} INFO - Setting next_dagrun for example_trigger_controller_dag to 2021-01-01T00:00:00+00:00, run_after=2021-01-01T00:00:00+00:00
[2024-12-20T19:23:12.153+0000] {processor.py:179} INFO - Processing /home/vscode/.local/lib/python3.10/site-packages/airflow/example_dags/example_trigger_controller_dag.py took 0.205 seconds
[2024-12-20T19:24:00.962+0000] {processor.py:157} INFO - Started process (PID=33425) to work on /home/vscode/.local/lib/python3.10/site-packages/airflow/example_dags/example_trigger_controller_dag.py
[2024-12-20T19:24:00.963+0000] {processor.py:826} INFO - Processing file /home/vscode/.local/lib/python3.10/site-packages/airflow/example_dags/example_trigger_controller_dag.py for tasks to queue
[2024-12-20T19:24:00.963+0000] {logging_mixin.py:150} INFO - [2024-12-20T19:24:00.963+0000] {dagbag.py:541} INFO - Filling up the DagBag from /home/vscode/.local/lib/python3.10/site-packages/airflow/example_dags/example_trigger_controller_dag.py
[2024-12-20T19:24:00.966+0000] {processor.py:836} INFO - DAG(s) dict_keys(['example_trigger_controller_dag']) retrieved from /home/vscode/.local/lib/python3.10/site-packages/airflow/example_dags/example_trigger_controller_dag.py
[2024-12-20T19:24:00.979+0000] {logging_mixin.py:150} INFO - [2024-12-20T19:24:00.979+0000] {dag.py:2742} INFO - Sync 1 DAGs
[2024-12-20T19:24:00.993+0000] {logging_mixin.py:150} INFO - [2024-12-20T19:24:00.993+0000] {dag.py:3504} INFO - Setting next_dagrun for example_trigger_controller_dag to 2021-01-01T00:00:00+00:00, run_after=2021-01-01T00:00:00+00:00
[2024-12-20T19:24:01.009+0000] {processor.py:179} INFO - Processing /home/vscode/.local/lib/python3.10/site-packages/airflow/example_dags/example_trigger_controller_dag.py took 0.049 seconds
[2024-12-20T19:24:44.944+0000] {processor.py:157} INFO - Started process (PID=33759) to work on /home/vscode/.local/lib/python3.10/site-packages/airflow/example_dags/example_trigger_controller_dag.py
[2024-12-20T19:24:44.944+0000] {processor.py:826} INFO - Processing file /home/vscode/.local/lib/python3.10/site-packages/airflow/example_dags/example_trigger_controller_dag.py for tasks to queue
[2024-12-20T19:24:44.945+0000] {logging_mixin.py:150} INFO - [2024-12-20T19:24:44.945+0000] {dagbag.py:541} INFO - Filling up the DagBag from /home/vscode/.local/lib/python3.10/site-packages/airflow/example_dags/example_trigger_controller_dag.py
[2024-12-20T19:24:44.948+0000] {processor.py:836} INFO - DAG(s) dict_keys(['example_trigger_controller_dag']) retrieved from /home/vscode/.local/lib/python3.10/site-packages/airflow/example_dags/example_trigger_controller_dag.py
[2024-12-20T19:24:44.960+0000] {logging_mixin.py:150} INFO - [2024-12-20T19:24:44.959+0000] {dag.py:2742} INFO - Sync 1 DAGs
[2024-12-20T19:24:44.974+0000] {logging_mixin.py:150} INFO - [2024-12-20T19:24:44.973+0000] {dag.py:3504} INFO - Setting next_dagrun for example_trigger_controller_dag to 2021-01-01T00:00:00+00:00, run_after=2021-01-01T00:00:00+00:00
[2024-12-20T19:24:44.988+0000] {processor.py:179} INFO - Processing /home/vscode/.local/lib/python3.10/site-packages/airflow/example_dags/example_trigger_controller_dag.py took 0.046 seconds
[2024-12-20T19:25:31.155+0000] {processor.py:157} INFO - Started process (PID=34190) to work on /home/vscode/.local/lib/python3.10/site-packages/airflow/example_dags/example_trigger_controller_dag.py
[2024-12-20T19:25:31.156+0000] {processor.py:826} INFO - Processing file /home/vscode/.local/lib/python3.10/site-packages/airflow/example_dags/example_trigger_controller_dag.py for tasks to queue
[2024-12-20T19:25:31.157+0000] {logging_mixin.py:150} INFO - [2024-12-20T19:25:31.156+0000] {dagbag.py:541} INFO - Filling up the DagBag from /home/vscode/.local/lib/python3.10/site-packages/airflow/example_dags/example_trigger_controller_dag.py
[2024-12-20T19:25:31.160+0000] {processor.py:836} INFO - DAG(s) dict_keys(['example_trigger_controller_dag']) retrieved from /home/vscode/.local/lib/python3.10/site-packages/airflow/example_dags/example_trigger_controller_dag.py
[2024-12-20T19:25:31.173+0000] {logging_mixin.py:150} INFO - [2024-12-20T19:25:31.172+0000] {dag.py:2742} INFO - Sync 1 DAGs
[2024-12-20T19:25:31.187+0000] {logging_mixin.py:150} INFO - [2024-12-20T19:25:31.187+0000] {dag.py:3504} INFO - Setting next_dagrun for example_trigger_controller_dag to 2021-01-01T00:00:00+00:00, run_after=2021-01-01T00:00:00+00:00
[2024-12-20T19:25:31.202+0000] {processor.py:179} INFO - Processing /home/vscode/.local/lib/python3.10/site-packages/airflow/example_dags/example_trigger_controller_dag.py took 0.049 seconds
[2024-12-20T19:26:15.962+0000] {processor.py:157} INFO - Started process (PID=34616) to work on /home/vscode/.local/lib/python3.10/site-packages/airflow/example_dags/example_trigger_controller_dag.py
[2024-12-20T19:26:15.962+0000] {processor.py:826} INFO - Processing file /home/vscode/.local/lib/python3.10/site-packages/airflow/example_dags/example_trigger_controller_dag.py for tasks to queue
[2024-12-20T19:26:15.963+0000] {logging_mixin.py:150} INFO - [2024-12-20T19:26:15.963+0000] {dagbag.py:541} INFO - Filling up the DagBag from /home/vscode/.local/lib/python3.10/site-packages/airflow/example_dags/example_trigger_controller_dag.py
[2024-12-20T19:26:15.966+0000] {processor.py:836} INFO - DAG(s) dict_keys(['example_trigger_controller_dag']) retrieved from /home/vscode/.local/lib/python3.10/site-packages/airflow/example_dags/example_trigger_controller_dag.py
[2024-12-20T19:26:15.978+0000] {logging_mixin.py:150} INFO - [2024-12-20T19:26:15.978+0000] {dag.py:2742} INFO - Sync 1 DAGs
[2024-12-20T19:26:15.995+0000] {logging_mixin.py:150} INFO - [2024-12-20T19:26:15.995+0000] {dag.py:3504} INFO - Setting next_dagrun for example_trigger_controller_dag to 2021-01-01T00:00:00+00:00, run_after=2021-01-01T00:00:00+00:00
[2024-12-20T19:26:16.018+0000] {processor.py:179} INFO - Processing /home/vscode/.local/lib/python3.10/site-packages/airflow/example_dags/example_trigger_controller_dag.py took 0.059 seconds
[2024-12-20T19:33:13.089+0000] {processor.py:157} INFO - Started process (PID=37675) to work on /home/vscode/.local/lib/python3.10/site-packages/airflow/example_dags/example_trigger_controller_dag.py
[2024-12-20T19:33:13.090+0000] {processor.py:826} INFO - Processing file /home/vscode/.local/lib/python3.10/site-packages/airflow/example_dags/example_trigger_controller_dag.py for tasks to queue
[2024-12-20T19:33:13.090+0000] {logging_mixin.py:150} INFO - [2024-12-20T19:33:13.090+0000] {dagbag.py:541} INFO - Filling up the DagBag from /home/vscode/.local/lib/python3.10/site-packages/airflow/example_dags/example_trigger_controller_dag.py
[2024-12-20T19:33:13.095+0000] {processor.py:836} INFO - DAG(s) dict_keys(['example_trigger_controller_dag']) retrieved from /home/vscode/.local/lib/python3.10/site-packages/airflow/example_dags/example_trigger_controller_dag.py
[2024-12-20T19:33:13.108+0000] {logging_mixin.py:150} INFO - [2024-12-20T19:33:13.108+0000] {dag.py:2742} INFO - Sync 1 DAGs
[2024-12-20T19:33:13.199+0000] {logging_mixin.py:150} INFO - [2024-12-20T19:33:13.199+0000] {dag.py:3504} INFO - Setting next_dagrun for example_trigger_controller_dag to 2021-01-01T00:00:00+00:00, run_after=2021-01-01T00:00:00+00:00
[2024-12-20T19:33:13.212+0000] {processor.py:179} INFO - Processing /home/vscode/.local/lib/python3.10/site-packages/airflow/example_dags/example_trigger_controller_dag.py took 0.126 seconds
[2024-12-20T19:33:59.889+0000] {processor.py:157} INFO - Started process (PID=38015) to work on /home/vscode/.local/lib/python3.10/site-packages/airflow/example_dags/example_trigger_controller_dag.py
[2024-12-20T19:33:59.889+0000] {processor.py:826} INFO - Processing file /home/vscode/.local/lib/python3.10/site-packages/airflow/example_dags/example_trigger_controller_dag.py for tasks to queue
[2024-12-20T19:33:59.890+0000] {logging_mixin.py:150} INFO - [2024-12-20T19:33:59.890+0000] {dagbag.py:541} INFO - Filling up the DagBag from /home/vscode/.local/lib/python3.10/site-packages/airflow/example_dags/example_trigger_controller_dag.py
[2024-12-20T19:33:59.893+0000] {processor.py:836} INFO - DAG(s) dict_keys(['example_trigger_controller_dag']) retrieved from /home/vscode/.local/lib/python3.10/site-packages/airflow/example_dags/example_trigger_controller_dag.py
[2024-12-20T19:33:59.904+0000] {logging_mixin.py:150} INFO - [2024-12-20T19:33:59.904+0000] {dag.py:2742} INFO - Sync 1 DAGs
[2024-12-20T19:33:59.918+0000] {logging_mixin.py:150} INFO - [2024-12-20T19:33:59.918+0000] {dag.py:3504} INFO - Setting next_dagrun for example_trigger_controller_dag to 2021-01-01T00:00:00+00:00, run_after=2021-01-01T00:00:00+00:00
[2024-12-20T19:33:59.933+0000] {processor.py:179} INFO - Processing /home/vscode/.local/lib/python3.10/site-packages/airflow/example_dags/example_trigger_controller_dag.py took 0.046 seconds
[2024-12-20T19:34:47.023+0000] {processor.py:157} INFO - Started process (PID=38379) to work on /home/vscode/.local/lib/python3.10/site-packages/airflow/example_dags/example_trigger_controller_dag.py
[2024-12-20T19:34:47.024+0000] {processor.py:826} INFO - Processing file /home/vscode/.local/lib/python3.10/site-packages/airflow/example_dags/example_trigger_controller_dag.py for tasks to queue
[2024-12-20T19:34:47.024+0000] {logging_mixin.py:150} INFO - [2024-12-20T19:34:47.024+0000] {dagbag.py:541} INFO - Filling up the DagBag from /home/vscode/.local/lib/python3.10/site-packages/airflow/example_dags/example_trigger_controller_dag.py
[2024-12-20T19:34:47.027+0000] {processor.py:836} INFO - DAG(s) dict_keys(['example_trigger_controller_dag']) retrieved from /home/vscode/.local/lib/python3.10/site-packages/airflow/example_dags/example_trigger_controller_dag.py
[2024-12-20T19:34:47.038+0000] {logging_mixin.py:150} INFO - [2024-12-20T19:34:47.038+0000] {dag.py:2742} INFO - Sync 1 DAGs
[2024-12-20T19:34:47.052+0000] {logging_mixin.py:150} INFO - [2024-12-20T19:34:47.052+0000] {dag.py:3504} INFO - Setting next_dagrun for example_trigger_controller_dag to 2021-01-01T00:00:00+00:00, run_after=2021-01-01T00:00:00+00:00
[2024-12-20T19:34:47.067+0000] {processor.py:179} INFO - Processing /home/vscode/.local/lib/python3.10/site-packages/airflow/example_dags/example_trigger_controller_dag.py took 0.046 seconds
[2024-12-20T19:35:29.539+0000] {processor.py:157} INFO - Started process (PID=38704) to work on /home/vscode/.local/lib/python3.10/site-packages/airflow/example_dags/example_trigger_controller_dag.py
[2024-12-20T19:35:29.540+0000] {processor.py:826} INFO - Processing file /home/vscode/.local/lib/python3.10/site-packages/airflow/example_dags/example_trigger_controller_dag.py for tasks to queue
[2024-12-20T19:35:29.540+0000] {logging_mixin.py:150} INFO - [2024-12-20T19:35:29.540+0000] {dagbag.py:541} INFO - Filling up the DagBag from /home/vscode/.local/lib/python3.10/site-packages/airflow/example_dags/example_trigger_controller_dag.py
[2024-12-20T19:35:29.543+0000] {processor.py:836} INFO - DAG(s) dict_keys(['example_trigger_controller_dag']) retrieved from /home/vscode/.local/lib/python3.10/site-packages/airflow/example_dags/example_trigger_controller_dag.py
[2024-12-20T19:35:29.555+0000] {logging_mixin.py:150} INFO - [2024-12-20T19:35:29.555+0000] {dag.py:2742} INFO - Sync 1 DAGs
[2024-12-20T19:35:29.569+0000] {logging_mixin.py:150} INFO - [2024-12-20T19:35:29.569+0000] {dag.py:3504} INFO - Setting next_dagrun for example_trigger_controller_dag to 2021-01-01T00:00:00+00:00, run_after=2021-01-01T00:00:00+00:00
[2024-12-20T19:35:29.583+0000] {processor.py:179} INFO - Processing /home/vscode/.local/lib/python3.10/site-packages/airflow/example_dags/example_trigger_controller_dag.py took 0.046 seconds
[2024-12-20T19:36:16.904+0000] {processor.py:157} INFO - Started process (PID=39127) to work on /home/vscode/.local/lib/python3.10/site-packages/airflow/example_dags/example_trigger_controller_dag.py
[2024-12-20T19:36:16.905+0000] {processor.py:826} INFO - Processing file /home/vscode/.local/lib/python3.10/site-packages/airflow/example_dags/example_trigger_controller_dag.py for tasks to queue
[2024-12-20T19:36:16.905+0000] {logging_mixin.py:150} INFO - [2024-12-20T19:36:16.905+0000] {dagbag.py:541} INFO - Filling up the DagBag from /home/vscode/.local/lib/python3.10/site-packages/airflow/example_dags/example_trigger_controller_dag.py
[2024-12-20T19:36:16.908+0000] {processor.py:836} INFO - DAG(s) dict_keys(['example_trigger_controller_dag']) retrieved from /home/vscode/.local/lib/python3.10/site-packages/airflow/example_dags/example_trigger_controller_dag.py
[2024-12-20T19:36:16.919+0000] {logging_mixin.py:150} INFO - [2024-12-20T19:36:16.919+0000] {dag.py:2742} INFO - Sync 1 DAGs
[2024-12-20T19:36:16.933+0000] {logging_mixin.py:150} INFO - [2024-12-20T19:36:16.933+0000] {dag.py:3504} INFO - Setting next_dagrun for example_trigger_controller_dag to 2021-01-01T00:00:00+00:00, run_after=2021-01-01T00:00:00+00:00
[2024-12-20T19:36:16.947+0000] {processor.py:179} INFO - Processing /home/vscode/.local/lib/python3.10/site-packages/airflow/example_dags/example_trigger_controller_dag.py took 0.045 seconds
[2024-12-20T19:37:04.863+0000] {processor.py:157} INFO - Started process (PID=39575) to work on /home/vscode/.local/lib/python3.10/site-packages/airflow/example_dags/example_trigger_controller_dag.py
[2024-12-20T19:37:04.863+0000] {processor.py:826} INFO - Processing file /home/vscode/.local/lib/python3.10/site-packages/airflow/example_dags/example_trigger_controller_dag.py for tasks to queue
[2024-12-20T19:37:04.864+0000] {logging_mixin.py:150} INFO - [2024-12-20T19:37:04.864+0000] {dagbag.py:541} INFO - Filling up the DagBag from /home/vscode/.local/lib/python3.10/site-packages/airflow/example_dags/example_trigger_controller_dag.py
[2024-12-20T19:37:04.867+0000] {processor.py:836} INFO - DAG(s) dict_keys(['example_trigger_controller_dag']) retrieved from /home/vscode/.local/lib/python3.10/site-packages/airflow/example_dags/example_trigger_controller_dag.py
[2024-12-20T19:37:04.882+0000] {logging_mixin.py:150} INFO - [2024-12-20T19:37:04.882+0000] {dag.py:2742} INFO - Sync 1 DAGs
[2024-12-20T19:37:04.896+0000] {logging_mixin.py:150} INFO - [2024-12-20T19:37:04.896+0000] {dag.py:3504} INFO - Setting next_dagrun for example_trigger_controller_dag to 2021-01-01T00:00:00+00:00, run_after=2021-01-01T00:00:00+00:00
[2024-12-20T19:37:04.912+0000] {processor.py:179} INFO - Processing /home/vscode/.local/lib/python3.10/site-packages/airflow/example_dags/example_trigger_controller_dag.py took 0.052 seconds
[2024-12-20T19:37:50.420+0000] {processor.py:157} INFO - Started process (PID=40126) to work on /home/vscode/.local/lib/python3.10/site-packages/airflow/example_dags/example_trigger_controller_dag.py
[2024-12-20T19:37:50.420+0000] {processor.py:826} INFO - Processing file /home/vscode/.local/lib/python3.10/site-packages/airflow/example_dags/example_trigger_controller_dag.py for tasks to queue
[2024-12-20T19:37:50.421+0000] {logging_mixin.py:150} INFO - [2024-12-20T19:37:50.421+0000] {dagbag.py:541} INFO - Filling up the DagBag from /home/vscode/.local/lib/python3.10/site-packages/airflow/example_dags/example_trigger_controller_dag.py
[2024-12-20T19:37:50.424+0000] {processor.py:836} INFO - DAG(s) dict_keys(['example_trigger_controller_dag']) retrieved from /home/vscode/.local/lib/python3.10/site-packages/airflow/example_dags/example_trigger_controller_dag.py
[2024-12-20T19:37:50.436+0000] {logging_mixin.py:150} INFO - [2024-12-20T19:37:50.436+0000] {dag.py:2742} INFO - Sync 1 DAGs
[2024-12-20T19:37:50.449+0000] {logging_mixin.py:150} INFO - [2024-12-20T19:37:50.449+0000] {dag.py:3504} INFO - Setting next_dagrun for example_trigger_controller_dag to 2021-01-01T00:00:00+00:00, run_after=2021-01-01T00:00:00+00:00
[2024-12-20T19:37:50.464+0000] {processor.py:179} INFO - Processing /home/vscode/.local/lib/python3.10/site-packages/airflow/example_dags/example_trigger_controller_dag.py took 0.047 seconds
