[2024-12-20T19:23:51.778+0000] {processor.py:157} INFO - Started process (PID=33358) to work on /home/vscode/.local/lib/python3.10/site-packages/airflow/example_dags/example_dynamic_task_mapping_with_no_taskflow_operators.py
[2024-12-20T19:23:51.778+0000] {processor.py:826} INFO - Processing file /home/vscode/.local/lib/python3.10/site-packages/airflow/example_dags/example_dynamic_task_mapping_with_no_taskflow_operators.py for tasks to queue
[2024-12-20T19:23:51.779+0000] {logging_mixin.py:150} INFO - [2024-12-20T19:23:51.779+0000] {dagbag.py:541} INFO - Filling up the DagBag from /home/vscode/.local/lib/python3.10/site-packages/airflow/example_dags/example_dynamic_task_mapping_with_no_taskflow_operators.py
[2024-12-20T19:23:51.784+0000] {processor.py:836} INFO - DAG(s) dict_keys(['example_dynamic_task_mapping_with_no_taskflow_operators']) retrieved from /home/vscode/.local/lib/python3.10/site-packages/airflow/example_dags/example_dynamic_task_mapping_with_no_taskflow_operators.py
[2024-12-20T19:23:51.794+0000] {logging_mixin.py:150} INFO - [2024-12-20T19:23:51.794+0000] {dag.py:2742} INFO - Sync 1 DAGs
[2024-12-20T19:23:51.809+0000] {logging_mixin.py:150} INFO - [2024-12-20T19:23:51.809+0000] {dag.py:3504} INFO - Setting next_dagrun for example_dynamic_task_mapping_with_no_taskflow_operators to 2024-12-19T19:23:51.808949+00:00, run_after=2024-12-20T19:23:51.808949+00:00
[2024-12-20T19:23:51.829+0000] {processor.py:179} INFO - Processing /home/vscode/.local/lib/python3.10/site-packages/airflow/example_dags/example_dynamic_task_mapping_with_no_taskflow_operators.py took 0.053 seconds
[2024-12-20T19:24:39.258+0000] {processor.py:157} INFO - Started process (PID=33718) to work on /home/vscode/.local/lib/python3.10/site-packages/airflow/example_dags/example_dynamic_task_mapping_with_no_taskflow_operators.py
[2024-12-20T19:24:39.259+0000] {processor.py:826} INFO - Processing file /home/vscode/.local/lib/python3.10/site-packages/airflow/example_dags/example_dynamic_task_mapping_with_no_taskflow_operators.py for tasks to queue
[2024-12-20T19:24:39.260+0000] {logging_mixin.py:150} INFO - [2024-12-20T19:24:39.259+0000] {dagbag.py:541} INFO - Filling up the DagBag from /home/vscode/.local/lib/python3.10/site-packages/airflow/example_dags/example_dynamic_task_mapping_with_no_taskflow_operators.py
[2024-12-20T19:24:39.266+0000] {processor.py:836} INFO - DAG(s) dict_keys(['example_dynamic_task_mapping_with_no_taskflow_operators']) retrieved from /home/vscode/.local/lib/python3.10/site-packages/airflow/example_dags/example_dynamic_task_mapping_with_no_taskflow_operators.py
[2024-12-20T19:24:39.277+0000] {logging_mixin.py:150} INFO - [2024-12-20T19:24:39.277+0000] {dag.py:2742} INFO - Sync 1 DAGs
[2024-12-20T19:24:39.292+0000] {logging_mixin.py:150} INFO - [2024-12-20T19:24:39.292+0000] {dag.py:3504} INFO - Setting next_dagrun for example_dynamic_task_mapping_with_no_taskflow_operators to 2024-12-19T19:24:39.292619+00:00, run_after=2024-12-20T19:24:39.292619+00:00
[2024-12-20T19:24:39.309+0000] {processor.py:179} INFO - Processing /home/vscode/.local/lib/python3.10/site-packages/airflow/example_dags/example_dynamic_task_mapping_with_no_taskflow_operators.py took 0.053 seconds
[2024-12-20T19:25:26.015+0000] {processor.py:157} INFO - Started process (PID=34151) to work on /home/vscode/.local/lib/python3.10/site-packages/airflow/example_dags/example_dynamic_task_mapping_with_no_taskflow_operators.py
[2024-12-20T19:25:26.016+0000] {processor.py:826} INFO - Processing file /home/vscode/.local/lib/python3.10/site-packages/airflow/example_dags/example_dynamic_task_mapping_with_no_taskflow_operators.py for tasks to queue
[2024-12-20T19:25:26.017+0000] {logging_mixin.py:150} INFO - [2024-12-20T19:25:26.017+0000] {dagbag.py:541} INFO - Filling up the DagBag from /home/vscode/.local/lib/python3.10/site-packages/airflow/example_dags/example_dynamic_task_mapping_with_no_taskflow_operators.py
[2024-12-20T19:25:26.024+0000] {processor.py:836} INFO - DAG(s) dict_keys(['example_dynamic_task_mapping_with_no_taskflow_operators']) retrieved from /home/vscode/.local/lib/python3.10/site-packages/airflow/example_dags/example_dynamic_task_mapping_with_no_taskflow_operators.py
[2024-12-20T19:25:26.037+0000] {logging_mixin.py:150} INFO - [2024-12-20T19:25:26.037+0000] {dag.py:2742} INFO - Sync 1 DAGs
[2024-12-20T19:25:26.053+0000] {logging_mixin.py:150} INFO - [2024-12-20T19:25:26.053+0000] {dag.py:3504} INFO - Setting next_dagrun for example_dynamic_task_mapping_with_no_taskflow_operators to 2024-12-19T19:25:26.052943+00:00, run_after=2024-12-20T19:25:26.052943+00:00
[2024-12-20T19:25:26.069+0000] {processor.py:179} INFO - Processing /home/vscode/.local/lib/python3.10/site-packages/airflow/example_dags/example_dynamic_task_mapping_with_no_taskflow_operators.py took 0.057 seconds
[2024-12-20T19:26:12.237+0000] {processor.py:157} INFO - Started process (PID=34583) to work on /home/vscode/.local/lib/python3.10/site-packages/airflow/example_dags/example_dynamic_task_mapping_with_no_taskflow_operators.py
[2024-12-20T19:26:12.238+0000] {processor.py:826} INFO - Processing file /home/vscode/.local/lib/python3.10/site-packages/airflow/example_dags/example_dynamic_task_mapping_with_no_taskflow_operators.py for tasks to queue
[2024-12-20T19:26:12.238+0000] {logging_mixin.py:150} INFO - [2024-12-20T19:26:12.238+0000] {dagbag.py:541} INFO - Filling up the DagBag from /home/vscode/.local/lib/python3.10/site-packages/airflow/example_dags/example_dynamic_task_mapping_with_no_taskflow_operators.py
[2024-12-20T19:26:12.243+0000] {processor.py:836} INFO - DAG(s) dict_keys(['example_dynamic_task_mapping_with_no_taskflow_operators']) retrieved from /home/vscode/.local/lib/python3.10/site-packages/airflow/example_dags/example_dynamic_task_mapping_with_no_taskflow_operators.py
[2024-12-20T19:26:12.254+0000] {logging_mixin.py:150} INFO - [2024-12-20T19:26:12.254+0000] {dag.py:2742} INFO - Sync 1 DAGs
[2024-12-20T19:26:12.269+0000] {logging_mixin.py:150} INFO - [2024-12-20T19:26:12.268+0000] {dag.py:3504} INFO - Setting next_dagrun for example_dynamic_task_mapping_with_no_taskflow_operators to 2024-12-19T19:26:12.268691+00:00, run_after=2024-12-20T19:26:12.268691+00:00
[2024-12-20T19:26:12.284+0000] {processor.py:179} INFO - Processing /home/vscode/.local/lib/python3.10/site-packages/airflow/example_dags/example_dynamic_task_mapping_with_no_taskflow_operators.py took 0.049 seconds
[2024-12-20T19:33:50.750+0000] {processor.py:157} INFO - Started process (PID=37944) to work on /home/vscode/.local/lib/python3.10/site-packages/airflow/example_dags/example_dynamic_task_mapping_with_no_taskflow_operators.py
[2024-12-20T19:33:50.750+0000] {processor.py:826} INFO - Processing file /home/vscode/.local/lib/python3.10/site-packages/airflow/example_dags/example_dynamic_task_mapping_with_no_taskflow_operators.py for tasks to queue
[2024-12-20T19:33:50.751+0000] {logging_mixin.py:150} INFO - [2024-12-20T19:33:50.751+0000] {dagbag.py:541} INFO - Filling up the DagBag from /home/vscode/.local/lib/python3.10/site-packages/airflow/example_dags/example_dynamic_task_mapping_with_no_taskflow_operators.py
[2024-12-20T19:33:50.756+0000] {processor.py:836} INFO - DAG(s) dict_keys(['example_dynamic_task_mapping_with_no_taskflow_operators']) retrieved from /home/vscode/.local/lib/python3.10/site-packages/airflow/example_dags/example_dynamic_task_mapping_with_no_taskflow_operators.py
[2024-12-20T19:33:50.768+0000] {logging_mixin.py:150} INFO - [2024-12-20T19:33:50.768+0000] {dag.py:2742} INFO - Sync 1 DAGs
[2024-12-20T19:33:50.790+0000] {logging_mixin.py:150} INFO - [2024-12-20T19:33:50.790+0000] {dag.py:3504} INFO - Setting next_dagrun for example_dynamic_task_mapping_with_no_taskflow_operators to 2024-12-19T19:33:50.789982+00:00, run_after=2024-12-20T19:33:50.789982+00:00
[2024-12-20T19:33:50.813+0000] {processor.py:179} INFO - Processing /home/vscode/.local/lib/python3.10/site-packages/airflow/example_dags/example_dynamic_task_mapping_with_no_taskflow_operators.py took 0.066 seconds
[2024-12-20T19:34:42.011+0000] {processor.py:157} INFO - Started process (PID=38339) to work on /home/vscode/.local/lib/python3.10/site-packages/airflow/example_dags/example_dynamic_task_mapping_with_no_taskflow_operators.py
[2024-12-20T19:34:42.011+0000] {processor.py:826} INFO - Processing file /home/vscode/.local/lib/python3.10/site-packages/airflow/example_dags/example_dynamic_task_mapping_with_no_taskflow_operators.py for tasks to queue
[2024-12-20T19:34:42.012+0000] {logging_mixin.py:150} INFO - [2024-12-20T19:34:42.012+0000] {dagbag.py:541} INFO - Filling up the DagBag from /home/vscode/.local/lib/python3.10/site-packages/airflow/example_dags/example_dynamic_task_mapping_with_no_taskflow_operators.py
[2024-12-20T19:34:42.017+0000] {processor.py:836} INFO - DAG(s) dict_keys(['example_dynamic_task_mapping_with_no_taskflow_operators']) retrieved from /home/vscode/.local/lib/python3.10/site-packages/airflow/example_dags/example_dynamic_task_mapping_with_no_taskflow_operators.py
[2024-12-20T19:34:42.027+0000] {logging_mixin.py:150} INFO - [2024-12-20T19:34:42.027+0000] {dag.py:2742} INFO - Sync 1 DAGs
[2024-12-20T19:34:42.041+0000] {logging_mixin.py:150} INFO - [2024-12-20T19:34:42.040+0000] {dag.py:3504} INFO - Setting next_dagrun for example_dynamic_task_mapping_with_no_taskflow_operators to 2024-12-19T19:34:42.040817+00:00, run_after=2024-12-20T19:34:42.040817+00:00
[2024-12-20T19:34:42.055+0000] {processor.py:179} INFO - Processing /home/vscode/.local/lib/python3.10/site-packages/airflow/example_dags/example_dynamic_task_mapping_with_no_taskflow_operators.py took 0.046 seconds
[2024-12-20T19:35:38.683+0000] {processor.py:157} INFO - Started process (PID=38761) to work on /home/vscode/.local/lib/python3.10/site-packages/airflow/example_dags/example_dynamic_task_mapping_with_no_taskflow_operators.py
[2024-12-20T19:35:38.683+0000] {processor.py:826} INFO - Processing file /home/vscode/.local/lib/python3.10/site-packages/airflow/example_dags/example_dynamic_task_mapping_with_no_taskflow_operators.py for tasks to queue
[2024-12-20T19:35:38.684+0000] {logging_mixin.py:150} INFO - [2024-12-20T19:35:38.684+0000] {dagbag.py:541} INFO - Filling up the DagBag from /home/vscode/.local/lib/python3.10/site-packages/airflow/example_dags/example_dynamic_task_mapping_with_no_taskflow_operators.py
[2024-12-20T19:35:38.689+0000] {processor.py:836} INFO - DAG(s) dict_keys(['example_dynamic_task_mapping_with_no_taskflow_operators']) retrieved from /home/vscode/.local/lib/python3.10/site-packages/airflow/example_dags/example_dynamic_task_mapping_with_no_taskflow_operators.py
[2024-12-20T19:35:38.699+0000] {logging_mixin.py:150} INFO - [2024-12-20T19:35:38.699+0000] {dag.py:2742} INFO - Sync 1 DAGs
[2024-12-20T19:35:38.712+0000] {logging_mixin.py:150} INFO - [2024-12-20T19:35:38.712+0000] {dag.py:3504} INFO - Setting next_dagrun for example_dynamic_task_mapping_with_no_taskflow_operators to 2024-12-19T19:35:38.712446+00:00, run_after=2024-12-20T19:35:38.712446+00:00
[2024-12-20T19:35:38.725+0000] {processor.py:179} INFO - Processing /home/vscode/.local/lib/python3.10/site-packages/airflow/example_dags/example_dynamic_task_mapping_with_no_taskflow_operators.py took 0.045 seconds
[2024-12-20T19:36:27.060+0000] {processor.py:157} INFO - Started process (PID=39218) to work on /home/vscode/.local/lib/python3.10/site-packages/airflow/example_dags/example_dynamic_task_mapping_with_no_taskflow_operators.py
[2024-12-20T19:36:27.061+0000] {processor.py:826} INFO - Processing file /home/vscode/.local/lib/python3.10/site-packages/airflow/example_dags/example_dynamic_task_mapping_with_no_taskflow_operators.py for tasks to queue
[2024-12-20T19:36:27.061+0000] {logging_mixin.py:150} INFO - [2024-12-20T19:36:27.061+0000] {dagbag.py:541} INFO - Filling up the DagBag from /home/vscode/.local/lib/python3.10/site-packages/airflow/example_dags/example_dynamic_task_mapping_with_no_taskflow_operators.py
[2024-12-20T19:36:27.066+0000] {processor.py:836} INFO - DAG(s) dict_keys(['example_dynamic_task_mapping_with_no_taskflow_operators']) retrieved from /home/vscode/.local/lib/python3.10/site-packages/airflow/example_dags/example_dynamic_task_mapping_with_no_taskflow_operators.py
[2024-12-20T19:36:27.076+0000] {logging_mixin.py:150} INFO - [2024-12-20T19:36:27.076+0000] {dag.py:2742} INFO - Sync 1 DAGs
[2024-12-20T19:36:27.090+0000] {logging_mixin.py:150} INFO - [2024-12-20T19:36:27.090+0000] {dag.py:3504} INFO - Setting next_dagrun for example_dynamic_task_mapping_with_no_taskflow_operators to 2024-12-19T19:36:27.090139+00:00, run_after=2024-12-20T19:36:27.090139+00:00
[2024-12-20T19:36:27.104+0000] {processor.py:179} INFO - Processing /home/vscode/.local/lib/python3.10/site-packages/airflow/example_dags/example_dynamic_task_mapping_with_no_taskflow_operators.py took 0.046 seconds
[2024-12-20T19:37:15.004+0000] {processor.py:157} INFO - Started process (PID=39714) to work on /home/vscode/.local/lib/python3.10/site-packages/airflow/example_dags/example_dynamic_task_mapping_with_no_taskflow_operators.py
[2024-12-20T19:37:15.004+0000] {processor.py:826} INFO - Processing file /home/vscode/.local/lib/python3.10/site-packages/airflow/example_dags/example_dynamic_task_mapping_with_no_taskflow_operators.py for tasks to queue
[2024-12-20T19:37:15.005+0000] {logging_mixin.py:150} INFO - [2024-12-20T19:37:15.005+0000] {dagbag.py:541} INFO - Filling up the DagBag from /home/vscode/.local/lib/python3.10/site-packages/airflow/example_dags/example_dynamic_task_mapping_with_no_taskflow_operators.py
[2024-12-20T19:37:15.010+0000] {processor.py:836} INFO - DAG(s) dict_keys(['example_dynamic_task_mapping_with_no_taskflow_operators']) retrieved from /home/vscode/.local/lib/python3.10/site-packages/airflow/example_dags/example_dynamic_task_mapping_with_no_taskflow_operators.py
[2024-12-20T19:37:15.020+0000] {logging_mixin.py:150} INFO - [2024-12-20T19:37:15.020+0000] {dag.py:2742} INFO - Sync 1 DAGs
[2024-12-20T19:37:15.034+0000] {logging_mixin.py:150} INFO - [2024-12-20T19:37:15.034+0000] {dag.py:3504} INFO - Setting next_dagrun for example_dynamic_task_mapping_with_no_taskflow_operators to 2024-12-19T19:37:15.034174+00:00, run_after=2024-12-20T19:37:15.034174+00:00
[2024-12-20T19:37:15.048+0000] {processor.py:179} INFO - Processing /home/vscode/.local/lib/python3.10/site-packages/airflow/example_dags/example_dynamic_task_mapping_with_no_taskflow_operators.py took 0.047 seconds
