[2024-12-20T19:23:18.350+0000] {processor.py:157} INFO - Started process (PID=33137) to work on /home/vscode/.local/lib/python3.10/site-packages/airflow/example_dags/example_subdag_operator.py
[2024-12-20T19:23:18.350+0000] {processor.py:826} INFO - Processing file /home/vscode/.local/lib/python3.10/site-packages/airflow/example_dags/example_subdag_operator.py for tasks to queue
[2024-12-20T19:23:18.351+0000] {logging_mixin.py:150} INFO - [2024-12-20T19:23:18.351+0000] {dagbag.py:541} INFO - Filling up the DagBag from /home/vscode/.local/lib/python3.10/site-packages/airflow/example_dags/example_subdag_operator.py
[2024-12-20T19:23:18.366+0000] {processor.py:836} INFO - DAG(s) dict_keys(['example_subdag_operator.section-1', 'example_subdag_operator.section-2', 'example_subdag_operator']) retrieved from /home/vscode/.local/lib/python3.10/site-packages/airflow/example_dags/example_subdag_operator.py
[2024-12-20T19:23:18.476+0000] {logging_mixin.py:150} INFO - [2024-12-20T19:23:18.475+0000] {dag.py:2742} INFO - Sync 3 DAGs
[2024-12-20T19:23:18.489+0000] {logging_mixin.py:150} INFO - [2024-12-20T19:23:18.489+0000] {dag.py:3504} INFO - Setting next_dagrun for example_subdag_operator to 2022-01-01T00:00:00+00:00, run_after=2022-01-01T00:00:00+00:00
[2024-12-20T19:23:18.491+0000] {logging_mixin.py:150} INFO - [2024-12-20T19:23:18.491+0000] {dag.py:3504} INFO - Setting next_dagrun for example_subdag_operator.section-1 to None, run_after=None
[2024-12-20T19:23:18.492+0000] {logging_mixin.py:150} INFO - [2024-12-20T19:23:18.492+0000] {dag.py:3504} INFO - Setting next_dagrun for example_subdag_operator.section-2 to None, run_after=None
[2024-12-20T19:23:18.496+0000] {logging_mixin.py:150} INFO - [2024-12-20T19:23:18.496+0000] {dag.py:2742} INFO - Sync 2 DAGs
[2024-12-20T19:23:18.499+0000] {logging_mixin.py:150} INFO - [2024-12-20T19:23:18.499+0000] {dag.py:3504} INFO - Setting next_dagrun for example_subdag_operator.section-1 to None, run_after=None
[2024-12-20T19:23:18.499+0000] {logging_mixin.py:150} INFO - [2024-12-20T19:23:18.499+0000] {dag.py:3504} INFO - Setting next_dagrun for example_subdag_operator.section-2 to None, run_after=None
[2024-12-20T19:23:18.514+0000] {processor.py:179} INFO - Processing /home/vscode/.local/lib/python3.10/site-packages/airflow/example_dags/example_subdag_operator.py took 0.167 seconds
[2024-12-20T19:24:04.965+0000] {processor.py:157} INFO - Started process (PID=33453) to work on /home/vscode/.local/lib/python3.10/site-packages/airflow/example_dags/example_subdag_operator.py
[2024-12-20T19:24:04.966+0000] {processor.py:826} INFO - Processing file /home/vscode/.local/lib/python3.10/site-packages/airflow/example_dags/example_subdag_operator.py for tasks to queue
[2024-12-20T19:24:04.967+0000] {logging_mixin.py:150} INFO - [2024-12-20T19:24:04.967+0000] {dagbag.py:541} INFO - Filling up the DagBag from /home/vscode/.local/lib/python3.10/site-packages/airflow/example_dags/example_subdag_operator.py
[2024-12-20T19:24:04.989+0000] {processor.py:836} INFO - DAG(s) dict_keys(['example_subdag_operator.section-1', 'example_subdag_operator.section-2', 'example_subdag_operator']) retrieved from /home/vscode/.local/lib/python3.10/site-packages/airflow/example_dags/example_subdag_operator.py
[2024-12-20T19:24:05.007+0000] {logging_mixin.py:150} INFO - [2024-12-20T19:24:05.007+0000] {dag.py:2742} INFO - Sync 3 DAGs
[2024-12-20T19:24:05.023+0000] {logging_mixin.py:150} INFO - [2024-12-20T19:24:05.023+0000] {dag.py:3504} INFO - Setting next_dagrun for example_subdag_operator to 2022-01-01T00:00:00+00:00, run_after=2022-01-01T00:00:00+00:00
[2024-12-20T19:24:05.027+0000] {logging_mixin.py:150} INFO - [2024-12-20T19:24:05.026+0000] {dag.py:3504} INFO - Setting next_dagrun for example_subdag_operator.section-1 to None, run_after=None
[2024-12-20T19:24:05.027+0000] {logging_mixin.py:150} INFO - [2024-12-20T19:24:05.027+0000] {dag.py:3504} INFO - Setting next_dagrun for example_subdag_operator.section-2 to None, run_after=None
[2024-12-20T19:24:05.034+0000] {logging_mixin.py:150} INFO - [2024-12-20T19:24:05.034+0000] {dag.py:2742} INFO - Sync 2 DAGs
[2024-12-20T19:24:05.037+0000] {logging_mixin.py:150} INFO - [2024-12-20T19:24:05.037+0000] {dag.py:3504} INFO - Setting next_dagrun for example_subdag_operator.section-1 to None, run_after=None
[2024-12-20T19:24:05.038+0000] {logging_mixin.py:150} INFO - [2024-12-20T19:24:05.038+0000] {dag.py:3504} INFO - Setting next_dagrun for example_subdag_operator.section-2 to None, run_after=None
[2024-12-20T19:24:05.055+0000] {processor.py:179} INFO - Processing /home/vscode/.local/lib/python3.10/site-packages/airflow/example_dags/example_subdag_operator.py took 0.092 seconds
[2024-12-20T19:24:50.103+0000] {processor.py:157} INFO - Started process (PID=33806) to work on /home/vscode/.local/lib/python3.10/site-packages/airflow/example_dags/example_subdag_operator.py
[2024-12-20T19:24:50.103+0000] {processor.py:826} INFO - Processing file /home/vscode/.local/lib/python3.10/site-packages/airflow/example_dags/example_subdag_operator.py for tasks to queue
[2024-12-20T19:24:50.104+0000] {logging_mixin.py:150} INFO - [2024-12-20T19:24:50.104+0000] {dagbag.py:541} INFO - Filling up the DagBag from /home/vscode/.local/lib/python3.10/site-packages/airflow/example_dags/example_subdag_operator.py
[2024-12-20T19:24:50.119+0000] {processor.py:836} INFO - DAG(s) dict_keys(['example_subdag_operator.section-1', 'example_subdag_operator.section-2', 'example_subdag_operator']) retrieved from /home/vscode/.local/lib/python3.10/site-packages/airflow/example_dags/example_subdag_operator.py
[2024-12-20T19:24:50.131+0000] {logging_mixin.py:150} INFO - [2024-12-20T19:24:50.131+0000] {dag.py:2742} INFO - Sync 3 DAGs
[2024-12-20T19:24:50.145+0000] {logging_mixin.py:150} INFO - [2024-12-20T19:24:50.145+0000] {dag.py:3504} INFO - Setting next_dagrun for example_subdag_operator to 2022-01-01T00:00:00+00:00, run_after=2022-01-01T00:00:00+00:00
[2024-12-20T19:24:50.147+0000] {logging_mixin.py:150} INFO - [2024-12-20T19:24:50.147+0000] {dag.py:3504} INFO - Setting next_dagrun for example_subdag_operator.section-1 to None, run_after=None
[2024-12-20T19:24:50.147+0000] {logging_mixin.py:150} INFO - [2024-12-20T19:24:50.147+0000] {dag.py:3504} INFO - Setting next_dagrun for example_subdag_operator.section-2 to None, run_after=None
[2024-12-20T19:24:50.152+0000] {logging_mixin.py:150} INFO - [2024-12-20T19:24:50.152+0000] {dag.py:2742} INFO - Sync 2 DAGs
[2024-12-20T19:24:50.155+0000] {logging_mixin.py:150} INFO - [2024-12-20T19:24:50.155+0000] {dag.py:3504} INFO - Setting next_dagrun for example_subdag_operator.section-1 to None, run_after=None
[2024-12-20T19:24:50.155+0000] {logging_mixin.py:150} INFO - [2024-12-20T19:24:50.155+0000] {dag.py:3504} INFO - Setting next_dagrun for example_subdag_operator.section-2 to None, run_after=None
[2024-12-20T19:24:50.165+0000] {processor.py:179} INFO - Processing /home/vscode/.local/lib/python3.10/site-packages/airflow/example_dags/example_subdag_operator.py took 0.065 seconds
[2024-12-20T19:25:36.150+0000] {processor.py:157} INFO - Started process (PID=34232) to work on /home/vscode/.local/lib/python3.10/site-packages/airflow/example_dags/example_subdag_operator.py
[2024-12-20T19:25:36.151+0000] {processor.py:826} INFO - Processing file /home/vscode/.local/lib/python3.10/site-packages/airflow/example_dags/example_subdag_operator.py for tasks to queue
[2024-12-20T19:25:36.151+0000] {logging_mixin.py:150} INFO - [2024-12-20T19:25:36.151+0000] {dagbag.py:541} INFO - Filling up the DagBag from /home/vscode/.local/lib/python3.10/site-packages/airflow/example_dags/example_subdag_operator.py
[2024-12-20T19:25:36.166+0000] {processor.py:836} INFO - DAG(s) dict_keys(['example_subdag_operator.section-1', 'example_subdag_operator.section-2', 'example_subdag_operator']) retrieved from /home/vscode/.local/lib/python3.10/site-packages/airflow/example_dags/example_subdag_operator.py
[2024-12-20T19:25:36.178+0000] {logging_mixin.py:150} INFO - [2024-12-20T19:25:36.178+0000] {dag.py:2742} INFO - Sync 3 DAGs
[2024-12-20T19:25:36.193+0000] {logging_mixin.py:150} INFO - [2024-12-20T19:25:36.193+0000] {dag.py:3504} INFO - Setting next_dagrun for example_subdag_operator to 2022-01-01T00:00:00+00:00, run_after=2022-01-01T00:00:00+00:00
[2024-12-20T19:25:36.195+0000] {logging_mixin.py:150} INFO - [2024-12-20T19:25:36.195+0000] {dag.py:3504} INFO - Setting next_dagrun for example_subdag_operator.section-1 to None, run_after=None
[2024-12-20T19:25:36.195+0000] {logging_mixin.py:150} INFO - [2024-12-20T19:25:36.195+0000] {dag.py:3504} INFO - Setting next_dagrun for example_subdag_operator.section-2 to None, run_after=None
[2024-12-20T19:25:36.200+0000] {logging_mixin.py:150} INFO - [2024-12-20T19:25:36.200+0000] {dag.py:2742} INFO - Sync 2 DAGs
[2024-12-20T19:25:36.203+0000] {logging_mixin.py:150} INFO - [2024-12-20T19:25:36.203+0000] {dag.py:3504} INFO - Setting next_dagrun for example_subdag_operator.section-1 to None, run_after=None
[2024-12-20T19:25:36.203+0000] {logging_mixin.py:150} INFO - [2024-12-20T19:25:36.203+0000] {dag.py:3504} INFO - Setting next_dagrun for example_subdag_operator.section-2 to None, run_after=None
[2024-12-20T19:25:36.214+0000] {processor.py:179} INFO - Processing /home/vscode/.local/lib/python3.10/site-packages/airflow/example_dags/example_subdag_operator.py took 0.066 seconds
[2024-12-20T19:26:19.994+0000] {processor.py:157} INFO - Started process (PID=34655) to work on /home/vscode/.local/lib/python3.10/site-packages/airflow/example_dags/example_subdag_operator.py
[2024-12-20T19:26:19.995+0000] {processor.py:826} INFO - Processing file /home/vscode/.local/lib/python3.10/site-packages/airflow/example_dags/example_subdag_operator.py for tasks to queue
[2024-12-20T19:26:19.995+0000] {logging_mixin.py:150} INFO - [2024-12-20T19:26:19.995+0000] {dagbag.py:541} INFO - Filling up the DagBag from /home/vscode/.local/lib/python3.10/site-packages/airflow/example_dags/example_subdag_operator.py
[2024-12-20T19:26:20.010+0000] {processor.py:836} INFO - DAG(s) dict_keys(['example_subdag_operator.section-1', 'example_subdag_operator.section-2', 'example_subdag_operator']) retrieved from /home/vscode/.local/lib/python3.10/site-packages/airflow/example_dags/example_subdag_operator.py
[2024-12-20T19:26:20.021+0000] {logging_mixin.py:150} INFO - [2024-12-20T19:26:20.021+0000] {dag.py:2742} INFO - Sync 3 DAGs
[2024-12-20T19:26:20.037+0000] {logging_mixin.py:150} INFO - [2024-12-20T19:26:20.037+0000] {dag.py:3504} INFO - Setting next_dagrun for example_subdag_operator to 2022-01-01T00:00:00+00:00, run_after=2022-01-01T00:00:00+00:00
[2024-12-20T19:26:20.039+0000] {logging_mixin.py:150} INFO - [2024-12-20T19:26:20.039+0000] {dag.py:3504} INFO - Setting next_dagrun for example_subdag_operator.section-1 to None, run_after=None
[2024-12-20T19:26:20.040+0000] {logging_mixin.py:150} INFO - [2024-12-20T19:26:20.040+0000] {dag.py:3504} INFO - Setting next_dagrun for example_subdag_operator.section-2 to None, run_after=None
[2024-12-20T19:26:20.045+0000] {logging_mixin.py:150} INFO - [2024-12-20T19:26:20.045+0000] {dag.py:2742} INFO - Sync 2 DAGs
[2024-12-20T19:26:20.048+0000] {logging_mixin.py:150} INFO - [2024-12-20T19:26:20.048+0000] {dag.py:3504} INFO - Setting next_dagrun for example_subdag_operator.section-1 to None, run_after=None
[2024-12-20T19:26:20.048+0000] {logging_mixin.py:150} INFO - [2024-12-20T19:26:20.048+0000] {dag.py:3504} INFO - Setting next_dagrun for example_subdag_operator.section-2 to None, run_after=None
[2024-12-20T19:26:20.060+0000] {processor.py:179} INFO - Processing /home/vscode/.local/lib/python3.10/site-packages/airflow/example_dags/example_subdag_operator.py took 0.068 seconds
[2024-12-20T19:33:18.444+0000] {processor.py:157} INFO - Started process (PID=37708) to work on /home/vscode/.local/lib/python3.10/site-packages/airflow/example_dags/example_subdag_operator.py
[2024-12-20T19:33:18.445+0000] {processor.py:826} INFO - Processing file /home/vscode/.local/lib/python3.10/site-packages/airflow/example_dags/example_subdag_operator.py for tasks to queue
[2024-12-20T19:33:18.445+0000] {logging_mixin.py:150} INFO - [2024-12-20T19:33:18.445+0000] {dagbag.py:541} INFO - Filling up the DagBag from /home/vscode/.local/lib/python3.10/site-packages/airflow/example_dags/example_subdag_operator.py
[2024-12-20T19:33:18.474+0000] {processor.py:836} INFO - DAG(s) dict_keys(['example_subdag_operator.section-1', 'example_subdag_operator.section-2', 'example_subdag_operator']) retrieved from /home/vscode/.local/lib/python3.10/site-packages/airflow/example_dags/example_subdag_operator.py
[2024-12-20T19:33:18.671+0000] {logging_mixin.py:150} INFO - [2024-12-20T19:33:18.671+0000] {dag.py:2742} INFO - Sync 3 DAGs
[2024-12-20T19:33:18.689+0000] {logging_mixin.py:150} INFO - [2024-12-20T19:33:18.689+0000] {dag.py:3504} INFO - Setting next_dagrun for example_subdag_operator to 2022-01-01T00:00:00+00:00, run_after=2022-01-01T00:00:00+00:00
[2024-12-20T19:33:18.692+0000] {logging_mixin.py:150} INFO - [2024-12-20T19:33:18.692+0000] {dag.py:3504} INFO - Setting next_dagrun for example_subdag_operator.section-1 to None, run_after=None
[2024-12-20T19:33:18.693+0000] {logging_mixin.py:150} INFO - [2024-12-20T19:33:18.692+0000] {dag.py:3504} INFO - Setting next_dagrun for example_subdag_operator.section-2 to None, run_after=None
[2024-12-20T19:33:18.698+0000] {logging_mixin.py:150} INFO - [2024-12-20T19:33:18.698+0000] {dag.py:2742} INFO - Sync 2 DAGs
[2024-12-20T19:33:18.702+0000] {logging_mixin.py:150} INFO - [2024-12-20T19:33:18.702+0000] {dag.py:3504} INFO - Setting next_dagrun for example_subdag_operator.section-1 to None, run_after=None
[2024-12-20T19:33:18.702+0000] {logging_mixin.py:150} INFO - [2024-12-20T19:33:18.702+0000] {dag.py:3504} INFO - Setting next_dagrun for example_subdag_operator.section-2 to None, run_after=None
[2024-12-20T19:33:18.730+0000] {processor.py:179} INFO - Processing /home/vscode/.local/lib/python3.10/site-packages/airflow/example_dags/example_subdag_operator.py took 0.289 seconds
[2024-12-20T19:34:05.048+0000] {processor.py:157} INFO - Started process (PID=38048) to work on /home/vscode/.local/lib/python3.10/site-packages/airflow/example_dags/example_subdag_operator.py
[2024-12-20T19:34:05.048+0000] {processor.py:826} INFO - Processing file /home/vscode/.local/lib/python3.10/site-packages/airflow/example_dags/example_subdag_operator.py for tasks to queue
[2024-12-20T19:34:05.049+0000] {logging_mixin.py:150} INFO - [2024-12-20T19:34:05.049+0000] {dagbag.py:541} INFO - Filling up the DagBag from /home/vscode/.local/lib/python3.10/site-packages/airflow/example_dags/example_subdag_operator.py
[2024-12-20T19:34:05.063+0000] {processor.py:836} INFO - DAG(s) dict_keys(['example_subdag_operator.section-1', 'example_subdag_operator.section-2', 'example_subdag_operator']) retrieved from /home/vscode/.local/lib/python3.10/site-packages/airflow/example_dags/example_subdag_operator.py
[2024-12-20T19:34:05.073+0000] {logging_mixin.py:150} INFO - [2024-12-20T19:34:05.073+0000] {dag.py:2742} INFO - Sync 3 DAGs
[2024-12-20T19:34:05.086+0000] {logging_mixin.py:150} INFO - [2024-12-20T19:34:05.086+0000] {dag.py:3504} INFO - Setting next_dagrun for example_subdag_operator to 2022-01-01T00:00:00+00:00, run_after=2022-01-01T00:00:00+00:00
[2024-12-20T19:34:05.088+0000] {logging_mixin.py:150} INFO - [2024-12-20T19:34:05.088+0000] {dag.py:3504} INFO - Setting next_dagrun for example_subdag_operator.section-1 to None, run_after=None
[2024-12-20T19:34:05.089+0000] {logging_mixin.py:150} INFO - [2024-12-20T19:34:05.089+0000] {dag.py:3504} INFO - Setting next_dagrun for example_subdag_operator.section-2 to None, run_after=None
[2024-12-20T19:34:05.093+0000] {logging_mixin.py:150} INFO - [2024-12-20T19:34:05.093+0000] {dag.py:2742} INFO - Sync 2 DAGs
[2024-12-20T19:34:05.096+0000] {logging_mixin.py:150} INFO - [2024-12-20T19:34:05.096+0000] {dag.py:3504} INFO - Setting next_dagrun for example_subdag_operator.section-1 to None, run_after=None
[2024-12-20T19:34:05.096+0000] {logging_mixin.py:150} INFO - [2024-12-20T19:34:05.096+0000] {dag.py:3504} INFO - Setting next_dagrun for example_subdag_operator.section-2 to None, run_after=None
[2024-12-20T19:34:05.106+0000] {processor.py:179} INFO - Processing /home/vscode/.local/lib/python3.10/site-packages/airflow/example_dags/example_subdag_operator.py took 0.060 seconds
[2024-12-20T19:34:51.022+0000] {processor.py:157} INFO - Started process (PID=38418) to work on /home/vscode/.local/lib/python3.10/site-packages/airflow/example_dags/example_subdag_operator.py
[2024-12-20T19:34:51.023+0000] {processor.py:826} INFO - Processing file /home/vscode/.local/lib/python3.10/site-packages/airflow/example_dags/example_subdag_operator.py for tasks to queue
[2024-12-20T19:34:51.024+0000] {logging_mixin.py:150} INFO - [2024-12-20T19:34:51.023+0000] {dagbag.py:541} INFO - Filling up the DagBag from /home/vscode/.local/lib/python3.10/site-packages/airflow/example_dags/example_subdag_operator.py
[2024-12-20T19:34:51.038+0000] {processor.py:836} INFO - DAG(s) dict_keys(['example_subdag_operator.section-1', 'example_subdag_operator.section-2', 'example_subdag_operator']) retrieved from /home/vscode/.local/lib/python3.10/site-packages/airflow/example_dags/example_subdag_operator.py
[2024-12-20T19:34:51.049+0000] {logging_mixin.py:150} INFO - [2024-12-20T19:34:51.049+0000] {dag.py:2742} INFO - Sync 3 DAGs
[2024-12-20T19:34:51.063+0000] {logging_mixin.py:150} INFO - [2024-12-20T19:34:51.063+0000] {dag.py:3504} INFO - Setting next_dagrun for example_subdag_operator to 2022-01-01T00:00:00+00:00, run_after=2022-01-01T00:00:00+00:00
[2024-12-20T19:34:51.065+0000] {logging_mixin.py:150} INFO - [2024-12-20T19:34:51.065+0000] {dag.py:3504} INFO - Setting next_dagrun for example_subdag_operator.section-1 to None, run_after=None
[2024-12-20T19:34:51.066+0000] {logging_mixin.py:150} INFO - [2024-12-20T19:34:51.066+0000] {dag.py:3504} INFO - Setting next_dagrun for example_subdag_operator.section-2 to None, run_after=None
[2024-12-20T19:34:51.070+0000] {logging_mixin.py:150} INFO - [2024-12-20T19:34:51.070+0000] {dag.py:2742} INFO - Sync 2 DAGs
[2024-12-20T19:34:51.073+0000] {logging_mixin.py:150} INFO - [2024-12-20T19:34:51.073+0000] {dag.py:3504} INFO - Setting next_dagrun for example_subdag_operator.section-1 to None, run_after=None
[2024-12-20T19:34:51.073+0000] {logging_mixin.py:150} INFO - [2024-12-20T19:34:51.073+0000] {dag.py:3504} INFO - Setting next_dagrun for example_subdag_operator.section-2 to None, run_after=None
[2024-12-20T19:34:51.083+0000] {processor.py:179} INFO - Processing /home/vscode/.local/lib/python3.10/site-packages/airflow/example_dags/example_subdag_operator.py took 0.063 seconds
[2024-12-20T19:35:34.677+0000] {processor.py:157} INFO - Started process (PID=38740) to work on /home/vscode/.local/lib/python3.10/site-packages/airflow/example_dags/example_subdag_operator.py
[2024-12-20T19:35:34.677+0000] {processor.py:826} INFO - Processing file /home/vscode/.local/lib/python3.10/site-packages/airflow/example_dags/example_subdag_operator.py for tasks to queue
[2024-12-20T19:35:34.678+0000] {logging_mixin.py:150} INFO - [2024-12-20T19:35:34.678+0000] {dagbag.py:541} INFO - Filling up the DagBag from /home/vscode/.local/lib/python3.10/site-packages/airflow/example_dags/example_subdag_operator.py
[2024-12-20T19:35:34.691+0000] {processor.py:836} INFO - DAG(s) dict_keys(['example_subdag_operator.section-1', 'example_subdag_operator.section-2', 'example_subdag_operator']) retrieved from /home/vscode/.local/lib/python3.10/site-packages/airflow/example_dags/example_subdag_operator.py
[2024-12-20T19:35:34.702+0000] {logging_mixin.py:150} INFO - [2024-12-20T19:35:34.702+0000] {dag.py:2742} INFO - Sync 3 DAGs
[2024-12-20T19:35:34.716+0000] {logging_mixin.py:150} INFO - [2024-12-20T19:35:34.716+0000] {dag.py:3504} INFO - Setting next_dagrun for example_subdag_operator to 2022-01-01T00:00:00+00:00, run_after=2022-01-01T00:00:00+00:00
[2024-12-20T19:35:34.718+0000] {logging_mixin.py:150} INFO - [2024-12-20T19:35:34.718+0000] {dag.py:3504} INFO - Setting next_dagrun for example_subdag_operator.section-1 to None, run_after=None
[2024-12-20T19:35:34.718+0000] {logging_mixin.py:150} INFO - [2024-12-20T19:35:34.718+0000] {dag.py:3504} INFO - Setting next_dagrun for example_subdag_operator.section-2 to None, run_after=None
[2024-12-20T19:35:34.723+0000] {logging_mixin.py:150} INFO - [2024-12-20T19:35:34.722+0000] {dag.py:2742} INFO - Sync 2 DAGs
[2024-12-20T19:35:34.726+0000] {logging_mixin.py:150} INFO - [2024-12-20T19:35:34.725+0000] {dag.py:3504} INFO - Setting next_dagrun for example_subdag_operator.section-1 to None, run_after=None
[2024-12-20T19:35:34.726+0000] {logging_mixin.py:150} INFO - [2024-12-20T19:35:34.726+0000] {dag.py:3504} INFO - Setting next_dagrun for example_subdag_operator.section-2 to None, run_after=None
[2024-12-20T19:35:34.736+0000] {processor.py:179} INFO - Processing /home/vscode/.local/lib/python3.10/site-packages/airflow/example_dags/example_subdag_operator.py took 0.061 seconds
[2024-12-20T19:36:21.555+0000] {processor.py:157} INFO - Started process (PID=39176) to work on /home/vscode/.local/lib/python3.10/site-packages/airflow/example_dags/example_subdag_operator.py
[2024-12-20T19:36:21.555+0000] {processor.py:826} INFO - Processing file /home/vscode/.local/lib/python3.10/site-packages/airflow/example_dags/example_subdag_operator.py for tasks to queue
[2024-12-20T19:36:21.556+0000] {logging_mixin.py:150} INFO - [2024-12-20T19:36:21.556+0000] {dagbag.py:541} INFO - Filling up the DagBag from /home/vscode/.local/lib/python3.10/site-packages/airflow/example_dags/example_subdag_operator.py
[2024-12-20T19:36:21.572+0000] {processor.py:836} INFO - DAG(s) dict_keys(['example_subdag_operator.section-1', 'example_subdag_operator.section-2', 'example_subdag_operator']) retrieved from /home/vscode/.local/lib/python3.10/site-packages/airflow/example_dags/example_subdag_operator.py
[2024-12-20T19:36:21.583+0000] {logging_mixin.py:150} INFO - [2024-12-20T19:36:21.583+0000] {dag.py:2742} INFO - Sync 3 DAGs
[2024-12-20T19:36:21.597+0000] {logging_mixin.py:150} INFO - [2024-12-20T19:36:21.597+0000] {dag.py:3504} INFO - Setting next_dagrun for example_subdag_operator to 2022-01-01T00:00:00+00:00, run_after=2022-01-01T00:00:00+00:00
[2024-12-20T19:36:21.599+0000] {logging_mixin.py:150} INFO - [2024-12-20T19:36:21.599+0000] {dag.py:3504} INFO - Setting next_dagrun for example_subdag_operator.section-1 to None, run_after=None
[2024-12-20T19:36:21.599+0000] {logging_mixin.py:150} INFO - [2024-12-20T19:36:21.599+0000] {dag.py:3504} INFO - Setting next_dagrun for example_subdag_operator.section-2 to None, run_after=None
[2024-12-20T19:36:21.603+0000] {logging_mixin.py:150} INFO - [2024-12-20T19:36:21.603+0000] {dag.py:2742} INFO - Sync 2 DAGs
[2024-12-20T19:36:21.606+0000] {logging_mixin.py:150} INFO - [2024-12-20T19:36:21.606+0000] {dag.py:3504} INFO - Setting next_dagrun for example_subdag_operator.section-1 to None, run_after=None
[2024-12-20T19:36:21.606+0000] {logging_mixin.py:150} INFO - [2024-12-20T19:36:21.606+0000] {dag.py:3504} INFO - Setting next_dagrun for example_subdag_operator.section-2 to None, run_after=None
[2024-12-20T19:36:21.617+0000] {processor.py:179} INFO - Processing /home/vscode/.local/lib/python3.10/site-packages/airflow/example_dags/example_subdag_operator.py took 0.065 seconds
[2024-12-20T19:37:09.865+0000] {processor.py:157} INFO - Started process (PID=39638) to work on /home/vscode/.local/lib/python3.10/site-packages/airflow/example_dags/example_subdag_operator.py
[2024-12-20T19:37:09.866+0000] {processor.py:826} INFO - Processing file /home/vscode/.local/lib/python3.10/site-packages/airflow/example_dags/example_subdag_operator.py for tasks to queue
[2024-12-20T19:37:09.866+0000] {logging_mixin.py:150} INFO - [2024-12-20T19:37:09.866+0000] {dagbag.py:541} INFO - Filling up the DagBag from /home/vscode/.local/lib/python3.10/site-packages/airflow/example_dags/example_subdag_operator.py
[2024-12-20T19:37:09.881+0000] {processor.py:836} INFO - DAG(s) dict_keys(['example_subdag_operator.section-1', 'example_subdag_operator.section-2', 'example_subdag_operator']) retrieved from /home/vscode/.local/lib/python3.10/site-packages/airflow/example_dags/example_subdag_operator.py
[2024-12-20T19:37:09.892+0000] {logging_mixin.py:150} INFO - [2024-12-20T19:37:09.891+0000] {dag.py:2742} INFO - Sync 3 DAGs
[2024-12-20T19:37:09.906+0000] {logging_mixin.py:150} INFO - [2024-12-20T19:37:09.906+0000] {dag.py:3504} INFO - Setting next_dagrun for example_subdag_operator to 2022-01-01T00:00:00+00:00, run_after=2022-01-01T00:00:00+00:00
[2024-12-20T19:37:09.908+0000] {logging_mixin.py:150} INFO - [2024-12-20T19:37:09.908+0000] {dag.py:3504} INFO - Setting next_dagrun for example_subdag_operator.section-1 to None, run_after=None
[2024-12-20T19:37:09.908+0000] {logging_mixin.py:150} INFO - [2024-12-20T19:37:09.908+0000] {dag.py:3504} INFO - Setting next_dagrun for example_subdag_operator.section-2 to None, run_after=None
[2024-12-20T19:37:09.913+0000] {logging_mixin.py:150} INFO - [2024-12-20T19:37:09.913+0000] {dag.py:2742} INFO - Sync 2 DAGs
[2024-12-20T19:37:09.915+0000] {logging_mixin.py:150} INFO - [2024-12-20T19:37:09.915+0000] {dag.py:3504} INFO - Setting next_dagrun for example_subdag_operator.section-1 to None, run_after=None
[2024-12-20T19:37:09.916+0000] {logging_mixin.py:150} INFO - [2024-12-20T19:37:09.916+0000] {dag.py:3504} INFO - Setting next_dagrun for example_subdag_operator.section-2 to None, run_after=None
[2024-12-20T19:37:09.930+0000] {processor.py:179} INFO - Processing /home/vscode/.local/lib/python3.10/site-packages/airflow/example_dags/example_subdag_operator.py took 0.067 seconds
[2024-12-20T19:37:55.767+0000] {processor.py:157} INFO - Started process (PID=40166) to work on /home/vscode/.local/lib/python3.10/site-packages/airflow/example_dags/example_subdag_operator.py
[2024-12-20T19:37:55.768+0000] {processor.py:826} INFO - Processing file /home/vscode/.local/lib/python3.10/site-packages/airflow/example_dags/example_subdag_operator.py for tasks to queue
[2024-12-20T19:37:55.768+0000] {logging_mixin.py:150} INFO - [2024-12-20T19:37:55.768+0000] {dagbag.py:541} INFO - Filling up the DagBag from /home/vscode/.local/lib/python3.10/site-packages/airflow/example_dags/example_subdag_operator.py
[2024-12-20T19:37:55.782+0000] {processor.py:836} INFO - DAG(s) dict_keys(['example_subdag_operator.section-1', 'example_subdag_operator.section-2', 'example_subdag_operator']) retrieved from /home/vscode/.local/lib/python3.10/site-packages/airflow/example_dags/example_subdag_operator.py
[2024-12-20T19:37:55.793+0000] {logging_mixin.py:150} INFO - [2024-12-20T19:37:55.793+0000] {dag.py:2742} INFO - Sync 3 DAGs
[2024-12-20T19:37:55.807+0000] {logging_mixin.py:150} INFO - [2024-12-20T19:37:55.807+0000] {dag.py:3504} INFO - Setting next_dagrun for example_subdag_operator to 2022-01-01T00:00:00+00:00, run_after=2022-01-01T00:00:00+00:00
[2024-12-20T19:37:55.809+0000] {logging_mixin.py:150} INFO - [2024-12-20T19:37:55.809+0000] {dag.py:3504} INFO - Setting next_dagrun for example_subdag_operator.section-1 to None, run_after=None
[2024-12-20T19:37:55.810+0000] {logging_mixin.py:150} INFO - [2024-12-20T19:37:55.810+0000] {dag.py:3504} INFO - Setting next_dagrun for example_subdag_operator.section-2 to None, run_after=None
[2024-12-20T19:37:55.814+0000] {logging_mixin.py:150} INFO - [2024-12-20T19:37:55.814+0000] {dag.py:2742} INFO - Sync 2 DAGs
[2024-12-20T19:37:55.817+0000] {logging_mixin.py:150} INFO - [2024-12-20T19:37:55.817+0000] {dag.py:3504} INFO - Setting next_dagrun for example_subdag_operator.section-1 to None, run_after=None
[2024-12-20T19:37:55.817+0000] {logging_mixin.py:150} INFO - [2024-12-20T19:37:55.817+0000] {dag.py:3504} INFO - Setting next_dagrun for example_subdag_operator.section-2 to None, run_after=None
[2024-12-20T19:37:55.827+0000] {processor.py:179} INFO - Processing /home/vscode/.local/lib/python3.10/site-packages/airflow/example_dags/example_subdag_operator.py took 0.062 seconds
