[2024-12-20T19:23:17.108+0000] {processor.py:157} INFO - Started process (PID=33129) to work on /home/vscode/.local/lib/python3.10/site-packages/airflow/example_dags/example_xcom.py
[2024-12-20T19:23:17.108+0000] {processor.py:826} INFO - Processing file /home/vscode/.local/lib/python3.10/site-packages/airflow/example_dags/example_xcom.py for tasks to queue
[2024-12-20T19:23:17.109+0000] {logging_mixin.py:150} INFO - [2024-12-20T19:23:17.109+0000] {dagbag.py:541} INFO - Filling up the DagBag from /home/vscode/.local/lib/python3.10/site-packages/airflow/example_dags/example_xcom.py
[2024-12-20T19:23:17.116+0000] {processor.py:836} INFO - DAG(s) dict_keys(['example_xcom']) retrieved from /home/vscode/.local/lib/python3.10/site-packages/airflow/example_dags/example_xcom.py
[2024-12-20T19:23:17.233+0000] {logging_mixin.py:150} INFO - [2024-12-20T19:23:17.233+0000] {dag.py:2742} INFO - Sync 1 DAGs
[2024-12-20T19:23:17.247+0000] {logging_mixin.py:150} INFO - [2024-12-20T19:23:17.246+0000] {dag.py:3504} INFO - Setting next_dagrun for example_xcom to 2021-01-01T00:00:00+00:00, run_after=2021-01-01T00:00:00+00:00
[2024-12-20T19:23:17.261+0000] {processor.py:179} INFO - Processing /home/vscode/.local/lib/python3.10/site-packages/airflow/example_dags/example_xcom.py took 0.156 seconds
[2024-12-20T19:24:03.820+0000] {processor.py:157} INFO - Started process (PID=33438) to work on /home/vscode/.local/lib/python3.10/site-packages/airflow/example_dags/example_xcom.py
[2024-12-20T19:24:03.821+0000] {processor.py:826} INFO - Processing file /home/vscode/.local/lib/python3.10/site-packages/airflow/example_dags/example_xcom.py for tasks to queue
[2024-12-20T19:24:03.821+0000] {logging_mixin.py:150} INFO - [2024-12-20T19:24:03.821+0000] {dagbag.py:541} INFO - Filling up the DagBag from /home/vscode/.local/lib/python3.10/site-packages/airflow/example_dags/example_xcom.py
[2024-12-20T19:24:03.827+0000] {processor.py:836} INFO - DAG(s) dict_keys(['example_xcom']) retrieved from /home/vscode/.local/lib/python3.10/site-packages/airflow/example_dags/example_xcom.py
[2024-12-20T19:24:03.839+0000] {logging_mixin.py:150} INFO - [2024-12-20T19:24:03.839+0000] {dag.py:2742} INFO - Sync 1 DAGs
[2024-12-20T19:24:03.854+0000] {logging_mixin.py:150} INFO - [2024-12-20T19:24:03.854+0000] {dag.py:3504} INFO - Setting next_dagrun for example_xcom to 2021-01-01T00:00:00+00:00, run_after=2021-01-01T00:00:00+00:00
[2024-12-20T19:24:03.881+0000] {processor.py:179} INFO - Processing /home/vscode/.local/lib/python3.10/site-packages/airflow/example_dags/example_xcom.py took 0.063 seconds
[2024-12-20T19:24:49.118+0000] {processor.py:157} INFO - Started process (PID=33798) to work on /home/vscode/.local/lib/python3.10/site-packages/airflow/example_dags/example_xcom.py
[2024-12-20T19:24:49.119+0000] {processor.py:826} INFO - Processing file /home/vscode/.local/lib/python3.10/site-packages/airflow/example_dags/example_xcom.py for tasks to queue
[2024-12-20T19:24:49.119+0000] {logging_mixin.py:150} INFO - [2024-12-20T19:24:49.119+0000] {dagbag.py:541} INFO - Filling up the DagBag from /home/vscode/.local/lib/python3.10/site-packages/airflow/example_dags/example_xcom.py
[2024-12-20T19:24:49.125+0000] {processor.py:836} INFO - DAG(s) dict_keys(['example_xcom']) retrieved from /home/vscode/.local/lib/python3.10/site-packages/airflow/example_dags/example_xcom.py
[2024-12-20T19:24:49.138+0000] {logging_mixin.py:150} INFO - [2024-12-20T19:24:49.138+0000] {dag.py:2742} INFO - Sync 1 DAGs
[2024-12-20T19:24:49.152+0000] {logging_mixin.py:150} INFO - [2024-12-20T19:24:49.152+0000] {dag.py:3504} INFO - Setting next_dagrun for example_xcom to 2021-01-01T00:00:00+00:00, run_after=2021-01-01T00:00:00+00:00
[2024-12-20T19:24:49.166+0000] {processor.py:179} INFO - Processing /home/vscode/.local/lib/python3.10/site-packages/airflow/example_dags/example_xcom.py took 0.051 seconds
[2024-12-20T19:25:35.015+0000] {processor.py:157} INFO - Started process (PID=34215) to work on /home/vscode/.local/lib/python3.10/site-packages/airflow/example_dags/example_xcom.py
[2024-12-20T19:25:35.016+0000] {processor.py:826} INFO - Processing file /home/vscode/.local/lib/python3.10/site-packages/airflow/example_dags/example_xcom.py for tasks to queue
[2024-12-20T19:25:35.017+0000] {logging_mixin.py:150} INFO - [2024-12-20T19:25:35.017+0000] {dagbag.py:541} INFO - Filling up the DagBag from /home/vscode/.local/lib/python3.10/site-packages/airflow/example_dags/example_xcom.py
[2024-12-20T19:25:35.023+0000] {processor.py:836} INFO - DAG(s) dict_keys(['example_xcom']) retrieved from /home/vscode/.local/lib/python3.10/site-packages/airflow/example_dags/example_xcom.py
[2024-12-20T19:25:35.036+0000] {logging_mixin.py:150} INFO - [2024-12-20T19:25:35.036+0000] {dag.py:2742} INFO - Sync 1 DAGs
[2024-12-20T19:25:35.051+0000] {logging_mixin.py:150} INFO - [2024-12-20T19:25:35.050+0000] {dag.py:3504} INFO - Setting next_dagrun for example_xcom to 2021-01-01T00:00:00+00:00, run_after=2021-01-01T00:00:00+00:00
[2024-12-20T19:25:35.066+0000] {processor.py:179} INFO - Processing /home/vscode/.local/lib/python3.10/site-packages/airflow/example_dags/example_xcom.py took 0.053 seconds
[2024-12-20T19:26:18.859+0000] {processor.py:157} INFO - Started process (PID=34636) to work on /home/vscode/.local/lib/python3.10/site-packages/airflow/example_dags/example_xcom.py
[2024-12-20T19:26:18.860+0000] {processor.py:826} INFO - Processing file /home/vscode/.local/lib/python3.10/site-packages/airflow/example_dags/example_xcom.py for tasks to queue
[2024-12-20T19:26:18.861+0000] {logging_mixin.py:150} INFO - [2024-12-20T19:26:18.860+0000] {dagbag.py:541} INFO - Filling up the DagBag from /home/vscode/.local/lib/python3.10/site-packages/airflow/example_dags/example_xcom.py
[2024-12-20T19:26:18.867+0000] {processor.py:836} INFO - DAG(s) dict_keys(['example_xcom']) retrieved from /home/vscode/.local/lib/python3.10/site-packages/airflow/example_dags/example_xcom.py
[2024-12-20T19:26:18.880+0000] {logging_mixin.py:150} INFO - [2024-12-20T19:26:18.880+0000] {dag.py:2742} INFO - Sync 1 DAGs
[2024-12-20T19:26:18.895+0000] {logging_mixin.py:150} INFO - [2024-12-20T19:26:18.895+0000] {dag.py:3504} INFO - Setting next_dagrun for example_xcom to 2021-01-01T00:00:00+00:00, run_after=2021-01-01T00:00:00+00:00
[2024-12-20T19:26:18.910+0000] {processor.py:179} INFO - Processing /home/vscode/.local/lib/python3.10/site-packages/airflow/example_dags/example_xcom.py took 0.053 seconds
[2024-12-20T19:33:17.233+0000] {processor.py:157} INFO - Started process (PID=37700) to work on /home/vscode/.local/lib/python3.10/site-packages/airflow/example_dags/example_xcom.py
[2024-12-20T19:33:17.234+0000] {processor.py:826} INFO - Processing file /home/vscode/.local/lib/python3.10/site-packages/airflow/example_dags/example_xcom.py for tasks to queue
[2024-12-20T19:33:17.235+0000] {logging_mixin.py:150} INFO - [2024-12-20T19:33:17.234+0000] {dagbag.py:541} INFO - Filling up the DagBag from /home/vscode/.local/lib/python3.10/site-packages/airflow/example_dags/example_xcom.py
[2024-12-20T19:33:17.244+0000] {processor.py:836} INFO - DAG(s) dict_keys(['example_xcom']) retrieved from /home/vscode/.local/lib/python3.10/site-packages/airflow/example_dags/example_xcom.py
[2024-12-20T19:33:17.337+0000] {logging_mixin.py:150} INFO - [2024-12-20T19:33:17.337+0000] {dag.py:2742} INFO - Sync 1 DAGs
[2024-12-20T19:33:17.349+0000] {logging_mixin.py:150} INFO - [2024-12-20T19:33:17.349+0000] {dag.py:3504} INFO - Setting next_dagrun for example_xcom to 2021-01-01T00:00:00+00:00, run_after=2021-01-01T00:00:00+00:00
[2024-12-20T19:33:17.363+0000] {processor.py:179} INFO - Processing /home/vscode/.local/lib/python3.10/site-packages/airflow/example_dags/example_xcom.py took 0.133 seconds
[2024-12-20T19:34:04.058+0000] {processor.py:157} INFO - Started process (PID=38041) to work on /home/vscode/.local/lib/python3.10/site-packages/airflow/example_dags/example_xcom.py
[2024-12-20T19:34:04.059+0000] {processor.py:826} INFO - Processing file /home/vscode/.local/lib/python3.10/site-packages/airflow/example_dags/example_xcom.py for tasks to queue
[2024-12-20T19:34:04.059+0000] {logging_mixin.py:150} INFO - [2024-12-20T19:34:04.059+0000] {dagbag.py:541} INFO - Filling up the DagBag from /home/vscode/.local/lib/python3.10/site-packages/airflow/example_dags/example_xcom.py
[2024-12-20T19:34:04.065+0000] {processor.py:836} INFO - DAG(s) dict_keys(['example_xcom']) retrieved from /home/vscode/.local/lib/python3.10/site-packages/airflow/example_dags/example_xcom.py
[2024-12-20T19:34:04.076+0000] {logging_mixin.py:150} INFO - [2024-12-20T19:34:04.076+0000] {dag.py:2742} INFO - Sync 1 DAGs
[2024-12-20T19:34:04.090+0000] {logging_mixin.py:150} INFO - [2024-12-20T19:34:04.090+0000] {dag.py:3504} INFO - Setting next_dagrun for example_xcom to 2021-01-01T00:00:00+00:00, run_after=2021-01-01T00:00:00+00:00
[2024-12-20T19:34:04.104+0000] {processor.py:179} INFO - Processing /home/vscode/.local/lib/python3.10/site-packages/airflow/example_dags/example_xcom.py took 0.048 seconds
[2024-12-20T19:34:50.683+0000] {processor.py:157} INFO - Started process (PID=38417) to work on /home/vscode/.local/lib/python3.10/site-packages/airflow/example_dags/example_xcom.py
[2024-12-20T19:34:50.683+0000] {processor.py:826} INFO - Processing file /home/vscode/.local/lib/python3.10/site-packages/airflow/example_dags/example_xcom.py for tasks to queue
[2024-12-20T19:34:50.684+0000] {logging_mixin.py:150} INFO - [2024-12-20T19:34:50.684+0000] {dagbag.py:541} INFO - Filling up the DagBag from /home/vscode/.local/lib/python3.10/site-packages/airflow/example_dags/example_xcom.py
[2024-12-20T19:34:50.689+0000] {processor.py:836} INFO - DAG(s) dict_keys(['example_xcom']) retrieved from /home/vscode/.local/lib/python3.10/site-packages/airflow/example_dags/example_xcom.py
[2024-12-20T19:34:50.701+0000] {logging_mixin.py:150} INFO - [2024-12-20T19:34:50.701+0000] {dag.py:2742} INFO - Sync 1 DAGs
[2024-12-20T19:34:50.715+0000] {logging_mixin.py:150} INFO - [2024-12-20T19:34:50.714+0000] {dag.py:3504} INFO - Setting next_dagrun for example_xcom to 2021-01-01T00:00:00+00:00, run_after=2021-01-01T00:00:00+00:00
[2024-12-20T19:34:50.729+0000] {processor.py:179} INFO - Processing /home/vscode/.local/lib/python3.10/site-packages/airflow/example_dags/example_xcom.py took 0.049 seconds
[2024-12-20T19:35:33.523+0000] {processor.py:157} INFO - Started process (PID=38732) to work on /home/vscode/.local/lib/python3.10/site-packages/airflow/example_dags/example_xcom.py
[2024-12-20T19:35:33.523+0000] {processor.py:826} INFO - Processing file /home/vscode/.local/lib/python3.10/site-packages/airflow/example_dags/example_xcom.py for tasks to queue
[2024-12-20T19:35:33.524+0000] {logging_mixin.py:150} INFO - [2024-12-20T19:35:33.524+0000] {dagbag.py:541} INFO - Filling up the DagBag from /home/vscode/.local/lib/python3.10/site-packages/airflow/example_dags/example_xcom.py
[2024-12-20T19:35:33.529+0000] {processor.py:836} INFO - DAG(s) dict_keys(['example_xcom']) retrieved from /home/vscode/.local/lib/python3.10/site-packages/airflow/example_dags/example_xcom.py
[2024-12-20T19:35:33.541+0000] {logging_mixin.py:150} INFO - [2024-12-20T19:35:33.541+0000] {dag.py:2742} INFO - Sync 1 DAGs
[2024-12-20T19:35:33.554+0000] {logging_mixin.py:150} INFO - [2024-12-20T19:35:33.554+0000] {dag.py:3504} INFO - Setting next_dagrun for example_xcom to 2021-01-01T00:00:00+00:00, run_after=2021-01-01T00:00:00+00:00
[2024-12-20T19:35:33.568+0000] {processor.py:179} INFO - Processing /home/vscode/.local/lib/python3.10/site-packages/airflow/example_dags/example_xcom.py took 0.048 seconds
[2024-12-20T19:36:20.419+0000] {processor.py:157} INFO - Started process (PID=39159) to work on /home/vscode/.local/lib/python3.10/site-packages/airflow/example_dags/example_xcom.py
[2024-12-20T19:36:20.420+0000] {processor.py:826} INFO - Processing file /home/vscode/.local/lib/python3.10/site-packages/airflow/example_dags/example_xcom.py for tasks to queue
[2024-12-20T19:36:20.420+0000] {logging_mixin.py:150} INFO - [2024-12-20T19:36:20.420+0000] {dagbag.py:541} INFO - Filling up the DagBag from /home/vscode/.local/lib/python3.10/site-packages/airflow/example_dags/example_xcom.py
[2024-12-20T19:36:20.426+0000] {processor.py:836} INFO - DAG(s) dict_keys(['example_xcom']) retrieved from /home/vscode/.local/lib/python3.10/site-packages/airflow/example_dags/example_xcom.py
[2024-12-20T19:36:20.437+0000] {logging_mixin.py:150} INFO - [2024-12-20T19:36:20.437+0000] {dag.py:2742} INFO - Sync 1 DAGs
[2024-12-20T19:36:20.451+0000] {logging_mixin.py:150} INFO - [2024-12-20T19:36:20.451+0000] {dag.py:3504} INFO - Setting next_dagrun for example_xcom to 2021-01-01T00:00:00+00:00, run_after=2021-01-01T00:00:00+00:00
[2024-12-20T19:36:20.468+0000] {processor.py:179} INFO - Processing /home/vscode/.local/lib/python3.10/site-packages/airflow/example_dags/example_xcom.py took 0.051 seconds
[2024-12-20T19:37:08.733+0000] {processor.py:157} INFO - Started process (PID=39627) to work on /home/vscode/.local/lib/python3.10/site-packages/airflow/example_dags/example_xcom.py
[2024-12-20T19:37:08.733+0000] {processor.py:826} INFO - Processing file /home/vscode/.local/lib/python3.10/site-packages/airflow/example_dags/example_xcom.py for tasks to queue
[2024-12-20T19:37:08.734+0000] {logging_mixin.py:150} INFO - [2024-12-20T19:37:08.734+0000] {dagbag.py:541} INFO - Filling up the DagBag from /home/vscode/.local/lib/python3.10/site-packages/airflow/example_dags/example_xcom.py
[2024-12-20T19:37:08.740+0000] {processor.py:836} INFO - DAG(s) dict_keys(['example_xcom']) retrieved from /home/vscode/.local/lib/python3.10/site-packages/airflow/example_dags/example_xcom.py
[2024-12-20T19:37:08.752+0000] {logging_mixin.py:150} INFO - [2024-12-20T19:37:08.752+0000] {dag.py:2742} INFO - Sync 1 DAGs
[2024-12-20T19:37:08.774+0000] {logging_mixin.py:150} INFO - [2024-12-20T19:37:08.774+0000] {dag.py:3504} INFO - Setting next_dagrun for example_xcom to 2021-01-01T00:00:00+00:00, run_after=2021-01-01T00:00:00+00:00
[2024-12-20T19:37:08.790+0000] {processor.py:179} INFO - Processing /home/vscode/.local/lib/python3.10/site-packages/airflow/example_dags/example_xcom.py took 0.059 seconds
[2024-12-20T19:37:54.613+0000] {processor.py:157} INFO - Started process (PID=40158) to work on /home/vscode/.local/lib/python3.10/site-packages/airflow/example_dags/example_xcom.py
[2024-12-20T19:37:54.614+0000] {processor.py:826} INFO - Processing file /home/vscode/.local/lib/python3.10/site-packages/airflow/example_dags/example_xcom.py for tasks to queue
[2024-12-20T19:37:54.614+0000] {logging_mixin.py:150} INFO - [2024-12-20T19:37:54.614+0000] {dagbag.py:541} INFO - Filling up the DagBag from /home/vscode/.local/lib/python3.10/site-packages/airflow/example_dags/example_xcom.py
[2024-12-20T19:37:54.620+0000] {processor.py:836} INFO - DAG(s) dict_keys(['example_xcom']) retrieved from /home/vscode/.local/lib/python3.10/site-packages/airflow/example_dags/example_xcom.py
[2024-12-20T19:37:54.631+0000] {logging_mixin.py:150} INFO - [2024-12-20T19:37:54.631+0000] {dag.py:2742} INFO - Sync 1 DAGs
[2024-12-20T19:37:54.644+0000] {logging_mixin.py:150} INFO - [2024-12-20T19:37:54.644+0000] {dag.py:3504} INFO - Setting next_dagrun for example_xcom to 2021-01-01T00:00:00+00:00, run_after=2021-01-01T00:00:00+00:00
[2024-12-20T19:37:54.659+0000] {processor.py:179} INFO - Processing /home/vscode/.local/lib/python3.10/site-packages/airflow/example_dags/example_xcom.py took 0.047 seconds
