[2024-12-20T19:23:03.296+0000] {processor.py:157} INFO - Started process (PID=33016) to work on /home/vscode/.local/lib/python3.10/site-packages/airflow/example_dags/example_trigger_target_dag.py
[2024-12-20T19:23:03.296+0000] {processor.py:826} INFO - Processing file /home/vscode/.local/lib/python3.10/site-packages/airflow/example_dags/example_trigger_target_dag.py for tasks to queue
[2024-12-20T19:23:03.297+0000] {logging_mixin.py:150} INFO - [2024-12-20T19:23:03.297+0000] {dagbag.py:541} INFO - Filling up the DagBag from /home/vscode/.local/lib/python3.10/site-packages/airflow/example_dags/example_trigger_target_dag.py
[2024-12-20T19:23:03.303+0000] {processor.py:836} INFO - DAG(s) dict_keys(['example_trigger_target_dag']) retrieved from /home/vscode/.local/lib/python3.10/site-packages/airflow/example_dags/example_trigger_target_dag.py
[2024-12-20T19:23:03.322+0000] {logging_mixin.py:150} INFO - [2024-12-20T19:23:03.321+0000] {dag.py:2742} INFO - Sync 1 DAGs
[2024-12-20T19:23:03.447+0000] {logging_mixin.py:150} INFO - [2024-12-20T19:23:03.446+0000] {dag.py:3504} INFO - Setting next_dagrun for example_trigger_target_dag to None, run_after=None
[2024-12-20T19:23:03.462+0000] {processor.py:179} INFO - Processing /home/vscode/.local/lib/python3.10/site-packages/airflow/example_dags/example_trigger_target_dag.py took 0.169 seconds
[2024-12-20T19:23:53.513+0000] {processor.py:157} INFO - Started process (PID=33374) to work on /home/vscode/.local/lib/python3.10/site-packages/airflow/example_dags/example_trigger_target_dag.py
[2024-12-20T19:23:53.513+0000] {processor.py:826} INFO - Processing file /home/vscode/.local/lib/python3.10/site-packages/airflow/example_dags/example_trigger_target_dag.py for tasks to queue
[2024-12-20T19:23:53.514+0000] {logging_mixin.py:150} INFO - [2024-12-20T19:23:53.514+0000] {dagbag.py:541} INFO - Filling up the DagBag from /home/vscode/.local/lib/python3.10/site-packages/airflow/example_dags/example_trigger_target_dag.py
[2024-12-20T19:23:53.519+0000] {processor.py:836} INFO - DAG(s) dict_keys(['example_trigger_target_dag']) retrieved from /home/vscode/.local/lib/python3.10/site-packages/airflow/example_dags/example_trigger_target_dag.py
[2024-12-20T19:23:53.531+0000] {logging_mixin.py:150} INFO - [2024-12-20T19:23:53.530+0000] {dag.py:2742} INFO - Sync 1 DAGs
[2024-12-20T19:23:53.545+0000] {logging_mixin.py:150} INFO - [2024-12-20T19:23:53.545+0000] {dag.py:3504} INFO - Setting next_dagrun for example_trigger_target_dag to None, run_after=None
[2024-12-20T19:23:53.561+0000] {processor.py:179} INFO - Processing /home/vscode/.local/lib/python3.10/site-packages/airflow/example_dags/example_trigger_target_dag.py took 0.051 seconds
[2024-12-20T19:24:26.702+0000] {processor.py:157} INFO - Started process (PID=33620) to work on /home/vscode/.local/lib/python3.10/site-packages/airflow/example_dags/example_trigger_target_dag.py
[2024-12-20T19:24:26.703+0000] {processor.py:826} INFO - Processing file /home/vscode/.local/lib/python3.10/site-packages/airflow/example_dags/example_trigger_target_dag.py for tasks to queue
[2024-12-20T19:24:26.704+0000] {logging_mixin.py:150} INFO - [2024-12-20T19:24:26.703+0000] {dagbag.py:541} INFO - Filling up the DagBag from /home/vscode/.local/lib/python3.10/site-packages/airflow/example_dags/example_trigger_target_dag.py
[2024-12-20T19:24:26.708+0000] {processor.py:836} INFO - DAG(s) dict_keys(['example_trigger_target_dag']) retrieved from /home/vscode/.local/lib/python3.10/site-packages/airflow/example_dags/example_trigger_target_dag.py
[2024-12-20T19:24:26.720+0000] {logging_mixin.py:150} INFO - [2024-12-20T19:24:26.720+0000] {dag.py:2742} INFO - Sync 1 DAGs
[2024-12-20T19:24:26.735+0000] {logging_mixin.py:150} INFO - [2024-12-20T19:24:26.734+0000] {dag.py:3504} INFO - Setting next_dagrun for example_trigger_target_dag to None, run_after=None
[2024-12-20T19:24:26.750+0000] {processor.py:179} INFO - Processing /home/vscode/.local/lib/python3.10/site-packages/airflow/example_dags/example_trigger_target_dag.py took 0.050 seconds
[2024-12-20T19:25:11.832+0000] {processor.py:157} INFO - Started process (PID=34018) to work on /home/vscode/.local/lib/python3.10/site-packages/airflow/example_dags/example_trigger_target_dag.py
[2024-12-20T19:25:11.833+0000] {processor.py:826} INFO - Processing file /home/vscode/.local/lib/python3.10/site-packages/airflow/example_dags/example_trigger_target_dag.py for tasks to queue
[2024-12-20T19:25:11.834+0000] {logging_mixin.py:150} INFO - [2024-12-20T19:25:11.834+0000] {dagbag.py:541} INFO - Filling up the DagBag from /home/vscode/.local/lib/python3.10/site-packages/airflow/example_dags/example_trigger_target_dag.py
[2024-12-20T19:25:11.840+0000] {processor.py:836} INFO - DAG(s) dict_keys(['example_trigger_target_dag']) retrieved from /home/vscode/.local/lib/python3.10/site-packages/airflow/example_dags/example_trigger_target_dag.py
[2024-12-20T19:25:11.852+0000] {logging_mixin.py:150} INFO - [2024-12-20T19:25:11.852+0000] {dag.py:2742} INFO - Sync 1 DAGs
[2024-12-20T19:25:11.866+0000] {logging_mixin.py:150} INFO - [2024-12-20T19:25:11.866+0000] {dag.py:3504} INFO - Setting next_dagrun for example_trigger_target_dag to None, run_after=None
[2024-12-20T19:25:11.881+0000] {processor.py:179} INFO - Processing /home/vscode/.local/lib/python3.10/site-packages/airflow/example_dags/example_trigger_target_dag.py took 0.051 seconds
[2024-12-20T19:25:43.760+0000] {processor.py:157} INFO - Started process (PID=34292) to work on /home/vscode/.local/lib/python3.10/site-packages/airflow/example_dags/example_trigger_target_dag.py
[2024-12-20T19:25:43.761+0000] {processor.py:826} INFO - Processing file /home/vscode/.local/lib/python3.10/site-packages/airflow/example_dags/example_trigger_target_dag.py for tasks to queue
[2024-12-20T19:25:43.762+0000] {logging_mixin.py:150} INFO - [2024-12-20T19:25:43.761+0000] {dagbag.py:541} INFO - Filling up the DagBag from /home/vscode/.local/lib/python3.10/site-packages/airflow/example_dags/example_trigger_target_dag.py
[2024-12-20T19:25:43.766+0000] {processor.py:836} INFO - DAG(s) dict_keys(['example_trigger_target_dag']) retrieved from /home/vscode/.local/lib/python3.10/site-packages/airflow/example_dags/example_trigger_target_dag.py
[2024-12-20T19:25:43.777+0000] {logging_mixin.py:150} INFO - [2024-12-20T19:25:43.777+0000] {dag.py:2742} INFO - Sync 1 DAGs
[2024-12-20T19:25:43.791+0000] {logging_mixin.py:150} INFO - [2024-12-20T19:25:43.791+0000] {dag.py:3504} INFO - Setting next_dagrun for example_trigger_target_dag to None, run_after=None
[2024-12-20T19:25:43.808+0000] {processor.py:179} INFO - Processing /home/vscode/.local/lib/python3.10/site-packages/airflow/example_dags/example_trigger_target_dag.py took 0.050 seconds
[2024-12-20T19:26:27.123+0000] {processor.py:157} INFO - Started process (PID=34705) to work on /home/vscode/.local/lib/python3.10/site-packages/airflow/example_dags/example_trigger_target_dag.py
[2024-12-20T19:26:27.124+0000] {processor.py:826} INFO - Processing file /home/vscode/.local/lib/python3.10/site-packages/airflow/example_dags/example_trigger_target_dag.py for tasks to queue
[2024-12-20T19:26:27.124+0000] {logging_mixin.py:150} INFO - [2024-12-20T19:26:27.124+0000] {dagbag.py:541} INFO - Filling up the DagBag from /home/vscode/.local/lib/python3.10/site-packages/airflow/example_dags/example_trigger_target_dag.py
[2024-12-20T19:26:27.130+0000] {processor.py:836} INFO - DAG(s) dict_keys(['example_trigger_target_dag']) retrieved from /home/vscode/.local/lib/python3.10/site-packages/airflow/example_dags/example_trigger_target_dag.py
[2024-12-20T19:26:27.143+0000] {logging_mixin.py:150} INFO - [2024-12-20T19:26:27.143+0000] {dag.py:2742} INFO - Sync 1 DAGs
[2024-12-20T19:26:27.158+0000] {logging_mixin.py:150} INFO - [2024-12-20T19:26:27.157+0000] {dag.py:3504} INFO - Setting next_dagrun for example_trigger_target_dag to None, run_after=None
[2024-12-20T19:26:27.174+0000] {processor.py:179} INFO - Processing /home/vscode/.local/lib/python3.10/site-packages/airflow/example_dags/example_trigger_target_dag.py took 0.053 seconds
[2024-12-20T19:33:04.445+0000] {processor.py:157} INFO - Started process (PID=37592) to work on /home/vscode/.local/lib/python3.10/site-packages/airflow/example_dags/example_trigger_target_dag.py
[2024-12-20T19:33:04.445+0000] {processor.py:826} INFO - Processing file /home/vscode/.local/lib/python3.10/site-packages/airflow/example_dags/example_trigger_target_dag.py for tasks to queue
[2024-12-20T19:33:04.446+0000] {logging_mixin.py:150} INFO - [2024-12-20T19:33:04.446+0000] {dagbag.py:541} INFO - Filling up the DagBag from /home/vscode/.local/lib/python3.10/site-packages/airflow/example_dags/example_trigger_target_dag.py
[2024-12-20T19:33:04.454+0000] {processor.py:836} INFO - DAG(s) dict_keys(['example_trigger_target_dag']) retrieved from /home/vscode/.local/lib/python3.10/site-packages/airflow/example_dags/example_trigger_target_dag.py
[2024-12-20T19:33:04.479+0000] {logging_mixin.py:150} INFO - [2024-12-20T19:33:04.478+0000] {dag.py:2742} INFO - Sync 1 DAGs
[2024-12-20T19:33:04.640+0000] {logging_mixin.py:150} INFO - [2024-12-20T19:33:04.640+0000] {dag.py:3504} INFO - Setting next_dagrun for example_trigger_target_dag to None, run_after=None
[2024-12-20T19:33:04.661+0000] {processor.py:179} INFO - Processing /home/vscode/.local/lib/python3.10/site-packages/airflow/example_dags/example_trigger_target_dag.py took 0.219 seconds
[2024-12-20T19:33:53.035+0000] {processor.py:157} INFO - Started process (PID=37954) to work on /home/vscode/.local/lib/python3.10/site-packages/airflow/example_dags/example_trigger_target_dag.py
[2024-12-20T19:33:53.036+0000] {processor.py:826} INFO - Processing file /home/vscode/.local/lib/python3.10/site-packages/airflow/example_dags/example_trigger_target_dag.py for tasks to queue
[2024-12-20T19:33:53.036+0000] {logging_mixin.py:150} INFO - [2024-12-20T19:33:53.036+0000] {dagbag.py:541} INFO - Filling up the DagBag from /home/vscode/.local/lib/python3.10/site-packages/airflow/example_dags/example_trigger_target_dag.py
[2024-12-20T19:33:53.040+0000] {processor.py:836} INFO - DAG(s) dict_keys(['example_trigger_target_dag']) retrieved from /home/vscode/.local/lib/python3.10/site-packages/airflow/example_dags/example_trigger_target_dag.py
[2024-12-20T19:33:53.051+0000] {logging_mixin.py:150} INFO - [2024-12-20T19:33:53.051+0000] {dag.py:2742} INFO - Sync 1 DAGs
[2024-12-20T19:33:53.064+0000] {logging_mixin.py:150} INFO - [2024-12-20T19:33:53.064+0000] {dag.py:3504} INFO - Setting next_dagrun for example_trigger_target_dag to None, run_after=None
[2024-12-20T19:33:53.078+0000] {processor.py:179} INFO - Processing /home/vscode/.local/lib/python3.10/site-packages/airflow/example_dags/example_trigger_target_dag.py took 0.045 seconds
[2024-12-20T19:34:26.659+0000] {processor.py:157} INFO - Started process (PID=38217) to work on /home/vscode/.local/lib/python3.10/site-packages/airflow/example_dags/example_trigger_target_dag.py
[2024-12-20T19:34:26.659+0000] {processor.py:826} INFO - Processing file /home/vscode/.local/lib/python3.10/site-packages/airflow/example_dags/example_trigger_target_dag.py for tasks to queue
[2024-12-20T19:34:26.660+0000] {logging_mixin.py:150} INFO - [2024-12-20T19:34:26.660+0000] {dagbag.py:541} INFO - Filling up the DagBag from /home/vscode/.local/lib/python3.10/site-packages/airflow/example_dags/example_trigger_target_dag.py
[2024-12-20T19:34:26.664+0000] {processor.py:836} INFO - DAG(s) dict_keys(['example_trigger_target_dag']) retrieved from /home/vscode/.local/lib/python3.10/site-packages/airflow/example_dags/example_trigger_target_dag.py
[2024-12-20T19:34:26.675+0000] {logging_mixin.py:150} INFO - [2024-12-20T19:34:26.674+0000] {dag.py:2742} INFO - Sync 1 DAGs
[2024-12-20T19:34:26.688+0000] {logging_mixin.py:150} INFO - [2024-12-20T19:34:26.688+0000] {dag.py:3504} INFO - Setting next_dagrun for example_trigger_target_dag to None, run_after=None
[2024-12-20T19:34:26.702+0000] {processor.py:179} INFO - Processing /home/vscode/.local/lib/python3.10/site-packages/airflow/example_dags/example_trigger_target_dag.py took 0.045 seconds
[2024-12-20T19:34:59.791+0000] {processor.py:157} INFO - Started process (PID=38477) to work on /home/vscode/.local/lib/python3.10/site-packages/airflow/example_dags/example_trigger_target_dag.py
[2024-12-20T19:34:59.792+0000] {processor.py:826} INFO - Processing file /home/vscode/.local/lib/python3.10/site-packages/airflow/example_dags/example_trigger_target_dag.py for tasks to queue
[2024-12-20T19:34:59.792+0000] {logging_mixin.py:150} INFO - [2024-12-20T19:34:59.792+0000] {dagbag.py:541} INFO - Filling up the DagBag from /home/vscode/.local/lib/python3.10/site-packages/airflow/example_dags/example_trigger_target_dag.py
[2024-12-20T19:34:59.796+0000] {processor.py:836} INFO - DAG(s) dict_keys(['example_trigger_target_dag']) retrieved from /home/vscode/.local/lib/python3.10/site-packages/airflow/example_dags/example_trigger_target_dag.py
[2024-12-20T19:34:59.807+0000] {logging_mixin.py:150} INFO - [2024-12-20T19:34:59.807+0000] {dag.py:2742} INFO - Sync 1 DAGs
[2024-12-20T19:34:59.822+0000] {logging_mixin.py:150} INFO - [2024-12-20T19:34:59.822+0000] {dag.py:3504} INFO - Setting next_dagrun for example_trigger_target_dag to None, run_after=None
[2024-12-20T19:34:59.839+0000] {processor.py:179} INFO - Processing /home/vscode/.local/lib/python3.10/site-packages/airflow/example_dags/example_trigger_target_dag.py took 0.050 seconds
[2024-12-20T19:35:40.969+0000] {processor.py:157} INFO - Started process (PID=38783) to work on /home/vscode/.local/lib/python3.10/site-packages/airflow/example_dags/example_trigger_target_dag.py
[2024-12-20T19:35:40.970+0000] {processor.py:826} INFO - Processing file /home/vscode/.local/lib/python3.10/site-packages/airflow/example_dags/example_trigger_target_dag.py for tasks to queue
[2024-12-20T19:35:40.971+0000] {logging_mixin.py:150} INFO - [2024-12-20T19:35:40.970+0000] {dagbag.py:541} INFO - Filling up the DagBag from /home/vscode/.local/lib/python3.10/site-packages/airflow/example_dags/example_trigger_target_dag.py
[2024-12-20T19:35:40.975+0000] {processor.py:836} INFO - DAG(s) dict_keys(['example_trigger_target_dag']) retrieved from /home/vscode/.local/lib/python3.10/site-packages/airflow/example_dags/example_trigger_target_dag.py
[2024-12-20T19:35:40.985+0000] {logging_mixin.py:150} INFO - [2024-12-20T19:35:40.985+0000] {dag.py:2742} INFO - Sync 1 DAGs
[2024-12-20T19:35:40.999+0000] {logging_mixin.py:150} INFO - [2024-12-20T19:35:40.998+0000] {dag.py:3504} INFO - Setting next_dagrun for example_trigger_target_dag to None, run_after=None
[2024-12-20T19:35:41.012+0000] {processor.py:179} INFO - Processing /home/vscode/.local/lib/python3.10/site-packages/airflow/example_dags/example_trigger_target_dag.py took 0.045 seconds
[2024-12-20T19:36:12.926+0000] {processor.py:157} INFO - Started process (PID=39090) to work on /home/vscode/.local/lib/python3.10/site-packages/airflow/example_dags/example_trigger_target_dag.py
[2024-12-20T19:36:12.927+0000] {processor.py:826} INFO - Processing file /home/vscode/.local/lib/python3.10/site-packages/airflow/example_dags/example_trigger_target_dag.py for tasks to queue
[2024-12-20T19:36:12.928+0000] {logging_mixin.py:150} INFO - [2024-12-20T19:36:12.927+0000] {dagbag.py:541} INFO - Filling up the DagBag from /home/vscode/.local/lib/python3.10/site-packages/airflow/example_dags/example_trigger_target_dag.py
[2024-12-20T19:36:12.932+0000] {processor.py:836} INFO - DAG(s) dict_keys(['example_trigger_target_dag']) retrieved from /home/vscode/.local/lib/python3.10/site-packages/airflow/example_dags/example_trigger_target_dag.py
[2024-12-20T19:36:12.942+0000] {logging_mixin.py:150} INFO - [2024-12-20T19:36:12.942+0000] {dag.py:2742} INFO - Sync 1 DAGs
[2024-12-20T19:36:12.956+0000] {logging_mixin.py:150} INFO - [2024-12-20T19:36:12.956+0000] {dag.py:3504} INFO - Setting next_dagrun for example_trigger_target_dag to None, run_after=None
[2024-12-20T19:36:12.970+0000] {processor.py:179} INFO - Processing /home/vscode/.local/lib/python3.10/site-packages/airflow/example_dags/example_trigger_target_dag.py took 0.046 seconds
[2024-12-20T19:36:45.464+0000] {processor.py:157} INFO - Started process (PID=39432) to work on /home/vscode/.local/lib/python3.10/site-packages/airflow/example_dags/example_trigger_target_dag.py
[2024-12-20T19:36:45.465+0000] {processor.py:826} INFO - Processing file /home/vscode/.local/lib/python3.10/site-packages/airflow/example_dags/example_trigger_target_dag.py for tasks to queue
[2024-12-20T19:36:45.466+0000] {logging_mixin.py:150} INFO - [2024-12-20T19:36:45.465+0000] {dagbag.py:541} INFO - Filling up the DagBag from /home/vscode/.local/lib/python3.10/site-packages/airflow/example_dags/example_trigger_target_dag.py
[2024-12-20T19:36:45.470+0000] {processor.py:836} INFO - DAG(s) dict_keys(['example_trigger_target_dag']) retrieved from /home/vscode/.local/lib/python3.10/site-packages/airflow/example_dags/example_trigger_target_dag.py
[2024-12-20T19:36:45.480+0000] {logging_mixin.py:150} INFO - [2024-12-20T19:36:45.480+0000] {dag.py:2742} INFO - Sync 1 DAGs
[2024-12-20T19:36:45.494+0000] {logging_mixin.py:150} INFO - [2024-12-20T19:36:45.493+0000] {dag.py:3504} INFO - Setting next_dagrun for example_trigger_target_dag to None, run_after=None
[2024-12-20T19:36:45.508+0000] {processor.py:179} INFO - Processing /home/vscode/.local/lib/python3.10/site-packages/airflow/example_dags/example_trigger_target_dag.py took 0.045 seconds
[2024-12-20T19:37:16.575+0000] {processor.py:157} INFO - Started process (PID=39736) to work on /home/vscode/.local/lib/python3.10/site-packages/airflow/example_dags/example_trigger_target_dag.py
[2024-12-20T19:37:16.576+0000] {processor.py:826} INFO - Processing file /home/vscode/.local/lib/python3.10/site-packages/airflow/example_dags/example_trigger_target_dag.py for tasks to queue
[2024-12-20T19:37:16.577+0000] {logging_mixin.py:150} INFO - [2024-12-20T19:37:16.576+0000] {dagbag.py:541} INFO - Filling up the DagBag from /home/vscode/.local/lib/python3.10/site-packages/airflow/example_dags/example_trigger_target_dag.py
[2024-12-20T19:37:16.581+0000] {processor.py:836} INFO - DAG(s) dict_keys(['example_trigger_target_dag']) retrieved from /home/vscode/.local/lib/python3.10/site-packages/airflow/example_dags/example_trigger_target_dag.py
[2024-12-20T19:37:16.592+0000] {logging_mixin.py:150} INFO - [2024-12-20T19:37:16.592+0000] {dag.py:2742} INFO - Sync 1 DAGs
[2024-12-20T19:37:16.606+0000] {logging_mixin.py:150} INFO - [2024-12-20T19:37:16.606+0000] {dag.py:3504} INFO - Setting next_dagrun for example_trigger_target_dag to None, run_after=None
[2024-12-20T19:37:16.620+0000] {processor.py:179} INFO - Processing /home/vscode/.local/lib/python3.10/site-packages/airflow/example_dags/example_trigger_target_dag.py took 0.047 seconds
