[2024-12-20T19:23:14.921+0000] {processor.py:157} INFO - Started process (PID=33118) to work on /home/vscode/.local/lib/python3.10/site-packages/airflow/example_dags/example_time_delta_sensor_async.py
[2024-12-20T19:23:14.922+0000] {processor.py:826} INFO - Processing file /home/vscode/.local/lib/python3.10/site-packages/airflow/example_dags/example_time_delta_sensor_async.py for tasks to queue
[2024-12-20T19:23:14.923+0000] {logging_mixin.py:150} INFO - [2024-12-20T19:23:14.923+0000] {dagbag.py:541} INFO - Filling up the DagBag from /home/vscode/.local/lib/python3.10/site-packages/airflow/example_dags/example_time_delta_sensor_async.py
[2024-12-20T19:23:14.933+0000] {processor.py:836} INFO - DAG(s) dict_keys(['example_time_delta_sensor_async']) retrieved from /home/vscode/.local/lib/python3.10/site-packages/airflow/example_dags/example_time_delta_sensor_async.py
[2024-12-20T19:23:15.215+0000] {logging_mixin.py:150} INFO - [2024-12-20T19:23:15.215+0000] {dag.py:2742} INFO - Sync 1 DAGs
[2024-12-20T19:23:15.235+0000] {logging_mixin.py:150} INFO - [2024-12-20T19:23:15.234+0000] {dag.py:3504} INFO - Setting next_dagrun for example_time_delta_sensor_async to None, run_after=None
[2024-12-20T19:23:15.248+0000] {processor.py:179} INFO - Processing /home/vscode/.local/lib/python3.10/site-packages/airflow/example_dags/example_time_delta_sensor_async.py took 0.344 seconds
[2024-12-20T19:24:02.562+0000] {processor.py:157} INFO - Started process (PID=33429) to work on /home/vscode/.local/lib/python3.10/site-packages/airflow/example_dags/example_time_delta_sensor_async.py
[2024-12-20T19:24:02.562+0000] {processor.py:826} INFO - Processing file /home/vscode/.local/lib/python3.10/site-packages/airflow/example_dags/example_time_delta_sensor_async.py for tasks to queue
[2024-12-20T19:24:02.563+0000] {logging_mixin.py:150} INFO - [2024-12-20T19:24:02.563+0000] {dagbag.py:541} INFO - Filling up the DagBag from /home/vscode/.local/lib/python3.10/site-packages/airflow/example_dags/example_time_delta_sensor_async.py
[2024-12-20T19:24:02.566+0000] {processor.py:836} INFO - DAG(s) dict_keys(['example_time_delta_sensor_async']) retrieved from /home/vscode/.local/lib/python3.10/site-packages/airflow/example_dags/example_time_delta_sensor_async.py
[2024-12-20T19:24:02.578+0000] {logging_mixin.py:150} INFO - [2024-12-20T19:24:02.578+0000] {dag.py:2742} INFO - Sync 1 DAGs
[2024-12-20T19:24:02.592+0000] {logging_mixin.py:150} INFO - [2024-12-20T19:24:02.591+0000] {dag.py:3504} INFO - Setting next_dagrun for example_time_delta_sensor_async to None, run_after=None
[2024-12-20T19:24:02.606+0000] {processor.py:179} INFO - Processing /home/vscode/.local/lib/python3.10/site-packages/airflow/example_dags/example_time_delta_sensor_async.py took 0.046 seconds
[2024-12-20T19:24:47.234+0000] {processor.py:157} INFO - Started process (PID=33777) to work on /home/vscode/.local/lib/python3.10/site-packages/airflow/example_dags/example_time_delta_sensor_async.py
[2024-12-20T19:24:47.234+0000] {processor.py:826} INFO - Processing file /home/vscode/.local/lib/python3.10/site-packages/airflow/example_dags/example_time_delta_sensor_async.py for tasks to queue
[2024-12-20T19:24:47.235+0000] {logging_mixin.py:150} INFO - [2024-12-20T19:24:47.235+0000] {dagbag.py:541} INFO - Filling up the DagBag from /home/vscode/.local/lib/python3.10/site-packages/airflow/example_dags/example_time_delta_sensor_async.py
[2024-12-20T19:24:47.238+0000] {processor.py:836} INFO - DAG(s) dict_keys(['example_time_delta_sensor_async']) retrieved from /home/vscode/.local/lib/python3.10/site-packages/airflow/example_dags/example_time_delta_sensor_async.py
[2024-12-20T19:24:47.254+0000] {logging_mixin.py:150} INFO - [2024-12-20T19:24:47.253+0000] {dag.py:2742} INFO - Sync 1 DAGs
[2024-12-20T19:24:47.275+0000] {logging_mixin.py:150} INFO - [2024-12-20T19:24:47.274+0000] {dag.py:3504} INFO - Setting next_dagrun for example_time_delta_sensor_async to None, run_after=None
[2024-12-20T19:24:47.296+0000] {processor.py:179} INFO - Processing /home/vscode/.local/lib/python3.10/site-packages/airflow/example_dags/example_time_delta_sensor_async.py took 0.064 seconds
[2024-12-20T19:25:33.446+0000] {processor.py:157} INFO - Started process (PID=34201) to work on /home/vscode/.local/lib/python3.10/site-packages/airflow/example_dags/example_time_delta_sensor_async.py
[2024-12-20T19:25:33.447+0000] {processor.py:826} INFO - Processing file /home/vscode/.local/lib/python3.10/site-packages/airflow/example_dags/example_time_delta_sensor_async.py for tasks to queue
[2024-12-20T19:25:33.447+0000] {logging_mixin.py:150} INFO - [2024-12-20T19:25:33.447+0000] {dagbag.py:541} INFO - Filling up the DagBag from /home/vscode/.local/lib/python3.10/site-packages/airflow/example_dags/example_time_delta_sensor_async.py
[2024-12-20T19:25:33.451+0000] {processor.py:836} INFO - DAG(s) dict_keys(['example_time_delta_sensor_async']) retrieved from /home/vscode/.local/lib/python3.10/site-packages/airflow/example_dags/example_time_delta_sensor_async.py
[2024-12-20T19:25:33.465+0000] {logging_mixin.py:150} INFO - [2024-12-20T19:25:33.465+0000] {dag.py:2742} INFO - Sync 1 DAGs
[2024-12-20T19:25:33.479+0000] {logging_mixin.py:150} INFO - [2024-12-20T19:25:33.479+0000] {dag.py:3504} INFO - Setting next_dagrun for example_time_delta_sensor_async to None, run_after=None
[2024-12-20T19:25:33.495+0000] {processor.py:179} INFO - Processing /home/vscode/.local/lib/python3.10/site-packages/airflow/example_dags/example_time_delta_sensor_async.py took 0.051 seconds
[2024-12-20T19:26:17.378+0000] {processor.py:157} INFO - Started process (PID=34627) to work on /home/vscode/.local/lib/python3.10/site-packages/airflow/example_dags/example_time_delta_sensor_async.py
[2024-12-20T19:26:17.378+0000] {processor.py:826} INFO - Processing file /home/vscode/.local/lib/python3.10/site-packages/airflow/example_dags/example_time_delta_sensor_async.py for tasks to queue
[2024-12-20T19:26:17.379+0000] {logging_mixin.py:150} INFO - [2024-12-20T19:26:17.379+0000] {dagbag.py:541} INFO - Filling up the DagBag from /home/vscode/.local/lib/python3.10/site-packages/airflow/example_dags/example_time_delta_sensor_async.py
[2024-12-20T19:26:17.383+0000] {processor.py:836} INFO - DAG(s) dict_keys(['example_time_delta_sensor_async']) retrieved from /home/vscode/.local/lib/python3.10/site-packages/airflow/example_dags/example_time_delta_sensor_async.py
[2024-12-20T19:26:17.396+0000] {logging_mixin.py:150} INFO - [2024-12-20T19:26:17.396+0000] {dag.py:2742} INFO - Sync 1 DAGs
[2024-12-20T19:26:17.413+0000] {logging_mixin.py:150} INFO - [2024-12-20T19:26:17.413+0000] {dag.py:3504} INFO - Setting next_dagrun for example_time_delta_sensor_async to None, run_after=None
[2024-12-20T19:26:17.429+0000] {processor.py:179} INFO - Processing /home/vscode/.local/lib/python3.10/site-packages/airflow/example_dags/example_time_delta_sensor_async.py took 0.053 seconds
[2024-12-20T19:33:14.672+0000] {processor.py:157} INFO - Started process (PID=37685) to work on /home/vscode/.local/lib/python3.10/site-packages/airflow/example_dags/example_time_delta_sensor_async.py
[2024-12-20T19:33:14.672+0000] {processor.py:826} INFO - Processing file /home/vscode/.local/lib/python3.10/site-packages/airflow/example_dags/example_time_delta_sensor_async.py for tasks to queue
[2024-12-20T19:33:14.673+0000] {logging_mixin.py:150} INFO - [2024-12-20T19:33:14.673+0000] {dagbag.py:541} INFO - Filling up the DagBag from /home/vscode/.local/lib/python3.10/site-packages/airflow/example_dags/example_time_delta_sensor_async.py
[2024-12-20T19:33:14.680+0000] {processor.py:836} INFO - DAG(s) dict_keys(['example_time_delta_sensor_async']) retrieved from /home/vscode/.local/lib/python3.10/site-packages/airflow/example_dags/example_time_delta_sensor_async.py
[2024-12-20T19:33:14.699+0000] {logging_mixin.py:150} INFO - [2024-12-20T19:33:14.698+0000] {dag.py:2742} INFO - Sync 1 DAGs
[2024-12-20T19:33:14.785+0000] {logging_mixin.py:150} INFO - [2024-12-20T19:33:14.785+0000] {dag.py:3504} INFO - Setting next_dagrun for example_time_delta_sensor_async to None, run_after=None
[2024-12-20T19:33:14.808+0000] {processor.py:179} INFO - Processing /home/vscode/.local/lib/python3.10/site-packages/airflow/example_dags/example_time_delta_sensor_async.py took 0.139 seconds
[2024-12-20T19:34:02.181+0000] {processor.py:157} INFO - Started process (PID=38032) to work on /home/vscode/.local/lib/python3.10/site-packages/airflow/example_dags/example_time_delta_sensor_async.py
[2024-12-20T19:34:02.182+0000] {processor.py:826} INFO - Processing file /home/vscode/.local/lib/python3.10/site-packages/airflow/example_dags/example_time_delta_sensor_async.py for tasks to queue
[2024-12-20T19:34:02.182+0000] {logging_mixin.py:150} INFO - [2024-12-20T19:34:02.182+0000] {dagbag.py:541} INFO - Filling up the DagBag from /home/vscode/.local/lib/python3.10/site-packages/airflow/example_dags/example_time_delta_sensor_async.py
[2024-12-20T19:34:02.185+0000] {processor.py:836} INFO - DAG(s) dict_keys(['example_time_delta_sensor_async']) retrieved from /home/vscode/.local/lib/python3.10/site-packages/airflow/example_dags/example_time_delta_sensor_async.py
[2024-12-20T19:34:02.197+0000] {logging_mixin.py:150} INFO - [2024-12-20T19:34:02.197+0000] {dag.py:2742} INFO - Sync 1 DAGs
[2024-12-20T19:34:02.210+0000] {logging_mixin.py:150} INFO - [2024-12-20T19:34:02.210+0000] {dag.py:3504} INFO - Setting next_dagrun for example_time_delta_sensor_async to None, run_after=None
[2024-12-20T19:34:02.224+0000] {processor.py:179} INFO - Processing /home/vscode/.local/lib/python3.10/site-packages/airflow/example_dags/example_time_delta_sensor_async.py took 0.045 seconds
[2024-12-20T19:34:49.310+0000] {processor.py:157} INFO - Started process (PID=38390) to work on /home/vscode/.local/lib/python3.10/site-packages/airflow/example_dags/example_time_delta_sensor_async.py
[2024-12-20T19:34:49.311+0000] {processor.py:826} INFO - Processing file /home/vscode/.local/lib/python3.10/site-packages/airflow/example_dags/example_time_delta_sensor_async.py for tasks to queue
[2024-12-20T19:34:49.311+0000] {logging_mixin.py:150} INFO - [2024-12-20T19:34:49.311+0000] {dagbag.py:541} INFO - Filling up the DagBag from /home/vscode/.local/lib/python3.10/site-packages/airflow/example_dags/example_time_delta_sensor_async.py
[2024-12-20T19:34:49.314+0000] {processor.py:836} INFO - DAG(s) dict_keys(['example_time_delta_sensor_async']) retrieved from /home/vscode/.local/lib/python3.10/site-packages/airflow/example_dags/example_time_delta_sensor_async.py
[2024-12-20T19:34:49.326+0000] {logging_mixin.py:150} INFO - [2024-12-20T19:34:49.326+0000] {dag.py:2742} INFO - Sync 1 DAGs
[2024-12-20T19:34:49.340+0000] {logging_mixin.py:150} INFO - [2024-12-20T19:34:49.340+0000] {dag.py:3504} INFO - Setting next_dagrun for example_time_delta_sensor_async to None, run_after=None
[2024-12-20T19:34:49.354+0000] {processor.py:179} INFO - Processing /home/vscode/.local/lib/python3.10/site-packages/airflow/example_dags/example_time_delta_sensor_async.py took 0.046 seconds
[2024-12-20T19:35:31.825+0000] {processor.py:157} INFO - Started process (PID=38722) to work on /home/vscode/.local/lib/python3.10/site-packages/airflow/example_dags/example_time_delta_sensor_async.py
[2024-12-20T19:35:31.825+0000] {processor.py:826} INFO - Processing file /home/vscode/.local/lib/python3.10/site-packages/airflow/example_dags/example_time_delta_sensor_async.py for tasks to queue
[2024-12-20T19:35:31.826+0000] {logging_mixin.py:150} INFO - [2024-12-20T19:35:31.826+0000] {dagbag.py:541} INFO - Filling up the DagBag from /home/vscode/.local/lib/python3.10/site-packages/airflow/example_dags/example_time_delta_sensor_async.py
[2024-12-20T19:35:31.829+0000] {processor.py:836} INFO - DAG(s) dict_keys(['example_time_delta_sensor_async']) retrieved from /home/vscode/.local/lib/python3.10/site-packages/airflow/example_dags/example_time_delta_sensor_async.py
[2024-12-20T19:35:31.840+0000] {logging_mixin.py:150} INFO - [2024-12-20T19:35:31.840+0000] {dag.py:2742} INFO - Sync 1 DAGs
[2024-12-20T19:35:31.854+0000] {logging_mixin.py:150} INFO - [2024-12-20T19:35:31.854+0000] {dag.py:3504} INFO - Setting next_dagrun for example_time_delta_sensor_async to None, run_after=None
[2024-12-20T19:35:31.868+0000] {processor.py:179} INFO - Processing /home/vscode/.local/lib/python3.10/site-packages/airflow/example_dags/example_time_delta_sensor_async.py took 0.045 seconds
[2024-12-20T19:36:18.614+0000] {processor.py:157} INFO - Started process (PID=39149) to work on /home/vscode/.local/lib/python3.10/site-packages/airflow/example_dags/example_time_delta_sensor_async.py
[2024-12-20T19:36:18.614+0000] {processor.py:826} INFO - Processing file /home/vscode/.local/lib/python3.10/site-packages/airflow/example_dags/example_time_delta_sensor_async.py for tasks to queue
[2024-12-20T19:36:18.615+0000] {logging_mixin.py:150} INFO - [2024-12-20T19:36:18.615+0000] {dagbag.py:541} INFO - Filling up the DagBag from /home/vscode/.local/lib/python3.10/site-packages/airflow/example_dags/example_time_delta_sensor_async.py
[2024-12-20T19:36:18.618+0000] {processor.py:836} INFO - DAG(s) dict_keys(['example_time_delta_sensor_async']) retrieved from /home/vscode/.local/lib/python3.10/site-packages/airflow/example_dags/example_time_delta_sensor_async.py
[2024-12-20T19:36:18.630+0000] {logging_mixin.py:150} INFO - [2024-12-20T19:36:18.630+0000] {dag.py:2742} INFO - Sync 1 DAGs
[2024-12-20T19:36:18.644+0000] {logging_mixin.py:150} INFO - [2024-12-20T19:36:18.644+0000] {dag.py:3504} INFO - Setting next_dagrun for example_time_delta_sensor_async to None, run_after=None
[2024-12-20T19:36:18.659+0000] {processor.py:179} INFO - Processing /home/vscode/.local/lib/python3.10/site-packages/airflow/example_dags/example_time_delta_sensor_async.py took 0.047 seconds
[2024-12-20T19:37:06.446+0000] {processor.py:157} INFO - Started process (PID=39602) to work on /home/vscode/.local/lib/python3.10/site-packages/airflow/example_dags/example_time_delta_sensor_async.py
[2024-12-20T19:37:06.447+0000] {processor.py:826} INFO - Processing file /home/vscode/.local/lib/python3.10/site-packages/airflow/example_dags/example_time_delta_sensor_async.py for tasks to queue
[2024-12-20T19:37:06.448+0000] {logging_mixin.py:150} INFO - [2024-12-20T19:37:06.447+0000] {dagbag.py:541} INFO - Filling up the DagBag from /home/vscode/.local/lib/python3.10/site-packages/airflow/example_dags/example_time_delta_sensor_async.py
[2024-12-20T19:37:06.452+0000] {processor.py:836} INFO - DAG(s) dict_keys(['example_time_delta_sensor_async']) retrieved from /home/vscode/.local/lib/python3.10/site-packages/airflow/example_dags/example_time_delta_sensor_async.py
[2024-12-20T19:37:06.468+0000] {logging_mixin.py:150} INFO - [2024-12-20T19:37:06.468+0000] {dag.py:2742} INFO - Sync 1 DAGs
[2024-12-20T19:37:06.483+0000] {logging_mixin.py:150} INFO - [2024-12-20T19:37:06.483+0000] {dag.py:3504} INFO - Setting next_dagrun for example_time_delta_sensor_async to None, run_after=None
[2024-12-20T19:37:06.497+0000] {processor.py:179} INFO - Processing /home/vscode/.local/lib/python3.10/site-packages/airflow/example_dags/example_time_delta_sensor_async.py took 0.054 seconds
[2024-12-20T19:37:52.327+0000] {processor.py:157} INFO - Started process (PID=40142) to work on /home/vscode/.local/lib/python3.10/site-packages/airflow/example_dags/example_time_delta_sensor_async.py
[2024-12-20T19:37:52.327+0000] {processor.py:826} INFO - Processing file /home/vscode/.local/lib/python3.10/site-packages/airflow/example_dags/example_time_delta_sensor_async.py for tasks to queue
[2024-12-20T19:37:52.328+0000] {logging_mixin.py:150} INFO - [2024-12-20T19:37:52.327+0000] {dagbag.py:541} INFO - Filling up the DagBag from /home/vscode/.local/lib/python3.10/site-packages/airflow/example_dags/example_time_delta_sensor_async.py
[2024-12-20T19:37:52.331+0000] {processor.py:836} INFO - DAG(s) dict_keys(['example_time_delta_sensor_async']) retrieved from /home/vscode/.local/lib/python3.10/site-packages/airflow/example_dags/example_time_delta_sensor_async.py
[2024-12-20T19:37:52.342+0000] {logging_mixin.py:150} INFO - [2024-12-20T19:37:52.342+0000] {dag.py:2742} INFO - Sync 1 DAGs
[2024-12-20T19:37:52.355+0000] {logging_mixin.py:150} INFO - [2024-12-20T19:37:52.355+0000] {dag.py:3504} INFO - Setting next_dagrun for example_time_delta_sensor_async to None, run_after=None
[2024-12-20T19:37:52.369+0000] {processor.py:179} INFO - Processing /home/vscode/.local/lib/python3.10/site-packages/airflow/example_dags/example_time_delta_sensor_async.py took 0.045 seconds
