[2024-12-20T19:23:08.292+0000] {processor.py:157} INFO - Started process (PID=33072) to work on /home/vscode/.local/lib/python3.10/site-packages/airflow/example_dags/example_skip_dag.py
[2024-12-20T19:23:08.292+0000] {processor.py:826} INFO - Processing file /home/vscode/.local/lib/python3.10/site-packages/airflow/example_dags/example_skip_dag.py for tasks to queue
[2024-12-20T19:23:08.293+0000] {logging_mixin.py:150} INFO - [2024-12-20T19:23:08.293+0000] {dagbag.py:541} INFO - Filling up the DagBag from /home/vscode/.local/lib/python3.10/site-packages/airflow/example_dags/example_skip_dag.py
[2024-12-20T19:23:08.302+0000] {processor.py:836} INFO - DAG(s) dict_keys(['example_skip_dag']) retrieved from /home/vscode/.local/lib/python3.10/site-packages/airflow/example_dags/example_skip_dag.py
[2024-12-20T19:23:08.319+0000] {logging_mixin.py:150} INFO - [2024-12-20T19:23:08.319+0000] {dag.py:2742} INFO - Sync 1 DAGs
[2024-12-20T19:23:08.416+0000] {logging_mixin.py:150} INFO - [2024-12-20T19:23:08.416+0000] {dag.py:3504} INFO - Setting next_dagrun for example_skip_dag to 2024-12-19T19:23:08.416060+00:00, run_after=2024-12-20T19:23:08.416060+00:00
[2024-12-20T19:23:08.430+0000] {processor.py:179} INFO - Processing /home/vscode/.local/lib/python3.10/site-packages/airflow/example_dags/example_skip_dag.py took 0.141 seconds
[2024-12-20T19:23:58.106+0000] {processor.py:157} INFO - Started process (PID=33401) to work on /home/vscode/.local/lib/python3.10/site-packages/airflow/example_dags/example_skip_dag.py
[2024-12-20T19:23:58.107+0000] {processor.py:826} INFO - Processing file /home/vscode/.local/lib/python3.10/site-packages/airflow/example_dags/example_skip_dag.py for tasks to queue
[2024-12-20T19:23:58.108+0000] {logging_mixin.py:150} INFO - [2024-12-20T19:23:58.108+0000] {dagbag.py:541} INFO - Filling up the DagBag from /home/vscode/.local/lib/python3.10/site-packages/airflow/example_dags/example_skip_dag.py
[2024-12-20T19:23:58.114+0000] {processor.py:836} INFO - DAG(s) dict_keys(['example_skip_dag']) retrieved from /home/vscode/.local/lib/python3.10/site-packages/airflow/example_dags/example_skip_dag.py
[2024-12-20T19:23:58.126+0000] {logging_mixin.py:150} INFO - [2024-12-20T19:23:58.126+0000] {dag.py:2742} INFO - Sync 1 DAGs
[2024-12-20T19:23:58.141+0000] {logging_mixin.py:150} INFO - [2024-12-20T19:23:58.141+0000] {dag.py:3504} INFO - Setting next_dagrun for example_skip_dag to 2024-12-19T19:23:58.141256+00:00, run_after=2024-12-20T19:23:58.141256+00:00
[2024-12-20T19:23:58.157+0000] {processor.py:179} INFO - Processing /home/vscode/.local/lib/python3.10/site-packages/airflow/example_dags/example_skip_dag.py took 0.053 seconds
[2024-12-20T19:24:42.105+0000] {processor.py:157} INFO - Started process (PID=33742) to work on /home/vscode/.local/lib/python3.10/site-packages/airflow/example_dags/example_skip_dag.py
[2024-12-20T19:24:42.106+0000] {processor.py:826} INFO - Processing file /home/vscode/.local/lib/python3.10/site-packages/airflow/example_dags/example_skip_dag.py for tasks to queue
[2024-12-20T19:24:42.106+0000] {logging_mixin.py:150} INFO - [2024-12-20T19:24:42.106+0000] {dagbag.py:541} INFO - Filling up the DagBag from /home/vscode/.local/lib/python3.10/site-packages/airflow/example_dags/example_skip_dag.py
[2024-12-20T19:24:42.112+0000] {processor.py:836} INFO - DAG(s) dict_keys(['example_skip_dag']) retrieved from /home/vscode/.local/lib/python3.10/site-packages/airflow/example_dags/example_skip_dag.py
[2024-12-20T19:24:42.125+0000] {logging_mixin.py:150} INFO - [2024-12-20T19:24:42.125+0000] {dag.py:2742} INFO - Sync 1 DAGs
[2024-12-20T19:24:42.140+0000] {logging_mixin.py:150} INFO - [2024-12-20T19:24:42.140+0000] {dag.py:3504} INFO - Setting next_dagrun for example_skip_dag to 2024-12-19T19:24:42.140223+00:00, run_after=2024-12-20T19:24:42.140223+00:00
[2024-12-20T19:24:42.167+0000] {processor.py:179} INFO - Processing /home/vscode/.local/lib/python3.10/site-packages/airflow/example_dags/example_skip_dag.py took 0.064 seconds
[2024-12-20T19:25:28.312+0000] {processor.py:157} INFO - Started process (PID=34162) to work on /home/vscode/.local/lib/python3.10/site-packages/airflow/example_dags/example_skip_dag.py
[2024-12-20T19:25:28.313+0000] {processor.py:826} INFO - Processing file /home/vscode/.local/lib/python3.10/site-packages/airflow/example_dags/example_skip_dag.py for tasks to queue
[2024-12-20T19:25:28.313+0000] {logging_mixin.py:150} INFO - [2024-12-20T19:25:28.313+0000] {dagbag.py:541} INFO - Filling up the DagBag from /home/vscode/.local/lib/python3.10/site-packages/airflow/example_dags/example_skip_dag.py
[2024-12-20T19:25:28.319+0000] {processor.py:836} INFO - DAG(s) dict_keys(['example_skip_dag']) retrieved from /home/vscode/.local/lib/python3.10/site-packages/airflow/example_dags/example_skip_dag.py
[2024-12-20T19:25:28.331+0000] {logging_mixin.py:150} INFO - [2024-12-20T19:25:28.331+0000] {dag.py:2742} INFO - Sync 1 DAGs
[2024-12-20T19:25:28.345+0000] {logging_mixin.py:150} INFO - [2024-12-20T19:25:28.345+0000] {dag.py:3504} INFO - Setting next_dagrun for example_skip_dag to 2024-12-19T19:25:28.345066+00:00, run_after=2024-12-20T19:25:28.345066+00:00
[2024-12-20T19:25:28.361+0000] {processor.py:179} INFO - Processing /home/vscode/.local/lib/python3.10/site-packages/airflow/example_dags/example_skip_dag.py took 0.051 seconds
[2024-12-20T19:26:01.965+0000] {processor.py:157} INFO - Started process (PID=34500) to work on /home/vscode/.local/lib/python3.10/site-packages/airflow/example_dags/example_skip_dag.py
[2024-12-20T19:26:01.965+0000] {processor.py:826} INFO - Processing file /home/vscode/.local/lib/python3.10/site-packages/airflow/example_dags/example_skip_dag.py for tasks to queue
[2024-12-20T19:26:01.966+0000] {logging_mixin.py:150} INFO - [2024-12-20T19:26:01.966+0000] {dagbag.py:541} INFO - Filling up the DagBag from /home/vscode/.local/lib/python3.10/site-packages/airflow/example_dags/example_skip_dag.py
[2024-12-20T19:26:01.971+0000] {processor.py:836} INFO - DAG(s) dict_keys(['example_skip_dag']) retrieved from /home/vscode/.local/lib/python3.10/site-packages/airflow/example_dags/example_skip_dag.py
[2024-12-20T19:26:01.983+0000] {logging_mixin.py:150} INFO - [2024-12-20T19:26:01.983+0000] {dag.py:2742} INFO - Sync 1 DAGs
[2024-12-20T19:26:01.997+0000] {logging_mixin.py:150} INFO - [2024-12-20T19:26:01.997+0000] {dag.py:3504} INFO - Setting next_dagrun for example_skip_dag to 2024-12-19T19:26:01.997356+00:00, run_after=2024-12-20T19:26:01.997356+00:00
[2024-12-20T19:26:02.012+0000] {processor.py:179} INFO - Processing /home/vscode/.local/lib/python3.10/site-packages/airflow/example_dags/example_skip_dag.py took 0.050 seconds
[2024-12-20T19:26:44.446+0000] {processor.py:157} INFO - Started process (PID=34883) to work on /home/vscode/.local/lib/python3.10/site-packages/airflow/example_dags/example_skip_dag.py
[2024-12-20T19:26:44.447+0000] {processor.py:826} INFO - Processing file /home/vscode/.local/lib/python3.10/site-packages/airflow/example_dags/example_skip_dag.py for tasks to queue
[2024-12-20T19:26:44.447+0000] {logging_mixin.py:150} INFO - [2024-12-20T19:26:44.447+0000] {dagbag.py:541} INFO - Filling up the DagBag from /home/vscode/.local/lib/python3.10/site-packages/airflow/example_dags/example_skip_dag.py
[2024-12-20T19:26:44.453+0000] {processor.py:836} INFO - DAG(s) dict_keys(['example_skip_dag']) retrieved from /home/vscode/.local/lib/python3.10/site-packages/airflow/example_dags/example_skip_dag.py
[2024-12-20T19:26:44.466+0000] {logging_mixin.py:150} INFO - [2024-12-20T19:26:44.466+0000] {dag.py:2742} INFO - Sync 1 DAGs
[2024-12-20T19:26:44.480+0000] {logging_mixin.py:150} INFO - [2024-12-20T19:26:44.480+0000] {dag.py:3504} INFO - Setting next_dagrun for example_skip_dag to 2024-12-19T19:26:44.480455+00:00, run_after=2024-12-20T19:26:44.480455+00:00
[2024-12-20T19:26:44.498+0000] {processor.py:179} INFO - Processing /home/vscode/.local/lib/python3.10/site-packages/airflow/example_dags/example_skip_dag.py took 0.054 seconds
[2024-12-20T19:33:09.424+0000] {processor.py:157} INFO - Started process (PID=37645) to work on /home/vscode/.local/lib/python3.10/site-packages/airflow/example_dags/example_skip_dag.py
[2024-12-20T19:33:09.425+0000] {processor.py:826} INFO - Processing file /home/vscode/.local/lib/python3.10/site-packages/airflow/example_dags/example_skip_dag.py for tasks to queue
[2024-12-20T19:33:09.425+0000] {logging_mixin.py:150} INFO - [2024-12-20T19:33:09.425+0000] {dagbag.py:541} INFO - Filling up the DagBag from /home/vscode/.local/lib/python3.10/site-packages/airflow/example_dags/example_skip_dag.py
[2024-12-20T19:33:09.432+0000] {processor.py:836} INFO - DAG(s) dict_keys(['example_skip_dag']) retrieved from /home/vscode/.local/lib/python3.10/site-packages/airflow/example_dags/example_skip_dag.py
[2024-12-20T19:33:09.449+0000] {logging_mixin.py:150} INFO - [2024-12-20T19:33:09.449+0000] {dag.py:2742} INFO - Sync 1 DAGs
[2024-12-20T19:33:09.534+0000] {logging_mixin.py:150} INFO - [2024-12-20T19:33:09.534+0000] {dag.py:3504} INFO - Setting next_dagrun for example_skip_dag to 2024-12-19T19:33:09.534501+00:00, run_after=2024-12-20T19:33:09.534501+00:00
[2024-12-20T19:33:09.548+0000] {processor.py:179} INFO - Processing /home/vscode/.local/lib/python3.10/site-packages/airflow/example_dags/example_skip_dag.py took 0.126 seconds
[2024-12-20T19:33:57.046+0000] {processor.py:157} INFO - Started process (PID=37986) to work on /home/vscode/.local/lib/python3.10/site-packages/airflow/example_dags/example_skip_dag.py
[2024-12-20T19:33:57.046+0000] {processor.py:826} INFO - Processing file /home/vscode/.local/lib/python3.10/site-packages/airflow/example_dags/example_skip_dag.py for tasks to queue
[2024-12-20T19:33:57.047+0000] {logging_mixin.py:150} INFO - [2024-12-20T19:33:57.047+0000] {dagbag.py:541} INFO - Filling up the DagBag from /home/vscode/.local/lib/python3.10/site-packages/airflow/example_dags/example_skip_dag.py
[2024-12-20T19:33:57.052+0000] {processor.py:836} INFO - DAG(s) dict_keys(['example_skip_dag']) retrieved from /home/vscode/.local/lib/python3.10/site-packages/airflow/example_dags/example_skip_dag.py
[2024-12-20T19:33:57.063+0000] {logging_mixin.py:150} INFO - [2024-12-20T19:33:57.063+0000] {dag.py:2742} INFO - Sync 1 DAGs
[2024-12-20T19:33:57.077+0000] {logging_mixin.py:150} INFO - [2024-12-20T19:33:57.077+0000] {dag.py:3504} INFO - Setting next_dagrun for example_skip_dag to 2024-12-19T19:33:57.077136+00:00, run_after=2024-12-20T19:33:57.077136+00:00
[2024-12-20T19:33:57.091+0000] {processor.py:179} INFO - Processing /home/vscode/.local/lib/python3.10/site-packages/airflow/example_dags/example_skip_dag.py took 0.047 seconds
[2024-12-20T19:34:44.297+0000] {processor.py:157} INFO - Started process (PID=38350) to work on /home/vscode/.local/lib/python3.10/site-packages/airflow/example_dags/example_skip_dag.py
[2024-12-20T19:34:44.298+0000] {processor.py:826} INFO - Processing file /home/vscode/.local/lib/python3.10/site-packages/airflow/example_dags/example_skip_dag.py for tasks to queue
[2024-12-20T19:34:44.299+0000] {logging_mixin.py:150} INFO - [2024-12-20T19:34:44.299+0000] {dagbag.py:541} INFO - Filling up the DagBag from /home/vscode/.local/lib/python3.10/site-packages/airflow/example_dags/example_skip_dag.py
[2024-12-20T19:34:44.305+0000] {processor.py:836} INFO - DAG(s) dict_keys(['example_skip_dag']) retrieved from /home/vscode/.local/lib/python3.10/site-packages/airflow/example_dags/example_skip_dag.py
[2024-12-20T19:34:44.319+0000] {logging_mixin.py:150} INFO - [2024-12-20T19:34:44.318+0000] {dag.py:2742} INFO - Sync 1 DAGs
[2024-12-20T19:34:44.343+0000] {logging_mixin.py:150} INFO - [2024-12-20T19:34:44.343+0000] {dag.py:3504} INFO - Setting next_dagrun for example_skip_dag to 2024-12-19T19:34:44.343466+00:00, run_after=2024-12-20T19:34:44.343466+00:00
[2024-12-20T19:34:44.364+0000] {processor.py:179} INFO - Processing /home/vscode/.local/lib/python3.10/site-packages/airflow/example_dags/example_skip_dag.py took 0.069 seconds
[2024-12-20T19:35:26.286+0000] {processor.py:157} INFO - Started process (PID=38680) to work on /home/vscode/.local/lib/python3.10/site-packages/airflow/example_dags/example_skip_dag.py
[2024-12-20T19:35:26.287+0000] {processor.py:826} INFO - Processing file /home/vscode/.local/lib/python3.10/site-packages/airflow/example_dags/example_skip_dag.py for tasks to queue
[2024-12-20T19:35:26.287+0000] {logging_mixin.py:150} INFO - [2024-12-20T19:35:26.287+0000] {dagbag.py:541} INFO - Filling up the DagBag from /home/vscode/.local/lib/python3.10/site-packages/airflow/example_dags/example_skip_dag.py
[2024-12-20T19:35:26.292+0000] {processor.py:836} INFO - DAG(s) dict_keys(['example_skip_dag']) retrieved from /home/vscode/.local/lib/python3.10/site-packages/airflow/example_dags/example_skip_dag.py
[2024-12-20T19:35:26.303+0000] {logging_mixin.py:150} INFO - [2024-12-20T19:35:26.303+0000] {dag.py:2742} INFO - Sync 1 DAGs
[2024-12-20T19:35:26.317+0000] {logging_mixin.py:150} INFO - [2024-12-20T19:35:26.317+0000] {dag.py:3504} INFO - Setting next_dagrun for example_skip_dag to 2024-12-19T19:35:26.317106+00:00, run_after=2024-12-20T19:35:26.317106+00:00
[2024-12-20T19:35:26.331+0000] {processor.py:179} INFO - Processing /home/vscode/.local/lib/python3.10/site-packages/airflow/example_dags/example_skip_dag.py took 0.048 seconds
[2024-12-20T19:36:13.477+0000] {processor.py:157} INFO - Started process (PID=39106) to work on /home/vscode/.local/lib/python3.10/site-packages/airflow/example_dags/example_skip_dag.py
[2024-12-20T19:36:13.477+0000] {processor.py:826} INFO - Processing file /home/vscode/.local/lib/python3.10/site-packages/airflow/example_dags/example_skip_dag.py for tasks to queue
[2024-12-20T19:36:13.478+0000] {logging_mixin.py:150} INFO - [2024-12-20T19:36:13.478+0000] {dagbag.py:541} INFO - Filling up the DagBag from /home/vscode/.local/lib/python3.10/site-packages/airflow/example_dags/example_skip_dag.py
[2024-12-20T19:36:13.484+0000] {processor.py:836} INFO - DAG(s) dict_keys(['example_skip_dag']) retrieved from /home/vscode/.local/lib/python3.10/site-packages/airflow/example_dags/example_skip_dag.py
[2024-12-20T19:36:13.495+0000] {logging_mixin.py:150} INFO - [2024-12-20T19:36:13.495+0000] {dag.py:2742} INFO - Sync 1 DAGs
[2024-12-20T19:36:13.509+0000] {logging_mixin.py:150} INFO - [2024-12-20T19:36:13.509+0000] {dag.py:3504} INFO - Setting next_dagrun for example_skip_dag to 2024-12-19T19:36:13.509029+00:00, run_after=2024-12-20T19:36:13.509029+00:00
[2024-12-20T19:36:13.524+0000] {processor.py:179} INFO - Processing /home/vscode/.local/lib/python3.10/site-packages/airflow/example_dags/example_skip_dag.py took 0.050 seconds
[2024-12-20T19:36:46.171+0000] {processor.py:157} INFO - Started process (PID=39433) to work on /home/vscode/.local/lib/python3.10/site-packages/airflow/example_dags/example_skip_dag.py
[2024-12-20T19:36:46.172+0000] {processor.py:826} INFO - Processing file /home/vscode/.local/lib/python3.10/site-packages/airflow/example_dags/example_skip_dag.py for tasks to queue
[2024-12-20T19:36:46.173+0000] {logging_mixin.py:150} INFO - [2024-12-20T19:36:46.172+0000] {dagbag.py:541} INFO - Filling up the DagBag from /home/vscode/.local/lib/python3.10/site-packages/airflow/example_dags/example_skip_dag.py
[2024-12-20T19:36:46.178+0000] {processor.py:836} INFO - DAG(s) dict_keys(['example_skip_dag']) retrieved from /home/vscode/.local/lib/python3.10/site-packages/airflow/example_dags/example_skip_dag.py
[2024-12-20T19:36:46.189+0000] {logging_mixin.py:150} INFO - [2024-12-20T19:36:46.189+0000] {dag.py:2742} INFO - Sync 1 DAGs
[2024-12-20T19:36:46.203+0000] {logging_mixin.py:150} INFO - [2024-12-20T19:36:46.203+0000] {dag.py:3504} INFO - Setting next_dagrun for example_skip_dag to 2024-12-19T19:36:46.203246+00:00, run_after=2024-12-20T19:36:46.203246+00:00
[2024-12-20T19:36:46.217+0000] {processor.py:179} INFO - Processing /home/vscode/.local/lib/python3.10/site-packages/airflow/example_dags/example_skip_dag.py took 0.048 seconds
[2024-12-20T19:37:32.990+0000] {processor.py:157} INFO - Started process (PID=39949) to work on /home/vscode/.local/lib/python3.10/site-packages/airflow/example_dags/example_skip_dag.py
[2024-12-20T19:37:32.991+0000] {processor.py:826} INFO - Processing file /home/vscode/.local/lib/python3.10/site-packages/airflow/example_dags/example_skip_dag.py for tasks to queue
[2024-12-20T19:37:32.991+0000] {logging_mixin.py:150} INFO - [2024-12-20T19:37:32.991+0000] {dagbag.py:541} INFO - Filling up the DagBag from /home/vscode/.local/lib/python3.10/site-packages/airflow/example_dags/example_skip_dag.py
[2024-12-20T19:37:32.997+0000] {processor.py:836} INFO - DAG(s) dict_keys(['example_skip_dag']) retrieved from /home/vscode/.local/lib/python3.10/site-packages/airflow/example_dags/example_skip_dag.py
[2024-12-20T19:37:33.009+0000] {logging_mixin.py:150} INFO - [2024-12-20T19:37:33.009+0000] {dag.py:2742} INFO - Sync 1 DAGs
[2024-12-20T19:37:33.022+0000] {logging_mixin.py:150} INFO - [2024-12-20T19:37:33.022+0000] {dag.py:3504} INFO - Setting next_dagrun for example_skip_dag to 2024-12-19T19:37:33.022738+00:00, run_after=2024-12-20T19:37:33.022738+00:00
[2024-12-20T19:37:33.037+0000] {processor.py:179} INFO - Processing /home/vscode/.local/lib/python3.10/site-packages/airflow/example_dags/example_skip_dag.py took 0.049 seconds
