[2024-12-20T19:23:27.159+0000] {processor.py:157} INFO - Started process (PID=33199) to work on /home/vscode/.local/lib/python3.10/site-packages/airflow/example_dags/example_latest_only.py
[2024-12-20T19:23:27.160+0000] {processor.py:826} INFO - Processing file /home/vscode/.local/lib/python3.10/site-packages/airflow/example_dags/example_latest_only.py for tasks to queue
[2024-12-20T19:23:27.160+0000] {logging_mixin.py:150} INFO - [2024-12-20T19:23:27.160+0000] {dagbag.py:541} INFO - Filling up the DagBag from /home/vscode/.local/lib/python3.10/site-packages/airflow/example_dags/example_latest_only.py
[2024-12-20T19:23:27.165+0000] {processor.py:836} INFO - DAG(s) dict_keys(['latest_only']) retrieved from /home/vscode/.local/lib/python3.10/site-packages/airflow/example_dags/example_latest_only.py
[2024-12-20T19:23:27.178+0000] {logging_mixin.py:150} INFO - [2024-12-20T19:23:27.178+0000] {dag.py:2742} INFO - Sync 1 DAGs
[2024-12-20T19:23:27.192+0000] {logging_mixin.py:150} INFO - [2024-12-20T19:23:27.192+0000] {dag.py:3504} INFO - Setting next_dagrun for latest_only to 2024-12-20T15:23:27.192413+00:00, run_after=2024-12-20T19:23:27.192413+00:00
[2024-12-20T19:23:27.209+0000] {processor.py:179} INFO - Processing /home/vscode/.local/lib/python3.10/site-packages/airflow/example_dags/example_latest_only.py took 0.052 seconds
[2024-12-20T19:24:12.871+0000] {processor.py:157} INFO - Started process (PID=33505) to work on /home/vscode/.local/lib/python3.10/site-packages/airflow/example_dags/example_latest_only.py
[2024-12-20T19:24:12.872+0000] {processor.py:826} INFO - Processing file /home/vscode/.local/lib/python3.10/site-packages/airflow/example_dags/example_latest_only.py for tasks to queue
[2024-12-20T19:24:12.873+0000] {logging_mixin.py:150} INFO - [2024-12-20T19:24:12.872+0000] {dagbag.py:541} INFO - Filling up the DagBag from /home/vscode/.local/lib/python3.10/site-packages/airflow/example_dags/example_latest_only.py
[2024-12-20T19:24:12.877+0000] {processor.py:836} INFO - DAG(s) dict_keys(['latest_only']) retrieved from /home/vscode/.local/lib/python3.10/site-packages/airflow/example_dags/example_latest_only.py
[2024-12-20T19:24:12.888+0000] {logging_mixin.py:150} INFO - [2024-12-20T19:24:12.888+0000] {dag.py:2742} INFO - Sync 1 DAGs
[2024-12-20T19:24:12.903+0000] {logging_mixin.py:150} INFO - [2024-12-20T19:24:12.903+0000] {dag.py:3504} INFO - Setting next_dagrun for latest_only to 2024-12-20T15:24:12.903254+00:00, run_after=2024-12-20T19:24:12.903254+00:00
[2024-12-20T19:24:12.918+0000] {processor.py:179} INFO - Processing /home/vscode/.local/lib/python3.10/site-packages/airflow/example_dags/example_latest_only.py took 0.049 seconds
[2024-12-20T19:24:58.885+0000] {processor.py:157} INFO - Started process (PID=33889) to work on /home/vscode/.local/lib/python3.10/site-packages/airflow/example_dags/example_latest_only.py
[2024-12-20T19:24:58.886+0000] {processor.py:826} INFO - Processing file /home/vscode/.local/lib/python3.10/site-packages/airflow/example_dags/example_latest_only.py for tasks to queue
[2024-12-20T19:24:58.886+0000] {logging_mixin.py:150} INFO - [2024-12-20T19:24:58.886+0000] {dagbag.py:541} INFO - Filling up the DagBag from /home/vscode/.local/lib/python3.10/site-packages/airflow/example_dags/example_latest_only.py
[2024-12-20T19:24:58.891+0000] {processor.py:836} INFO - DAG(s) dict_keys(['latest_only']) retrieved from /home/vscode/.local/lib/python3.10/site-packages/airflow/example_dags/example_latest_only.py
[2024-12-20T19:24:58.902+0000] {logging_mixin.py:150} INFO - [2024-12-20T19:24:58.902+0000] {dag.py:2742} INFO - Sync 1 DAGs
[2024-12-20T19:24:58.916+0000] {logging_mixin.py:150} INFO - [2024-12-20T19:24:58.915+0000] {dag.py:3504} INFO - Setting next_dagrun for latest_only to 2024-12-20T15:24:58.915760+00:00, run_after=2024-12-20T19:24:58.915760+00:00
[2024-12-20T19:24:58.930+0000] {processor.py:179} INFO - Processing /home/vscode/.local/lib/python3.10/site-packages/airflow/example_dags/example_latest_only.py took 0.048 seconds
[2024-12-20T19:25:45.351+0000] {processor.py:157} INFO - Started process (PID=34308) to work on /home/vscode/.local/lib/python3.10/site-packages/airflow/example_dags/example_latest_only.py
[2024-12-20T19:25:45.351+0000] {processor.py:826} INFO - Processing file /home/vscode/.local/lib/python3.10/site-packages/airflow/example_dags/example_latest_only.py for tasks to queue
[2024-12-20T19:25:45.352+0000] {logging_mixin.py:150} INFO - [2024-12-20T19:25:45.352+0000] {dagbag.py:541} INFO - Filling up the DagBag from /home/vscode/.local/lib/python3.10/site-packages/airflow/example_dags/example_latest_only.py
[2024-12-20T19:25:45.356+0000] {processor.py:836} INFO - DAG(s) dict_keys(['latest_only']) retrieved from /home/vscode/.local/lib/python3.10/site-packages/airflow/example_dags/example_latest_only.py
[2024-12-20T19:25:45.368+0000] {logging_mixin.py:150} INFO - [2024-12-20T19:25:45.367+0000] {dag.py:2742} INFO - Sync 1 DAGs
[2024-12-20T19:25:45.382+0000] {logging_mixin.py:150} INFO - [2024-12-20T19:25:45.382+0000] {dag.py:3504} INFO - Setting next_dagrun for latest_only to 2024-12-20T15:25:45.381940+00:00, run_after=2024-12-20T19:25:45.381940+00:00
[2024-12-20T19:25:45.398+0000] {processor.py:179} INFO - Processing /home/vscode/.local/lib/python3.10/site-packages/airflow/example_dags/example_latest_only.py took 0.049 seconds
[2024-12-20T19:26:29.030+0000] {processor.py:157} INFO - Started process (PID=34725) to work on /home/vscode/.local/lib/python3.10/site-packages/airflow/example_dags/example_latest_only.py
[2024-12-20T19:26:29.030+0000] {processor.py:826} INFO - Processing file /home/vscode/.local/lib/python3.10/site-packages/airflow/example_dags/example_latest_only.py for tasks to queue
[2024-12-20T19:26:29.031+0000] {logging_mixin.py:150} INFO - [2024-12-20T19:26:29.031+0000] {dagbag.py:541} INFO - Filling up the DagBag from /home/vscode/.local/lib/python3.10/site-packages/airflow/example_dags/example_latest_only.py
[2024-12-20T19:26:29.035+0000] {processor.py:836} INFO - DAG(s) dict_keys(['latest_only']) retrieved from /home/vscode/.local/lib/python3.10/site-packages/airflow/example_dags/example_latest_only.py
[2024-12-20T19:26:29.046+0000] {logging_mixin.py:150} INFO - [2024-12-20T19:26:29.046+0000] {dag.py:2742} INFO - Sync 1 DAGs
[2024-12-20T19:26:29.061+0000] {logging_mixin.py:150} INFO - [2024-12-20T19:26:29.061+0000] {dag.py:3504} INFO - Setting next_dagrun for latest_only to 2024-12-20T15:26:29.060822+00:00, run_after=2024-12-20T19:26:29.060822+00:00
[2024-12-20T19:26:29.077+0000] {processor.py:179} INFO - Processing /home/vscode/.local/lib/python3.10/site-packages/airflow/example_dags/example_latest_only.py took 0.049 seconds
[2024-12-20T19:33:27.432+0000] {processor.py:157} INFO - Started process (PID=37769) to work on /home/vscode/.local/lib/python3.10/site-packages/airflow/example_dags/example_latest_only.py
[2024-12-20T19:33:27.433+0000] {processor.py:826} INFO - Processing file /home/vscode/.local/lib/python3.10/site-packages/airflow/example_dags/example_latest_only.py for tasks to queue
[2024-12-20T19:33:27.433+0000] {logging_mixin.py:150} INFO - [2024-12-20T19:33:27.433+0000] {dagbag.py:541} INFO - Filling up the DagBag from /home/vscode/.local/lib/python3.10/site-packages/airflow/example_dags/example_latest_only.py
[2024-12-20T19:33:27.437+0000] {processor.py:836} INFO - DAG(s) dict_keys(['latest_only']) retrieved from /home/vscode/.local/lib/python3.10/site-packages/airflow/example_dags/example_latest_only.py
[2024-12-20T19:33:27.449+0000] {logging_mixin.py:150} INFO - [2024-12-20T19:33:27.449+0000] {dag.py:2742} INFO - Sync 1 DAGs
[2024-12-20T19:33:27.463+0000] {logging_mixin.py:150} INFO - [2024-12-20T19:33:27.462+0000] {dag.py:3504} INFO - Setting next_dagrun for latest_only to 2024-12-20T15:33:27.462779+00:00, run_after=2024-12-20T19:33:27.462779+00:00
[2024-12-20T19:33:27.478+0000] {processor.py:179} INFO - Processing /home/vscode/.local/lib/python3.10/site-packages/airflow/example_dags/example_latest_only.py took 0.048 seconds
[2024-12-20T19:34:13.838+0000] {processor.py:157} INFO - Started process (PID=38121) to work on /home/vscode/.local/lib/python3.10/site-packages/airflow/example_dags/example_latest_only.py
[2024-12-20T19:34:13.839+0000] {processor.py:826} INFO - Processing file /home/vscode/.local/lib/python3.10/site-packages/airflow/example_dags/example_latest_only.py for tasks to queue
[2024-12-20T19:34:13.840+0000] {logging_mixin.py:150} INFO - [2024-12-20T19:34:13.839+0000] {dagbag.py:541} INFO - Filling up the DagBag from /home/vscode/.local/lib/python3.10/site-packages/airflow/example_dags/example_latest_only.py
[2024-12-20T19:34:13.849+0000] {processor.py:836} INFO - DAG(s) dict_keys(['latest_only']) retrieved from /home/vscode/.local/lib/python3.10/site-packages/airflow/example_dags/example_latest_only.py
[2024-12-20T19:34:13.863+0000] {logging_mixin.py:150} INFO - [2024-12-20T19:34:13.862+0000] {dag.py:2742} INFO - Sync 1 DAGs
[2024-12-20T19:34:13.877+0000] {logging_mixin.py:150} INFO - [2024-12-20T19:34:13.877+0000] {dag.py:3504} INFO - Setting next_dagrun for latest_only to 2024-12-20T15:34:13.877009+00:00, run_after=2024-12-20T19:34:13.877009+00:00
[2024-12-20T19:34:13.892+0000] {processor.py:179} INFO - Processing /home/vscode/.local/lib/python3.10/site-packages/airflow/example_dags/example_latest_only.py took 0.065 seconds
[2024-12-20T19:35:01.303+0000] {processor.py:157} INFO - Started process (PID=38500) to work on /home/vscode/.local/lib/python3.10/site-packages/airflow/example_dags/example_latest_only.py
[2024-12-20T19:35:01.304+0000] {processor.py:826} INFO - Processing file /home/vscode/.local/lib/python3.10/site-packages/airflow/example_dags/example_latest_only.py for tasks to queue
[2024-12-20T19:35:01.305+0000] {logging_mixin.py:150} INFO - [2024-12-20T19:35:01.304+0000] {dagbag.py:541} INFO - Filling up the DagBag from /home/vscode/.local/lib/python3.10/site-packages/airflow/example_dags/example_latest_only.py
[2024-12-20T19:35:01.309+0000] {processor.py:836} INFO - DAG(s) dict_keys(['latest_only']) retrieved from /home/vscode/.local/lib/python3.10/site-packages/airflow/example_dags/example_latest_only.py
[2024-12-20T19:35:01.319+0000] {logging_mixin.py:150} INFO - [2024-12-20T19:35:01.319+0000] {dag.py:2742} INFO - Sync 1 DAGs
[2024-12-20T19:35:01.333+0000] {logging_mixin.py:150} INFO - [2024-12-20T19:35:01.333+0000] {dag.py:3504} INFO - Setting next_dagrun for latest_only to 2024-12-20T15:35:01.333308+00:00, run_after=2024-12-20T19:35:01.333308+00:00
[2024-12-20T19:35:01.348+0000] {processor.py:179} INFO - Processing /home/vscode/.local/lib/python3.10/site-packages/airflow/example_dags/example_latest_only.py took 0.047 seconds
[2024-12-20T19:35:45.419+0000] {processor.py:157} INFO - Started process (PID=38814) to work on /home/vscode/.local/lib/python3.10/site-packages/airflow/example_dags/example_latest_only.py
[2024-12-20T19:35:45.420+0000] {processor.py:826} INFO - Processing file /home/vscode/.local/lib/python3.10/site-packages/airflow/example_dags/example_latest_only.py for tasks to queue
[2024-12-20T19:35:45.421+0000] {logging_mixin.py:150} INFO - [2024-12-20T19:35:45.420+0000] {dagbag.py:541} INFO - Filling up the DagBag from /home/vscode/.local/lib/python3.10/site-packages/airflow/example_dags/example_latest_only.py
[2024-12-20T19:35:45.425+0000] {processor.py:836} INFO - DAG(s) dict_keys(['latest_only']) retrieved from /home/vscode/.local/lib/python3.10/site-packages/airflow/example_dags/example_latest_only.py
[2024-12-20T19:35:45.435+0000] {logging_mixin.py:150} INFO - [2024-12-20T19:35:45.435+0000] {dag.py:2742} INFO - Sync 1 DAGs
[2024-12-20T19:35:45.449+0000] {logging_mixin.py:150} INFO - [2024-12-20T19:35:45.449+0000] {dag.py:3504} INFO - Setting next_dagrun for latest_only to 2024-12-20T15:35:45.448873+00:00, run_after=2024-12-20T19:35:45.448873+00:00
[2024-12-20T19:35:45.462+0000] {processor.py:179} INFO - Processing /home/vscode/.local/lib/python3.10/site-packages/airflow/example_dags/example_latest_only.py took 0.045 seconds
[2024-12-20T19:36:34.027+0000] {processor.py:157} INFO - Started process (PID=39318) to work on /home/vscode/.local/lib/python3.10/site-packages/airflow/example_dags/example_latest_only.py
[2024-12-20T19:36:34.028+0000] {processor.py:826} INFO - Processing file /home/vscode/.local/lib/python3.10/site-packages/airflow/example_dags/example_latest_only.py for tasks to queue
[2024-12-20T19:36:34.028+0000] {logging_mixin.py:150} INFO - [2024-12-20T19:36:34.028+0000] {dagbag.py:541} INFO - Filling up the DagBag from /home/vscode/.local/lib/python3.10/site-packages/airflow/example_dags/example_latest_only.py
[2024-12-20T19:36:34.032+0000] {processor.py:836} INFO - DAG(s) dict_keys(['latest_only']) retrieved from /home/vscode/.local/lib/python3.10/site-packages/airflow/example_dags/example_latest_only.py
[2024-12-20T19:36:34.043+0000] {logging_mixin.py:150} INFO - [2024-12-20T19:36:34.043+0000] {dag.py:2742} INFO - Sync 1 DAGs
[2024-12-20T19:36:34.057+0000] {logging_mixin.py:150} INFO - [2024-12-20T19:36:34.056+0000] {dag.py:3504} INFO - Setting next_dagrun for latest_only to 2024-12-20T15:36:34.056805+00:00, run_after=2024-12-20T19:36:34.056805+00:00
[2024-12-20T19:36:34.072+0000] {processor.py:179} INFO - Processing /home/vscode/.local/lib/python3.10/site-packages/airflow/example_dags/example_latest_only.py took 0.047 seconds
[2024-12-20T19:37:20.916+0000] {processor.py:157} INFO - Started process (PID=39781) to work on /home/vscode/.local/lib/python3.10/site-packages/airflow/example_dags/example_latest_only.py
[2024-12-20T19:37:20.916+0000] {processor.py:826} INFO - Processing file /home/vscode/.local/lib/python3.10/site-packages/airflow/example_dags/example_latest_only.py for tasks to queue
[2024-12-20T19:37:20.917+0000] {logging_mixin.py:150} INFO - [2024-12-20T19:37:20.917+0000] {dagbag.py:541} INFO - Filling up the DagBag from /home/vscode/.local/lib/python3.10/site-packages/airflow/example_dags/example_latest_only.py
[2024-12-20T19:37:20.921+0000] {processor.py:836} INFO - DAG(s) dict_keys(['latest_only']) retrieved from /home/vscode/.local/lib/python3.10/site-packages/airflow/example_dags/example_latest_only.py
[2024-12-20T19:37:20.932+0000] {logging_mixin.py:150} INFO - [2024-12-20T19:37:20.932+0000] {dag.py:2742} INFO - Sync 1 DAGs
[2024-12-20T19:37:20.945+0000] {logging_mixin.py:150} INFO - [2024-12-20T19:37:20.945+0000] {dag.py:3504} INFO - Setting next_dagrun for latest_only to 2024-12-20T15:37:20.945691+00:00, run_after=2024-12-20T19:37:20.945691+00:00
[2024-12-20T19:37:20.960+0000] {processor.py:179} INFO - Processing /home/vscode/.local/lib/python3.10/site-packages/airflow/example_dags/example_latest_only.py took 0.046 seconds
