[2024-12-20T19:23:16.345+0000] {processor.py:157} INFO - Started process (PID=33127) to work on /home/vscode/.local/lib/python3.10/site-packages/airflow/example_dags/example_short_circuit_decorator.py
[2024-12-20T19:23:16.346+0000] {processor.py:826} INFO - Processing file /home/vscode/.local/lib/python3.10/site-packages/airflow/example_dags/example_short_circuit_decorator.py for tasks to queue
[2024-12-20T19:23:16.347+0000] {logging_mixin.py:150} INFO - [2024-12-20T19:23:16.347+0000] {dagbag.py:541} INFO - Filling up the DagBag from /home/vscode/.local/lib/python3.10/site-packages/airflow/example_dags/example_short_circuit_decorator.py
[2024-12-20T19:23:16.363+0000] {processor.py:836} INFO - DAG(s) dict_keys(['example_short_circuit_decorator']) retrieved from /home/vscode/.local/lib/python3.10/site-packages/airflow/example_dags/example_short_circuit_decorator.py
[2024-12-20T19:23:16.470+0000] {logging_mixin.py:150} INFO - [2024-12-20T19:23:16.470+0000] {dag.py:2742} INFO - Sync 1 DAGs
[2024-12-20T19:23:16.483+0000] {logging_mixin.py:150} INFO - [2024-12-20T19:23:16.483+0000] {dag.py:3504} INFO - Setting next_dagrun for example_short_circuit_decorator to 2024-12-19T19:23:16.483526+00:00, run_after=2024-12-20T19:23:16.483526+00:00
[2024-12-20T19:23:16.502+0000] {processor.py:179} INFO - Processing /home/vscode/.local/lib/python3.10/site-packages/airflow/example_dags/example_short_circuit_decorator.py took 0.160 seconds
[2024-12-20T19:24:02.732+0000] {processor.py:157} INFO - Started process (PID=33430) to work on /home/vscode/.local/lib/python3.10/site-packages/airflow/example_dags/example_short_circuit_decorator.py
[2024-12-20T19:24:02.732+0000] {processor.py:826} INFO - Processing file /home/vscode/.local/lib/python3.10/site-packages/airflow/example_dags/example_short_circuit_decorator.py for tasks to queue
[2024-12-20T19:24:02.733+0000] {logging_mixin.py:150} INFO - [2024-12-20T19:24:02.733+0000] {dagbag.py:541} INFO - Filling up the DagBag from /home/vscode/.local/lib/python3.10/site-packages/airflow/example_dags/example_short_circuit_decorator.py
[2024-12-20T19:24:02.742+0000] {processor.py:836} INFO - DAG(s) dict_keys(['example_short_circuit_decorator']) retrieved from /home/vscode/.local/lib/python3.10/site-packages/airflow/example_dags/example_short_circuit_decorator.py
[2024-12-20T19:24:02.757+0000] {logging_mixin.py:150} INFO - [2024-12-20T19:24:02.757+0000] {dag.py:2742} INFO - Sync 1 DAGs
[2024-12-20T19:24:02.771+0000] {logging_mixin.py:150} INFO - [2024-12-20T19:24:02.771+0000] {dag.py:3504} INFO - Setting next_dagrun for example_short_circuit_decorator to 2024-12-19T19:24:02.771041+00:00, run_after=2024-12-20T19:24:02.771041+00:00
[2024-12-20T19:24:02.786+0000] {processor.py:179} INFO - Processing /home/vscode/.local/lib/python3.10/site-packages/airflow/example_dags/example_short_circuit_decorator.py took 0.057 seconds
[2024-12-20T19:24:47.981+0000] {processor.py:157} INFO - Started process (PID=33796) to work on /home/vscode/.local/lib/python3.10/site-packages/airflow/example_dags/example_short_circuit_decorator.py
[2024-12-20T19:24:47.981+0000] {processor.py:826} INFO - Processing file /home/vscode/.local/lib/python3.10/site-packages/airflow/example_dags/example_short_circuit_decorator.py for tasks to queue
[2024-12-20T19:24:47.982+0000] {logging_mixin.py:150} INFO - [2024-12-20T19:24:47.982+0000] {dagbag.py:541} INFO - Filling up the DagBag from /home/vscode/.local/lib/python3.10/site-packages/airflow/example_dags/example_short_circuit_decorator.py
[2024-12-20T19:24:47.989+0000] {processor.py:836} INFO - DAG(s) dict_keys(['example_short_circuit_decorator']) retrieved from /home/vscode/.local/lib/python3.10/site-packages/airflow/example_dags/example_short_circuit_decorator.py
[2024-12-20T19:24:48.002+0000] {logging_mixin.py:150} INFO - [2024-12-20T19:24:48.002+0000] {dag.py:2742} INFO - Sync 1 DAGs
[2024-12-20T19:24:48.017+0000] {logging_mixin.py:150} INFO - [2024-12-20T19:24:48.016+0000] {dag.py:3504} INFO - Setting next_dagrun for example_short_circuit_decorator to 2024-12-19T19:24:48.016798+00:00, run_after=2024-12-20T19:24:48.016798+00:00
[2024-12-20T19:24:48.032+0000] {processor.py:179} INFO - Processing /home/vscode/.local/lib/python3.10/site-packages/airflow/example_dags/example_short_circuit_decorator.py took 0.054 seconds
[2024-12-20T19:25:33.856+0000] {processor.py:157} INFO - Started process (PID=34202) to work on /home/vscode/.local/lib/python3.10/site-packages/airflow/example_dags/example_short_circuit_decorator.py
[2024-12-20T19:25:33.857+0000] {processor.py:826} INFO - Processing file /home/vscode/.local/lib/python3.10/site-packages/airflow/example_dags/example_short_circuit_decorator.py for tasks to queue
[2024-12-20T19:25:33.858+0000] {logging_mixin.py:150} INFO - [2024-12-20T19:25:33.857+0000] {dagbag.py:541} INFO - Filling up the DagBag from /home/vscode/.local/lib/python3.10/site-packages/airflow/example_dags/example_short_circuit_decorator.py
[2024-12-20T19:25:33.865+0000] {processor.py:836} INFO - DAG(s) dict_keys(['example_short_circuit_decorator']) retrieved from /home/vscode/.local/lib/python3.10/site-packages/airflow/example_dags/example_short_circuit_decorator.py
[2024-12-20T19:25:33.879+0000] {logging_mixin.py:150} INFO - [2024-12-20T19:25:33.879+0000] {dag.py:2742} INFO - Sync 1 DAGs
[2024-12-20T19:25:33.894+0000] {logging_mixin.py:150} INFO - [2024-12-20T19:25:33.893+0000] {dag.py:3504} INFO - Setting next_dagrun for example_short_circuit_decorator to 2024-12-19T19:25:33.893697+00:00, run_after=2024-12-20T19:25:33.893697+00:00
[2024-12-20T19:25:33.909+0000] {processor.py:179} INFO - Processing /home/vscode/.local/lib/python3.10/site-packages/airflow/example_dags/example_short_circuit_decorator.py took 0.055 seconds
[2024-12-20T19:26:18.548+0000] {processor.py:157} INFO - Started process (PID=34635) to work on /home/vscode/.local/lib/python3.10/site-packages/airflow/example_dags/example_short_circuit_decorator.py
[2024-12-20T19:26:18.549+0000] {processor.py:826} INFO - Processing file /home/vscode/.local/lib/python3.10/site-packages/airflow/example_dags/example_short_circuit_decorator.py for tasks to queue
[2024-12-20T19:26:18.550+0000] {logging_mixin.py:150} INFO - [2024-12-20T19:26:18.549+0000] {dagbag.py:541} INFO - Filling up the DagBag from /home/vscode/.local/lib/python3.10/site-packages/airflow/example_dags/example_short_circuit_decorator.py
[2024-12-20T19:26:18.557+0000] {processor.py:836} INFO - DAG(s) dict_keys(['example_short_circuit_decorator']) retrieved from /home/vscode/.local/lib/python3.10/site-packages/airflow/example_dags/example_short_circuit_decorator.py
[2024-12-20T19:26:18.571+0000] {logging_mixin.py:150} INFO - [2024-12-20T19:26:18.571+0000] {dag.py:2742} INFO - Sync 1 DAGs
[2024-12-20T19:26:18.586+0000] {logging_mixin.py:150} INFO - [2024-12-20T19:26:18.586+0000] {dag.py:3504} INFO - Setting next_dagrun for example_short_circuit_decorator to 2024-12-19T19:26:18.586339+00:00, run_after=2024-12-20T19:26:18.586339+00:00
[2024-12-20T19:26:18.602+0000] {processor.py:179} INFO - Processing /home/vscode/.local/lib/python3.10/site-packages/airflow/example_dags/example_short_circuit_decorator.py took 0.056 seconds
[2024-12-20T19:33:15.924+0000] {processor.py:157} INFO - Started process (PID=37691) to work on /home/vscode/.local/lib/python3.10/site-packages/airflow/example_dags/example_short_circuit_decorator.py
[2024-12-20T19:33:15.924+0000] {processor.py:826} INFO - Processing file /home/vscode/.local/lib/python3.10/site-packages/airflow/example_dags/example_short_circuit_decorator.py for tasks to queue
[2024-12-20T19:33:15.925+0000] {logging_mixin.py:150} INFO - [2024-12-20T19:33:15.925+0000] {dagbag.py:541} INFO - Filling up the DagBag from /home/vscode/.local/lib/python3.10/site-packages/airflow/example_dags/example_short_circuit_decorator.py
[2024-12-20T19:33:15.933+0000] {processor.py:836} INFO - DAG(s) dict_keys(['example_short_circuit_decorator']) retrieved from /home/vscode/.local/lib/python3.10/site-packages/airflow/example_dags/example_short_circuit_decorator.py
[2024-12-20T19:33:16.020+0000] {logging_mixin.py:150} INFO - [2024-12-20T19:33:16.020+0000] {dag.py:2742} INFO - Sync 1 DAGs
[2024-12-20T19:33:16.032+0000] {logging_mixin.py:150} INFO - [2024-12-20T19:33:16.032+0000] {dag.py:3504} INFO - Setting next_dagrun for example_short_circuit_decorator to 2024-12-19T19:33:16.032660+00:00, run_after=2024-12-20T19:33:16.032660+00:00
[2024-12-20T19:33:16.046+0000] {processor.py:179} INFO - Processing /home/vscode/.local/lib/python3.10/site-packages/airflow/example_dags/example_short_circuit_decorator.py took 0.125 seconds
[2024-12-20T19:34:03.165+0000] {processor.py:157} INFO - Started process (PID=38034) to work on /home/vscode/.local/lib/python3.10/site-packages/airflow/example_dags/example_short_circuit_decorator.py
[2024-12-20T19:34:03.165+0000] {processor.py:826} INFO - Processing file /home/vscode/.local/lib/python3.10/site-packages/airflow/example_dags/example_short_circuit_decorator.py for tasks to queue
[2024-12-20T19:34:03.166+0000] {logging_mixin.py:150} INFO - [2024-12-20T19:34:03.166+0000] {dagbag.py:541} INFO - Filling up the DagBag from /home/vscode/.local/lib/python3.10/site-packages/airflow/example_dags/example_short_circuit_decorator.py
[2024-12-20T19:34:03.173+0000] {processor.py:836} INFO - DAG(s) dict_keys(['example_short_circuit_decorator']) retrieved from /home/vscode/.local/lib/python3.10/site-packages/airflow/example_dags/example_short_circuit_decorator.py
[2024-12-20T19:34:03.185+0000] {logging_mixin.py:150} INFO - [2024-12-20T19:34:03.185+0000] {dag.py:2742} INFO - Sync 1 DAGs
[2024-12-20T19:34:03.198+0000] {logging_mixin.py:150} INFO - [2024-12-20T19:34:03.198+0000] {dag.py:3504} INFO - Setting next_dagrun for example_short_circuit_decorator to 2024-12-19T19:34:03.198586+00:00, run_after=2024-12-20T19:34:03.198586+00:00
[2024-12-20T19:34:03.212+0000] {processor.py:179} INFO - Processing /home/vscode/.local/lib/python3.10/site-packages/airflow/example_dags/example_short_circuit_decorator.py took 0.050 seconds
[2024-12-20T19:34:49.522+0000] {processor.py:157} INFO - Started process (PID=38391) to work on /home/vscode/.local/lib/python3.10/site-packages/airflow/example_dags/example_short_circuit_decorator.py
[2024-12-20T19:34:49.523+0000] {processor.py:826} INFO - Processing file /home/vscode/.local/lib/python3.10/site-packages/airflow/example_dags/example_short_circuit_decorator.py for tasks to queue
[2024-12-20T19:34:49.524+0000] {logging_mixin.py:150} INFO - [2024-12-20T19:34:49.523+0000] {dagbag.py:541} INFO - Filling up the DagBag from /home/vscode/.local/lib/python3.10/site-packages/airflow/example_dags/example_short_circuit_decorator.py
[2024-12-20T19:34:49.531+0000] {processor.py:836} INFO - DAG(s) dict_keys(['example_short_circuit_decorator']) retrieved from /home/vscode/.local/lib/python3.10/site-packages/airflow/example_dags/example_short_circuit_decorator.py
[2024-12-20T19:34:49.544+0000] {logging_mixin.py:150} INFO - [2024-12-20T19:34:49.544+0000] {dag.py:2742} INFO - Sync 1 DAGs
[2024-12-20T19:34:49.558+0000] {logging_mixin.py:150} INFO - [2024-12-20T19:34:49.558+0000] {dag.py:3504} INFO - Setting next_dagrun for example_short_circuit_decorator to 2024-12-19T19:34:49.557973+00:00, run_after=2024-12-20T19:34:49.557973+00:00
[2024-12-20T19:34:49.572+0000] {processor.py:179} INFO - Processing /home/vscode/.local/lib/python3.10/site-packages/airflow/example_dags/example_short_circuit_decorator.py took 0.052 seconds
[2024-12-20T19:35:32.385+0000] {processor.py:157} INFO - Started process (PID=38724) to work on /home/vscode/.local/lib/python3.10/site-packages/airflow/example_dags/example_short_circuit_decorator.py
[2024-12-20T19:35:32.385+0000] {processor.py:826} INFO - Processing file /home/vscode/.local/lib/python3.10/site-packages/airflow/example_dags/example_short_circuit_decorator.py for tasks to queue
[2024-12-20T19:35:32.386+0000] {logging_mixin.py:150} INFO - [2024-12-20T19:35:32.386+0000] {dagbag.py:541} INFO - Filling up the DagBag from /home/vscode/.local/lib/python3.10/site-packages/airflow/example_dags/example_short_circuit_decorator.py
[2024-12-20T19:35:32.393+0000] {processor.py:836} INFO - DAG(s) dict_keys(['example_short_circuit_decorator']) retrieved from /home/vscode/.local/lib/python3.10/site-packages/airflow/example_dags/example_short_circuit_decorator.py
[2024-12-20T19:35:32.406+0000] {logging_mixin.py:150} INFO - [2024-12-20T19:35:32.406+0000] {dag.py:2742} INFO - Sync 1 DAGs
[2024-12-20T19:35:32.419+0000] {logging_mixin.py:150} INFO - [2024-12-20T19:35:32.419+0000] {dag.py:3504} INFO - Setting next_dagrun for example_short_circuit_decorator to 2024-12-19T19:35:32.419719+00:00, run_after=2024-12-20T19:35:32.419719+00:00
[2024-12-20T19:35:32.434+0000] {processor.py:179} INFO - Processing /home/vscode/.local/lib/python3.10/site-packages/airflow/example_dags/example_short_circuit_decorator.py took 0.052 seconds
[2024-12-20T19:36:19.752+0000] {processor.py:157} INFO - Started process (PID=39151) to work on /home/vscode/.local/lib/python3.10/site-packages/airflow/example_dags/example_short_circuit_decorator.py
[2024-12-20T19:36:19.753+0000] {processor.py:826} INFO - Processing file /home/vscode/.local/lib/python3.10/site-packages/airflow/example_dags/example_short_circuit_decorator.py for tasks to queue
[2024-12-20T19:36:19.754+0000] {logging_mixin.py:150} INFO - [2024-12-20T19:36:19.753+0000] {dagbag.py:541} INFO - Filling up the DagBag from /home/vscode/.local/lib/python3.10/site-packages/airflow/example_dags/example_short_circuit_decorator.py
[2024-12-20T19:36:19.761+0000] {processor.py:836} INFO - DAG(s) dict_keys(['example_short_circuit_decorator']) retrieved from /home/vscode/.local/lib/python3.10/site-packages/airflow/example_dags/example_short_circuit_decorator.py
[2024-12-20T19:36:19.775+0000] {logging_mixin.py:150} INFO - [2024-12-20T19:36:19.775+0000] {dag.py:2742} INFO - Sync 1 DAGs
[2024-12-20T19:36:19.789+0000] {logging_mixin.py:150} INFO - [2024-12-20T19:36:19.789+0000] {dag.py:3504} INFO - Setting next_dagrun for example_short_circuit_decorator to 2024-12-19T19:36:19.789249+00:00, run_after=2024-12-20T19:36:19.789249+00:00
[2024-12-20T19:36:19.803+0000] {processor.py:179} INFO - Processing /home/vscode/.local/lib/python3.10/site-packages/airflow/example_dags/example_short_circuit_decorator.py took 0.053 seconds
[2024-12-20T19:37:07.576+0000] {processor.py:157} INFO - Started process (PID=39611) to work on /home/vscode/.local/lib/python3.10/site-packages/airflow/example_dags/example_short_circuit_decorator.py
[2024-12-20T19:37:07.577+0000] {processor.py:826} INFO - Processing file /home/vscode/.local/lib/python3.10/site-packages/airflow/example_dags/example_short_circuit_decorator.py for tasks to queue
[2024-12-20T19:37:07.577+0000] {logging_mixin.py:150} INFO - [2024-12-20T19:37:07.577+0000] {dagbag.py:541} INFO - Filling up the DagBag from /home/vscode/.local/lib/python3.10/site-packages/airflow/example_dags/example_short_circuit_decorator.py
[2024-12-20T19:37:07.584+0000] {processor.py:836} INFO - DAG(s) dict_keys(['example_short_circuit_decorator']) retrieved from /home/vscode/.local/lib/python3.10/site-packages/airflow/example_dags/example_short_circuit_decorator.py
[2024-12-20T19:37:07.597+0000] {logging_mixin.py:150} INFO - [2024-12-20T19:37:07.596+0000] {dag.py:2742} INFO - Sync 1 DAGs
[2024-12-20T19:37:07.611+0000] {logging_mixin.py:150} INFO - [2024-12-20T19:37:07.610+0000] {dag.py:3504} INFO - Setting next_dagrun for example_short_circuit_decorator to 2024-12-19T19:37:07.610814+00:00, run_after=2024-12-20T19:37:07.610814+00:00
[2024-12-20T19:37:07.626+0000] {processor.py:179} INFO - Processing /home/vscode/.local/lib/python3.10/site-packages/airflow/example_dags/example_short_circuit_decorator.py took 0.052 seconds
[2024-12-20T19:37:53.481+0000] {processor.py:157} INFO - Started process (PID=40144) to work on /home/vscode/.local/lib/python3.10/site-packages/airflow/example_dags/example_short_circuit_decorator.py
[2024-12-20T19:37:53.481+0000] {processor.py:826} INFO - Processing file /home/vscode/.local/lib/python3.10/site-packages/airflow/example_dags/example_short_circuit_decorator.py for tasks to queue
[2024-12-20T19:37:53.482+0000] {logging_mixin.py:150} INFO - [2024-12-20T19:37:53.482+0000] {dagbag.py:541} INFO - Filling up the DagBag from /home/vscode/.local/lib/python3.10/site-packages/airflow/example_dags/example_short_circuit_decorator.py
[2024-12-20T19:37:53.489+0000] {processor.py:836} INFO - DAG(s) dict_keys(['example_short_circuit_decorator']) retrieved from /home/vscode/.local/lib/python3.10/site-packages/airflow/example_dags/example_short_circuit_decorator.py
[2024-12-20T19:37:53.502+0000] {logging_mixin.py:150} INFO - [2024-12-20T19:37:53.502+0000] {dag.py:2742} INFO - Sync 1 DAGs
[2024-12-20T19:37:53.516+0000] {logging_mixin.py:150} INFO - [2024-12-20T19:37:53.516+0000] {dag.py:3504} INFO - Setting next_dagrun for example_short_circuit_decorator to 2024-12-19T19:37:53.515845+00:00, run_after=2024-12-20T19:37:53.515845+00:00
[2024-12-20T19:37:53.531+0000] {processor.py:179} INFO - Processing /home/vscode/.local/lib/python3.10/site-packages/airflow/example_dags/example_short_circuit_decorator.py took 0.052 seconds
