[2024-12-20T19:23:37.856+0000] {processor.py:157} INFO - Started process (PID=33269) to work on /home/vscode/.local/lib/python3.10/site-packages/airflow/example_dags/example_branch_python_dop_operator_3.py
[2024-12-20T19:23:37.857+0000] {processor.py:826} INFO - Processing file /home/vscode/.local/lib/python3.10/site-packages/airflow/example_dags/example_branch_python_dop_operator_3.py for tasks to queue
[2024-12-20T19:23:37.857+0000] {logging_mixin.py:150} INFO - [2024-12-20T19:23:37.857+0000] {dagbag.py:541} INFO - Filling up the DagBag from /home/vscode/.local/lib/python3.10/site-packages/airflow/example_dags/example_branch_python_dop_operator_3.py
[2024-12-20T19:23:37.864+0000] {processor.py:836} INFO - DAG(s) dict_keys(['example_branch_dop_operator_v3']) retrieved from /home/vscode/.local/lib/python3.10/site-packages/airflow/example_dags/example_branch_python_dop_operator_3.py
[2024-12-20T19:23:37.877+0000] {logging_mixin.py:150} INFO - [2024-12-20T19:23:37.877+0000] {dag.py:2742} INFO - Sync 1 DAGs
[2024-12-20T19:23:37.894+0000] {logging_mixin.py:150} INFO - [2024-12-20T19:23:37.894+0000] {dag.py:3504} INFO - Setting next_dagrun for example_branch_dop_operator_v3 to 2024-12-20T19:22:00+00:00, run_after=2024-12-20T19:23:00+00:00
[2024-12-20T19:23:37.910+0000] {processor.py:179} INFO - Processing /home/vscode/.local/lib/python3.10/site-packages/airflow/example_dags/example_branch_python_dop_operator_3.py took 0.056 seconds
[2024-12-20T19:24:24.065+0000] {processor.py:157} INFO - Started process (PID=33596) to work on /home/vscode/.local/lib/python3.10/site-packages/airflow/example_dags/example_branch_python_dop_operator_3.py
[2024-12-20T19:24:24.065+0000] {processor.py:826} INFO - Processing file /home/vscode/.local/lib/python3.10/site-packages/airflow/example_dags/example_branch_python_dop_operator_3.py for tasks to queue
[2024-12-20T19:24:24.066+0000] {logging_mixin.py:150} INFO - [2024-12-20T19:24:24.066+0000] {dagbag.py:541} INFO - Filling up the DagBag from /home/vscode/.local/lib/python3.10/site-packages/airflow/example_dags/example_branch_python_dop_operator_3.py
[2024-12-20T19:24:24.072+0000] {processor.py:836} INFO - DAG(s) dict_keys(['example_branch_dop_operator_v3']) retrieved from /home/vscode/.local/lib/python3.10/site-packages/airflow/example_dags/example_branch_python_dop_operator_3.py
[2024-12-20T19:24:24.085+0000] {logging_mixin.py:150} INFO - [2024-12-20T19:24:24.085+0000] {dag.py:2742} INFO - Sync 1 DAGs
[2024-12-20T19:24:24.103+0000] {logging_mixin.py:150} INFO - [2024-12-20T19:24:24.102+0000] {dag.py:3504} INFO - Setting next_dagrun for example_branch_dop_operator_v3 to 2024-12-20T19:23:00+00:00, run_after=2024-12-20T19:24:00+00:00
[2024-12-20T19:24:24.118+0000] {processor.py:179} INFO - Processing /home/vscode/.local/lib/python3.10/site-packages/airflow/example_dags/example_branch_python_dop_operator_3.py took 0.055 seconds
[2024-12-20T19:25:09.196+0000] {processor.py:157} INFO - Started process (PID=33982) to work on /home/vscode/.local/lib/python3.10/site-packages/airflow/example_dags/example_branch_python_dop_operator_3.py
[2024-12-20T19:25:09.196+0000] {processor.py:826} INFO - Processing file /home/vscode/.local/lib/python3.10/site-packages/airflow/example_dags/example_branch_python_dop_operator_3.py for tasks to queue
[2024-12-20T19:25:09.197+0000] {logging_mixin.py:150} INFO - [2024-12-20T19:25:09.197+0000] {dagbag.py:541} INFO - Filling up the DagBag from /home/vscode/.local/lib/python3.10/site-packages/airflow/example_dags/example_branch_python_dop_operator_3.py
[2024-12-20T19:25:09.204+0000] {processor.py:836} INFO - DAG(s) dict_keys(['example_branch_dop_operator_v3']) retrieved from /home/vscode/.local/lib/python3.10/site-packages/airflow/example_dags/example_branch_python_dop_operator_3.py
[2024-12-20T19:25:09.216+0000] {logging_mixin.py:150} INFO - [2024-12-20T19:25:09.216+0000] {dag.py:2742} INFO - Sync 1 DAGs
[2024-12-20T19:25:09.235+0000] {logging_mixin.py:150} INFO - [2024-12-20T19:25:09.235+0000] {dag.py:3504} INFO - Setting next_dagrun for example_branch_dop_operator_v3 to 2024-12-20T19:24:00+00:00, run_after=2024-12-20T19:25:00+00:00
[2024-12-20T19:25:09.250+0000] {processor.py:179} INFO - Processing /home/vscode/.local/lib/python3.10/site-packages/airflow/example_dags/example_branch_python_dop_operator_3.py took 0.057 seconds
[2024-12-20T19:25:56.827+0000] {processor.py:157} INFO - Started process (PID=34421) to work on /home/vscode/.local/lib/python3.10/site-packages/airflow/example_dags/example_branch_python_dop_operator_3.py
[2024-12-20T19:25:56.828+0000] {processor.py:826} INFO - Processing file /home/vscode/.local/lib/python3.10/site-packages/airflow/example_dags/example_branch_python_dop_operator_3.py for tasks to queue
[2024-12-20T19:25:56.828+0000] {logging_mixin.py:150} INFO - [2024-12-20T19:25:56.828+0000] {dagbag.py:541} INFO - Filling up the DagBag from /home/vscode/.local/lib/python3.10/site-packages/airflow/example_dags/example_branch_python_dop_operator_3.py
[2024-12-20T19:25:56.834+0000] {processor.py:836} INFO - DAG(s) dict_keys(['example_branch_dop_operator_v3']) retrieved from /home/vscode/.local/lib/python3.10/site-packages/airflow/example_dags/example_branch_python_dop_operator_3.py
[2024-12-20T19:25:56.846+0000] {logging_mixin.py:150} INFO - [2024-12-20T19:25:56.846+0000] {dag.py:2742} INFO - Sync 1 DAGs
[2024-12-20T19:25:56.864+0000] {logging_mixin.py:150} INFO - [2024-12-20T19:25:56.863+0000] {dag.py:3504} INFO - Setting next_dagrun for example_branch_dop_operator_v3 to 2024-12-20T19:24:00+00:00, run_after=2024-12-20T19:25:00+00:00
[2024-12-20T19:25:56.879+0000] {processor.py:179} INFO - Processing /home/vscode/.local/lib/python3.10/site-packages/airflow/example_dags/example_branch_python_dop_operator_3.py took 0.054 seconds
[2024-12-20T19:26:40.664+0000] {processor.py:157} INFO - Started process (PID=34851) to work on /home/vscode/.local/lib/python3.10/site-packages/airflow/example_dags/example_branch_python_dop_operator_3.py
[2024-12-20T19:26:40.664+0000] {processor.py:826} INFO - Processing file /home/vscode/.local/lib/python3.10/site-packages/airflow/example_dags/example_branch_python_dop_operator_3.py for tasks to queue
[2024-12-20T19:26:40.665+0000] {logging_mixin.py:150} INFO - [2024-12-20T19:26:40.665+0000] {dagbag.py:541} INFO - Filling up the DagBag from /home/vscode/.local/lib/python3.10/site-packages/airflow/example_dags/example_branch_python_dop_operator_3.py
[2024-12-20T19:26:40.671+0000] {processor.py:836} INFO - DAG(s) dict_keys(['example_branch_dop_operator_v3']) retrieved from /home/vscode/.local/lib/python3.10/site-packages/airflow/example_dags/example_branch_python_dop_operator_3.py
[2024-12-20T19:26:40.683+0000] {logging_mixin.py:150} INFO - [2024-12-20T19:26:40.683+0000] {dag.py:2742} INFO - Sync 1 DAGs
[2024-12-20T19:26:40.701+0000] {logging_mixin.py:150} INFO - [2024-12-20T19:26:40.701+0000] {dag.py:3504} INFO - Setting next_dagrun for example_branch_dop_operator_v3 to 2024-12-20T19:25:00+00:00, run_after=2024-12-20T19:26:00+00:00
[2024-12-20T19:26:40.716+0000] {processor.py:179} INFO - Processing /home/vscode/.local/lib/python3.10/site-packages/airflow/example_dags/example_branch_python_dop_operator_3.py took 0.055 seconds
[2024-12-20T19:33:37.816+0000] {processor.py:157} INFO - Started process (PID=37840) to work on /home/vscode/.local/lib/python3.10/site-packages/airflow/example_dags/example_branch_python_dop_operator_3.py
[2024-12-20T19:33:37.816+0000] {processor.py:826} INFO - Processing file /home/vscode/.local/lib/python3.10/site-packages/airflow/example_dags/example_branch_python_dop_operator_3.py for tasks to queue
[2024-12-20T19:33:37.817+0000] {logging_mixin.py:150} INFO - [2024-12-20T19:33:37.817+0000] {dagbag.py:541} INFO - Filling up the DagBag from /home/vscode/.local/lib/python3.10/site-packages/airflow/example_dags/example_branch_python_dop_operator_3.py
[2024-12-20T19:33:37.823+0000] {processor.py:836} INFO - DAG(s) dict_keys(['example_branch_dop_operator_v3']) retrieved from /home/vscode/.local/lib/python3.10/site-packages/airflow/example_dags/example_branch_python_dop_operator_3.py
[2024-12-20T19:33:37.834+0000] {logging_mixin.py:150} INFO - [2024-12-20T19:33:37.834+0000] {dag.py:2742} INFO - Sync 1 DAGs
[2024-12-20T19:33:37.850+0000] {logging_mixin.py:150} INFO - [2024-12-20T19:33:37.850+0000] {dag.py:3504} INFO - Setting next_dagrun for example_branch_dop_operator_v3 to 2024-12-20T19:32:00+00:00, run_after=2024-12-20T19:33:00+00:00
[2024-12-20T19:33:37.865+0000] {processor.py:179} INFO - Processing /home/vscode/.local/lib/python3.10/site-packages/airflow/example_dags/example_branch_python_dop_operator_3.py took 0.051 seconds
[2024-12-20T19:34:24.439+0000] {processor.py:157} INFO - Started process (PID=38202) to work on /home/vscode/.local/lib/python3.10/site-packages/airflow/example_dags/example_branch_python_dop_operator_3.py
[2024-12-20T19:34:24.439+0000] {processor.py:826} INFO - Processing file /home/vscode/.local/lib/python3.10/site-packages/airflow/example_dags/example_branch_python_dop_operator_3.py for tasks to queue
[2024-12-20T19:34:24.440+0000] {logging_mixin.py:150} INFO - [2024-12-20T19:34:24.440+0000] {dagbag.py:541} INFO - Filling up the DagBag from /home/vscode/.local/lib/python3.10/site-packages/airflow/example_dags/example_branch_python_dop_operator_3.py
[2024-12-20T19:34:24.446+0000] {processor.py:836} INFO - DAG(s) dict_keys(['example_branch_dop_operator_v3']) retrieved from /home/vscode/.local/lib/python3.10/site-packages/airflow/example_dags/example_branch_python_dop_operator_3.py
[2024-12-20T19:34:24.457+0000] {logging_mixin.py:150} INFO - [2024-12-20T19:34:24.457+0000] {dag.py:2742} INFO - Sync 1 DAGs
[2024-12-20T19:34:24.474+0000] {logging_mixin.py:150} INFO - [2024-12-20T19:34:24.474+0000] {dag.py:3504} INFO - Setting next_dagrun for example_branch_dop_operator_v3 to 2024-12-20T19:33:00+00:00, run_after=2024-12-20T19:34:00+00:00
[2024-12-20T19:34:24.491+0000] {processor.py:179} INFO - Processing /home/vscode/.local/lib/python3.10/site-packages/airflow/example_dags/example_branch_python_dop_operator_3.py took 0.054 seconds
[2024-12-20T19:35:11.240+0000] {processor.py:157} INFO - Started process (PID=38572) to work on /home/vscode/.local/lib/python3.10/site-packages/airflow/example_dags/example_branch_python_dop_operator_3.py
[2024-12-20T19:35:11.240+0000] {processor.py:826} INFO - Processing file /home/vscode/.local/lib/python3.10/site-packages/airflow/example_dags/example_branch_python_dop_operator_3.py for tasks to queue
[2024-12-20T19:35:11.241+0000] {logging_mixin.py:150} INFO - [2024-12-20T19:35:11.241+0000] {dagbag.py:541} INFO - Filling up the DagBag from /home/vscode/.local/lib/python3.10/site-packages/airflow/example_dags/example_branch_python_dop_operator_3.py
[2024-12-20T19:35:11.251+0000] {processor.py:836} INFO - DAG(s) dict_keys(['example_branch_dop_operator_v3']) retrieved from /home/vscode/.local/lib/python3.10/site-packages/airflow/example_dags/example_branch_python_dop_operator_3.py
[2024-12-20T19:35:11.269+0000] {logging_mixin.py:150} INFO - [2024-12-20T19:35:11.269+0000] {dag.py:2742} INFO - Sync 1 DAGs
[2024-12-20T19:35:11.291+0000] {logging_mixin.py:150} INFO - [2024-12-20T19:35:11.291+0000] {dag.py:3504} INFO - Setting next_dagrun for example_branch_dop_operator_v3 to 2024-12-20T19:34:00+00:00, run_after=2024-12-20T19:35:00+00:00
[2024-12-20T19:35:11.306+0000] {processor.py:179} INFO - Processing /home/vscode/.local/lib/python3.10/site-packages/airflow/example_dags/example_branch_python_dop_operator_3.py took 0.069 seconds
[2024-12-20T19:35:59.193+0000] {processor.py:157} INFO - Started process (PID=38916) to work on /home/vscode/.local/lib/python3.10/site-packages/airflow/example_dags/example_branch_python_dop_operator_3.py
[2024-12-20T19:35:59.193+0000] {processor.py:826} INFO - Processing file /home/vscode/.local/lib/python3.10/site-packages/airflow/example_dags/example_branch_python_dop_operator_3.py for tasks to queue
[2024-12-20T19:35:59.194+0000] {logging_mixin.py:150} INFO - [2024-12-20T19:35:59.194+0000] {dagbag.py:541} INFO - Filling up the DagBag from /home/vscode/.local/lib/python3.10/site-packages/airflow/example_dags/example_branch_python_dop_operator_3.py
[2024-12-20T19:35:59.200+0000] {processor.py:836} INFO - DAG(s) dict_keys(['example_branch_dop_operator_v3']) retrieved from /home/vscode/.local/lib/python3.10/site-packages/airflow/example_dags/example_branch_python_dop_operator_3.py
[2024-12-20T19:35:59.211+0000] {logging_mixin.py:150} INFO - [2024-12-20T19:35:59.211+0000] {dag.py:2742} INFO - Sync 1 DAGs
[2024-12-20T19:35:59.227+0000] {logging_mixin.py:150} INFO - [2024-12-20T19:35:59.227+0000] {dag.py:3504} INFO - Setting next_dagrun for example_branch_dop_operator_v3 to 2024-12-20T19:34:00+00:00, run_after=2024-12-20T19:35:00+00:00
[2024-12-20T19:35:59.241+0000] {processor.py:179} INFO - Processing /home/vscode/.local/lib/python3.10/site-packages/airflow/example_dags/example_branch_python_dop_operator_3.py took 0.050 seconds
[2024-12-20T19:36:47.306+0000] {processor.py:157} INFO - Started process (PID=39441) to work on /home/vscode/.local/lib/python3.10/site-packages/airflow/example_dags/example_branch_python_dop_operator_3.py
[2024-12-20T19:36:47.307+0000] {processor.py:826} INFO - Processing file /home/vscode/.local/lib/python3.10/site-packages/airflow/example_dags/example_branch_python_dop_operator_3.py for tasks to queue
[2024-12-20T19:36:47.307+0000] {logging_mixin.py:150} INFO - [2024-12-20T19:36:47.307+0000] {dagbag.py:541} INFO - Filling up the DagBag from /home/vscode/.local/lib/python3.10/site-packages/airflow/example_dags/example_branch_python_dop_operator_3.py
[2024-12-20T19:36:47.313+0000] {processor.py:836} INFO - DAG(s) dict_keys(['example_branch_dop_operator_v3']) retrieved from /home/vscode/.local/lib/python3.10/site-packages/airflow/example_dags/example_branch_python_dop_operator_3.py
[2024-12-20T19:36:47.327+0000] {logging_mixin.py:150} INFO - [2024-12-20T19:36:47.326+0000] {dag.py:2742} INFO - Sync 1 DAGs
[2024-12-20T19:36:47.344+0000] {logging_mixin.py:150} INFO - [2024-12-20T19:36:47.343+0000] {dag.py:3504} INFO - Setting next_dagrun for example_branch_dop_operator_v3 to 2024-12-20T19:35:00+00:00, run_after=2024-12-20T19:36:00+00:00
[2024-12-20T19:36:47.357+0000] {processor.py:179} INFO - Processing /home/vscode/.local/lib/python3.10/site-packages/airflow/example_dags/example_branch_python_dop_operator_3.py took 0.053 seconds
[2024-12-20T19:37:34.122+0000] {processor.py:157} INFO - Started process (PID=39977) to work on /home/vscode/.local/lib/python3.10/site-packages/airflow/example_dags/example_branch_python_dop_operator_3.py
[2024-12-20T19:37:34.123+0000] {processor.py:826} INFO - Processing file /home/vscode/.local/lib/python3.10/site-packages/airflow/example_dags/example_branch_python_dop_operator_3.py for tasks to queue
[2024-12-20T19:37:34.124+0000] {logging_mixin.py:150} INFO - [2024-12-20T19:37:34.123+0000] {dagbag.py:541} INFO - Filling up the DagBag from /home/vscode/.local/lib/python3.10/site-packages/airflow/example_dags/example_branch_python_dop_operator_3.py
[2024-12-20T19:37:34.133+0000] {processor.py:836} INFO - DAG(s) dict_keys(['example_branch_dop_operator_v3']) retrieved from /home/vscode/.local/lib/python3.10/site-packages/airflow/example_dags/example_branch_python_dop_operator_3.py
[2024-12-20T19:37:34.145+0000] {logging_mixin.py:150} INFO - [2024-12-20T19:37:34.145+0000] {dag.py:2742} INFO - Sync 1 DAGs
[2024-12-20T19:37:34.163+0000] {logging_mixin.py:150} INFO - [2024-12-20T19:37:34.163+0000] {dag.py:3504} INFO - Setting next_dagrun for example_branch_dop_operator_v3 to 2024-12-20T19:36:00+00:00, run_after=2024-12-20T19:37:00+00:00
[2024-12-20T19:37:34.177+0000] {processor.py:179} INFO - Processing /home/vscode/.local/lib/python3.10/site-packages/airflow/example_dags/example_branch_python_dop_operator_3.py took 0.057 seconds
