[2024-12-20T19:23:44.332+0000] {processor.py:157} INFO - Started process (PID=33306) to work on /home/vscode/.local/lib/python3.10/site-packages/airflow/example_dags/example_complex.py
[2024-12-20T19:23:44.333+0000] {processor.py:826} INFO - Processing file /home/vscode/.local/lib/python3.10/site-packages/airflow/example_dags/example_complex.py for tasks to queue
[2024-12-20T19:23:44.334+0000] {logging_mixin.py:150} INFO - [2024-12-20T19:23:44.334+0000] {dagbag.py:541} INFO - Filling up the DagBag from /home/vscode/.local/lib/python3.10/site-packages/airflow/example_dags/example_complex.py
[2024-12-20T19:23:44.342+0000] {processor.py:836} INFO - DAG(s) dict_keys(['example_complex']) retrieved from /home/vscode/.local/lib/python3.10/site-packages/airflow/example_dags/example_complex.py
[2024-12-20T19:23:44.363+0000] {logging_mixin.py:150} INFO - [2024-12-20T19:23:44.363+0000] {dag.py:2742} INFO - Sync 1 DAGs
[2024-12-20T19:23:44.378+0000] {logging_mixin.py:150} INFO - [2024-12-20T19:23:44.378+0000] {dag.py:3504} INFO - Setting next_dagrun for example_complex to None, run_after=None
[2024-12-20T19:23:44.395+0000] {processor.py:179} INFO - Processing /home/vscode/.local/lib/python3.10/site-packages/airflow/example_dags/example_complex.py took 0.065 seconds
[2024-12-20T19:24:32.840+0000] {processor.py:157} INFO - Started process (PID=33668) to work on /home/vscode/.local/lib/python3.10/site-packages/airflow/example_dags/example_complex.py
[2024-12-20T19:24:32.841+0000] {processor.py:826} INFO - Processing file /home/vscode/.local/lib/python3.10/site-packages/airflow/example_dags/example_complex.py for tasks to queue
[2024-12-20T19:24:32.841+0000] {logging_mixin.py:150} INFO - [2024-12-20T19:24:32.841+0000] {dagbag.py:541} INFO - Filling up the DagBag from /home/vscode/.local/lib/python3.10/site-packages/airflow/example_dags/example_complex.py
[2024-12-20T19:24:32.849+0000] {processor.py:836} INFO - DAG(s) dict_keys(['example_complex']) retrieved from /home/vscode/.local/lib/python3.10/site-packages/airflow/example_dags/example_complex.py
[2024-12-20T19:24:32.871+0000] {logging_mixin.py:150} INFO - [2024-12-20T19:24:32.871+0000] {dag.py:2742} INFO - Sync 1 DAGs
[2024-12-20T19:24:32.885+0000] {logging_mixin.py:150} INFO - [2024-12-20T19:24:32.885+0000] {dag.py:3504} INFO - Setting next_dagrun for example_complex to None, run_after=None
[2024-12-20T19:24:32.900+0000] {processor.py:179} INFO - Processing /home/vscode/.local/lib/python3.10/site-packages/airflow/example_dags/example_complex.py took 0.062 seconds
[2024-12-20T19:25:19.466+0000] {processor.py:157} INFO - Started process (PID=34095) to work on /home/vscode/.local/lib/python3.10/site-packages/airflow/example_dags/example_complex.py
[2024-12-20T19:25:19.467+0000] {processor.py:826} INFO - Processing file /home/vscode/.local/lib/python3.10/site-packages/airflow/example_dags/example_complex.py for tasks to queue
[2024-12-20T19:25:19.468+0000] {logging_mixin.py:150} INFO - [2024-12-20T19:25:19.467+0000] {dagbag.py:541} INFO - Filling up the DagBag from /home/vscode/.local/lib/python3.10/site-packages/airflow/example_dags/example_complex.py
[2024-12-20T19:25:19.476+0000] {processor.py:836} INFO - DAG(s) dict_keys(['example_complex']) retrieved from /home/vscode/.local/lib/python3.10/site-packages/airflow/example_dags/example_complex.py
[2024-12-20T19:25:19.494+0000] {logging_mixin.py:150} INFO - [2024-12-20T19:25:19.494+0000] {dag.py:2742} INFO - Sync 1 DAGs
[2024-12-20T19:25:19.508+0000] {logging_mixin.py:150} INFO - [2024-12-20T19:25:19.508+0000] {dag.py:3504} INFO - Setting next_dagrun for example_complex to None, run_after=None
[2024-12-20T19:25:19.523+0000] {processor.py:179} INFO - Processing /home/vscode/.local/lib/python3.10/site-packages/airflow/example_dags/example_complex.py took 0.059 seconds
[2024-12-20T19:26:05.827+0000] {processor.py:157} INFO - Started process (PID=34536) to work on /home/vscode/.local/lib/python3.10/site-packages/airflow/example_dags/example_complex.py
[2024-12-20T19:26:05.827+0000] {processor.py:826} INFO - Processing file /home/vscode/.local/lib/python3.10/site-packages/airflow/example_dags/example_complex.py for tasks to queue
[2024-12-20T19:26:05.828+0000] {logging_mixin.py:150} INFO - [2024-12-20T19:26:05.828+0000] {dagbag.py:541} INFO - Filling up the DagBag from /home/vscode/.local/lib/python3.10/site-packages/airflow/example_dags/example_complex.py
[2024-12-20T19:26:05.836+0000] {processor.py:836} INFO - DAG(s) dict_keys(['example_complex']) retrieved from /home/vscode/.local/lib/python3.10/site-packages/airflow/example_dags/example_complex.py
[2024-12-20T19:26:05.855+0000] {logging_mixin.py:150} INFO - [2024-12-20T19:26:05.854+0000] {dag.py:2742} INFO - Sync 1 DAGs
[2024-12-20T19:26:05.868+0000] {logging_mixin.py:150} INFO - [2024-12-20T19:26:05.868+0000] {dag.py:3504} INFO - Setting next_dagrun for example_complex to None, run_after=None
[2024-12-20T19:26:05.884+0000] {processor.py:179} INFO - Processing /home/vscode/.local/lib/python3.10/site-packages/airflow/example_dags/example_complex.py took 0.059 seconds
[2024-12-20T19:33:43.767+0000] {processor.py:157} INFO - Started process (PID=37887) to work on /home/vscode/.local/lib/python3.10/site-packages/airflow/example_dags/example_complex.py
[2024-12-20T19:33:43.768+0000] {processor.py:826} INFO - Processing file /home/vscode/.local/lib/python3.10/site-packages/airflow/example_dags/example_complex.py for tasks to queue
[2024-12-20T19:33:43.768+0000] {logging_mixin.py:150} INFO - [2024-12-20T19:33:43.768+0000] {dagbag.py:541} INFO - Filling up the DagBag from /home/vscode/.local/lib/python3.10/site-packages/airflow/example_dags/example_complex.py
[2024-12-20T19:33:43.776+0000] {processor.py:836} INFO - DAG(s) dict_keys(['example_complex']) retrieved from /home/vscode/.local/lib/python3.10/site-packages/airflow/example_dags/example_complex.py
[2024-12-20T19:33:43.796+0000] {logging_mixin.py:150} INFO - [2024-12-20T19:33:43.796+0000] {dag.py:2742} INFO - Sync 1 DAGs
[2024-12-20T19:33:43.810+0000] {logging_mixin.py:150} INFO - [2024-12-20T19:33:43.810+0000] {dag.py:3504} INFO - Setting next_dagrun for example_complex to None, run_after=None
[2024-12-20T19:33:43.826+0000] {processor.py:179} INFO - Processing /home/vscode/.local/lib/python3.10/site-packages/airflow/example_dags/example_complex.py took 0.061 seconds
[2024-12-20T19:34:34.575+0000] {processor.py:157} INFO - Started process (PID=38288) to work on /home/vscode/.local/lib/python3.10/site-packages/airflow/example_dags/example_complex.py
[2024-12-20T19:34:34.576+0000] {processor.py:826} INFO - Processing file /home/vscode/.local/lib/python3.10/site-packages/airflow/example_dags/example_complex.py for tasks to queue
[2024-12-20T19:34:34.577+0000] {logging_mixin.py:150} INFO - [2024-12-20T19:34:34.576+0000] {dagbag.py:541} INFO - Filling up the DagBag from /home/vscode/.local/lib/python3.10/site-packages/airflow/example_dags/example_complex.py
[2024-12-20T19:34:34.585+0000] {processor.py:836} INFO - DAG(s) dict_keys(['example_complex']) retrieved from /home/vscode/.local/lib/python3.10/site-packages/airflow/example_dags/example_complex.py
[2024-12-20T19:34:34.605+0000] {logging_mixin.py:150} INFO - [2024-12-20T19:34:34.605+0000] {dag.py:2742} INFO - Sync 1 DAGs
[2024-12-20T19:34:34.621+0000] {logging_mixin.py:150} INFO - [2024-12-20T19:34:34.621+0000] {dag.py:3504} INFO - Setting next_dagrun for example_complex to None, run_after=None
[2024-12-20T19:34:34.636+0000] {processor.py:179} INFO - Processing /home/vscode/.local/lib/python3.10/site-packages/airflow/example_dags/example_complex.py took 0.063 seconds
[2024-12-20T19:35:18.065+0000] {processor.py:157} INFO - Started process (PID=38622) to work on /home/vscode/.local/lib/python3.10/site-packages/airflow/example_dags/example_complex.py
[2024-12-20T19:35:18.066+0000] {processor.py:826} INFO - Processing file /home/vscode/.local/lib/python3.10/site-packages/airflow/example_dags/example_complex.py for tasks to queue
[2024-12-20T19:35:18.066+0000] {logging_mixin.py:150} INFO - [2024-12-20T19:35:18.066+0000] {dagbag.py:541} INFO - Filling up the DagBag from /home/vscode/.local/lib/python3.10/site-packages/airflow/example_dags/example_complex.py
[2024-12-20T19:35:18.074+0000] {processor.py:836} INFO - DAG(s) dict_keys(['example_complex']) retrieved from /home/vscode/.local/lib/python3.10/site-packages/airflow/example_dags/example_complex.py
[2024-12-20T19:35:18.092+0000] {logging_mixin.py:150} INFO - [2024-12-20T19:35:18.092+0000] {dag.py:2742} INFO - Sync 1 DAGs
[2024-12-20T19:35:18.105+0000] {logging_mixin.py:150} INFO - [2024-12-20T19:35:18.105+0000] {dag.py:3504} INFO - Setting next_dagrun for example_complex to None, run_after=None
[2024-12-20T19:35:18.119+0000] {processor.py:179} INFO - Processing /home/vscode/.local/lib/python3.10/site-packages/airflow/example_dags/example_complex.py took 0.056 seconds
[2024-12-20T19:36:05.261+0000] {processor.py:157} INFO - Started process (PID=39001) to work on /home/vscode/.local/lib/python3.10/site-packages/airflow/example_dags/example_complex.py
[2024-12-20T19:36:05.262+0000] {processor.py:826} INFO - Processing file /home/vscode/.local/lib/python3.10/site-packages/airflow/example_dags/example_complex.py for tasks to queue
[2024-12-20T19:36:05.262+0000] {logging_mixin.py:150} INFO - [2024-12-20T19:36:05.262+0000] {dagbag.py:541} INFO - Filling up the DagBag from /home/vscode/.local/lib/python3.10/site-packages/airflow/example_dags/example_complex.py
[2024-12-20T19:36:05.270+0000] {processor.py:836} INFO - DAG(s) dict_keys(['example_complex']) retrieved from /home/vscode/.local/lib/python3.10/site-packages/airflow/example_dags/example_complex.py
[2024-12-20T19:36:05.288+0000] {logging_mixin.py:150} INFO - [2024-12-20T19:36:05.288+0000] {dag.py:2742} INFO - Sync 1 DAGs
[2024-12-20T19:36:05.301+0000] {logging_mixin.py:150} INFO - [2024-12-20T19:36:05.301+0000] {dag.py:3504} INFO - Setting next_dagrun for example_complex to None, run_after=None
[2024-12-20T19:36:05.317+0000] {processor.py:179} INFO - Processing /home/vscode/.local/lib/python3.10/site-packages/airflow/example_dags/example_complex.py took 0.059 seconds
[2024-12-20T19:36:54.240+0000] {processor.py:157} INFO - Started process (PID=39494) to work on /home/vscode/.local/lib/python3.10/site-packages/airflow/example_dags/example_complex.py
[2024-12-20T19:36:54.241+0000] {processor.py:826} INFO - Processing file /home/vscode/.local/lib/python3.10/site-packages/airflow/example_dags/example_complex.py for tasks to queue
[2024-12-20T19:36:54.241+0000] {logging_mixin.py:150} INFO - [2024-12-20T19:36:54.241+0000] {dagbag.py:541} INFO - Filling up the DagBag from /home/vscode/.local/lib/python3.10/site-packages/airflow/example_dags/example_complex.py
[2024-12-20T19:36:54.251+0000] {processor.py:836} INFO - DAG(s) dict_keys(['example_complex']) retrieved from /home/vscode/.local/lib/python3.10/site-packages/airflow/example_dags/example_complex.py
[2024-12-20T19:36:54.270+0000] {logging_mixin.py:150} INFO - [2024-12-20T19:36:54.270+0000] {dag.py:2742} INFO - Sync 1 DAGs
[2024-12-20T19:36:54.284+0000] {logging_mixin.py:150} INFO - [2024-12-20T19:36:54.284+0000] {dag.py:3504} INFO - Setting next_dagrun for example_complex to None, run_after=None
[2024-12-20T19:36:54.298+0000] {processor.py:179} INFO - Processing /home/vscode/.local/lib/python3.10/site-packages/airflow/example_dags/example_complex.py took 0.060 seconds
[2024-12-20T19:37:39.332+0000] {processor.py:157} INFO - Started process (PID=40014) to work on /home/vscode/.local/lib/python3.10/site-packages/airflow/example_dags/example_complex.py
[2024-12-20T19:37:39.332+0000] {processor.py:826} INFO - Processing file /home/vscode/.local/lib/python3.10/site-packages/airflow/example_dags/example_complex.py for tasks to queue
[2024-12-20T19:37:39.333+0000] {logging_mixin.py:150} INFO - [2024-12-20T19:37:39.333+0000] {dagbag.py:541} INFO - Filling up the DagBag from /home/vscode/.local/lib/python3.10/site-packages/airflow/example_dags/example_complex.py
[2024-12-20T19:37:39.341+0000] {processor.py:836} INFO - DAG(s) dict_keys(['example_complex']) retrieved from /home/vscode/.local/lib/python3.10/site-packages/airflow/example_dags/example_complex.py
[2024-12-20T19:37:39.359+0000] {logging_mixin.py:150} INFO - [2024-12-20T19:37:39.359+0000] {dag.py:2742} INFO - Sync 1 DAGs
[2024-12-20T19:37:39.372+0000] {logging_mixin.py:150} INFO - [2024-12-20T19:37:39.372+0000] {dag.py:3504} INFO - Setting next_dagrun for example_complex to None, run_after=None
[2024-12-20T19:37:39.386+0000] {processor.py:179} INFO - Processing /home/vscode/.local/lib/python3.10/site-packages/airflow/example_dags/example_complex.py took 0.056 seconds
