[2024-12-20T19:23:28.719+0000] {processor.py:157} INFO - Started process (PID=33208) to work on /home/vscode/.local/lib/python3.10/site-packages/airflow/example_dags/example_python_operator.py
[2024-12-20T19:23:28.719+0000] {processor.py:826} INFO - Processing file /home/vscode/.local/lib/python3.10/site-packages/airflow/example_dags/example_python_operator.py for tasks to queue
[2024-12-20T19:23:28.720+0000] {logging_mixin.py:150} INFO - [2024-12-20T19:23:28.720+0000] {dagbag.py:541} INFO - Filling up the DagBag from /home/vscode/.local/lib/python3.10/site-packages/airflow/example_dags/example_python_operator.py
[2024-12-20T19:23:28.728+0000] {processor.py:836} INFO - DAG(s) dict_keys(['example_python_operator']) retrieved from /home/vscode/.local/lib/python3.10/site-packages/airflow/example_dags/example_python_operator.py
[2024-12-20T19:23:28.807+0000] {logging_mixin.py:150} INFO - [2024-12-20T19:23:28.807+0000] {dag.py:2742} INFO - Sync 1 DAGs
[2024-12-20T19:23:28.822+0000] {logging_mixin.py:150} INFO - [2024-12-20T19:23:28.821+0000] {dag.py:3504} INFO - Setting next_dagrun for example_python_operator to None, run_after=None
[2024-12-20T19:23:28.837+0000] {processor.py:179} INFO - Processing /home/vscode/.local/lib/python3.10/site-packages/airflow/example_dags/example_python_operator.py took 0.121 seconds
[2024-12-20T19:24:15.269+0000] {processor.py:157} INFO - Started process (PID=33536) to work on /home/vscode/.local/lib/python3.10/site-packages/airflow/example_dags/example_python_operator.py
[2024-12-20T19:24:15.270+0000] {processor.py:826} INFO - Processing file /home/vscode/.local/lib/python3.10/site-packages/airflow/example_dags/example_python_operator.py for tasks to queue
[2024-12-20T19:24:15.271+0000] {logging_mixin.py:150} INFO - [2024-12-20T19:24:15.270+0000] {dagbag.py:541} INFO - Filling up the DagBag from /home/vscode/.local/lib/python3.10/site-packages/airflow/example_dags/example_python_operator.py
[2024-12-20T19:24:15.278+0000] {processor.py:836} INFO - DAG(s) dict_keys(['example_python_operator']) retrieved from /home/vscode/.local/lib/python3.10/site-packages/airflow/example_dags/example_python_operator.py
[2024-12-20T19:24:15.292+0000] {logging_mixin.py:150} INFO - [2024-12-20T19:24:15.292+0000] {dag.py:2742} INFO - Sync 1 DAGs
[2024-12-20T19:24:15.307+0000] {logging_mixin.py:150} INFO - [2024-12-20T19:24:15.307+0000] {dag.py:3504} INFO - Setting next_dagrun for example_python_operator to None, run_after=None
[2024-12-20T19:24:15.323+0000] {processor.py:179} INFO - Processing /home/vscode/.local/lib/python3.10/site-packages/airflow/example_dags/example_python_operator.py took 0.056 seconds
[2024-12-20T19:25:00.386+0000] {processor.py:157} INFO - Started process (PID=33908) to work on /home/vscode/.local/lib/python3.10/site-packages/airflow/example_dags/example_python_operator.py
[2024-12-20T19:25:00.387+0000] {processor.py:826} INFO - Processing file /home/vscode/.local/lib/python3.10/site-packages/airflow/example_dags/example_python_operator.py for tasks to queue
[2024-12-20T19:25:00.387+0000] {logging_mixin.py:150} INFO - [2024-12-20T19:25:00.387+0000] {dagbag.py:541} INFO - Filling up the DagBag from /home/vscode/.local/lib/python3.10/site-packages/airflow/example_dags/example_python_operator.py
[2024-12-20T19:25:00.395+0000] {processor.py:836} INFO - DAG(s) dict_keys(['example_python_operator']) retrieved from /home/vscode/.local/lib/python3.10/site-packages/airflow/example_dags/example_python_operator.py
[2024-12-20T19:25:00.409+0000] {logging_mixin.py:150} INFO - [2024-12-20T19:25:00.409+0000] {dag.py:2742} INFO - Sync 1 DAGs
[2024-12-20T19:25:00.423+0000] {logging_mixin.py:150} INFO - [2024-12-20T19:25:00.423+0000] {dag.py:3504} INFO - Setting next_dagrun for example_python_operator to None, run_after=None
[2024-12-20T19:25:00.438+0000] {processor.py:179} INFO - Processing /home/vscode/.local/lib/python3.10/site-packages/airflow/example_dags/example_python_operator.py took 0.054 seconds
[2024-12-20T19:25:47.752+0000] {processor.py:157} INFO - Started process (PID=34354) to work on /home/vscode/.local/lib/python3.10/site-packages/airflow/example_dags/example_python_operator.py
[2024-12-20T19:25:47.752+0000] {processor.py:826} INFO - Processing file /home/vscode/.local/lib/python3.10/site-packages/airflow/example_dags/example_python_operator.py for tasks to queue
[2024-12-20T19:25:47.753+0000] {logging_mixin.py:150} INFO - [2024-12-20T19:25:47.753+0000] {dagbag.py:541} INFO - Filling up the DagBag from /home/vscode/.local/lib/python3.10/site-packages/airflow/example_dags/example_python_operator.py
[2024-12-20T19:25:47.761+0000] {processor.py:836} INFO - DAG(s) dict_keys(['example_python_operator']) retrieved from /home/vscode/.local/lib/python3.10/site-packages/airflow/example_dags/example_python_operator.py
[2024-12-20T19:25:47.777+0000] {logging_mixin.py:150} INFO - [2024-12-20T19:25:47.777+0000] {dag.py:2742} INFO - Sync 1 DAGs
[2024-12-20T19:25:47.793+0000] {logging_mixin.py:150} INFO - [2024-12-20T19:25:47.793+0000] {dag.py:3504} INFO - Setting next_dagrun for example_python_operator to None, run_after=None
[2024-12-20T19:25:47.811+0000] {processor.py:179} INFO - Processing /home/vscode/.local/lib/python3.10/site-packages/airflow/example_dags/example_python_operator.py took 0.062 seconds
[2024-12-20T19:26:31.423+0000] {processor.py:157} INFO - Started process (PID=34750) to work on /home/vscode/.local/lib/python3.10/site-packages/airflow/example_dags/example_python_operator.py
[2024-12-20T19:26:31.423+0000] {processor.py:826} INFO - Processing file /home/vscode/.local/lib/python3.10/site-packages/airflow/example_dags/example_python_operator.py for tasks to queue
[2024-12-20T19:26:31.424+0000] {logging_mixin.py:150} INFO - [2024-12-20T19:26:31.424+0000] {dagbag.py:541} INFO - Filling up the DagBag from /home/vscode/.local/lib/python3.10/site-packages/airflow/example_dags/example_python_operator.py
[2024-12-20T19:26:31.431+0000] {processor.py:836} INFO - DAG(s) dict_keys(['example_python_operator']) retrieved from /home/vscode/.local/lib/python3.10/site-packages/airflow/example_dags/example_python_operator.py
[2024-12-20T19:26:31.445+0000] {logging_mixin.py:150} INFO - [2024-12-20T19:26:31.445+0000] {dag.py:2742} INFO - Sync 1 DAGs
[2024-12-20T19:26:31.460+0000] {logging_mixin.py:150} INFO - [2024-12-20T19:26:31.460+0000] {dag.py:3504} INFO - Setting next_dagrun for example_python_operator to None, run_after=None
[2024-12-20T19:26:31.475+0000] {processor.py:179} INFO - Processing /home/vscode/.local/lib/python3.10/site-packages/airflow/example_dags/example_python_operator.py took 0.055 seconds
[2024-12-20T19:33:28.957+0000] {processor.py:157} INFO - Started process (PID=37784) to work on /home/vscode/.local/lib/python3.10/site-packages/airflow/example_dags/example_python_operator.py
[2024-12-20T19:33:28.958+0000] {processor.py:826} INFO - Processing file /home/vscode/.local/lib/python3.10/site-packages/airflow/example_dags/example_python_operator.py for tasks to queue
[2024-12-20T19:33:28.959+0000] {logging_mixin.py:150} INFO - [2024-12-20T19:33:28.958+0000] {dagbag.py:541} INFO - Filling up the DagBag from /home/vscode/.local/lib/python3.10/site-packages/airflow/example_dags/example_python_operator.py
[2024-12-20T19:33:28.967+0000] {processor.py:836} INFO - DAG(s) dict_keys(['example_python_operator']) retrieved from /home/vscode/.local/lib/python3.10/site-packages/airflow/example_dags/example_python_operator.py
[2024-12-20T19:33:29.048+0000] {logging_mixin.py:150} INFO - [2024-12-20T19:33:29.048+0000] {dag.py:2742} INFO - Sync 1 DAGs
[2024-12-20T19:33:29.062+0000] {logging_mixin.py:150} INFO - [2024-12-20T19:33:29.062+0000] {dag.py:3504} INFO - Setting next_dagrun for example_python_operator to None, run_after=None
[2024-12-20T19:33:29.107+0000] {processor.py:179} INFO - Processing /home/vscode/.local/lib/python3.10/site-packages/airflow/example_dags/example_python_operator.py took 0.153 seconds
[2024-12-20T19:34:15.351+0000] {processor.py:157} INFO - Started process (PID=38130) to work on /home/vscode/.local/lib/python3.10/site-packages/airflow/example_dags/example_python_operator.py
[2024-12-20T19:34:15.352+0000] {processor.py:826} INFO - Processing file /home/vscode/.local/lib/python3.10/site-packages/airflow/example_dags/example_python_operator.py for tasks to queue
[2024-12-20T19:34:15.353+0000] {logging_mixin.py:150} INFO - [2024-12-20T19:34:15.352+0000] {dagbag.py:541} INFO - Filling up the DagBag from /home/vscode/.local/lib/python3.10/site-packages/airflow/example_dags/example_python_operator.py
[2024-12-20T19:34:15.361+0000] {processor.py:836} INFO - DAG(s) dict_keys(['example_python_operator']) retrieved from /home/vscode/.local/lib/python3.10/site-packages/airflow/example_dags/example_python_operator.py
[2024-12-20T19:34:15.374+0000] {logging_mixin.py:150} INFO - [2024-12-20T19:34:15.374+0000] {dag.py:2742} INFO - Sync 1 DAGs
[2024-12-20T19:34:15.388+0000] {logging_mixin.py:150} INFO - [2024-12-20T19:34:15.388+0000] {dag.py:3504} INFO - Setting next_dagrun for example_python_operator to None, run_after=None
[2024-12-20T19:34:15.403+0000] {processor.py:179} INFO - Processing /home/vscode/.local/lib/python3.10/site-packages/airflow/example_dags/example_python_operator.py took 0.054 seconds
[2024-12-20T19:35:03.187+0000] {processor.py:157} INFO - Started process (PID=38509) to work on /home/vscode/.local/lib/python3.10/site-packages/airflow/example_dags/example_python_operator.py
[2024-12-20T19:35:03.187+0000] {processor.py:826} INFO - Processing file /home/vscode/.local/lib/python3.10/site-packages/airflow/example_dags/example_python_operator.py for tasks to queue
[2024-12-20T19:35:03.188+0000] {logging_mixin.py:150} INFO - [2024-12-20T19:35:03.188+0000] {dagbag.py:541} INFO - Filling up the DagBag from /home/vscode/.local/lib/python3.10/site-packages/airflow/example_dags/example_python_operator.py
[2024-12-20T19:35:03.195+0000] {processor.py:836} INFO - DAG(s) dict_keys(['example_python_operator']) retrieved from /home/vscode/.local/lib/python3.10/site-packages/airflow/example_dags/example_python_operator.py
[2024-12-20T19:35:03.209+0000] {logging_mixin.py:150} INFO - [2024-12-20T19:35:03.209+0000] {dag.py:2742} INFO - Sync 1 DAGs
[2024-12-20T19:35:03.223+0000] {logging_mixin.py:150} INFO - [2024-12-20T19:35:03.223+0000] {dag.py:3504} INFO - Setting next_dagrun for example_python_operator to None, run_after=None
[2024-12-20T19:35:03.238+0000] {processor.py:179} INFO - Processing /home/vscode/.local/lib/python3.10/site-packages/airflow/example_dags/example_python_operator.py took 0.053 seconds
[2024-12-20T19:35:47.809+0000] {processor.py:157} INFO - Started process (PID=38830) to work on /home/vscode/.local/lib/python3.10/site-packages/airflow/example_dags/example_python_operator.py
[2024-12-20T19:35:47.809+0000] {processor.py:826} INFO - Processing file /home/vscode/.local/lib/python3.10/site-packages/airflow/example_dags/example_python_operator.py for tasks to queue
[2024-12-20T19:35:47.810+0000] {logging_mixin.py:150} INFO - [2024-12-20T19:35:47.810+0000] {dagbag.py:541} INFO - Filling up the DagBag from /home/vscode/.local/lib/python3.10/site-packages/airflow/example_dags/example_python_operator.py
[2024-12-20T19:35:47.818+0000] {processor.py:836} INFO - DAG(s) dict_keys(['example_python_operator']) retrieved from /home/vscode/.local/lib/python3.10/site-packages/airflow/example_dags/example_python_operator.py
[2024-12-20T19:35:47.831+0000] {logging_mixin.py:150} INFO - [2024-12-20T19:35:47.831+0000] {dag.py:2742} INFO - Sync 1 DAGs
[2024-12-20T19:35:47.845+0000] {logging_mixin.py:150} INFO - [2024-12-20T19:35:47.845+0000] {dag.py:3504} INFO - Setting next_dagrun for example_python_operator to None, run_after=None
[2024-12-20T19:35:47.860+0000] {processor.py:179} INFO - Processing /home/vscode/.local/lib/python3.10/site-packages/airflow/example_dags/example_python_operator.py took 0.054 seconds
[2024-12-20T19:36:35.552+0000] {processor.py:157} INFO - Started process (PID=39328) to work on /home/vscode/.local/lib/python3.10/site-packages/airflow/example_dags/example_python_operator.py
[2024-12-20T19:36:35.552+0000] {processor.py:826} INFO - Processing file /home/vscode/.local/lib/python3.10/site-packages/airflow/example_dags/example_python_operator.py for tasks to queue
[2024-12-20T19:36:35.553+0000] {logging_mixin.py:150} INFO - [2024-12-20T19:36:35.553+0000] {dagbag.py:541} INFO - Filling up the DagBag from /home/vscode/.local/lib/python3.10/site-packages/airflow/example_dags/example_python_operator.py
[2024-12-20T19:36:35.560+0000] {processor.py:836} INFO - DAG(s) dict_keys(['example_python_operator']) retrieved from /home/vscode/.local/lib/python3.10/site-packages/airflow/example_dags/example_python_operator.py
[2024-12-20T19:36:35.575+0000] {logging_mixin.py:150} INFO - [2024-12-20T19:36:35.575+0000] {dag.py:2742} INFO - Sync 1 DAGs
[2024-12-20T19:36:35.589+0000] {logging_mixin.py:150} INFO - [2024-12-20T19:36:35.589+0000] {dag.py:3504} INFO - Setting next_dagrun for example_python_operator to None, run_after=None
[2024-12-20T19:36:35.606+0000] {processor.py:179} INFO - Processing /home/vscode/.local/lib/python3.10/site-packages/airflow/example_dags/example_python_operator.py took 0.056 seconds
[2024-12-20T19:37:23.307+0000] {processor.py:157} INFO - Started process (PID=39812) to work on /home/vscode/.local/lib/python3.10/site-packages/airflow/example_dags/example_python_operator.py
[2024-12-20T19:37:23.308+0000] {processor.py:826} INFO - Processing file /home/vscode/.local/lib/python3.10/site-packages/airflow/example_dags/example_python_operator.py for tasks to queue
[2024-12-20T19:37:23.308+0000] {logging_mixin.py:150} INFO - [2024-12-20T19:37:23.308+0000] {dagbag.py:541} INFO - Filling up the DagBag from /home/vscode/.local/lib/python3.10/site-packages/airflow/example_dags/example_python_operator.py
[2024-12-20T19:37:23.316+0000] {processor.py:836} INFO - DAG(s) dict_keys(['example_python_operator']) retrieved from /home/vscode/.local/lib/python3.10/site-packages/airflow/example_dags/example_python_operator.py
[2024-12-20T19:37:23.329+0000] {logging_mixin.py:150} INFO - [2024-12-20T19:37:23.329+0000] {dag.py:2742} INFO - Sync 1 DAGs
[2024-12-20T19:37:23.343+0000] {logging_mixin.py:150} INFO - [2024-12-20T19:37:23.343+0000] {dag.py:3504} INFO - Setting next_dagrun for example_python_operator to None, run_after=None
[2024-12-20T19:37:23.357+0000] {processor.py:179} INFO - Processing /home/vscode/.local/lib/python3.10/site-packages/airflow/example_dags/example_python_operator.py took 0.052 seconds
