[2024-12-20T19:23:05.793+0000] {processor.py:157} INFO - Started process (PID=33049) to work on /home/vscode/.local/lib/python3.10/site-packages/airflow/example_dags/example_task_group_decorator.py
[2024-12-20T19:23:05.793+0000] {processor.py:826} INFO - Processing file /home/vscode/.local/lib/python3.10/site-packages/airflow/example_dags/example_task_group_decorator.py for tasks to queue
[2024-12-20T19:23:05.794+0000] {logging_mixin.py:150} INFO - [2024-12-20T19:23:05.793+0000] {dagbag.py:541} INFO - Filling up the DagBag from /home/vscode/.local/lib/python3.10/site-packages/airflow/example_dags/example_task_group_decorator.py
[2024-12-20T19:23:05.807+0000] {processor.py:836} INFO - DAG(s) dict_keys(['example_task_group_decorator']) retrieved from /home/vscode/.local/lib/python3.10/site-packages/airflow/example_dags/example_task_group_decorator.py
[2024-12-20T19:23:05.826+0000] {logging_mixin.py:150} INFO - [2024-12-20T19:23:05.826+0000] {dag.py:2742} INFO - Sync 1 DAGs
[2024-12-20T19:23:05.929+0000] {logging_mixin.py:150} INFO - [2024-12-20T19:23:05.929+0000] {dag.py:3504} INFO - Setting next_dagrun for example_task_group_decorator to 2024-12-19T19:23:05.929596+00:00, run_after=2024-12-20T19:23:05.929596+00:00
[2024-12-20T19:23:05.945+0000] {processor.py:179} INFO - Processing /home/vscode/.local/lib/python3.10/site-packages/airflow/example_dags/example_task_group_decorator.py took 0.154 seconds
[2024-12-20T19:23:55.812+0000] {processor.py:157} INFO - Started process (PID=33391) to work on /home/vscode/.local/lib/python3.10/site-packages/airflow/example_dags/example_task_group_decorator.py
[2024-12-20T19:23:55.813+0000] {processor.py:826} INFO - Processing file /home/vscode/.local/lib/python3.10/site-packages/airflow/example_dags/example_task_group_decorator.py for tasks to queue
[2024-12-20T19:23:55.813+0000] {logging_mixin.py:150} INFO - [2024-12-20T19:23:55.813+0000] {dagbag.py:541} INFO - Filling up the DagBag from /home/vscode/.local/lib/python3.10/site-packages/airflow/example_dags/example_task_group_decorator.py
[2024-12-20T19:23:55.826+0000] {processor.py:836} INFO - DAG(s) dict_keys(['example_task_group_decorator']) retrieved from /home/vscode/.local/lib/python3.10/site-packages/airflow/example_dags/example_task_group_decorator.py
[2024-12-20T19:23:55.843+0000] {logging_mixin.py:150} INFO - [2024-12-20T19:23:55.843+0000] {dag.py:2742} INFO - Sync 1 DAGs
[2024-12-20T19:23:55.862+0000] {logging_mixin.py:150} INFO - [2024-12-20T19:23:55.862+0000] {dag.py:3504} INFO - Setting next_dagrun for example_task_group_decorator to 2024-12-19T19:23:55.861731+00:00, run_after=2024-12-20T19:23:55.861731+00:00
[2024-12-20T19:23:55.880+0000] {processor.py:179} INFO - Processing /home/vscode/.local/lib/python3.10/site-packages/airflow/example_dags/example_task_group_decorator.py took 0.071 seconds
[2024-12-20T19:24:39.809+0000] {processor.py:157} INFO - Started process (PID=33725) to work on /home/vscode/.local/lib/python3.10/site-packages/airflow/example_dags/example_task_group_decorator.py
[2024-12-20T19:24:39.810+0000] {processor.py:826} INFO - Processing file /home/vscode/.local/lib/python3.10/site-packages/airflow/example_dags/example_task_group_decorator.py for tasks to queue
[2024-12-20T19:24:39.810+0000] {logging_mixin.py:150} INFO - [2024-12-20T19:24:39.810+0000] {dagbag.py:541} INFO - Filling up the DagBag from /home/vscode/.local/lib/python3.10/site-packages/airflow/example_dags/example_task_group_decorator.py
[2024-12-20T19:24:39.821+0000] {processor.py:836} INFO - DAG(s) dict_keys(['example_task_group_decorator']) retrieved from /home/vscode/.local/lib/python3.10/site-packages/airflow/example_dags/example_task_group_decorator.py
[2024-12-20T19:24:39.836+0000] {logging_mixin.py:150} INFO - [2024-12-20T19:24:39.836+0000] {dag.py:2742} INFO - Sync 1 DAGs
[2024-12-20T19:24:39.851+0000] {logging_mixin.py:150} INFO - [2024-12-20T19:24:39.850+0000] {dag.py:3504} INFO - Setting next_dagrun for example_task_group_decorator to 2024-12-19T19:24:39.850646+00:00, run_after=2024-12-20T19:24:39.850646+00:00
[2024-12-20T19:24:39.865+0000] {processor.py:179} INFO - Processing /home/vscode/.local/lib/python3.10/site-packages/airflow/example_dags/example_task_group_decorator.py took 0.058 seconds
[2024-12-20T19:25:13.586+0000] {processor.py:157} INFO - Started process (PID=34036) to work on /home/vscode/.local/lib/python3.10/site-packages/airflow/example_dags/example_task_group_decorator.py
[2024-12-20T19:25:13.587+0000] {processor.py:826} INFO - Processing file /home/vscode/.local/lib/python3.10/site-packages/airflow/example_dags/example_task_group_decorator.py for tasks to queue
[2024-12-20T19:25:13.587+0000] {logging_mixin.py:150} INFO - [2024-12-20T19:25:13.587+0000] {dagbag.py:541} INFO - Filling up the DagBag from /home/vscode/.local/lib/python3.10/site-packages/airflow/example_dags/example_task_group_decorator.py
[2024-12-20T19:25:13.599+0000] {processor.py:836} INFO - DAG(s) dict_keys(['example_task_group_decorator']) retrieved from /home/vscode/.local/lib/python3.10/site-packages/airflow/example_dags/example_task_group_decorator.py
[2024-12-20T19:25:13.613+0000] {logging_mixin.py:150} INFO - [2024-12-20T19:25:13.613+0000] {dag.py:2742} INFO - Sync 1 DAGs
[2024-12-20T19:25:13.627+0000] {logging_mixin.py:150} INFO - [2024-12-20T19:25:13.626+0000] {dag.py:3504} INFO - Setting next_dagrun for example_task_group_decorator to 2024-12-19T19:25:13.626811+00:00, run_after=2024-12-20T19:25:13.626811+00:00
[2024-12-20T19:25:13.641+0000] {processor.py:179} INFO - Processing /home/vscode/.local/lib/python3.10/site-packages/airflow/example_dags/example_task_group_decorator.py took 0.057 seconds
[2024-12-20T19:26:00.290+0000] {processor.py:157} INFO - Started process (PID=34478) to work on /home/vscode/.local/lib/python3.10/site-packages/airflow/example_dags/example_task_group_decorator.py
[2024-12-20T19:26:00.291+0000] {processor.py:826} INFO - Processing file /home/vscode/.local/lib/python3.10/site-packages/airflow/example_dags/example_task_group_decorator.py for tasks to queue
[2024-12-20T19:26:00.292+0000] {logging_mixin.py:150} INFO - [2024-12-20T19:26:00.291+0000] {dagbag.py:541} INFO - Filling up the DagBag from /home/vscode/.local/lib/python3.10/site-packages/airflow/example_dags/example_task_group_decorator.py
[2024-12-20T19:26:00.303+0000] {processor.py:836} INFO - DAG(s) dict_keys(['example_task_group_decorator']) retrieved from /home/vscode/.local/lib/python3.10/site-packages/airflow/example_dags/example_task_group_decorator.py
[2024-12-20T19:26:00.318+0000] {logging_mixin.py:150} INFO - [2024-12-20T19:26:00.317+0000] {dag.py:2742} INFO - Sync 1 DAGs
[2024-12-20T19:26:00.332+0000] {logging_mixin.py:150} INFO - [2024-12-20T19:26:00.332+0000] {dag.py:3504} INFO - Setting next_dagrun for example_task_group_decorator to 2024-12-19T19:26:00.331893+00:00, run_after=2024-12-20T19:26:00.331893+00:00
[2024-12-20T19:26:00.348+0000] {processor.py:179} INFO - Processing /home/vscode/.local/lib/python3.10/site-packages/airflow/example_dags/example_task_group_decorator.py took 0.060 seconds
[2024-12-20T19:26:42.955+0000] {processor.py:157} INFO - Started process (PID=34873) to work on /home/vscode/.local/lib/python3.10/site-packages/airflow/example_dags/example_task_group_decorator.py
[2024-12-20T19:26:42.955+0000] {processor.py:826} INFO - Processing file /home/vscode/.local/lib/python3.10/site-packages/airflow/example_dags/example_task_group_decorator.py for tasks to queue
[2024-12-20T19:26:42.956+0000] {logging_mixin.py:150} INFO - [2024-12-20T19:26:42.956+0000] {dagbag.py:541} INFO - Filling up the DagBag from /home/vscode/.local/lib/python3.10/site-packages/airflow/example_dags/example_task_group_decorator.py
[2024-12-20T19:26:42.967+0000] {processor.py:836} INFO - DAG(s) dict_keys(['example_task_group_decorator']) retrieved from /home/vscode/.local/lib/python3.10/site-packages/airflow/example_dags/example_task_group_decorator.py
[2024-12-20T19:26:42.982+0000] {logging_mixin.py:150} INFO - [2024-12-20T19:26:42.982+0000] {dag.py:2742} INFO - Sync 1 DAGs
[2024-12-20T19:26:42.997+0000] {logging_mixin.py:150} INFO - [2024-12-20T19:26:42.997+0000] {dag.py:3504} INFO - Setting next_dagrun for example_task_group_decorator to 2024-12-19T19:26:42.996873+00:00, run_after=2024-12-20T19:26:42.996873+00:00
[2024-12-20T19:26:43.012+0000] {processor.py:179} INFO - Processing /home/vscode/.local/lib/python3.10/site-packages/airflow/example_dags/example_task_group_decorator.py took 0.060 seconds
[2024-12-20T19:33:07.038+0000] {processor.py:157} INFO - Started process (PID=37627) to work on /home/vscode/.local/lib/python3.10/site-packages/airflow/example_dags/example_task_group_decorator.py
[2024-12-20T19:33:07.039+0000] {processor.py:826} INFO - Processing file /home/vscode/.local/lib/python3.10/site-packages/airflow/example_dags/example_task_group_decorator.py for tasks to queue
[2024-12-20T19:33:07.039+0000] {logging_mixin.py:150} INFO - [2024-12-20T19:33:07.039+0000] {dagbag.py:541} INFO - Filling up the DagBag from /home/vscode/.local/lib/python3.10/site-packages/airflow/example_dags/example_task_group_decorator.py
[2024-12-20T19:33:07.053+0000] {processor.py:836} INFO - DAG(s) dict_keys(['example_task_group_decorator']) retrieved from /home/vscode/.local/lib/python3.10/site-packages/airflow/example_dags/example_task_group_decorator.py
[2024-12-20T19:33:07.072+0000] {logging_mixin.py:150} INFO - [2024-12-20T19:33:07.072+0000] {dag.py:2742} INFO - Sync 1 DAGs
[2024-12-20T19:33:07.165+0000] {logging_mixin.py:150} INFO - [2024-12-20T19:33:07.165+0000] {dag.py:3504} INFO - Setting next_dagrun for example_task_group_decorator to 2024-12-19T19:33:07.165346+00:00, run_after=2024-12-20T19:33:07.165346+00:00
[2024-12-20T19:33:07.179+0000] {processor.py:179} INFO - Processing /home/vscode/.local/lib/python3.10/site-packages/airflow/example_dags/example_task_group_decorator.py took 0.143 seconds
[2024-12-20T19:33:54.749+0000] {processor.py:157} INFO - Started process (PID=37969) to work on /home/vscode/.local/lib/python3.10/site-packages/airflow/example_dags/example_task_group_decorator.py
[2024-12-20T19:33:54.749+0000] {processor.py:826} INFO - Processing file /home/vscode/.local/lib/python3.10/site-packages/airflow/example_dags/example_task_group_decorator.py for tasks to queue
[2024-12-20T19:33:54.750+0000] {logging_mixin.py:150} INFO - [2024-12-20T19:33:54.750+0000] {dagbag.py:541} INFO - Filling up the DagBag from /home/vscode/.local/lib/python3.10/site-packages/airflow/example_dags/example_task_group_decorator.py
[2024-12-20T19:33:54.761+0000] {processor.py:836} INFO - DAG(s) dict_keys(['example_task_group_decorator']) retrieved from /home/vscode/.local/lib/python3.10/site-packages/airflow/example_dags/example_task_group_decorator.py
[2024-12-20T19:33:54.774+0000] {logging_mixin.py:150} INFO - [2024-12-20T19:33:54.774+0000] {dag.py:2742} INFO - Sync 1 DAGs
[2024-12-20T19:33:54.787+0000] {logging_mixin.py:150} INFO - [2024-12-20T19:33:54.787+0000] {dag.py:3504} INFO - Setting next_dagrun for example_task_group_decorator to 2024-12-19T19:33:54.787743+00:00, run_after=2024-12-20T19:33:54.787743+00:00
[2024-12-20T19:33:54.802+0000] {processor.py:179} INFO - Processing /home/vscode/.local/lib/python3.10/site-packages/airflow/example_dags/example_task_group_decorator.py took 0.055 seconds
[2024-12-20T19:34:28.945+0000] {processor.py:157} INFO - Started process (PID=38234) to work on /home/vscode/.local/lib/python3.10/site-packages/airflow/example_dags/example_task_group_decorator.py
[2024-12-20T19:34:28.946+0000] {processor.py:826} INFO - Processing file /home/vscode/.local/lib/python3.10/site-packages/airflow/example_dags/example_task_group_decorator.py for tasks to queue
[2024-12-20T19:34:28.946+0000] {logging_mixin.py:150} INFO - [2024-12-20T19:34:28.946+0000] {dagbag.py:541} INFO - Filling up the DagBag from /home/vscode/.local/lib/python3.10/site-packages/airflow/example_dags/example_task_group_decorator.py
[2024-12-20T19:34:28.957+0000] {processor.py:836} INFO - DAG(s) dict_keys(['example_task_group_decorator']) retrieved from /home/vscode/.local/lib/python3.10/site-packages/airflow/example_dags/example_task_group_decorator.py
[2024-12-20T19:34:28.970+0000] {logging_mixin.py:150} INFO - [2024-12-20T19:34:28.970+0000] {dag.py:2742} INFO - Sync 1 DAGs
[2024-12-20T19:34:28.984+0000] {logging_mixin.py:150} INFO - [2024-12-20T19:34:28.984+0000] {dag.py:3504} INFO - Setting next_dagrun for example_task_group_decorator to 2024-12-19T19:34:28.983863+00:00, run_after=2024-12-20T19:34:28.983863+00:00
[2024-12-20T19:34:28.998+0000] {processor.py:179} INFO - Processing /home/vscode/.local/lib/python3.10/site-packages/airflow/example_dags/example_task_group_decorator.py took 0.055 seconds
[2024-12-20T19:35:11.588+0000] {processor.py:157} INFO - Started process (PID=38574) to work on /home/vscode/.local/lib/python3.10/site-packages/airflow/example_dags/example_task_group_decorator.py
[2024-12-20T19:35:11.588+0000] {processor.py:826} INFO - Processing file /home/vscode/.local/lib/python3.10/site-packages/airflow/example_dags/example_task_group_decorator.py for tasks to queue
[2024-12-20T19:35:11.589+0000] {logging_mixin.py:150} INFO - [2024-12-20T19:35:11.589+0000] {dagbag.py:541} INFO - Filling up the DagBag from /home/vscode/.local/lib/python3.10/site-packages/airflow/example_dags/example_task_group_decorator.py
[2024-12-20T19:35:11.600+0000] {processor.py:836} INFO - DAG(s) dict_keys(['example_task_group_decorator']) retrieved from /home/vscode/.local/lib/python3.10/site-packages/airflow/example_dags/example_task_group_decorator.py
[2024-12-20T19:35:11.613+0000] {logging_mixin.py:150} INFO - [2024-12-20T19:35:11.613+0000] {dag.py:2742} INFO - Sync 1 DAGs
[2024-12-20T19:35:11.626+0000] {logging_mixin.py:150} INFO - [2024-12-20T19:35:11.626+0000] {dag.py:3504} INFO - Setting next_dagrun for example_task_group_decorator to 2024-12-19T19:35:11.626576+00:00, run_after=2024-12-20T19:35:11.626576+00:00
[2024-12-20T19:35:11.640+0000] {processor.py:179} INFO - Processing /home/vscode/.local/lib/python3.10/site-packages/airflow/example_dags/example_task_group_decorator.py took 0.055 seconds
[2024-12-20T19:35:55.553+0000] {processor.py:157} INFO - Started process (PID=38893) to work on /home/vscode/.local/lib/python3.10/site-packages/airflow/example_dags/example_task_group_decorator.py
[2024-12-20T19:35:55.553+0000] {processor.py:826} INFO - Processing file /home/vscode/.local/lib/python3.10/site-packages/airflow/example_dags/example_task_group_decorator.py for tasks to queue
[2024-12-20T19:35:55.554+0000] {logging_mixin.py:150} INFO - [2024-12-20T19:35:55.554+0000] {dagbag.py:541} INFO - Filling up the DagBag from /home/vscode/.local/lib/python3.10/site-packages/airflow/example_dags/example_task_group_decorator.py
[2024-12-20T19:35:55.565+0000] {processor.py:836} INFO - DAG(s) dict_keys(['example_task_group_decorator']) retrieved from /home/vscode/.local/lib/python3.10/site-packages/airflow/example_dags/example_task_group_decorator.py
[2024-12-20T19:35:55.579+0000] {logging_mixin.py:150} INFO - [2024-12-20T19:35:55.579+0000] {dag.py:2742} INFO - Sync 1 DAGs
[2024-12-20T19:35:55.593+0000] {logging_mixin.py:150} INFO - [2024-12-20T19:35:55.593+0000] {dag.py:3504} INFO - Setting next_dagrun for example_task_group_decorator to 2024-12-19T19:35:55.592928+00:00, run_after=2024-12-20T19:35:55.592928+00:00
[2024-12-20T19:35:55.611+0000] {processor.py:179} INFO - Processing /home/vscode/.local/lib/python3.10/site-packages/airflow/example_dags/example_task_group_decorator.py took 0.060 seconds
[2024-12-20T19:36:28.890+0000] {processor.py:157} INFO - Started process (PID=39263) to work on /home/vscode/.local/lib/python3.10/site-packages/airflow/example_dags/example_task_group_decorator.py
[2024-12-20T19:36:28.890+0000] {processor.py:826} INFO - Processing file /home/vscode/.local/lib/python3.10/site-packages/airflow/example_dags/example_task_group_decorator.py for tasks to queue
[2024-12-20T19:36:28.891+0000] {logging_mixin.py:150} INFO - [2024-12-20T19:36:28.891+0000] {dagbag.py:541} INFO - Filling up the DagBag from /home/vscode/.local/lib/python3.10/site-packages/airflow/example_dags/example_task_group_decorator.py
[2024-12-20T19:36:28.902+0000] {processor.py:836} INFO - DAG(s) dict_keys(['example_task_group_decorator']) retrieved from /home/vscode/.local/lib/python3.10/site-packages/airflow/example_dags/example_task_group_decorator.py
[2024-12-20T19:36:28.915+0000] {logging_mixin.py:150} INFO - [2024-12-20T19:36:28.915+0000] {dag.py:2742} INFO - Sync 1 DAGs
[2024-12-20T19:36:28.929+0000] {logging_mixin.py:150} INFO - [2024-12-20T19:36:28.929+0000] {dag.py:3504} INFO - Setting next_dagrun for example_task_group_decorator to 2024-12-19T19:36:28.928919+00:00, run_after=2024-12-20T19:36:28.928919+00:00
[2024-12-20T19:36:28.943+0000] {processor.py:179} INFO - Processing /home/vscode/.local/lib/python3.10/site-packages/airflow/example_dags/example_task_group_decorator.py took 0.056 seconds
[2024-12-20T19:37:02.030+0000] {processor.py:157} INFO - Started process (PID=39557) to work on /home/vscode/.local/lib/python3.10/site-packages/airflow/example_dags/example_task_group_decorator.py
[2024-12-20T19:37:02.031+0000] {processor.py:826} INFO - Processing file /home/vscode/.local/lib/python3.10/site-packages/airflow/example_dags/example_task_group_decorator.py for tasks to queue
[2024-12-20T19:37:02.031+0000] {logging_mixin.py:150} INFO - [2024-12-20T19:37:02.031+0000] {dagbag.py:541} INFO - Filling up the DagBag from /home/vscode/.local/lib/python3.10/site-packages/airflow/example_dags/example_task_group_decorator.py
[2024-12-20T19:37:02.042+0000] {processor.py:836} INFO - DAG(s) dict_keys(['example_task_group_decorator']) retrieved from /home/vscode/.local/lib/python3.10/site-packages/airflow/example_dags/example_task_group_decorator.py
[2024-12-20T19:37:02.057+0000] {logging_mixin.py:150} INFO - [2024-12-20T19:37:02.057+0000] {dag.py:2742} INFO - Sync 1 DAGs
[2024-12-20T19:37:02.071+0000] {logging_mixin.py:150} INFO - [2024-12-20T19:37:02.071+0000] {dag.py:3504} INFO - Setting next_dagrun for example_task_group_decorator to 2024-12-19T19:37:02.071123+00:00, run_after=2024-12-20T19:37:02.071123+00:00
[2024-12-20T19:37:02.087+0000] {processor.py:179} INFO - Processing /home/vscode/.local/lib/python3.10/site-packages/airflow/example_dags/example_task_group_decorator.py took 0.058 seconds
[2024-12-20T19:37:46.114+0000] {processor.py:157} INFO - Started process (PID=40082) to work on /home/vscode/.local/lib/python3.10/site-packages/airflow/example_dags/example_task_group_decorator.py
[2024-12-20T19:37:46.115+0000] {processor.py:826} INFO - Processing file /home/vscode/.local/lib/python3.10/site-packages/airflow/example_dags/example_task_group_decorator.py for tasks to queue
[2024-12-20T19:37:46.116+0000] {logging_mixin.py:150} INFO - [2024-12-20T19:37:46.115+0000] {dagbag.py:541} INFO - Filling up the DagBag from /home/vscode/.local/lib/python3.10/site-packages/airflow/example_dags/example_task_group_decorator.py
[2024-12-20T19:37:46.127+0000] {processor.py:836} INFO - DAG(s) dict_keys(['example_task_group_decorator']) retrieved from /home/vscode/.local/lib/python3.10/site-packages/airflow/example_dags/example_task_group_decorator.py
[2024-12-20T19:37:46.140+0000] {logging_mixin.py:150} INFO - [2024-12-20T19:37:46.140+0000] {dag.py:2742} INFO - Sync 1 DAGs
[2024-12-20T19:37:46.153+0000] {logging_mixin.py:150} INFO - [2024-12-20T19:37:46.153+0000] {dag.py:3504} INFO - Setting next_dagrun for example_task_group_decorator to 2024-12-19T19:37:46.153484+00:00, run_after=2024-12-20T19:37:46.153484+00:00
[2024-12-20T19:37:46.168+0000] {processor.py:179} INFO - Processing /home/vscode/.local/lib/python3.10/site-packages/airflow/example_dags/example_task_group_decorator.py took 0.055 seconds
