[2024-12-20T19:23:42.993+0000] {processor.py:157} INFO - Started process (PID=33303) to work on /home/vscode/.local/lib/python3.10/site-packages/airflow/example_dags/example_local_kubernetes_executor.py
[2024-12-20T19:23:42.993+0000] {processor.py:826} INFO - Processing file /home/vscode/.local/lib/python3.10/site-packages/airflow/example_dags/example_local_kubernetes_executor.py for tasks to queue
[2024-12-20T19:23:42.994+0000] {logging_mixin.py:150} INFO - [2024-12-20T19:23:42.994+0000] {dagbag.py:541} INFO - Filling up the DagBag from /home/vscode/.local/lib/python3.10/site-packages/airflow/example_dags/example_local_kubernetes_executor.py
[2024-12-20T19:23:43.182+0000] {processor.py:836} INFO - DAG(s) dict_keys(['example_local_kubernetes_executor']) retrieved from /home/vscode/.local/lib/python3.10/site-packages/airflow/example_dags/example_local_kubernetes_executor.py
[2024-12-20T19:23:43.205+0000] {logging_mixin.py:150} INFO - [2024-12-20T19:23:43.205+0000] {dag.py:2742} INFO - Sync 1 DAGs
[2024-12-20T19:23:43.220+0000] {logging_mixin.py:150} INFO - [2024-12-20T19:23:43.220+0000] {dag.py:3504} INFO - Setting next_dagrun for example_local_kubernetes_executor to None, run_after=None
[2024-12-20T19:23:43.236+0000] {processor.py:179} INFO - Processing /home/vscode/.local/lib/python3.10/site-packages/airflow/example_dags/example_local_kubernetes_executor.py took 0.245 seconds
[2024-12-20T19:24:31.848+0000] {processor.py:157} INFO - Started process (PID=33661) to work on /home/vscode/.local/lib/python3.10/site-packages/airflow/example_dags/example_local_kubernetes_executor.py
[2024-12-20T19:24:31.849+0000] {processor.py:826} INFO - Processing file /home/vscode/.local/lib/python3.10/site-packages/airflow/example_dags/example_local_kubernetes_executor.py for tasks to queue
[2024-12-20T19:24:31.850+0000] {logging_mixin.py:150} INFO - [2024-12-20T19:24:31.849+0000] {dagbag.py:541} INFO - Filling up the DagBag from /home/vscode/.local/lib/python3.10/site-packages/airflow/example_dags/example_local_kubernetes_executor.py
[2024-12-20T19:24:32.039+0000] {processor.py:836} INFO - DAG(s) dict_keys(['example_local_kubernetes_executor']) retrieved from /home/vscode/.local/lib/python3.10/site-packages/airflow/example_dags/example_local_kubernetes_executor.py
[2024-12-20T19:24:32.069+0000] {logging_mixin.py:150} INFO - [2024-12-20T19:24:32.068+0000] {dag.py:2742} INFO - Sync 1 DAGs
[2024-12-20T19:24:32.089+0000] {logging_mixin.py:150} INFO - [2024-12-20T19:24:32.089+0000] {dag.py:3504} INFO - Setting next_dagrun for example_local_kubernetes_executor to None, run_after=None
[2024-12-20T19:24:32.109+0000] {processor.py:179} INFO - Processing /home/vscode/.local/lib/python3.10/site-packages/airflow/example_dags/example_local_kubernetes_executor.py took 0.264 seconds
[2024-12-20T19:25:18.109+0000] {processor.py:157} INFO - Started process (PID=34086) to work on /home/vscode/.local/lib/python3.10/site-packages/airflow/example_dags/example_local_kubernetes_executor.py
[2024-12-20T19:25:18.110+0000] {processor.py:826} INFO - Processing file /home/vscode/.local/lib/python3.10/site-packages/airflow/example_dags/example_local_kubernetes_executor.py for tasks to queue
[2024-12-20T19:25:18.111+0000] {logging_mixin.py:150} INFO - [2024-12-20T19:25:18.110+0000] {dagbag.py:541} INFO - Filling up the DagBag from /home/vscode/.local/lib/python3.10/site-packages/airflow/example_dags/example_local_kubernetes_executor.py
[2024-12-20T19:25:18.294+0000] {processor.py:836} INFO - DAG(s) dict_keys(['example_local_kubernetes_executor']) retrieved from /home/vscode/.local/lib/python3.10/site-packages/airflow/example_dags/example_local_kubernetes_executor.py
[2024-12-20T19:25:18.324+0000] {logging_mixin.py:150} INFO - [2024-12-20T19:25:18.324+0000] {dag.py:2742} INFO - Sync 1 DAGs
[2024-12-20T19:25:18.341+0000] {logging_mixin.py:150} INFO - [2024-12-20T19:25:18.340+0000] {dag.py:3504} INFO - Setting next_dagrun for example_local_kubernetes_executor to None, run_after=None
[2024-12-20T19:25:18.355+0000] {processor.py:179} INFO - Processing /home/vscode/.local/lib/python3.10/site-packages/airflow/example_dags/example_local_kubernetes_executor.py took 0.248 seconds
[2024-12-20T19:26:04.469+0000] {processor.py:157} INFO - Started process (PID=34519) to work on /home/vscode/.local/lib/python3.10/site-packages/airflow/example_dags/example_local_kubernetes_executor.py
[2024-12-20T19:26:04.470+0000] {processor.py:826} INFO - Processing file /home/vscode/.local/lib/python3.10/site-packages/airflow/example_dags/example_local_kubernetes_executor.py for tasks to queue
[2024-12-20T19:26:04.470+0000] {logging_mixin.py:150} INFO - [2024-12-20T19:26:04.470+0000] {dagbag.py:541} INFO - Filling up the DagBag from /home/vscode/.local/lib/python3.10/site-packages/airflow/example_dags/example_local_kubernetes_executor.py
[2024-12-20T19:26:04.646+0000] {processor.py:836} INFO - DAG(s) dict_keys(['example_local_kubernetes_executor']) retrieved from /home/vscode/.local/lib/python3.10/site-packages/airflow/example_dags/example_local_kubernetes_executor.py
[2024-12-20T19:26:04.666+0000] {logging_mixin.py:150} INFO - [2024-12-20T19:26:04.666+0000] {dag.py:2742} INFO - Sync 1 DAGs
[2024-12-20T19:26:04.680+0000] {logging_mixin.py:150} INFO - [2024-12-20T19:26:04.680+0000] {dag.py:3504} INFO - Setting next_dagrun for example_local_kubernetes_executor to None, run_after=None
[2024-12-20T19:26:04.694+0000] {processor.py:179} INFO - Processing /home/vscode/.local/lib/python3.10/site-packages/airflow/example_dags/example_local_kubernetes_executor.py took 0.227 seconds
[2024-12-20T19:33:42.765+0000] {processor.py:157} INFO - Started process (PID=37879) to work on /home/vscode/.local/lib/python3.10/site-packages/airflow/example_dags/example_local_kubernetes_executor.py
[2024-12-20T19:33:42.765+0000] {processor.py:826} INFO - Processing file /home/vscode/.local/lib/python3.10/site-packages/airflow/example_dags/example_local_kubernetes_executor.py for tasks to queue
[2024-12-20T19:33:42.766+0000] {logging_mixin.py:150} INFO - [2024-12-20T19:33:42.766+0000] {dagbag.py:541} INFO - Filling up the DagBag from /home/vscode/.local/lib/python3.10/site-packages/airflow/example_dags/example_local_kubernetes_executor.py
[2024-12-20T19:33:42.943+0000] {processor.py:836} INFO - DAG(s) dict_keys(['example_local_kubernetes_executor']) retrieved from /home/vscode/.local/lib/python3.10/site-packages/airflow/example_dags/example_local_kubernetes_executor.py
[2024-12-20T19:33:42.964+0000] {logging_mixin.py:150} INFO - [2024-12-20T19:33:42.963+0000] {dag.py:2742} INFO - Sync 1 DAGs
[2024-12-20T19:33:42.977+0000] {logging_mixin.py:150} INFO - [2024-12-20T19:33:42.977+0000] {dag.py:3504} INFO - Setting next_dagrun for example_local_kubernetes_executor to None, run_after=None
[2024-12-20T19:33:42.992+0000] {processor.py:179} INFO - Processing /home/vscode/.local/lib/python3.10/site-packages/airflow/example_dags/example_local_kubernetes_executor.py took 0.229 seconds
[2024-12-20T19:34:34.084+0000] {processor.py:157} INFO - Started process (PID=38275) to work on /home/vscode/.local/lib/python3.10/site-packages/airflow/example_dags/example_local_kubernetes_executor.py
[2024-12-20T19:34:34.084+0000] {processor.py:826} INFO - Processing file /home/vscode/.local/lib/python3.10/site-packages/airflow/example_dags/example_local_kubernetes_executor.py for tasks to queue
[2024-12-20T19:34:34.085+0000] {logging_mixin.py:150} INFO - [2024-12-20T19:34:34.085+0000] {dagbag.py:541} INFO - Filling up the DagBag from /home/vscode/.local/lib/python3.10/site-packages/airflow/example_dags/example_local_kubernetes_executor.py
[2024-12-20T19:34:34.380+0000] {processor.py:836} INFO - DAG(s) dict_keys(['example_local_kubernetes_executor']) retrieved from /home/vscode/.local/lib/python3.10/site-packages/airflow/example_dags/example_local_kubernetes_executor.py
[2024-12-20T19:34:34.400+0000] {logging_mixin.py:150} INFO - [2024-12-20T19:34:34.399+0000] {dag.py:2742} INFO - Sync 1 DAGs
[2024-12-20T19:34:34.413+0000] {logging_mixin.py:150} INFO - [2024-12-20T19:34:34.413+0000] {dag.py:3504} INFO - Setting next_dagrun for example_local_kubernetes_executor to None, run_after=None
[2024-12-20T19:34:34.429+0000] {processor.py:179} INFO - Processing /home/vscode/.local/lib/python3.10/site-packages/airflow/example_dags/example_local_kubernetes_executor.py took 0.347 seconds
[2024-12-20T19:35:16.725+0000] {processor.py:157} INFO - Started process (PID=38607) to work on /home/vscode/.local/lib/python3.10/site-packages/airflow/example_dags/example_local_kubernetes_executor.py
[2024-12-20T19:35:16.726+0000] {processor.py:826} INFO - Processing file /home/vscode/.local/lib/python3.10/site-packages/airflow/example_dags/example_local_kubernetes_executor.py for tasks to queue
[2024-12-20T19:35:16.726+0000] {logging_mixin.py:150} INFO - [2024-12-20T19:35:16.726+0000] {dagbag.py:541} INFO - Filling up the DagBag from /home/vscode/.local/lib/python3.10/site-packages/airflow/example_dags/example_local_kubernetes_executor.py
[2024-12-20T19:35:16.904+0000] {processor.py:836} INFO - DAG(s) dict_keys(['example_local_kubernetes_executor']) retrieved from /home/vscode/.local/lib/python3.10/site-packages/airflow/example_dags/example_local_kubernetes_executor.py
[2024-12-20T19:35:16.923+0000] {logging_mixin.py:150} INFO - [2024-12-20T19:35:16.922+0000] {dag.py:2742} INFO - Sync 1 DAGs
[2024-12-20T19:35:16.936+0000] {logging_mixin.py:150} INFO - [2024-12-20T19:35:16.936+0000] {dag.py:3504} INFO - Setting next_dagrun for example_local_kubernetes_executor to None, run_after=None
[2024-12-20T19:35:16.950+0000] {processor.py:179} INFO - Processing /home/vscode/.local/lib/python3.10/site-packages/airflow/example_dags/example_local_kubernetes_executor.py took 0.227 seconds
[2024-12-20T19:36:04.343+0000] {processor.py:157} INFO - Started process (PID=38999) to work on /home/vscode/.local/lib/python3.10/site-packages/airflow/example_dags/example_local_kubernetes_executor.py
[2024-12-20T19:36:04.343+0000] {processor.py:826} INFO - Processing file /home/vscode/.local/lib/python3.10/site-packages/airflow/example_dags/example_local_kubernetes_executor.py for tasks to queue
[2024-12-20T19:36:04.344+0000] {logging_mixin.py:150} INFO - [2024-12-20T19:36:04.344+0000] {dagbag.py:541} INFO - Filling up the DagBag from /home/vscode/.local/lib/python3.10/site-packages/airflow/example_dags/example_local_kubernetes_executor.py
[2024-12-20T19:36:04.516+0000] {processor.py:836} INFO - DAG(s) dict_keys(['example_local_kubernetes_executor']) retrieved from /home/vscode/.local/lib/python3.10/site-packages/airflow/example_dags/example_local_kubernetes_executor.py
[2024-12-20T19:36:04.535+0000] {logging_mixin.py:150} INFO - [2024-12-20T19:36:04.535+0000] {dag.py:2742} INFO - Sync 1 DAGs
[2024-12-20T19:36:04.548+0000] {logging_mixin.py:150} INFO - [2024-12-20T19:36:04.548+0000] {dag.py:3504} INFO - Setting next_dagrun for example_local_kubernetes_executor to None, run_after=None
[2024-12-20T19:36:04.562+0000] {processor.py:179} INFO - Processing /home/vscode/.local/lib/python3.10/site-packages/airflow/example_dags/example_local_kubernetes_executor.py took 0.222 seconds
[2024-12-20T19:36:52.908+0000] {processor.py:157} INFO - Started process (PID=39487) to work on /home/vscode/.local/lib/python3.10/site-packages/airflow/example_dags/example_local_kubernetes_executor.py
[2024-12-20T19:36:52.908+0000] {processor.py:826} INFO - Processing file /home/vscode/.local/lib/python3.10/site-packages/airflow/example_dags/example_local_kubernetes_executor.py for tasks to queue
[2024-12-20T19:36:52.909+0000] {logging_mixin.py:150} INFO - [2024-12-20T19:36:52.909+0000] {dagbag.py:541} INFO - Filling up the DagBag from /home/vscode/.local/lib/python3.10/site-packages/airflow/example_dags/example_local_kubernetes_executor.py
[2024-12-20T19:36:53.086+0000] {processor.py:836} INFO - DAG(s) dict_keys(['example_local_kubernetes_executor']) retrieved from /home/vscode/.local/lib/python3.10/site-packages/airflow/example_dags/example_local_kubernetes_executor.py
[2024-12-20T19:36:53.105+0000] {logging_mixin.py:150} INFO - [2024-12-20T19:36:53.105+0000] {dag.py:2742} INFO - Sync 1 DAGs
[2024-12-20T19:36:53.119+0000] {logging_mixin.py:150} INFO - [2024-12-20T19:36:53.119+0000] {dag.py:3504} INFO - Setting next_dagrun for example_local_kubernetes_executor to None, run_after=None
[2024-12-20T19:36:53.133+0000] {processor.py:179} INFO - Processing /home/vscode/.local/lib/python3.10/site-packages/airflow/example_dags/example_local_kubernetes_executor.py took 0.227 seconds
[2024-12-20T19:37:37.998+0000] {processor.py:157} INFO - Started process (PID=40001) to work on /home/vscode/.local/lib/python3.10/site-packages/airflow/example_dags/example_local_kubernetes_executor.py
[2024-12-20T19:37:37.999+0000] {processor.py:826} INFO - Processing file /home/vscode/.local/lib/python3.10/site-packages/airflow/example_dags/example_local_kubernetes_executor.py for tasks to queue
[2024-12-20T19:37:37.999+0000] {logging_mixin.py:150} INFO - [2024-12-20T19:37:37.999+0000] {dagbag.py:541} INFO - Filling up the DagBag from /home/vscode/.local/lib/python3.10/site-packages/airflow/example_dags/example_local_kubernetes_executor.py
[2024-12-20T19:37:38.183+0000] {processor.py:836} INFO - DAG(s) dict_keys(['example_local_kubernetes_executor']) retrieved from /home/vscode/.local/lib/python3.10/site-packages/airflow/example_dags/example_local_kubernetes_executor.py
[2024-12-20T19:37:38.203+0000] {logging_mixin.py:150} INFO - [2024-12-20T19:37:38.203+0000] {dag.py:2742} INFO - Sync 1 DAGs
[2024-12-20T19:37:38.217+0000] {logging_mixin.py:150} INFO - [2024-12-20T19:37:38.217+0000] {dag.py:3504} INFO - Setting next_dagrun for example_local_kubernetes_executor to None, run_after=None
[2024-12-20T19:37:38.233+0000] {processor.py:179} INFO - Processing /home/vscode/.local/lib/python3.10/site-packages/airflow/example_dags/example_local_kubernetes_executor.py took 0.237 seconds
