[2024-12-20T19:23:40.151+0000] {processor.py:157} INFO - Started process (PID=33280) to work on /home/vscode/.local/lib/python3.10/site-packages/airflow/example_dags/example_datasets.py
[2024-12-20T19:23:40.151+0000] {processor.py:826} INFO - Processing file /home/vscode/.local/lib/python3.10/site-packages/airflow/example_dags/example_datasets.py for tasks to queue
[2024-12-20T19:23:40.152+0000] {logging_mixin.py:150} INFO - [2024-12-20T19:23:40.152+0000] {dagbag.py:541} INFO - Filling up the DagBag from /home/vscode/.local/lib/python3.10/site-packages/airflow/example_dags/example_datasets.py
[2024-12-20T19:23:40.159+0000] {processor.py:836} INFO - DAG(s) dict_keys(['dataset_consumes_unknown_never_scheduled', 'dataset_produces_1', 'dataset_consumes_1_never_scheduled', 'dataset_produces_2', 'dataset_consumes_1', 'dataset_consumes_1_and_2']) retrieved from /home/vscode/.local/lib/python3.10/site-packages/airflow/example_dags/example_datasets.py
[2024-12-20T19:23:40.180+0000] {logging_mixin.py:150} INFO - [2024-12-20T19:23:40.180+0000] {dag.py:2742} INFO - Sync 6 DAGs
[2024-12-20T19:23:40.196+0000] {logging_mixin.py:150} INFO - [2024-12-20T19:23:40.195+0000] {dag.py:3504} INFO - Setting next_dagrun for dataset_consumes_1 to None, run_after=None
[2024-12-20T19:23:40.198+0000] {logging_mixin.py:150} INFO - [2024-12-20T19:23:40.198+0000] {dag.py:3504} INFO - Setting next_dagrun for dataset_consumes_1_and_2 to None, run_after=None
[2024-12-20T19:23:40.199+0000] {logging_mixin.py:150} INFO - [2024-12-20T19:23:40.199+0000] {dag.py:3504} INFO - Setting next_dagrun for dataset_consumes_1_never_scheduled to None, run_after=None
[2024-12-20T19:23:40.199+0000] {logging_mixin.py:150} INFO - [2024-12-20T19:23:40.199+0000] {dag.py:3504} INFO - Setting next_dagrun for dataset_consumes_unknown_never_scheduled to None, run_after=None
[2024-12-20T19:23:40.201+0000] {logging_mixin.py:150} INFO - [2024-12-20T19:23:40.201+0000] {dag.py:3504} INFO - Setting next_dagrun for dataset_produces_1 to 2024-12-19T00:00:00+00:00, run_after=2024-12-20T00:00:00+00:00
[2024-12-20T19:23:40.202+0000] {logging_mixin.py:150} INFO - [2024-12-20T19:23:40.202+0000] {dag.py:3504} INFO - Setting next_dagrun for dataset_produces_2 to None, run_after=None
[2024-12-20T19:23:40.224+0000] {processor.py:179} INFO - Processing /home/vscode/.local/lib/python3.10/site-packages/airflow/example_dags/example_datasets.py took 0.075 seconds
[2024-12-20T19:24:28.996+0000] {processor.py:157} INFO - Started process (PID=33636) to work on /home/vscode/.local/lib/python3.10/site-packages/airflow/example_dags/example_datasets.py
[2024-12-20T19:24:28.997+0000] {processor.py:826} INFO - Processing file /home/vscode/.local/lib/python3.10/site-packages/airflow/example_dags/example_datasets.py for tasks to queue
[2024-12-20T19:24:28.997+0000] {logging_mixin.py:150} INFO - [2024-12-20T19:24:28.997+0000] {dagbag.py:541} INFO - Filling up the DagBag from /home/vscode/.local/lib/python3.10/site-packages/airflow/example_dags/example_datasets.py
[2024-12-20T19:24:29.004+0000] {processor.py:836} INFO - DAG(s) dict_keys(['dataset_consumes_1_never_scheduled', 'dataset_produces_2', 'dataset_consumes_1_and_2', 'dataset_consumes_1', 'dataset_produces_1', 'dataset_consumes_unknown_never_scheduled']) retrieved from /home/vscode/.local/lib/python3.10/site-packages/airflow/example_dags/example_datasets.py
[2024-12-20T19:24:29.026+0000] {logging_mixin.py:150} INFO - [2024-12-20T19:24:29.026+0000] {dag.py:2742} INFO - Sync 6 DAGs
[2024-12-20T19:24:29.041+0000] {logging_mixin.py:150} INFO - [2024-12-20T19:24:29.041+0000] {dag.py:3504} INFO - Setting next_dagrun for dataset_consumes_1 to None, run_after=None
[2024-12-20T19:24:29.043+0000] {logging_mixin.py:150} INFO - [2024-12-20T19:24:29.043+0000] {dag.py:3504} INFO - Setting next_dagrun for dataset_consumes_1_and_2 to None, run_after=None
[2024-12-20T19:24:29.044+0000] {logging_mixin.py:150} INFO - [2024-12-20T19:24:29.044+0000] {dag.py:3504} INFO - Setting next_dagrun for dataset_consumes_1_never_scheduled to None, run_after=None
[2024-12-20T19:24:29.045+0000] {logging_mixin.py:150} INFO - [2024-12-20T19:24:29.045+0000] {dag.py:3504} INFO - Setting next_dagrun for dataset_consumes_unknown_never_scheduled to None, run_after=None
[2024-12-20T19:24:29.046+0000] {logging_mixin.py:150} INFO - [2024-12-20T19:24:29.046+0000] {dag.py:3504} INFO - Setting next_dagrun for dataset_produces_1 to 2024-12-19T00:00:00+00:00, run_after=2024-12-20T00:00:00+00:00
[2024-12-20T19:24:29.047+0000] {logging_mixin.py:150} INFO - [2024-12-20T19:24:29.047+0000] {dag.py:3504} INFO - Setting next_dagrun for dataset_produces_2 to None, run_after=None
[2024-12-20T19:24:29.069+0000] {processor.py:179} INFO - Processing /home/vscode/.local/lib/python3.10/site-packages/airflow/example_dags/example_datasets.py took 0.076 seconds
[2024-12-20T19:25:14.743+0000] {processor.py:157} INFO - Started process (PID=34059) to work on /home/vscode/.local/lib/python3.10/site-packages/airflow/example_dags/example_datasets.py
[2024-12-20T19:25:14.744+0000] {processor.py:826} INFO - Processing file /home/vscode/.local/lib/python3.10/site-packages/airflow/example_dags/example_datasets.py for tasks to queue
[2024-12-20T19:25:14.744+0000] {logging_mixin.py:150} INFO - [2024-12-20T19:25:14.744+0000] {dagbag.py:541} INFO - Filling up the DagBag from /home/vscode/.local/lib/python3.10/site-packages/airflow/example_dags/example_datasets.py
[2024-12-20T19:25:14.755+0000] {processor.py:836} INFO - DAG(s) dict_keys(['dataset_produces_1', 'dataset_consumes_unknown_never_scheduled', 'dataset_consumes_1_never_scheduled', 'dataset_consumes_1_and_2', 'dataset_produces_2', 'dataset_consumes_1']) retrieved from /home/vscode/.local/lib/python3.10/site-packages/airflow/example_dags/example_datasets.py
[2024-12-20T19:25:14.787+0000] {logging_mixin.py:150} INFO - [2024-12-20T19:25:14.787+0000] {dag.py:2742} INFO - Sync 6 DAGs
[2024-12-20T19:25:14.813+0000] {logging_mixin.py:150} INFO - [2024-12-20T19:25:14.813+0000] {dag.py:3504} INFO - Setting next_dagrun for dataset_consumes_1 to None, run_after=None
[2024-12-20T19:25:14.816+0000] {logging_mixin.py:150} INFO - [2024-12-20T19:25:14.815+0000] {dag.py:3504} INFO - Setting next_dagrun for dataset_consumes_1_and_2 to None, run_after=None
[2024-12-20T19:25:14.816+0000] {logging_mixin.py:150} INFO - [2024-12-20T19:25:14.816+0000] {dag.py:3504} INFO - Setting next_dagrun for dataset_consumes_1_never_scheduled to None, run_after=None
[2024-12-20T19:25:14.817+0000] {logging_mixin.py:150} INFO - [2024-12-20T19:25:14.817+0000] {dag.py:3504} INFO - Setting next_dagrun for dataset_consumes_unknown_never_scheduled to None, run_after=None
[2024-12-20T19:25:14.819+0000] {logging_mixin.py:150} INFO - [2024-12-20T19:25:14.819+0000] {dag.py:3504} INFO - Setting next_dagrun for dataset_produces_1 to 2024-12-19T00:00:00+00:00, run_after=2024-12-20T00:00:00+00:00
[2024-12-20T19:25:14.820+0000] {logging_mixin.py:150} INFO - [2024-12-20T19:25:14.819+0000] {dag.py:3504} INFO - Setting next_dagrun for dataset_produces_2 to None, run_after=None
[2024-12-20T19:25:14.844+0000] {processor.py:179} INFO - Processing /home/vscode/.local/lib/python3.10/site-packages/airflow/example_dags/example_datasets.py took 0.103 seconds
[2024-12-20T19:26:02.249+0000] {processor.py:157} INFO - Started process (PID=34501) to work on /home/vscode/.local/lib/python3.10/site-packages/airflow/example_dags/example_datasets.py
[2024-12-20T19:26:02.249+0000] {processor.py:826} INFO - Processing file /home/vscode/.local/lib/python3.10/site-packages/airflow/example_dags/example_datasets.py for tasks to queue
[2024-12-20T19:26:02.250+0000] {logging_mixin.py:150} INFO - [2024-12-20T19:26:02.250+0000] {dagbag.py:541} INFO - Filling up the DagBag from /home/vscode/.local/lib/python3.10/site-packages/airflow/example_dags/example_datasets.py
[2024-12-20T19:26:02.257+0000] {processor.py:836} INFO - DAG(s) dict_keys(['dataset_produces_1', 'dataset_consumes_unknown_never_scheduled', 'dataset_produces_2', 'dataset_consumes_1', 'dataset_consumes_1_and_2', 'dataset_consumes_1_never_scheduled']) retrieved from /home/vscode/.local/lib/python3.10/site-packages/airflow/example_dags/example_datasets.py
[2024-12-20T19:26:02.278+0000] {logging_mixin.py:150} INFO - [2024-12-20T19:26:02.278+0000] {dag.py:2742} INFO - Sync 6 DAGs
[2024-12-20T19:26:02.293+0000] {logging_mixin.py:150} INFO - [2024-12-20T19:26:02.293+0000] {dag.py:3504} INFO - Setting next_dagrun for dataset_consumes_1 to None, run_after=None
[2024-12-20T19:26:02.295+0000] {logging_mixin.py:150} INFO - [2024-12-20T19:26:02.295+0000] {dag.py:3504} INFO - Setting next_dagrun for dataset_consumes_1_and_2 to None, run_after=None
[2024-12-20T19:26:02.296+0000] {logging_mixin.py:150} INFO - [2024-12-20T19:26:02.296+0000] {dag.py:3504} INFO - Setting next_dagrun for dataset_consumes_1_never_scheduled to None, run_after=None
[2024-12-20T19:26:02.297+0000] {logging_mixin.py:150} INFO - [2024-12-20T19:26:02.296+0000] {dag.py:3504} INFO - Setting next_dagrun for dataset_consumes_unknown_never_scheduled to None, run_after=None
[2024-12-20T19:26:02.299+0000] {logging_mixin.py:150} INFO - [2024-12-20T19:26:02.299+0000] {dag.py:3504} INFO - Setting next_dagrun for dataset_produces_1 to 2024-12-19T00:00:00+00:00, run_after=2024-12-20T00:00:00+00:00
[2024-12-20T19:26:02.300+0000] {logging_mixin.py:150} INFO - [2024-12-20T19:26:02.300+0000] {dag.py:3504} INFO - Setting next_dagrun for dataset_produces_2 to None, run_after=None
[2024-12-20T19:26:02.326+0000] {processor.py:179} INFO - Processing /home/vscode/.local/lib/python3.10/site-packages/airflow/example_dags/example_datasets.py took 0.079 seconds
[2024-12-20T19:33:39.327+0000] {processor.py:157} INFO - Started process (PID=37855) to work on /home/vscode/.local/lib/python3.10/site-packages/airflow/example_dags/example_datasets.py
[2024-12-20T19:33:39.328+0000] {processor.py:826} INFO - Processing file /home/vscode/.local/lib/python3.10/site-packages/airflow/example_dags/example_datasets.py for tasks to queue
[2024-12-20T19:33:39.328+0000] {logging_mixin.py:150} INFO - [2024-12-20T19:33:39.328+0000] {dagbag.py:541} INFO - Filling up the DagBag from /home/vscode/.local/lib/python3.10/site-packages/airflow/example_dags/example_datasets.py
[2024-12-20T19:33:39.335+0000] {processor.py:836} INFO - DAG(s) dict_keys(['dataset_consumes_1_never_scheduled', 'dataset_produces_2', 'dataset_produces_1', 'dataset_consumes_1', 'dataset_consumes_1_and_2', 'dataset_consumes_unknown_never_scheduled']) retrieved from /home/vscode/.local/lib/python3.10/site-packages/airflow/example_dags/example_datasets.py
[2024-12-20T19:33:39.361+0000] {logging_mixin.py:150} INFO - [2024-12-20T19:33:39.361+0000] {dag.py:2742} INFO - Sync 6 DAGs
[2024-12-20T19:33:39.383+0000] {logging_mixin.py:150} INFO - [2024-12-20T19:33:39.383+0000] {dag.py:3504} INFO - Setting next_dagrun for dataset_consumes_1 to None, run_after=None
[2024-12-20T19:33:39.386+0000] {logging_mixin.py:150} INFO - [2024-12-20T19:33:39.386+0000] {dag.py:3504} INFO - Setting next_dagrun for dataset_consumes_1_and_2 to None, run_after=None
[2024-12-20T19:33:39.387+0000] {logging_mixin.py:150} INFO - [2024-12-20T19:33:39.387+0000] {dag.py:3504} INFO - Setting next_dagrun for dataset_consumes_1_never_scheduled to None, run_after=None
[2024-12-20T19:33:39.388+0000] {logging_mixin.py:150} INFO - [2024-12-20T19:33:39.388+0000] {dag.py:3504} INFO - Setting next_dagrun for dataset_consumes_unknown_never_scheduled to None, run_after=None
[2024-12-20T19:33:39.390+0000] {logging_mixin.py:150} INFO - [2024-12-20T19:33:39.390+0000] {dag.py:3504} INFO - Setting next_dagrun for dataset_produces_1 to 2024-12-19T00:00:00+00:00, run_after=2024-12-20T00:00:00+00:00
[2024-12-20T19:33:39.391+0000] {logging_mixin.py:150} INFO - [2024-12-20T19:33:39.391+0000] {dag.py:3504} INFO - Setting next_dagrun for dataset_produces_2 to None, run_after=None
[2024-12-20T19:33:39.419+0000] {processor.py:179} INFO - Processing /home/vscode/.local/lib/python3.10/site-packages/airflow/example_dags/example_datasets.py took 0.094 seconds
[2024-12-20T19:34:30.658+0000] {processor.py:157} INFO - Started process (PID=38256) to work on /home/vscode/.local/lib/python3.10/site-packages/airflow/example_dags/example_datasets.py
[2024-12-20T19:34:30.659+0000] {processor.py:826} INFO - Processing file /home/vscode/.local/lib/python3.10/site-packages/airflow/example_dags/example_datasets.py for tasks to queue
[2024-12-20T19:34:30.659+0000] {logging_mixin.py:150} INFO - [2024-12-20T19:34:30.659+0000] {dagbag.py:541} INFO - Filling up the DagBag from /home/vscode/.local/lib/python3.10/site-packages/airflow/example_dags/example_datasets.py
[2024-12-20T19:34:30.666+0000] {processor.py:836} INFO - DAG(s) dict_keys(['dataset_consumes_1_and_2', 'dataset_produces_1', 'dataset_consumes_1', 'dataset_produces_2', 'dataset_consumes_unknown_never_scheduled', 'dataset_consumes_1_never_scheduled']) retrieved from /home/vscode/.local/lib/python3.10/site-packages/airflow/example_dags/example_datasets.py
[2024-12-20T19:34:30.685+0000] {logging_mixin.py:150} INFO - [2024-12-20T19:34:30.685+0000] {dag.py:2742} INFO - Sync 6 DAGs
[2024-12-20T19:34:30.699+0000] {logging_mixin.py:150} INFO - [2024-12-20T19:34:30.699+0000] {dag.py:3504} INFO - Setting next_dagrun for dataset_consumes_1 to None, run_after=None
[2024-12-20T19:34:30.701+0000] {logging_mixin.py:150} INFO - [2024-12-20T19:34:30.701+0000] {dag.py:3504} INFO - Setting next_dagrun for dataset_consumes_1_and_2 to None, run_after=None
[2024-12-20T19:34:30.702+0000] {logging_mixin.py:150} INFO - [2024-12-20T19:34:30.702+0000] {dag.py:3504} INFO - Setting next_dagrun for dataset_consumes_1_never_scheduled to None, run_after=None
[2024-12-20T19:34:30.703+0000] {logging_mixin.py:150} INFO - [2024-12-20T19:34:30.703+0000] {dag.py:3504} INFO - Setting next_dagrun for dataset_consumes_unknown_never_scheduled to None, run_after=None
[2024-12-20T19:34:30.704+0000] {logging_mixin.py:150} INFO - [2024-12-20T19:34:30.704+0000] {dag.py:3504} INFO - Setting next_dagrun for dataset_produces_1 to 2024-12-19T00:00:00+00:00, run_after=2024-12-20T00:00:00+00:00
[2024-12-20T19:34:30.705+0000] {logging_mixin.py:150} INFO - [2024-12-20T19:34:30.705+0000] {dag.py:3504} INFO - Setting next_dagrun for dataset_produces_2 to None, run_after=None
[2024-12-20T19:34:30.726+0000] {processor.py:179} INFO - Processing /home/vscode/.local/lib/python3.10/site-packages/airflow/example_dags/example_datasets.py took 0.070 seconds
[2024-12-20T19:35:13.883+0000] {processor.py:157} INFO - Started process (PID=38590) to work on /home/vscode/.local/lib/python3.10/site-packages/airflow/example_dags/example_datasets.py
[2024-12-20T19:35:13.884+0000] {processor.py:826} INFO - Processing file /home/vscode/.local/lib/python3.10/site-packages/airflow/example_dags/example_datasets.py for tasks to queue
[2024-12-20T19:35:13.884+0000] {logging_mixin.py:150} INFO - [2024-12-20T19:35:13.884+0000] {dagbag.py:541} INFO - Filling up the DagBag from /home/vscode/.local/lib/python3.10/site-packages/airflow/example_dags/example_datasets.py
[2024-12-20T19:35:13.891+0000] {processor.py:836} INFO - DAG(s) dict_keys(['dataset_produces_2', 'dataset_consumes_1', 'dataset_produces_1', 'dataset_consumes_1_never_scheduled', 'dataset_consumes_1_and_2', 'dataset_consumes_unknown_never_scheduled']) retrieved from /home/vscode/.local/lib/python3.10/site-packages/airflow/example_dags/example_datasets.py
[2024-12-20T19:35:13.910+0000] {logging_mixin.py:150} INFO - [2024-12-20T19:35:13.910+0000] {dag.py:2742} INFO - Sync 6 DAGs
[2024-12-20T19:35:13.925+0000] {logging_mixin.py:150} INFO - [2024-12-20T19:35:13.924+0000] {dag.py:3504} INFO - Setting next_dagrun for dataset_consumes_1 to None, run_after=None
[2024-12-20T19:35:13.927+0000] {logging_mixin.py:150} INFO - [2024-12-20T19:35:13.927+0000] {dag.py:3504} INFO - Setting next_dagrun for dataset_consumes_1_and_2 to None, run_after=None
[2024-12-20T19:35:13.927+0000] {logging_mixin.py:150} INFO - [2024-12-20T19:35:13.927+0000] {dag.py:3504} INFO - Setting next_dagrun for dataset_consumes_1_never_scheduled to None, run_after=None
[2024-12-20T19:35:13.928+0000] {logging_mixin.py:150} INFO - [2024-12-20T19:35:13.928+0000] {dag.py:3504} INFO - Setting next_dagrun for dataset_consumes_unknown_never_scheduled to None, run_after=None
[2024-12-20T19:35:13.930+0000] {logging_mixin.py:150} INFO - [2024-12-20T19:35:13.930+0000] {dag.py:3504} INFO - Setting next_dagrun for dataset_produces_1 to 2024-12-19T00:00:00+00:00, run_after=2024-12-20T00:00:00+00:00
[2024-12-20T19:35:13.931+0000] {logging_mixin.py:150} INFO - [2024-12-20T19:35:13.931+0000] {dag.py:3504} INFO - Setting next_dagrun for dataset_produces_2 to None, run_after=None
[2024-12-20T19:35:13.953+0000] {processor.py:179} INFO - Processing /home/vscode/.local/lib/python3.10/site-packages/airflow/example_dags/example_datasets.py took 0.072 seconds
[2024-12-20T19:36:01.480+0000] {processor.py:157} INFO - Started process (PID=38962) to work on /home/vscode/.local/lib/python3.10/site-packages/airflow/example_dags/example_datasets.py
[2024-12-20T19:36:01.480+0000] {processor.py:826} INFO - Processing file /home/vscode/.local/lib/python3.10/site-packages/airflow/example_dags/example_datasets.py for tasks to queue
[2024-12-20T19:36:01.481+0000] {logging_mixin.py:150} INFO - [2024-12-20T19:36:01.481+0000] {dagbag.py:541} INFO - Filling up the DagBag from /home/vscode/.local/lib/python3.10/site-packages/airflow/example_dags/example_datasets.py
[2024-12-20T19:36:01.488+0000] {processor.py:836} INFO - DAG(s) dict_keys(['dataset_consumes_unknown_never_scheduled', 'dataset_produces_2', 'dataset_consumes_1', 'dataset_consumes_1_and_2', 'dataset_produces_1', 'dataset_consumes_1_never_scheduled']) retrieved from /home/vscode/.local/lib/python3.10/site-packages/airflow/example_dags/example_datasets.py
[2024-12-20T19:36:01.508+0000] {logging_mixin.py:150} INFO - [2024-12-20T19:36:01.508+0000] {dag.py:2742} INFO - Sync 6 DAGs
[2024-12-20T19:36:01.522+0000] {logging_mixin.py:150} INFO - [2024-12-20T19:36:01.522+0000] {dag.py:3504} INFO - Setting next_dagrun for dataset_consumes_1 to None, run_after=None
[2024-12-20T19:36:01.524+0000] {logging_mixin.py:150} INFO - [2024-12-20T19:36:01.524+0000] {dag.py:3504} INFO - Setting next_dagrun for dataset_consumes_1_and_2 to None, run_after=None
[2024-12-20T19:36:01.525+0000] {logging_mixin.py:150} INFO - [2024-12-20T19:36:01.525+0000] {dag.py:3504} INFO - Setting next_dagrun for dataset_consumes_1_never_scheduled to None, run_after=None
[2024-12-20T19:36:01.525+0000] {logging_mixin.py:150} INFO - [2024-12-20T19:36:01.525+0000] {dag.py:3504} INFO - Setting next_dagrun for dataset_consumes_unknown_never_scheduled to None, run_after=None
[2024-12-20T19:36:01.527+0000] {logging_mixin.py:150} INFO - [2024-12-20T19:36:01.527+0000] {dag.py:3504} INFO - Setting next_dagrun for dataset_produces_1 to 2024-12-19T00:00:00+00:00, run_after=2024-12-20T00:00:00+00:00
[2024-12-20T19:36:01.528+0000] {logging_mixin.py:150} INFO - [2024-12-20T19:36:01.528+0000] {dag.py:3504} INFO - Setting next_dagrun for dataset_produces_2 to None, run_after=None
[2024-12-20T19:36:01.549+0000] {processor.py:179} INFO - Processing /home/vscode/.local/lib/python3.10/site-packages/airflow/example_dags/example_datasets.py took 0.071 seconds
[2024-12-20T19:36:49.443+0000] {processor.py:157} INFO - Started process (PID=39457) to work on /home/vscode/.local/lib/python3.10/site-packages/airflow/example_dags/example_datasets.py
[2024-12-20T19:36:49.444+0000] {processor.py:826} INFO - Processing file /home/vscode/.local/lib/python3.10/site-packages/airflow/example_dags/example_datasets.py for tasks to queue
[2024-12-20T19:36:49.445+0000] {logging_mixin.py:150} INFO - [2024-12-20T19:36:49.444+0000] {dagbag.py:541} INFO - Filling up the DagBag from /home/vscode/.local/lib/python3.10/site-packages/airflow/example_dags/example_datasets.py
[2024-12-20T19:36:49.451+0000] {processor.py:836} INFO - DAG(s) dict_keys(['dataset_consumes_1', 'dataset_consumes_1_never_scheduled', 'dataset_produces_2', 'dataset_consumes_1_and_2', 'dataset_produces_1', 'dataset_consumes_unknown_never_scheduled']) retrieved from /home/vscode/.local/lib/python3.10/site-packages/airflow/example_dags/example_datasets.py
[2024-12-20T19:36:49.474+0000] {logging_mixin.py:150} INFO - [2024-12-20T19:36:49.474+0000] {dag.py:2742} INFO - Sync 6 DAGs
[2024-12-20T19:36:49.488+0000] {logging_mixin.py:150} INFO - [2024-12-20T19:36:49.488+0000] {dag.py:3504} INFO - Setting next_dagrun for dataset_consumes_1 to None, run_after=None
[2024-12-20T19:36:49.490+0000] {logging_mixin.py:150} INFO - [2024-12-20T19:36:49.490+0000] {dag.py:3504} INFO - Setting next_dagrun for dataset_consumes_1_and_2 to None, run_after=None
[2024-12-20T19:36:49.491+0000] {logging_mixin.py:150} INFO - [2024-12-20T19:36:49.490+0000] {dag.py:3504} INFO - Setting next_dagrun for dataset_consumes_1_never_scheduled to None, run_after=None
[2024-12-20T19:36:49.491+0000] {logging_mixin.py:150} INFO - [2024-12-20T19:36:49.491+0000] {dag.py:3504} INFO - Setting next_dagrun for dataset_consumes_unknown_never_scheduled to None, run_after=None
[2024-12-20T19:36:49.493+0000] {logging_mixin.py:150} INFO - [2024-12-20T19:36:49.493+0000] {dag.py:3504} INFO - Setting next_dagrun for dataset_produces_1 to 2024-12-19T00:00:00+00:00, run_after=2024-12-20T00:00:00+00:00
[2024-12-20T19:36:49.493+0000] {logging_mixin.py:150} INFO - [2024-12-20T19:36:49.493+0000] {dag.py:3504} INFO - Setting next_dagrun for dataset_produces_2 to None, run_after=None
[2024-12-20T19:36:49.514+0000] {processor.py:179} INFO - Processing /home/vscode/.local/lib/python3.10/site-packages/airflow/example_dags/example_datasets.py took 0.073 seconds
[2024-12-20T19:37:35.835+0000] {processor.py:157} INFO - Started process (PID=39990) to work on /home/vscode/.local/lib/python3.10/site-packages/airflow/example_dags/example_datasets.py
[2024-12-20T19:37:35.835+0000] {processor.py:826} INFO - Processing file /home/vscode/.local/lib/python3.10/site-packages/airflow/example_dags/example_datasets.py for tasks to queue
[2024-12-20T19:37:35.836+0000] {logging_mixin.py:150} INFO - [2024-12-20T19:37:35.836+0000] {dagbag.py:541} INFO - Filling up the DagBag from /home/vscode/.local/lib/python3.10/site-packages/airflow/example_dags/example_datasets.py
[2024-12-20T19:37:35.843+0000] {processor.py:836} INFO - DAG(s) dict_keys(['dataset_consumes_1', 'dataset_produces_1', 'dataset_consumes_1_and_2', 'dataset_consumes_1_never_scheduled', 'dataset_consumes_unknown_never_scheduled', 'dataset_produces_2']) retrieved from /home/vscode/.local/lib/python3.10/site-packages/airflow/example_dags/example_datasets.py
[2024-12-20T19:37:35.863+0000] {logging_mixin.py:150} INFO - [2024-12-20T19:37:35.862+0000] {dag.py:2742} INFO - Sync 6 DAGs
[2024-12-20T19:37:35.877+0000] {logging_mixin.py:150} INFO - [2024-12-20T19:37:35.877+0000] {dag.py:3504} INFO - Setting next_dagrun for dataset_consumes_1 to None, run_after=None
[2024-12-20T19:37:35.879+0000] {logging_mixin.py:150} INFO - [2024-12-20T19:37:35.879+0000] {dag.py:3504} INFO - Setting next_dagrun for dataset_consumes_1_and_2 to None, run_after=None
[2024-12-20T19:37:35.880+0000] {logging_mixin.py:150} INFO - [2024-12-20T19:37:35.880+0000] {dag.py:3504} INFO - Setting next_dagrun for dataset_consumes_1_never_scheduled to None, run_after=None
[2024-12-20T19:37:35.880+0000] {logging_mixin.py:150} INFO - [2024-12-20T19:37:35.880+0000] {dag.py:3504} INFO - Setting next_dagrun for dataset_consumes_unknown_never_scheduled to None, run_after=None
[2024-12-20T19:37:35.882+0000] {logging_mixin.py:150} INFO - [2024-12-20T19:37:35.882+0000] {dag.py:3504} INFO - Setting next_dagrun for dataset_produces_1 to 2024-12-19T00:00:00+00:00, run_after=2024-12-20T00:00:00+00:00
[2024-12-20T19:37:35.883+0000] {logging_mixin.py:150} INFO - [2024-12-20T19:37:35.883+0000] {dag.py:3504} INFO - Setting next_dagrun for dataset_produces_2 to None, run_after=None
[2024-12-20T19:37:35.907+0000] {processor.py:179} INFO - Processing /home/vscode/.local/lib/python3.10/site-packages/airflow/example_dags/example_datasets.py took 0.074 seconds
