[2024-12-20T19:23:32.719+0000] {processor.py:157} INFO - Started process (PID=33234) to work on /home/vscode/.local/lib/python3.10/site-packages/airflow/example_dags/example_latest_only_with_trigger.py
[2024-12-20T19:23:32.720+0000] {processor.py:826} INFO - Processing file /home/vscode/.local/lib/python3.10/site-packages/airflow/example_dags/example_latest_only_with_trigger.py for tasks to queue
[2024-12-20T19:23:32.721+0000] {logging_mixin.py:150} INFO - [2024-12-20T19:23:32.720+0000] {dagbag.py:541} INFO - Filling up the DagBag from /home/vscode/.local/lib/python3.10/site-packages/airflow/example_dags/example_latest_only_with_trigger.py
[2024-12-20T19:23:32.725+0000] {processor.py:836} INFO - DAG(s) dict_keys(['latest_only_with_trigger']) retrieved from /home/vscode/.local/lib/python3.10/site-packages/airflow/example_dags/example_latest_only_with_trigger.py
[2024-12-20T19:23:32.739+0000] {logging_mixin.py:150} INFO - [2024-12-20T19:23:32.739+0000] {dag.py:2742} INFO - Sync 1 DAGs
[2024-12-20T19:23:32.754+0000] {logging_mixin.py:150} INFO - [2024-12-20T19:23:32.753+0000] {dag.py:3504} INFO - Setting next_dagrun for latest_only_with_trigger to 2024-12-20T15:23:32.753745+00:00, run_after=2024-12-20T19:23:32.753745+00:00
[2024-12-20T19:23:32.769+0000] {processor.py:179} INFO - Processing /home/vscode/.local/lib/python3.10/site-packages/airflow/example_dags/example_latest_only_with_trigger.py took 0.052 seconds
[2024-12-20T19:24:18.863+0000] {processor.py:157} INFO - Started process (PID=33556) to work on /home/vscode/.local/lib/python3.10/site-packages/airflow/example_dags/example_latest_only_with_trigger.py
[2024-12-20T19:24:18.863+0000] {processor.py:826} INFO - Processing file /home/vscode/.local/lib/python3.10/site-packages/airflow/example_dags/example_latest_only_with_trigger.py for tasks to queue
[2024-12-20T19:24:18.864+0000] {logging_mixin.py:150} INFO - [2024-12-20T19:24:18.864+0000] {dagbag.py:541} INFO - Filling up the DagBag from /home/vscode/.local/lib/python3.10/site-packages/airflow/example_dags/example_latest_only_with_trigger.py
[2024-12-20T19:24:18.869+0000] {processor.py:836} INFO - DAG(s) dict_keys(['latest_only_with_trigger']) retrieved from /home/vscode/.local/lib/python3.10/site-packages/airflow/example_dags/example_latest_only_with_trigger.py
[2024-12-20T19:24:18.880+0000] {logging_mixin.py:150} INFO - [2024-12-20T19:24:18.880+0000] {dag.py:2742} INFO - Sync 1 DAGs
[2024-12-20T19:24:18.895+0000] {logging_mixin.py:150} INFO - [2024-12-20T19:24:18.895+0000] {dag.py:3504} INFO - Setting next_dagrun for latest_only_with_trigger to 2024-12-20T15:24:18.895324+00:00, run_after=2024-12-20T19:24:18.895324+00:00
[2024-12-20T19:24:18.911+0000] {processor.py:179} INFO - Processing /home/vscode/.local/lib/python3.10/site-packages/airflow/example_dags/example_latest_only_with_trigger.py took 0.051 seconds
[2024-12-20T19:25:03.448+0000] {processor.py:157} INFO - Started process (PID=33929) to work on /home/vscode/.local/lib/python3.10/site-packages/airflow/example_dags/example_latest_only_with_trigger.py
[2024-12-20T19:25:03.449+0000] {processor.py:826} INFO - Processing file /home/vscode/.local/lib/python3.10/site-packages/airflow/example_dags/example_latest_only_with_trigger.py for tasks to queue
[2024-12-20T19:25:03.450+0000] {logging_mixin.py:150} INFO - [2024-12-20T19:25:03.449+0000] {dagbag.py:541} INFO - Filling up the DagBag from /home/vscode/.local/lib/python3.10/site-packages/airflow/example_dags/example_latest_only_with_trigger.py
[2024-12-20T19:25:03.455+0000] {processor.py:836} INFO - DAG(s) dict_keys(['latest_only_with_trigger']) retrieved from /home/vscode/.local/lib/python3.10/site-packages/airflow/example_dags/example_latest_only_with_trigger.py
[2024-12-20T19:25:03.467+0000] {logging_mixin.py:150} INFO - [2024-12-20T19:25:03.467+0000] {dag.py:2742} INFO - Sync 1 DAGs
[2024-12-20T19:25:03.482+0000] {logging_mixin.py:150} INFO - [2024-12-20T19:25:03.481+0000] {dag.py:3504} INFO - Setting next_dagrun for latest_only_with_trigger to 2024-12-20T15:25:03.481778+00:00, run_after=2024-12-20T19:25:03.481778+00:00
[2024-12-20T19:25:03.497+0000] {processor.py:179} INFO - Processing /home/vscode/.local/lib/python3.10/site-packages/airflow/example_dags/example_latest_only_with_trigger.py took 0.051 seconds
[2024-12-20T19:25:51.726+0000] {processor.py:157} INFO - Started process (PID=34382) to work on /home/vscode/.local/lib/python3.10/site-packages/airflow/example_dags/example_latest_only_with_trigger.py
[2024-12-20T19:25:51.726+0000] {processor.py:826} INFO - Processing file /home/vscode/.local/lib/python3.10/site-packages/airflow/example_dags/example_latest_only_with_trigger.py for tasks to queue
[2024-12-20T19:25:51.727+0000] {logging_mixin.py:150} INFO - [2024-12-20T19:25:51.727+0000] {dagbag.py:541} INFO - Filling up the DagBag from /home/vscode/.local/lib/python3.10/site-packages/airflow/example_dags/example_latest_only_with_trigger.py
[2024-12-20T19:25:51.732+0000] {processor.py:836} INFO - DAG(s) dict_keys(['latest_only_with_trigger']) retrieved from /home/vscode/.local/lib/python3.10/site-packages/airflow/example_dags/example_latest_only_with_trigger.py
[2024-12-20T19:25:51.743+0000] {logging_mixin.py:150} INFO - [2024-12-20T19:25:51.743+0000] {dag.py:2742} INFO - Sync 1 DAGs
[2024-12-20T19:25:51.758+0000] {logging_mixin.py:150} INFO - [2024-12-20T19:25:51.757+0000] {dag.py:3504} INFO - Setting next_dagrun for latest_only_with_trigger to 2024-12-20T15:25:51.757712+00:00, run_after=2024-12-20T19:25:51.757712+00:00
[2024-12-20T19:25:51.774+0000] {processor.py:179} INFO - Processing /home/vscode/.local/lib/python3.10/site-packages/airflow/example_dags/example_latest_only_with_trigger.py took 0.050 seconds
[2024-12-20T19:26:34.960+0000] {processor.py:157} INFO - Started process (PID=34781) to work on /home/vscode/.local/lib/python3.10/site-packages/airflow/example_dags/example_latest_only_with_trigger.py
[2024-12-20T19:26:34.960+0000] {processor.py:826} INFO - Processing file /home/vscode/.local/lib/python3.10/site-packages/airflow/example_dags/example_latest_only_with_trigger.py for tasks to queue
[2024-12-20T19:26:34.961+0000] {logging_mixin.py:150} INFO - [2024-12-20T19:26:34.961+0000] {dagbag.py:541} INFO - Filling up the DagBag from /home/vscode/.local/lib/python3.10/site-packages/airflow/example_dags/example_latest_only_with_trigger.py
[2024-12-20T19:26:34.966+0000] {processor.py:836} INFO - DAG(s) dict_keys(['latest_only_with_trigger']) retrieved from /home/vscode/.local/lib/python3.10/site-packages/airflow/example_dags/example_latest_only_with_trigger.py
[2024-12-20T19:26:34.977+0000] {logging_mixin.py:150} INFO - [2024-12-20T19:26:34.977+0000] {dag.py:2742} INFO - Sync 1 DAGs
[2024-12-20T19:26:34.991+0000] {logging_mixin.py:150} INFO - [2024-12-20T19:26:34.991+0000] {dag.py:3504} INFO - Setting next_dagrun for latest_only_with_trigger to 2024-12-20T15:26:34.991272+00:00, run_after=2024-12-20T19:26:34.991272+00:00
[2024-12-20T19:26:35.006+0000] {processor.py:179} INFO - Processing /home/vscode/.local/lib/python3.10/site-packages/airflow/example_dags/example_latest_only_with_trigger.py took 0.048 seconds
[2024-12-20T19:33:33.608+0000] {processor.py:157} INFO - Started process (PID=37812) to work on /home/vscode/.local/lib/python3.10/site-packages/airflow/example_dags/example_latest_only_with_trigger.py
[2024-12-20T19:33:33.609+0000] {processor.py:826} INFO - Processing file /home/vscode/.local/lib/python3.10/site-packages/airflow/example_dags/example_latest_only_with_trigger.py for tasks to queue
[2024-12-20T19:33:33.609+0000] {logging_mixin.py:150} INFO - [2024-12-20T19:33:33.609+0000] {dagbag.py:541} INFO - Filling up the DagBag from /home/vscode/.local/lib/python3.10/site-packages/airflow/example_dags/example_latest_only_with_trigger.py
[2024-12-20T19:33:33.614+0000] {processor.py:836} INFO - DAG(s) dict_keys(['latest_only_with_trigger']) retrieved from /home/vscode/.local/lib/python3.10/site-packages/airflow/example_dags/example_latest_only_with_trigger.py
[2024-12-20T19:33:33.626+0000] {logging_mixin.py:150} INFO - [2024-12-20T19:33:33.626+0000] {dag.py:2742} INFO - Sync 1 DAGs
[2024-12-20T19:33:33.640+0000] {logging_mixin.py:150} INFO - [2024-12-20T19:33:33.640+0000] {dag.py:3504} INFO - Setting next_dagrun for latest_only_with_trigger to 2024-12-20T15:33:33.640423+00:00, run_after=2024-12-20T19:33:33.640423+00:00
[2024-12-20T19:33:33.655+0000] {processor.py:179} INFO - Processing /home/vscode/.local/lib/python3.10/site-packages/airflow/example_dags/example_latest_only_with_trigger.py took 0.049 seconds
[2024-12-20T19:34:19.205+0000] {processor.py:157} INFO - Started process (PID=38156) to work on /home/vscode/.local/lib/python3.10/site-packages/airflow/example_dags/example_latest_only_with_trigger.py
[2024-12-20T19:34:19.205+0000] {processor.py:826} INFO - Processing file /home/vscode/.local/lib/python3.10/site-packages/airflow/example_dags/example_latest_only_with_trigger.py for tasks to queue
[2024-12-20T19:34:19.206+0000] {logging_mixin.py:150} INFO - [2024-12-20T19:34:19.206+0000] {dagbag.py:541} INFO - Filling up the DagBag from /home/vscode/.local/lib/python3.10/site-packages/airflow/example_dags/example_latest_only_with_trigger.py
[2024-12-20T19:34:19.211+0000] {processor.py:836} INFO - DAG(s) dict_keys(['latest_only_with_trigger']) retrieved from /home/vscode/.local/lib/python3.10/site-packages/airflow/example_dags/example_latest_only_with_trigger.py
[2024-12-20T19:34:19.221+0000] {logging_mixin.py:150} INFO - [2024-12-20T19:34:19.221+0000] {dag.py:2742} INFO - Sync 1 DAGs
[2024-12-20T19:34:19.235+0000] {logging_mixin.py:150} INFO - [2024-12-20T19:34:19.235+0000] {dag.py:3504} INFO - Setting next_dagrun for latest_only_with_trigger to 2024-12-20T15:34:19.235192+00:00, run_after=2024-12-20T19:34:19.235192+00:00
[2024-12-20T19:34:19.249+0000] {processor.py:179} INFO - Processing /home/vscode/.local/lib/python3.10/site-packages/airflow/example_dags/example_latest_only_with_trigger.py took 0.046 seconds
[2024-12-20T19:35:06.138+0000] {processor.py:157} INFO - Started process (PID=38527) to work on /home/vscode/.local/lib/python3.10/site-packages/airflow/example_dags/example_latest_only_with_trigger.py
[2024-12-20T19:35:06.139+0000] {processor.py:826} INFO - Processing file /home/vscode/.local/lib/python3.10/site-packages/airflow/example_dags/example_latest_only_with_trigger.py for tasks to queue
[2024-12-20T19:35:06.139+0000] {logging_mixin.py:150} INFO - [2024-12-20T19:35:06.139+0000] {dagbag.py:541} INFO - Filling up the DagBag from /home/vscode/.local/lib/python3.10/site-packages/airflow/example_dags/example_latest_only_with_trigger.py
[2024-12-20T19:35:06.144+0000] {processor.py:836} INFO - DAG(s) dict_keys(['latest_only_with_trigger']) retrieved from /home/vscode/.local/lib/python3.10/site-packages/airflow/example_dags/example_latest_only_with_trigger.py
[2024-12-20T19:35:06.155+0000] {logging_mixin.py:150} INFO - [2024-12-20T19:35:06.155+0000] {dag.py:2742} INFO - Sync 1 DAGs
[2024-12-20T19:35:06.169+0000] {logging_mixin.py:150} INFO - [2024-12-20T19:35:06.169+0000] {dag.py:3504} INFO - Setting next_dagrun for latest_only_with_trigger to 2024-12-20T15:35:06.169659+00:00, run_after=2024-12-20T19:35:06.169659+00:00
[2024-12-20T19:35:06.184+0000] {processor.py:179} INFO - Processing /home/vscode/.local/lib/python3.10/site-packages/airflow/example_dags/example_latest_only_with_trigger.py took 0.048 seconds
[2024-12-20T19:35:52.393+0000] {processor.py:157} INFO - Started process (PID=38869) to work on /home/vscode/.local/lib/python3.10/site-packages/airflow/example_dags/example_latest_only_with_trigger.py
[2024-12-20T19:35:52.394+0000] {processor.py:826} INFO - Processing file /home/vscode/.local/lib/python3.10/site-packages/airflow/example_dags/example_latest_only_with_trigger.py for tasks to queue
[2024-12-20T19:35:52.395+0000] {logging_mixin.py:150} INFO - [2024-12-20T19:35:52.394+0000] {dagbag.py:541} INFO - Filling up the DagBag from /home/vscode/.local/lib/python3.10/site-packages/airflow/example_dags/example_latest_only_with_trigger.py
[2024-12-20T19:35:52.399+0000] {processor.py:836} INFO - DAG(s) dict_keys(['latest_only_with_trigger']) retrieved from /home/vscode/.local/lib/python3.10/site-packages/airflow/example_dags/example_latest_only_with_trigger.py
[2024-12-20T19:35:52.410+0000] {logging_mixin.py:150} INFO - [2024-12-20T19:35:52.410+0000] {dag.py:2742} INFO - Sync 1 DAGs
[2024-12-20T19:35:52.424+0000] {logging_mixin.py:150} INFO - [2024-12-20T19:35:52.424+0000] {dag.py:3504} INFO - Setting next_dagrun for latest_only_with_trigger to 2024-12-20T15:35:52.424566+00:00, run_after=2024-12-20T19:35:52.424566+00:00
[2024-12-20T19:35:52.438+0000] {processor.py:179} INFO - Processing /home/vscode/.local/lib/python3.10/site-packages/airflow/example_dags/example_latest_only_with_trigger.py took 0.047 seconds
[2024-12-20T19:36:39.164+0000] {processor.py:157} INFO - Started process (PID=39358) to work on /home/vscode/.local/lib/python3.10/site-packages/airflow/example_dags/example_latest_only_with_trigger.py
[2024-12-20T19:36:39.165+0000] {processor.py:826} INFO - Processing file /home/vscode/.local/lib/python3.10/site-packages/airflow/example_dags/example_latest_only_with_trigger.py for tasks to queue
[2024-12-20T19:36:39.166+0000] {logging_mixin.py:150} INFO - [2024-12-20T19:36:39.165+0000] {dagbag.py:541} INFO - Filling up the DagBag from /home/vscode/.local/lib/python3.10/site-packages/airflow/example_dags/example_latest_only_with_trigger.py
[2024-12-20T19:36:39.170+0000] {processor.py:836} INFO - DAG(s) dict_keys(['latest_only_with_trigger']) retrieved from /home/vscode/.local/lib/python3.10/site-packages/airflow/example_dags/example_latest_only_with_trigger.py
[2024-12-20T19:36:39.183+0000] {logging_mixin.py:150} INFO - [2024-12-20T19:36:39.183+0000] {dag.py:2742} INFO - Sync 1 DAGs
[2024-12-20T19:36:39.197+0000] {logging_mixin.py:150} INFO - [2024-12-20T19:36:39.197+0000] {dag.py:3504} INFO - Setting next_dagrun for latest_only_with_trigger to 2024-12-20T15:36:39.197088+00:00, run_after=2024-12-20T19:36:39.197088+00:00
[2024-12-20T19:36:39.212+0000] {processor.py:179} INFO - Processing /home/vscode/.local/lib/python3.10/site-packages/airflow/example_dags/example_latest_only_with_trigger.py took 0.050 seconds
[2024-12-20T19:37:26.708+0000] {processor.py:157} INFO - Started process (PID=39852) to work on /home/vscode/.local/lib/python3.10/site-packages/airflow/example_dags/example_latest_only_with_trigger.py
[2024-12-20T19:37:26.709+0000] {processor.py:826} INFO - Processing file /home/vscode/.local/lib/python3.10/site-packages/airflow/example_dags/example_latest_only_with_trigger.py for tasks to queue
[2024-12-20T19:37:26.709+0000] {logging_mixin.py:150} INFO - [2024-12-20T19:37:26.709+0000] {dagbag.py:541} INFO - Filling up the DagBag from /home/vscode/.local/lib/python3.10/site-packages/airflow/example_dags/example_latest_only_with_trigger.py
[2024-12-20T19:37:26.714+0000] {processor.py:836} INFO - DAG(s) dict_keys(['latest_only_with_trigger']) retrieved from /home/vscode/.local/lib/python3.10/site-packages/airflow/example_dags/example_latest_only_with_trigger.py
[2024-12-20T19:37:26.725+0000] {logging_mixin.py:150} INFO - [2024-12-20T19:37:26.725+0000] {dag.py:2742} INFO - Sync 1 DAGs
[2024-12-20T19:37:26.740+0000] {logging_mixin.py:150} INFO - [2024-12-20T19:37:26.740+0000] {dag.py:3504} INFO - Setting next_dagrun for latest_only_with_trigger to 2024-12-20T15:37:26.740655+00:00, run_after=2024-12-20T19:37:26.740655+00:00
[2024-12-20T19:37:26.755+0000] {processor.py:179} INFO - Processing /home/vscode/.local/lib/python3.10/site-packages/airflow/example_dags/example_latest_only_with_trigger.py took 0.049 seconds
