[2024-12-20T19:23:41.285+0000] {processor.py:157} INFO - Started process (PID=33288) to work on /home/vscode/.local/lib/python3.10/site-packages/airflow/example_dags/example_branch_day_of_week_operator.py
[2024-12-20T19:23:41.286+0000] {processor.py:826} INFO - Processing file /home/vscode/.local/lib/python3.10/site-packages/airflow/example_dags/example_branch_day_of_week_operator.py for tasks to queue
[2024-12-20T19:23:41.287+0000] {logging_mixin.py:150} INFO - [2024-12-20T19:23:41.286+0000] {dagbag.py:541} INFO - Filling up the DagBag from /home/vscode/.local/lib/python3.10/site-packages/airflow/example_dags/example_branch_day_of_week_operator.py
[2024-12-20T19:23:41.292+0000] {processor.py:836} INFO - DAG(s) dict_keys(['example_weekday_branch_operator']) retrieved from /home/vscode/.local/lib/python3.10/site-packages/airflow/example_dags/example_branch_day_of_week_operator.py
[2024-12-20T19:23:41.305+0000] {logging_mixin.py:150} INFO - [2024-12-20T19:23:41.305+0000] {dag.py:2742} INFO - Sync 1 DAGs
[2024-12-20T19:23:41.321+0000] {logging_mixin.py:150} INFO - [2024-12-20T19:23:41.321+0000] {dag.py:3504} INFO - Setting next_dagrun for example_weekday_branch_operator to 2024-12-19T00:00:00+00:00, run_after=2024-12-20T00:00:00+00:00
[2024-12-20T19:23:41.338+0000] {processor.py:179} INFO - Processing /home/vscode/.local/lib/python3.10/site-packages/airflow/example_dags/example_branch_day_of_week_operator.py took 0.055 seconds
[2024-12-20T19:24:29.537+0000] {processor.py:157} INFO - Started process (PID=33644) to work on /home/vscode/.local/lib/python3.10/site-packages/airflow/example_dags/example_branch_day_of_week_operator.py
[2024-12-20T19:24:29.538+0000] {processor.py:826} INFO - Processing file /home/vscode/.local/lib/python3.10/site-packages/airflow/example_dags/example_branch_day_of_week_operator.py for tasks to queue
[2024-12-20T19:24:29.539+0000] {logging_mixin.py:150} INFO - [2024-12-20T19:24:29.538+0000] {dagbag.py:541} INFO - Filling up the DagBag from /home/vscode/.local/lib/python3.10/site-packages/airflow/example_dags/example_branch_day_of_week_operator.py
[2024-12-20T19:24:29.545+0000] {processor.py:836} INFO - DAG(s) dict_keys(['example_weekday_branch_operator']) retrieved from /home/vscode/.local/lib/python3.10/site-packages/airflow/example_dags/example_branch_day_of_week_operator.py
[2024-12-20T19:24:29.558+0000] {logging_mixin.py:150} INFO - [2024-12-20T19:24:29.557+0000] {dag.py:2742} INFO - Sync 1 DAGs
[2024-12-20T19:24:29.573+0000] {logging_mixin.py:150} INFO - [2024-12-20T19:24:29.573+0000] {dag.py:3504} INFO - Setting next_dagrun for example_weekday_branch_operator to 2024-12-19T00:00:00+00:00, run_after=2024-12-20T00:00:00+00:00
[2024-12-20T19:24:29.588+0000] {processor.py:179} INFO - Processing /home/vscode/.local/lib/python3.10/site-packages/airflow/example_dags/example_branch_day_of_week_operator.py took 0.053 seconds
[2024-12-20T19:25:15.811+0000] {processor.py:157} INFO - Started process (PID=34071) to work on /home/vscode/.local/lib/python3.10/site-packages/airflow/example_dags/example_branch_day_of_week_operator.py
[2024-12-20T19:25:15.811+0000] {processor.py:826} INFO - Processing file /home/vscode/.local/lib/python3.10/site-packages/airflow/example_dags/example_branch_day_of_week_operator.py for tasks to queue
[2024-12-20T19:25:15.812+0000] {logging_mixin.py:150} INFO - [2024-12-20T19:25:15.812+0000] {dagbag.py:541} INFO - Filling up the DagBag from /home/vscode/.local/lib/python3.10/site-packages/airflow/example_dags/example_branch_day_of_week_operator.py
[2024-12-20T19:25:15.818+0000] {processor.py:836} INFO - DAG(s) dict_keys(['example_weekday_branch_operator']) retrieved from /home/vscode/.local/lib/python3.10/site-packages/airflow/example_dags/example_branch_day_of_week_operator.py
[2024-12-20T19:25:15.831+0000] {logging_mixin.py:150} INFO - [2024-12-20T19:25:15.830+0000] {dag.py:2742} INFO - Sync 1 DAGs
[2024-12-20T19:25:15.846+0000] {logging_mixin.py:150} INFO - [2024-12-20T19:25:15.846+0000] {dag.py:3504} INFO - Setting next_dagrun for example_weekday_branch_operator to 2024-12-19T00:00:00+00:00, run_after=2024-12-20T00:00:00+00:00
[2024-12-20T19:25:15.861+0000] {processor.py:179} INFO - Processing /home/vscode/.local/lib/python3.10/site-packages/airflow/example_dags/example_branch_day_of_week_operator.py took 0.052 seconds
[2024-12-20T19:26:03.410+0000] {processor.py:157} INFO - Started process (PID=34510) to work on /home/vscode/.local/lib/python3.10/site-packages/airflow/example_dags/example_branch_day_of_week_operator.py
[2024-12-20T19:26:03.411+0000] {processor.py:826} INFO - Processing file /home/vscode/.local/lib/python3.10/site-packages/airflow/example_dags/example_branch_day_of_week_operator.py for tasks to queue
[2024-12-20T19:26:03.412+0000] {logging_mixin.py:150} INFO - [2024-12-20T19:26:03.411+0000] {dagbag.py:541} INFO - Filling up the DagBag from /home/vscode/.local/lib/python3.10/site-packages/airflow/example_dags/example_branch_day_of_week_operator.py
[2024-12-20T19:26:03.417+0000] {processor.py:836} INFO - DAG(s) dict_keys(['example_weekday_branch_operator']) retrieved from /home/vscode/.local/lib/python3.10/site-packages/airflow/example_dags/example_branch_day_of_week_operator.py
[2024-12-20T19:26:03.430+0000] {logging_mixin.py:150} INFO - [2024-12-20T19:26:03.429+0000] {dag.py:2742} INFO - Sync 1 DAGs
[2024-12-20T19:26:03.445+0000] {logging_mixin.py:150} INFO - [2024-12-20T19:26:03.445+0000] {dag.py:3504} INFO - Setting next_dagrun for example_weekday_branch_operator to 2024-12-19T00:00:00+00:00, run_after=2024-12-20T00:00:00+00:00
[2024-12-20T19:26:03.461+0000] {processor.py:179} INFO - Processing /home/vscode/.local/lib/python3.10/site-packages/airflow/example_dags/example_branch_day_of_week_operator.py took 0.052 seconds
[2024-12-20T19:33:40.475+0000] {processor.py:157} INFO - Started process (PID=37869) to work on /home/vscode/.local/lib/python3.10/site-packages/airflow/example_dags/example_branch_day_of_week_operator.py
[2024-12-20T19:33:40.476+0000] {processor.py:826} INFO - Processing file /home/vscode/.local/lib/python3.10/site-packages/airflow/example_dags/example_branch_day_of_week_operator.py for tasks to queue
[2024-12-20T19:33:40.477+0000] {logging_mixin.py:150} INFO - [2024-12-20T19:33:40.476+0000] {dagbag.py:541} INFO - Filling up the DagBag from /home/vscode/.local/lib/python3.10/site-packages/airflow/example_dags/example_branch_day_of_week_operator.py
[2024-12-20T19:33:40.482+0000] {processor.py:836} INFO - DAG(s) dict_keys(['example_weekday_branch_operator']) retrieved from /home/vscode/.local/lib/python3.10/site-packages/airflow/example_dags/example_branch_day_of_week_operator.py
[2024-12-20T19:33:40.496+0000] {logging_mixin.py:150} INFO - [2024-12-20T19:33:40.496+0000] {dag.py:2742} INFO - Sync 1 DAGs
[2024-12-20T19:33:40.512+0000] {logging_mixin.py:150} INFO - [2024-12-20T19:33:40.512+0000] {dag.py:3504} INFO - Setting next_dagrun for example_weekday_branch_operator to 2024-12-19T00:00:00+00:00, run_after=2024-12-20T00:00:00+00:00
[2024-12-20T19:33:40.526+0000] {processor.py:179} INFO - Processing /home/vscode/.local/lib/python3.10/site-packages/airflow/example_dags/example_branch_day_of_week_operator.py took 0.053 seconds
[2024-12-20T19:34:31.796+0000] {processor.py:157} INFO - Started process (PID=38258) to work on /home/vscode/.local/lib/python3.10/site-packages/airflow/example_dags/example_branch_day_of_week_operator.py
[2024-12-20T19:34:31.797+0000] {processor.py:826} INFO - Processing file /home/vscode/.local/lib/python3.10/site-packages/airflow/example_dags/example_branch_day_of_week_operator.py for tasks to queue
[2024-12-20T19:34:31.798+0000] {logging_mixin.py:150} INFO - [2024-12-20T19:34:31.797+0000] {dagbag.py:541} INFO - Filling up the DagBag from /home/vscode/.local/lib/python3.10/site-packages/airflow/example_dags/example_branch_day_of_week_operator.py
[2024-12-20T19:34:31.803+0000] {processor.py:836} INFO - DAG(s) dict_keys(['example_weekday_branch_operator']) retrieved from /home/vscode/.local/lib/python3.10/site-packages/airflow/example_dags/example_branch_day_of_week_operator.py
[2024-12-20T19:34:31.815+0000] {logging_mixin.py:150} INFO - [2024-12-20T19:34:31.815+0000] {dag.py:2742} INFO - Sync 1 DAGs
[2024-12-20T19:34:31.829+0000] {logging_mixin.py:150} INFO - [2024-12-20T19:34:31.829+0000] {dag.py:3504} INFO - Setting next_dagrun for example_weekday_branch_operator to 2024-12-19T00:00:00+00:00, run_after=2024-12-20T00:00:00+00:00
[2024-12-20T19:34:31.844+0000] {processor.py:179} INFO - Processing /home/vscode/.local/lib/python3.10/site-packages/airflow/example_dags/example_branch_day_of_week_operator.py took 0.050 seconds
[2024-12-20T19:35:15.020+0000] {processor.py:157} INFO - Started process (PID=38598) to work on /home/vscode/.local/lib/python3.10/site-packages/airflow/example_dags/example_branch_day_of_week_operator.py
[2024-12-20T19:35:15.020+0000] {processor.py:826} INFO - Processing file /home/vscode/.local/lib/python3.10/site-packages/airflow/example_dags/example_branch_day_of_week_operator.py for tasks to queue
[2024-12-20T19:35:15.021+0000] {logging_mixin.py:150} INFO - [2024-12-20T19:35:15.021+0000] {dagbag.py:541} INFO - Filling up the DagBag from /home/vscode/.local/lib/python3.10/site-packages/airflow/example_dags/example_branch_day_of_week_operator.py
[2024-12-20T19:35:15.029+0000] {processor.py:836} INFO - DAG(s) dict_keys(['example_weekday_branch_operator']) retrieved from /home/vscode/.local/lib/python3.10/site-packages/airflow/example_dags/example_branch_day_of_week_operator.py
[2024-12-20T19:35:15.046+0000] {logging_mixin.py:150} INFO - [2024-12-20T19:35:15.046+0000] {dag.py:2742} INFO - Sync 1 DAGs
[2024-12-20T19:35:15.066+0000] {logging_mixin.py:150} INFO - [2024-12-20T19:35:15.066+0000] {dag.py:3504} INFO - Setting next_dagrun for example_weekday_branch_operator to 2024-12-19T00:00:00+00:00, run_after=2024-12-20T00:00:00+00:00
[2024-12-20T19:35:15.083+0000] {processor.py:179} INFO - Processing /home/vscode/.local/lib/python3.10/site-packages/airflow/example_dags/example_branch_day_of_week_operator.py took 0.066 seconds
[2024-12-20T19:36:02.642+0000] {processor.py:157} INFO - Started process (PID=38982) to work on /home/vscode/.local/lib/python3.10/site-packages/airflow/example_dags/example_branch_day_of_week_operator.py
[2024-12-20T19:36:02.642+0000] {processor.py:826} INFO - Processing file /home/vscode/.local/lib/python3.10/site-packages/airflow/example_dags/example_branch_day_of_week_operator.py for tasks to queue
[2024-12-20T19:36:02.643+0000] {logging_mixin.py:150} INFO - [2024-12-20T19:36:02.643+0000] {dagbag.py:541} INFO - Filling up the DagBag from /home/vscode/.local/lib/python3.10/site-packages/airflow/example_dags/example_branch_day_of_week_operator.py
[2024-12-20T19:36:02.649+0000] {processor.py:836} INFO - DAG(s) dict_keys(['example_weekday_branch_operator']) retrieved from /home/vscode/.local/lib/python3.10/site-packages/airflow/example_dags/example_branch_day_of_week_operator.py
[2024-12-20T19:36:02.661+0000] {logging_mixin.py:150} INFO - [2024-12-20T19:36:02.660+0000] {dag.py:2742} INFO - Sync 1 DAGs
[2024-12-20T19:36:02.675+0000] {logging_mixin.py:150} INFO - [2024-12-20T19:36:02.675+0000] {dag.py:3504} INFO - Setting next_dagrun for example_weekday_branch_operator to 2024-12-19T00:00:00+00:00, run_after=2024-12-20T00:00:00+00:00
[2024-12-20T19:36:02.689+0000] {processor.py:179} INFO - Processing /home/vscode/.local/lib/python3.10/site-packages/airflow/example_dags/example_branch_day_of_week_operator.py took 0.049 seconds
[2024-12-20T19:36:50.603+0000] {processor.py:157} INFO - Started process (PID=39465) to work on /home/vscode/.local/lib/python3.10/site-packages/airflow/example_dags/example_branch_day_of_week_operator.py
[2024-12-20T19:36:50.603+0000] {processor.py:826} INFO - Processing file /home/vscode/.local/lib/python3.10/site-packages/airflow/example_dags/example_branch_day_of_week_operator.py for tasks to queue
[2024-12-20T19:36:50.604+0000] {logging_mixin.py:150} INFO - [2024-12-20T19:36:50.604+0000] {dagbag.py:541} INFO - Filling up the DagBag from /home/vscode/.local/lib/python3.10/site-packages/airflow/example_dags/example_branch_day_of_week_operator.py
[2024-12-20T19:36:50.609+0000] {processor.py:836} INFO - DAG(s) dict_keys(['example_weekday_branch_operator']) retrieved from /home/vscode/.local/lib/python3.10/site-packages/airflow/example_dags/example_branch_day_of_week_operator.py
[2024-12-20T19:36:50.622+0000] {logging_mixin.py:150} INFO - [2024-12-20T19:36:50.621+0000] {dag.py:2742} INFO - Sync 1 DAGs
[2024-12-20T19:36:50.636+0000] {logging_mixin.py:150} INFO - [2024-12-20T19:36:50.636+0000] {dag.py:3504} INFO - Setting next_dagrun for example_weekday_branch_operator to 2024-12-19T00:00:00+00:00, run_after=2024-12-20T00:00:00+00:00
[2024-12-20T19:36:50.650+0000] {processor.py:179} INFO - Processing /home/vscode/.local/lib/python3.10/site-packages/airflow/example_dags/example_branch_day_of_week_operator.py took 0.050 seconds
[2024-12-20T19:37:36.051+0000] {processor.py:157} INFO - Started process (PID=39991) to work on /home/vscode/.local/lib/python3.10/site-packages/airflow/example_dags/example_branch_day_of_week_operator.py
[2024-12-20T19:37:36.052+0000] {processor.py:826} INFO - Processing file /home/vscode/.local/lib/python3.10/site-packages/airflow/example_dags/example_branch_day_of_week_operator.py for tasks to queue
[2024-12-20T19:37:36.053+0000] {logging_mixin.py:150} INFO - [2024-12-20T19:37:36.052+0000] {dagbag.py:541} INFO - Filling up the DagBag from /home/vscode/.local/lib/python3.10/site-packages/airflow/example_dags/example_branch_day_of_week_operator.py
[2024-12-20T19:37:36.058+0000] {processor.py:836} INFO - DAG(s) dict_keys(['example_weekday_branch_operator']) retrieved from /home/vscode/.local/lib/python3.10/site-packages/airflow/example_dags/example_branch_day_of_week_operator.py
[2024-12-20T19:37:36.071+0000] {logging_mixin.py:150} INFO - [2024-12-20T19:37:36.070+0000] {dag.py:2742} INFO - Sync 1 DAGs
[2024-12-20T19:37:36.085+0000] {logging_mixin.py:150} INFO - [2024-12-20T19:37:36.085+0000] {dag.py:3504} INFO - Setting next_dagrun for example_weekday_branch_operator to 2024-12-19T00:00:00+00:00, run_after=2024-12-20T00:00:00+00:00
[2024-12-20T19:37:36.100+0000] {processor.py:179} INFO - Processing /home/vscode/.local/lib/python3.10/site-packages/airflow/example_dags/example_branch_day_of_week_operator.py took 0.051 seconds
