[2024-12-20T19:23:31.115+0000] {processor.py:157} INFO - Started process (PID=33219) to work on /home/vscode/.local/lib/python3.10/site-packages/airflow/example_dags/example_branch_datetime_operator.py
[2024-12-20T19:23:31.115+0000] {processor.py:826} INFO - Processing file /home/vscode/.local/lib/python3.10/site-packages/airflow/example_dags/example_branch_datetime_operator.py for tasks to queue
[2024-12-20T19:23:31.116+0000] {logging_mixin.py:150} INFO - [2024-12-20T19:23:31.115+0000] {dagbag.py:541} INFO - Filling up the DagBag from /home/vscode/.local/lib/python3.10/site-packages/airflow/example_dags/example_branch_datetime_operator.py
[2024-12-20T19:23:31.123+0000] {processor.py:836} INFO - DAG(s) dict_keys(['example_branch_datetime_operator_2', 'example_branch_datetime_operator', 'example_branch_datetime_operator_3']) retrieved from /home/vscode/.local/lib/python3.10/site-packages/airflow/example_dags/example_branch_datetime_operator.py
[2024-12-20T19:23:31.141+0000] {logging_mixin.py:150} INFO - [2024-12-20T19:23:31.141+0000] {dag.py:2742} INFO - Sync 3 DAGs
[2024-12-20T19:23:31.157+0000] {logging_mixin.py:150} INFO - [2024-12-20T19:23:31.157+0000] {dag.py:3504} INFO - Setting next_dagrun for example_branch_datetime_operator to 2024-12-19T00:00:00+00:00, run_after=2024-12-20T00:00:00+00:00
[2024-12-20T19:23:31.161+0000] {logging_mixin.py:150} INFO - [2024-12-20T19:23:31.161+0000] {dag.py:3504} INFO - Setting next_dagrun for example_branch_datetime_operator_2 to 2024-12-19T00:00:00+00:00, run_after=2024-12-20T00:00:00+00:00
[2024-12-20T19:23:31.162+0000] {logging_mixin.py:150} INFO - [2024-12-20T19:23:31.162+0000] {dag.py:3504} INFO - Setting next_dagrun for example_branch_datetime_operator_3 to 2024-12-19T00:00:00+00:00, run_after=2024-12-20T00:00:00+00:00
[2024-12-20T19:23:31.176+0000] {processor.py:179} INFO - Processing /home/vscode/.local/lib/python3.10/site-packages/airflow/example_dags/example_branch_datetime_operator.py took 0.064 seconds
[2024-12-20T19:24:17.558+0000] {processor.py:157} INFO - Started process (PID=33551) to work on /home/vscode/.local/lib/python3.10/site-packages/airflow/example_dags/example_branch_datetime_operator.py
[2024-12-20T19:24:17.559+0000] {processor.py:826} INFO - Processing file /home/vscode/.local/lib/python3.10/site-packages/airflow/example_dags/example_branch_datetime_operator.py for tasks to queue
[2024-12-20T19:24:17.559+0000] {logging_mixin.py:150} INFO - [2024-12-20T19:24:17.559+0000] {dagbag.py:541} INFO - Filling up the DagBag from /home/vscode/.local/lib/python3.10/site-packages/airflow/example_dags/example_branch_datetime_operator.py
[2024-12-20T19:24:17.566+0000] {processor.py:836} INFO - DAG(s) dict_keys(['example_branch_datetime_operator_3', 'example_branch_datetime_operator_2', 'example_branch_datetime_operator']) retrieved from /home/vscode/.local/lib/python3.10/site-packages/airflow/example_dags/example_branch_datetime_operator.py
[2024-12-20T19:24:17.583+0000] {logging_mixin.py:150} INFO - [2024-12-20T19:24:17.582+0000] {dag.py:2742} INFO - Sync 3 DAGs
[2024-12-20T19:24:17.598+0000] {logging_mixin.py:150} INFO - [2024-12-20T19:24:17.598+0000] {dag.py:3504} INFO - Setting next_dagrun for example_branch_datetime_operator to 2024-12-19T00:00:00+00:00, run_after=2024-12-20T00:00:00+00:00
[2024-12-20T19:24:17.602+0000] {logging_mixin.py:150} INFO - [2024-12-20T19:24:17.601+0000] {dag.py:3504} INFO - Setting next_dagrun for example_branch_datetime_operator_2 to 2024-12-19T00:00:00+00:00, run_after=2024-12-20T00:00:00+00:00
[2024-12-20T19:24:17.603+0000] {logging_mixin.py:150} INFO - [2024-12-20T19:24:17.603+0000] {dag.py:3504} INFO - Setting next_dagrun for example_branch_datetime_operator_3 to 2024-12-19T00:00:00+00:00, run_after=2024-12-20T00:00:00+00:00
[2024-12-20T19:24:17.617+0000] {processor.py:179} INFO - Processing /home/vscode/.local/lib/python3.10/site-packages/airflow/example_dags/example_branch_datetime_operator.py took 0.061 seconds
[2024-12-20T19:25:02.109+0000] {processor.py:157} INFO - Started process (PID=33920) to work on /home/vscode/.local/lib/python3.10/site-packages/airflow/example_dags/example_branch_datetime_operator.py
[2024-12-20T19:25:02.109+0000] {processor.py:826} INFO - Processing file /home/vscode/.local/lib/python3.10/site-packages/airflow/example_dags/example_branch_datetime_operator.py for tasks to queue
[2024-12-20T19:25:02.110+0000] {logging_mixin.py:150} INFO - [2024-12-20T19:25:02.110+0000] {dagbag.py:541} INFO - Filling up the DagBag from /home/vscode/.local/lib/python3.10/site-packages/airflow/example_dags/example_branch_datetime_operator.py
[2024-12-20T19:25:02.118+0000] {processor.py:836} INFO - DAG(s) dict_keys(['example_branch_datetime_operator', 'example_branch_datetime_operator_2', 'example_branch_datetime_operator_3']) retrieved from /home/vscode/.local/lib/python3.10/site-packages/airflow/example_dags/example_branch_datetime_operator.py
[2024-12-20T19:25:02.136+0000] {logging_mixin.py:150} INFO - [2024-12-20T19:25:02.135+0000] {dag.py:2742} INFO - Sync 3 DAGs
[2024-12-20T19:25:02.154+0000] {logging_mixin.py:150} INFO - [2024-12-20T19:25:02.154+0000] {dag.py:3504} INFO - Setting next_dagrun for example_branch_datetime_operator to 2024-12-19T00:00:00+00:00, run_after=2024-12-20T00:00:00+00:00
[2024-12-20T19:25:02.157+0000] {logging_mixin.py:150} INFO - [2024-12-20T19:25:02.157+0000] {dag.py:3504} INFO - Setting next_dagrun for example_branch_datetime_operator_2 to 2024-12-19T00:00:00+00:00, run_after=2024-12-20T00:00:00+00:00
[2024-12-20T19:25:02.159+0000] {logging_mixin.py:150} INFO - [2024-12-20T19:25:02.159+0000] {dag.py:3504} INFO - Setting next_dagrun for example_branch_datetime_operator_3 to 2024-12-19T00:00:00+00:00, run_after=2024-12-20T00:00:00+00:00
[2024-12-20T19:25:02.175+0000] {processor.py:179} INFO - Processing /home/vscode/.local/lib/python3.10/site-packages/airflow/example_dags/example_branch_datetime_operator.py took 0.068 seconds
[2024-12-20T19:25:49.723+0000] {processor.py:157} INFO - Started process (PID=34372) to work on /home/vscode/.local/lib/python3.10/site-packages/airflow/example_dags/example_branch_datetime_operator.py
[2024-12-20T19:25:49.724+0000] {processor.py:826} INFO - Processing file /home/vscode/.local/lib/python3.10/site-packages/airflow/example_dags/example_branch_datetime_operator.py for tasks to queue
[2024-12-20T19:25:49.725+0000] {logging_mixin.py:150} INFO - [2024-12-20T19:25:49.725+0000] {dagbag.py:541} INFO - Filling up the DagBag from /home/vscode/.local/lib/python3.10/site-packages/airflow/example_dags/example_branch_datetime_operator.py
[2024-12-20T19:25:49.732+0000] {processor.py:836} INFO - DAG(s) dict_keys(['example_branch_datetime_operator_3', 'example_branch_datetime_operator', 'example_branch_datetime_operator_2']) retrieved from /home/vscode/.local/lib/python3.10/site-packages/airflow/example_dags/example_branch_datetime_operator.py
[2024-12-20T19:25:49.750+0000] {logging_mixin.py:150} INFO - [2024-12-20T19:25:49.750+0000] {dag.py:2742} INFO - Sync 3 DAGs
[2024-12-20T19:25:49.767+0000] {logging_mixin.py:150} INFO - [2024-12-20T19:25:49.767+0000] {dag.py:3504} INFO - Setting next_dagrun for example_branch_datetime_operator to 2024-12-19T00:00:00+00:00, run_after=2024-12-20T00:00:00+00:00
[2024-12-20T19:25:49.771+0000] {logging_mixin.py:150} INFO - [2024-12-20T19:25:49.770+0000] {dag.py:3504} INFO - Setting next_dagrun for example_branch_datetime_operator_2 to 2024-12-19T00:00:00+00:00, run_after=2024-12-20T00:00:00+00:00
[2024-12-20T19:25:49.772+0000] {logging_mixin.py:150} INFO - [2024-12-20T19:25:49.772+0000] {dag.py:3504} INFO - Setting next_dagrun for example_branch_datetime_operator_3 to 2024-12-19T00:00:00+00:00, run_after=2024-12-20T00:00:00+00:00
[2024-12-20T19:25:49.789+0000] {processor.py:179} INFO - Processing /home/vscode/.local/lib/python3.10/site-packages/airflow/example_dags/example_branch_datetime_operator.py took 0.068 seconds
[2024-12-20T19:26:33.006+0000] {processor.py:157} INFO - Started process (PID=34759) to work on /home/vscode/.local/lib/python3.10/site-packages/airflow/example_dags/example_branch_datetime_operator.py
[2024-12-20T19:26:33.007+0000] {processor.py:826} INFO - Processing file /home/vscode/.local/lib/python3.10/site-packages/airflow/example_dags/example_branch_datetime_operator.py for tasks to queue
[2024-12-20T19:26:33.008+0000] {logging_mixin.py:150} INFO - [2024-12-20T19:26:33.007+0000] {dagbag.py:541} INFO - Filling up the DagBag from /home/vscode/.local/lib/python3.10/site-packages/airflow/example_dags/example_branch_datetime_operator.py
[2024-12-20T19:26:33.015+0000] {processor.py:836} INFO - DAG(s) dict_keys(['example_branch_datetime_operator', 'example_branch_datetime_operator_3', 'example_branch_datetime_operator_2']) retrieved from /home/vscode/.local/lib/python3.10/site-packages/airflow/example_dags/example_branch_datetime_operator.py
[2024-12-20T19:26:33.031+0000] {logging_mixin.py:150} INFO - [2024-12-20T19:26:33.031+0000] {dag.py:2742} INFO - Sync 3 DAGs
[2024-12-20T19:26:33.046+0000] {logging_mixin.py:150} INFO - [2024-12-20T19:26:33.046+0000] {dag.py:3504} INFO - Setting next_dagrun for example_branch_datetime_operator to 2024-12-19T00:00:00+00:00, run_after=2024-12-20T00:00:00+00:00
[2024-12-20T19:26:33.050+0000] {logging_mixin.py:150} INFO - [2024-12-20T19:26:33.050+0000] {dag.py:3504} INFO - Setting next_dagrun for example_branch_datetime_operator_2 to 2024-12-19T00:00:00+00:00, run_after=2024-12-20T00:00:00+00:00
[2024-12-20T19:26:33.052+0000] {logging_mixin.py:150} INFO - [2024-12-20T19:26:33.052+0000] {dag.py:3504} INFO - Setting next_dagrun for example_branch_datetime_operator_3 to 2024-12-19T00:00:00+00:00, run_after=2024-12-20T00:00:00+00:00
[2024-12-20T19:26:33.065+0000] {processor.py:179} INFO - Processing /home/vscode/.local/lib/python3.10/site-packages/airflow/example_dags/example_branch_datetime_operator.py took 0.061 seconds
[2024-12-20T19:33:31.342+0000] {processor.py:157} INFO - Started process (PID=37802) to work on /home/vscode/.local/lib/python3.10/site-packages/airflow/example_dags/example_branch_datetime_operator.py
[2024-12-20T19:33:31.343+0000] {processor.py:826} INFO - Processing file /home/vscode/.local/lib/python3.10/site-packages/airflow/example_dags/example_branch_datetime_operator.py for tasks to queue
[2024-12-20T19:33:31.343+0000] {logging_mixin.py:150} INFO - [2024-12-20T19:33:31.343+0000] {dagbag.py:541} INFO - Filling up the DagBag from /home/vscode/.local/lib/python3.10/site-packages/airflow/example_dags/example_branch_datetime_operator.py
[2024-12-20T19:33:31.350+0000] {processor.py:836} INFO - DAG(s) dict_keys(['example_branch_datetime_operator_3', 'example_branch_datetime_operator_2', 'example_branch_datetime_operator']) retrieved from /home/vscode/.local/lib/python3.10/site-packages/airflow/example_dags/example_branch_datetime_operator.py
[2024-12-20T19:33:31.367+0000] {logging_mixin.py:150} INFO - [2024-12-20T19:33:31.367+0000] {dag.py:2742} INFO - Sync 3 DAGs
[2024-12-20T19:33:31.382+0000] {logging_mixin.py:150} INFO - [2024-12-20T19:33:31.382+0000] {dag.py:3504} INFO - Setting next_dagrun for example_branch_datetime_operator to 2024-12-19T00:00:00+00:00, run_after=2024-12-20T00:00:00+00:00
[2024-12-20T19:33:31.385+0000] {logging_mixin.py:150} INFO - [2024-12-20T19:33:31.385+0000] {dag.py:3504} INFO - Setting next_dagrun for example_branch_datetime_operator_2 to 2024-12-19T00:00:00+00:00, run_after=2024-12-20T00:00:00+00:00
[2024-12-20T19:33:31.387+0000] {logging_mixin.py:150} INFO - [2024-12-20T19:33:31.387+0000] {dag.py:3504} INFO - Setting next_dagrun for example_branch_datetime_operator_3 to 2024-12-19T00:00:00+00:00, run_after=2024-12-20T00:00:00+00:00
[2024-12-20T19:33:31.401+0000] {processor.py:179} INFO - Processing /home/vscode/.local/lib/python3.10/site-packages/airflow/example_dags/example_branch_datetime_operator.py took 0.061 seconds
[2024-12-20T19:34:17.653+0000] {processor.py:157} INFO - Started process (PID=38146) to work on /home/vscode/.local/lib/python3.10/site-packages/airflow/example_dags/example_branch_datetime_operator.py
[2024-12-20T19:34:17.654+0000] {processor.py:826} INFO - Processing file /home/vscode/.local/lib/python3.10/site-packages/airflow/example_dags/example_branch_datetime_operator.py for tasks to queue
[2024-12-20T19:34:17.654+0000] {logging_mixin.py:150} INFO - [2024-12-20T19:34:17.654+0000] {dagbag.py:541} INFO - Filling up the DagBag from /home/vscode/.local/lib/python3.10/site-packages/airflow/example_dags/example_branch_datetime_operator.py
[2024-12-20T19:34:17.661+0000] {processor.py:836} INFO - DAG(s) dict_keys(['example_branch_datetime_operator_2', 'example_branch_datetime_operator_3', 'example_branch_datetime_operator']) retrieved from /home/vscode/.local/lib/python3.10/site-packages/airflow/example_dags/example_branch_datetime_operator.py
[2024-12-20T19:34:17.677+0000] {logging_mixin.py:150} INFO - [2024-12-20T19:34:17.677+0000] {dag.py:2742} INFO - Sync 3 DAGs
[2024-12-20T19:34:17.693+0000] {logging_mixin.py:150} INFO - [2024-12-20T19:34:17.692+0000] {dag.py:3504} INFO - Setting next_dagrun for example_branch_datetime_operator to 2024-12-19T00:00:00+00:00, run_after=2024-12-20T00:00:00+00:00
[2024-12-20T19:34:17.696+0000] {logging_mixin.py:150} INFO - [2024-12-20T19:34:17.695+0000] {dag.py:3504} INFO - Setting next_dagrun for example_branch_datetime_operator_2 to 2024-12-19T00:00:00+00:00, run_after=2024-12-20T00:00:00+00:00
[2024-12-20T19:34:17.697+0000] {logging_mixin.py:150} INFO - [2024-12-20T19:34:17.697+0000] {dag.py:3504} INFO - Setting next_dagrun for example_branch_datetime_operator_3 to 2024-12-19T00:00:00+00:00, run_after=2024-12-20T00:00:00+00:00
[2024-12-20T19:34:17.710+0000] {processor.py:179} INFO - Processing /home/vscode/.local/lib/python3.10/site-packages/airflow/example_dags/example_branch_datetime_operator.py took 0.059 seconds
[2024-12-20T19:35:04.660+0000] {processor.py:157} INFO - Started process (PID=38513) to work on /home/vscode/.local/lib/python3.10/site-packages/airflow/example_dags/example_branch_datetime_operator.py
[2024-12-20T19:35:04.661+0000] {processor.py:826} INFO - Processing file /home/vscode/.local/lib/python3.10/site-packages/airflow/example_dags/example_branch_datetime_operator.py for tasks to queue
[2024-12-20T19:35:04.661+0000] {logging_mixin.py:150} INFO - [2024-12-20T19:35:04.661+0000] {dagbag.py:541} INFO - Filling up the DagBag from /home/vscode/.local/lib/python3.10/site-packages/airflow/example_dags/example_branch_datetime_operator.py
[2024-12-20T19:35:04.669+0000] {processor.py:836} INFO - DAG(s) dict_keys(['example_branch_datetime_operator', 'example_branch_datetime_operator_2', 'example_branch_datetime_operator_3']) retrieved from /home/vscode/.local/lib/python3.10/site-packages/airflow/example_dags/example_branch_datetime_operator.py
[2024-12-20T19:35:04.685+0000] {logging_mixin.py:150} INFO - [2024-12-20T19:35:04.684+0000] {dag.py:2742} INFO - Sync 3 DAGs
[2024-12-20T19:35:04.700+0000] {logging_mixin.py:150} INFO - [2024-12-20T19:35:04.700+0000] {dag.py:3504} INFO - Setting next_dagrun for example_branch_datetime_operator to 2024-12-19T00:00:00+00:00, run_after=2024-12-20T00:00:00+00:00
[2024-12-20T19:35:04.703+0000] {logging_mixin.py:150} INFO - [2024-12-20T19:35:04.703+0000] {dag.py:3504} INFO - Setting next_dagrun for example_branch_datetime_operator_2 to 2024-12-19T00:00:00+00:00, run_after=2024-12-20T00:00:00+00:00
[2024-12-20T19:35:04.704+0000] {logging_mixin.py:150} INFO - [2024-12-20T19:35:04.704+0000] {dag.py:3504} INFO - Setting next_dagrun for example_branch_datetime_operator_3 to 2024-12-19T00:00:00+00:00, run_after=2024-12-20T00:00:00+00:00
[2024-12-20T19:35:04.718+0000] {processor.py:179} INFO - Processing /home/vscode/.local/lib/python3.10/site-packages/airflow/example_dags/example_branch_datetime_operator.py took 0.060 seconds
[2024-12-20T19:35:50.099+0000] {processor.py:157} INFO - Started process (PID=38851) to work on /home/vscode/.local/lib/python3.10/site-packages/airflow/example_dags/example_branch_datetime_operator.py
[2024-12-20T19:35:50.100+0000] {processor.py:826} INFO - Processing file /home/vscode/.local/lib/python3.10/site-packages/airflow/example_dags/example_branch_datetime_operator.py for tasks to queue
[2024-12-20T19:35:50.101+0000] {logging_mixin.py:150} INFO - [2024-12-20T19:35:50.100+0000] {dagbag.py:541} INFO - Filling up the DagBag from /home/vscode/.local/lib/python3.10/site-packages/airflow/example_dags/example_branch_datetime_operator.py
[2024-12-20T19:35:50.107+0000] {processor.py:836} INFO - DAG(s) dict_keys(['example_branch_datetime_operator_2', 'example_branch_datetime_operator_3', 'example_branch_datetime_operator']) retrieved from /home/vscode/.local/lib/python3.10/site-packages/airflow/example_dags/example_branch_datetime_operator.py
[2024-12-20T19:35:50.123+0000] {logging_mixin.py:150} INFO - [2024-12-20T19:35:50.123+0000] {dag.py:2742} INFO - Sync 3 DAGs
[2024-12-20T19:35:50.138+0000] {logging_mixin.py:150} INFO - [2024-12-20T19:35:50.138+0000] {dag.py:3504} INFO - Setting next_dagrun for example_branch_datetime_operator to 2024-12-19T00:00:00+00:00, run_after=2024-12-20T00:00:00+00:00
[2024-12-20T19:35:50.141+0000] {logging_mixin.py:150} INFO - [2024-12-20T19:35:50.141+0000] {dag.py:3504} INFO - Setting next_dagrun for example_branch_datetime_operator_2 to 2024-12-19T00:00:00+00:00, run_after=2024-12-20T00:00:00+00:00
[2024-12-20T19:35:50.150+0000] {logging_mixin.py:150} INFO - [2024-12-20T19:35:50.150+0000] {dag.py:3504} INFO - Setting next_dagrun for example_branch_datetime_operator_3 to 2024-12-19T00:00:00+00:00, run_after=2024-12-20T00:00:00+00:00
[2024-12-20T19:35:50.183+0000] {processor.py:179} INFO - Processing /home/vscode/.local/lib/python3.10/site-packages/airflow/example_dags/example_branch_datetime_operator.py took 0.085 seconds
[2024-12-20T19:36:37.193+0000] {processor.py:157} INFO - Started process (PID=39337) to work on /home/vscode/.local/lib/python3.10/site-packages/airflow/example_dags/example_branch_datetime_operator.py
[2024-12-20T19:36:37.194+0000] {processor.py:826} INFO - Processing file /home/vscode/.local/lib/python3.10/site-packages/airflow/example_dags/example_branch_datetime_operator.py for tasks to queue
[2024-12-20T19:36:37.194+0000] {logging_mixin.py:150} INFO - [2024-12-20T19:36:37.194+0000] {dagbag.py:541} INFO - Filling up the DagBag from /home/vscode/.local/lib/python3.10/site-packages/airflow/example_dags/example_branch_datetime_operator.py
[2024-12-20T19:36:37.201+0000] {processor.py:836} INFO - DAG(s) dict_keys(['example_branch_datetime_operator_3', 'example_branch_datetime_operator_2', 'example_branch_datetime_operator']) retrieved from /home/vscode/.local/lib/python3.10/site-packages/airflow/example_dags/example_branch_datetime_operator.py
[2024-12-20T19:36:37.217+0000] {logging_mixin.py:150} INFO - [2024-12-20T19:36:37.217+0000] {dag.py:2742} INFO - Sync 3 DAGs
[2024-12-20T19:36:37.232+0000] {logging_mixin.py:150} INFO - [2024-12-20T19:36:37.231+0000] {dag.py:3504} INFO - Setting next_dagrun for example_branch_datetime_operator to 2024-12-19T00:00:00+00:00, run_after=2024-12-20T00:00:00+00:00
[2024-12-20T19:36:37.235+0000] {logging_mixin.py:150} INFO - [2024-12-20T19:36:37.235+0000] {dag.py:3504} INFO - Setting next_dagrun for example_branch_datetime_operator_2 to 2024-12-19T00:00:00+00:00, run_after=2024-12-20T00:00:00+00:00
[2024-12-20T19:36:37.236+0000] {logging_mixin.py:150} INFO - [2024-12-20T19:36:37.236+0000] {dag.py:3504} INFO - Setting next_dagrun for example_branch_datetime_operator_3 to 2024-12-19T00:00:00+00:00, run_after=2024-12-20T00:00:00+00:00
[2024-12-20T19:36:37.250+0000] {processor.py:179} INFO - Processing /home/vscode/.local/lib/python3.10/site-packages/airflow/example_dags/example_branch_datetime_operator.py took 0.059 seconds
[2024-12-20T19:37:25.356+0000] {processor.py:157} INFO - Started process (PID=39839) to work on /home/vscode/.local/lib/python3.10/site-packages/airflow/example_dags/example_branch_datetime_operator.py
[2024-12-20T19:37:25.357+0000] {processor.py:826} INFO - Processing file /home/vscode/.local/lib/python3.10/site-packages/airflow/example_dags/example_branch_datetime_operator.py for tasks to queue
[2024-12-20T19:37:25.357+0000] {logging_mixin.py:150} INFO - [2024-12-20T19:37:25.357+0000] {dagbag.py:541} INFO - Filling up the DagBag from /home/vscode/.local/lib/python3.10/site-packages/airflow/example_dags/example_branch_datetime_operator.py
[2024-12-20T19:37:25.364+0000] {processor.py:836} INFO - DAG(s) dict_keys(['example_branch_datetime_operator', 'example_branch_datetime_operator_2', 'example_branch_datetime_operator_3']) retrieved from /home/vscode/.local/lib/python3.10/site-packages/airflow/example_dags/example_branch_datetime_operator.py
[2024-12-20T19:37:25.380+0000] {logging_mixin.py:150} INFO - [2024-12-20T19:37:25.380+0000] {dag.py:2742} INFO - Sync 3 DAGs
[2024-12-20T19:37:25.395+0000] {logging_mixin.py:150} INFO - [2024-12-20T19:37:25.395+0000] {dag.py:3504} INFO - Setting next_dagrun for example_branch_datetime_operator to 2024-12-19T00:00:00+00:00, run_after=2024-12-20T00:00:00+00:00
[2024-12-20T19:37:25.398+0000] {logging_mixin.py:150} INFO - [2024-12-20T19:37:25.398+0000] {dag.py:3504} INFO - Setting next_dagrun for example_branch_datetime_operator_2 to 2024-12-19T00:00:00+00:00, run_after=2024-12-20T00:00:00+00:00
[2024-12-20T19:37:25.400+0000] {logging_mixin.py:150} INFO - [2024-12-20T19:37:25.400+0000] {dag.py:3504} INFO - Setting next_dagrun for example_branch_datetime_operator_3 to 2024-12-19T00:00:00+00:00, run_after=2024-12-20T00:00:00+00:00
[2024-12-20T19:37:25.414+0000] {processor.py:179} INFO - Processing /home/vscode/.local/lib/python3.10/site-packages/airflow/example_dags/example_branch_datetime_operator.py took 0.060 seconds
