[2024-12-20T19:23:33.858+0000] {processor.py:157} INFO - Started process (PID=33236) to work on /home/vscode/.local/lib/python3.10/site-packages/airflow/example_dags/example_params_ui_tutorial.py
[2024-12-20T19:23:33.858+0000] {processor.py:826} INFO - Processing file /home/vscode/.local/lib/python3.10/site-packages/airflow/example_dags/example_params_ui_tutorial.py for tasks to queue
[2024-12-20T19:23:33.859+0000] {logging_mixin.py:150} INFO - [2024-12-20T19:23:33.858+0000] {dagbag.py:541} INFO - Filling up the DagBag from /home/vscode/.local/lib/python3.10/site-packages/airflow/example_dags/example_params_ui_tutorial.py
[2024-12-20T19:23:33.876+0000] {processor.py:836} INFO - DAG(s) dict_keys(['example_params_ui_tutorial']) retrieved from /home/vscode/.local/lib/python3.10/site-packages/airflow/example_dags/example_params_ui_tutorial.py
[2024-12-20T19:23:33.903+0000] {logging_mixin.py:150} INFO - [2024-12-20T19:23:33.903+0000] {dag.py:2742} INFO - Sync 1 DAGs
[2024-12-20T19:23:33.918+0000] {logging_mixin.py:150} INFO - [2024-12-20T19:23:33.917+0000] {dag.py:3504} INFO - Setting next_dagrun for example_params_ui_tutorial to None, run_after=None
[2024-12-20T19:23:33.933+0000] {processor.py:179} INFO - Processing /home/vscode/.local/lib/python3.10/site-packages/airflow/example_dags/example_params_ui_tutorial.py took 0.078 seconds
[2024-12-20T19:24:19.267+0000] {processor.py:157} INFO - Started process (PID=33564) to work on /home/vscode/.local/lib/python3.10/site-packages/airflow/example_dags/example_params_ui_tutorial.py
[2024-12-20T19:24:19.268+0000] {processor.py:826} INFO - Processing file /home/vscode/.local/lib/python3.10/site-packages/airflow/example_dags/example_params_ui_tutorial.py for tasks to queue
[2024-12-20T19:24:19.268+0000] {logging_mixin.py:150} INFO - [2024-12-20T19:24:19.268+0000] {dagbag.py:541} INFO - Filling up the DagBag from /home/vscode/.local/lib/python3.10/site-packages/airflow/example_dags/example_params_ui_tutorial.py
[2024-12-20T19:24:19.287+0000] {processor.py:836} INFO - DAG(s) dict_keys(['example_params_ui_tutorial']) retrieved from /home/vscode/.local/lib/python3.10/site-packages/airflow/example_dags/example_params_ui_tutorial.py
[2024-12-20T19:24:19.315+0000] {logging_mixin.py:150} INFO - [2024-12-20T19:24:19.314+0000] {dag.py:2742} INFO - Sync 1 DAGs
[2024-12-20T19:24:19.329+0000] {logging_mixin.py:150} INFO - [2024-12-20T19:24:19.329+0000] {dag.py:3504} INFO - Setting next_dagrun for example_params_ui_tutorial to None, run_after=None
[2024-12-20T19:24:19.344+0000] {processor.py:179} INFO - Processing /home/vscode/.local/lib/python3.10/site-packages/airflow/example_dags/example_params_ui_tutorial.py took 0.079 seconds
[2024-12-20T19:25:04.613+0000] {processor.py:157} INFO - Started process (PID=33944) to work on /home/vscode/.local/lib/python3.10/site-packages/airflow/example_dags/example_params_ui_tutorial.py
[2024-12-20T19:25:04.613+0000] {processor.py:826} INFO - Processing file /home/vscode/.local/lib/python3.10/site-packages/airflow/example_dags/example_params_ui_tutorial.py for tasks to queue
[2024-12-20T19:25:04.614+0000] {logging_mixin.py:150} INFO - [2024-12-20T19:25:04.614+0000] {dagbag.py:541} INFO - Filling up the DagBag from /home/vscode/.local/lib/python3.10/site-packages/airflow/example_dags/example_params_ui_tutorial.py
[2024-12-20T19:25:04.631+0000] {processor.py:836} INFO - DAG(s) dict_keys(['example_params_ui_tutorial']) retrieved from /home/vscode/.local/lib/python3.10/site-packages/airflow/example_dags/example_params_ui_tutorial.py
[2024-12-20T19:25:04.656+0000] {logging_mixin.py:150} INFO - [2024-12-20T19:25:04.656+0000] {dag.py:2742} INFO - Sync 1 DAGs
[2024-12-20T19:25:04.672+0000] {logging_mixin.py:150} INFO - [2024-12-20T19:25:04.672+0000] {dag.py:3504} INFO - Setting next_dagrun for example_params_ui_tutorial to None, run_after=None
[2024-12-20T19:25:04.688+0000] {processor.py:179} INFO - Processing /home/vscode/.local/lib/python3.10/site-packages/airflow/example_dags/example_params_ui_tutorial.py took 0.078 seconds
[2024-12-20T19:25:52.890+0000] {processor.py:157} INFO - Started process (PID=34390) to work on /home/vscode/.local/lib/python3.10/site-packages/airflow/example_dags/example_params_ui_tutorial.py
[2024-12-20T19:25:52.891+0000] {processor.py:826} INFO - Processing file /home/vscode/.local/lib/python3.10/site-packages/airflow/example_dags/example_params_ui_tutorial.py for tasks to queue
[2024-12-20T19:25:52.892+0000] {logging_mixin.py:150} INFO - [2024-12-20T19:25:52.892+0000] {dagbag.py:541} INFO - Filling up the DagBag from /home/vscode/.local/lib/python3.10/site-packages/airflow/example_dags/example_params_ui_tutorial.py
[2024-12-20T19:25:52.909+0000] {processor.py:836} INFO - DAG(s) dict_keys(['example_params_ui_tutorial']) retrieved from /home/vscode/.local/lib/python3.10/site-packages/airflow/example_dags/example_params_ui_tutorial.py
[2024-12-20T19:25:52.936+0000] {logging_mixin.py:150} INFO - [2024-12-20T19:25:52.936+0000] {dag.py:2742} INFO - Sync 1 DAGs
[2024-12-20T19:25:52.950+0000] {logging_mixin.py:150} INFO - [2024-12-20T19:25:52.950+0000] {dag.py:3504} INFO - Setting next_dagrun for example_params_ui_tutorial to None, run_after=None
[2024-12-20T19:25:52.968+0000] {processor.py:179} INFO - Processing /home/vscode/.local/lib/python3.10/site-packages/airflow/example_dags/example_params_ui_tutorial.py took 0.080 seconds
[2024-12-20T19:26:36.117+0000] {processor.py:157} INFO - Started process (PID=34794) to work on /home/vscode/.local/lib/python3.10/site-packages/airflow/example_dags/example_params_ui_tutorial.py
[2024-12-20T19:26:36.117+0000] {processor.py:826} INFO - Processing file /home/vscode/.local/lib/python3.10/site-packages/airflow/example_dags/example_params_ui_tutorial.py for tasks to queue
[2024-12-20T19:26:36.118+0000] {logging_mixin.py:150} INFO - [2024-12-20T19:26:36.118+0000] {dagbag.py:541} INFO - Filling up the DagBag from /home/vscode/.local/lib/python3.10/site-packages/airflow/example_dags/example_params_ui_tutorial.py
[2024-12-20T19:26:36.135+0000] {processor.py:836} INFO - DAG(s) dict_keys(['example_params_ui_tutorial']) retrieved from /home/vscode/.local/lib/python3.10/site-packages/airflow/example_dags/example_params_ui_tutorial.py
[2024-12-20T19:26:36.171+0000] {logging_mixin.py:150} INFO - [2024-12-20T19:26:36.170+0000] {dag.py:2742} INFO - Sync 1 DAGs
[2024-12-20T19:26:36.201+0000] {logging_mixin.py:150} INFO - [2024-12-20T19:26:36.201+0000] {dag.py:3504} INFO - Setting next_dagrun for example_params_ui_tutorial to None, run_after=None
[2024-12-20T19:26:36.228+0000] {processor.py:179} INFO - Processing /home/vscode/.local/lib/python3.10/site-packages/airflow/example_dags/example_params_ui_tutorial.py took 0.113 seconds
[2024-12-20T19:33:33.794+0000] {processor.py:157} INFO - Started process (PID=37813) to work on /home/vscode/.local/lib/python3.10/site-packages/airflow/example_dags/example_params_ui_tutorial.py
[2024-12-20T19:33:33.795+0000] {processor.py:826} INFO - Processing file /home/vscode/.local/lib/python3.10/site-packages/airflow/example_dags/example_params_ui_tutorial.py for tasks to queue
[2024-12-20T19:33:33.796+0000] {logging_mixin.py:150} INFO - [2024-12-20T19:33:33.796+0000] {dagbag.py:541} INFO - Filling up the DagBag from /home/vscode/.local/lib/python3.10/site-packages/airflow/example_dags/example_params_ui_tutorial.py
[2024-12-20T19:33:33.813+0000] {processor.py:836} INFO - DAG(s) dict_keys(['example_params_ui_tutorial']) retrieved from /home/vscode/.local/lib/python3.10/site-packages/airflow/example_dags/example_params_ui_tutorial.py
[2024-12-20T19:33:33.840+0000] {logging_mixin.py:150} INFO - [2024-12-20T19:33:33.839+0000] {dag.py:2742} INFO - Sync 1 DAGs
[2024-12-20T19:33:33.853+0000] {logging_mixin.py:150} INFO - [2024-12-20T19:33:33.853+0000] {dag.py:3504} INFO - Setting next_dagrun for example_params_ui_tutorial to None, run_after=None
[2024-12-20T19:33:33.867+0000] {processor.py:179} INFO - Processing /home/vscode/.local/lib/python3.10/site-packages/airflow/example_dags/example_params_ui_tutorial.py took 0.075 seconds
[2024-12-20T19:34:20.360+0000] {processor.py:157} INFO - Started process (PID=38175) to work on /home/vscode/.local/lib/python3.10/site-packages/airflow/example_dags/example_params_ui_tutorial.py
[2024-12-20T19:34:20.361+0000] {processor.py:826} INFO - Processing file /home/vscode/.local/lib/python3.10/site-packages/airflow/example_dags/example_params_ui_tutorial.py for tasks to queue
[2024-12-20T19:34:20.361+0000] {logging_mixin.py:150} INFO - [2024-12-20T19:34:20.361+0000] {dagbag.py:541} INFO - Filling up the DagBag from /home/vscode/.local/lib/python3.10/site-packages/airflow/example_dags/example_params_ui_tutorial.py
[2024-12-20T19:34:20.383+0000] {processor.py:836} INFO - DAG(s) dict_keys(['example_params_ui_tutorial']) retrieved from /home/vscode/.local/lib/python3.10/site-packages/airflow/example_dags/example_params_ui_tutorial.py
[2024-12-20T19:34:20.411+0000] {logging_mixin.py:150} INFO - [2024-12-20T19:34:20.411+0000] {dag.py:2742} INFO - Sync 1 DAGs
[2024-12-20T19:34:20.425+0000] {logging_mixin.py:150} INFO - [2024-12-20T19:34:20.425+0000] {dag.py:3504} INFO - Setting next_dagrun for example_params_ui_tutorial to None, run_after=None
[2024-12-20T19:34:20.440+0000] {processor.py:179} INFO - Processing /home/vscode/.local/lib/python3.10/site-packages/airflow/example_dags/example_params_ui_tutorial.py took 0.082 seconds
[2024-12-20T19:35:06.441+0000] {processor.py:157} INFO - Started process (PID=38529) to work on /home/vscode/.local/lib/python3.10/site-packages/airflow/example_dags/example_params_ui_tutorial.py
[2024-12-20T19:35:06.442+0000] {processor.py:826} INFO - Processing file /home/vscode/.local/lib/python3.10/site-packages/airflow/example_dags/example_params_ui_tutorial.py for tasks to queue
[2024-12-20T19:35:06.443+0000] {logging_mixin.py:150} INFO - [2024-12-20T19:35:06.442+0000] {dagbag.py:541} INFO - Filling up the DagBag from /home/vscode/.local/lib/python3.10/site-packages/airflow/example_dags/example_params_ui_tutorial.py
[2024-12-20T19:35:06.460+0000] {processor.py:836} INFO - DAG(s) dict_keys(['example_params_ui_tutorial']) retrieved from /home/vscode/.local/lib/python3.10/site-packages/airflow/example_dags/example_params_ui_tutorial.py
[2024-12-20T19:35:06.490+0000] {logging_mixin.py:150} INFO - [2024-12-20T19:35:06.490+0000] {dag.py:2742} INFO - Sync 1 DAGs
[2024-12-20T19:35:06.513+0000] {logging_mixin.py:150} INFO - [2024-12-20T19:35:06.513+0000] {dag.py:3504} INFO - Setting next_dagrun for example_params_ui_tutorial to None, run_after=None
[2024-12-20T19:35:06.534+0000] {processor.py:179} INFO - Processing /home/vscode/.local/lib/python3.10/site-packages/airflow/example_dags/example_params_ui_tutorial.py took 0.095 seconds
[2024-12-20T19:35:52.946+0000] {processor.py:157} INFO - Started process (PID=38870) to work on /home/vscode/.local/lib/python3.10/site-packages/airflow/example_dags/example_params_ui_tutorial.py
[2024-12-20T19:35:52.947+0000] {processor.py:826} INFO - Processing file /home/vscode/.local/lib/python3.10/site-packages/airflow/example_dags/example_params_ui_tutorial.py for tasks to queue
[2024-12-20T19:35:52.947+0000] {logging_mixin.py:150} INFO - [2024-12-20T19:35:52.947+0000] {dagbag.py:541} INFO - Filling up the DagBag from /home/vscode/.local/lib/python3.10/site-packages/airflow/example_dags/example_params_ui_tutorial.py
[2024-12-20T19:35:52.964+0000] {processor.py:836} INFO - DAG(s) dict_keys(['example_params_ui_tutorial']) retrieved from /home/vscode/.local/lib/python3.10/site-packages/airflow/example_dags/example_params_ui_tutorial.py
[2024-12-20T19:35:52.989+0000] {logging_mixin.py:150} INFO - [2024-12-20T19:35:52.988+0000] {dag.py:2742} INFO - Sync 1 DAGs
[2024-12-20T19:35:53.002+0000] {logging_mixin.py:150} INFO - [2024-12-20T19:35:53.002+0000] {dag.py:3504} INFO - Setting next_dagrun for example_params_ui_tutorial to None, run_after=None
[2024-12-20T19:35:53.017+0000] {processor.py:179} INFO - Processing /home/vscode/.local/lib/python3.10/site-packages/airflow/example_dags/example_params_ui_tutorial.py took 0.073 seconds
[2024-12-20T19:36:40.327+0000] {processor.py:157} INFO - Started process (PID=39360) to work on /home/vscode/.local/lib/python3.10/site-packages/airflow/example_dags/example_params_ui_tutorial.py
[2024-12-20T19:36:40.328+0000] {processor.py:826} INFO - Processing file /home/vscode/.local/lib/python3.10/site-packages/airflow/example_dags/example_params_ui_tutorial.py for tasks to queue
[2024-12-20T19:36:40.328+0000] {logging_mixin.py:150} INFO - [2024-12-20T19:36:40.328+0000] {dagbag.py:541} INFO - Filling up the DagBag from /home/vscode/.local/lib/python3.10/site-packages/airflow/example_dags/example_params_ui_tutorial.py
[2024-12-20T19:36:40.345+0000] {processor.py:836} INFO - DAG(s) dict_keys(['example_params_ui_tutorial']) retrieved from /home/vscode/.local/lib/python3.10/site-packages/airflow/example_dags/example_params_ui_tutorial.py
[2024-12-20T19:36:40.370+0000] {logging_mixin.py:150} INFO - [2024-12-20T19:36:40.369+0000] {dag.py:2742} INFO - Sync 1 DAGs
[2024-12-20T19:36:40.384+0000] {logging_mixin.py:150} INFO - [2024-12-20T19:36:40.384+0000] {dag.py:3504} INFO - Setting next_dagrun for example_params_ui_tutorial to None, run_after=None
[2024-12-20T19:36:40.398+0000] {processor.py:179} INFO - Processing /home/vscode/.local/lib/python3.10/site-packages/airflow/example_dags/example_params_ui_tutorial.py took 0.073 seconds
[2024-12-20T19:37:27.874+0000] {processor.py:157} INFO - Started process (PID=39867) to work on /home/vscode/.local/lib/python3.10/site-packages/airflow/example_dags/example_params_ui_tutorial.py
[2024-12-20T19:37:27.875+0000] {processor.py:826} INFO - Processing file /home/vscode/.local/lib/python3.10/site-packages/airflow/example_dags/example_params_ui_tutorial.py for tasks to queue
[2024-12-20T19:37:27.875+0000] {logging_mixin.py:150} INFO - [2024-12-20T19:37:27.875+0000] {dagbag.py:541} INFO - Filling up the DagBag from /home/vscode/.local/lib/python3.10/site-packages/airflow/example_dags/example_params_ui_tutorial.py
[2024-12-20T19:37:27.893+0000] {processor.py:836} INFO - DAG(s) dict_keys(['example_params_ui_tutorial']) retrieved from /home/vscode/.local/lib/python3.10/site-packages/airflow/example_dags/example_params_ui_tutorial.py
[2024-12-20T19:37:27.918+0000] {logging_mixin.py:150} INFO - [2024-12-20T19:37:27.918+0000] {dag.py:2742} INFO - Sync 1 DAGs
[2024-12-20T19:37:27.933+0000] {logging_mixin.py:150} INFO - [2024-12-20T19:37:27.933+0000] {dag.py:3504} INFO - Setting next_dagrun for example_params_ui_tutorial to None, run_after=None
[2024-12-20T19:37:27.948+0000] {processor.py:179} INFO - Processing /home/vscode/.local/lib/python3.10/site-packages/airflow/example_dags/example_params_ui_tutorial.py took 0.076 seconds
