[2024-12-20T19:23:45.498+0000] {processor.py:157} INFO - Started process (PID=33320) to work on /home/vscode/.local/lib/python3.10/site-packages/airflow/example_dags/example_dynamic_task_mapping.py
[2024-12-20T19:23:45.499+0000] {processor.py:826} INFO - Processing file /home/vscode/.local/lib/python3.10/site-packages/airflow/example_dags/example_dynamic_task_mapping.py for tasks to queue
[2024-12-20T19:23:45.500+0000] {logging_mixin.py:150} INFO - [2024-12-20T19:23:45.500+0000] {dagbag.py:541} INFO - Filling up the DagBag from /home/vscode/.local/lib/python3.10/site-packages/airflow/example_dags/example_dynamic_task_mapping.py
[2024-12-20T19:23:45.508+0000] {processor.py:836} INFO - DAG(s) dict_keys(['example_dynamic_task_mapping']) retrieved from /home/vscode/.local/lib/python3.10/site-packages/airflow/example_dags/example_dynamic_task_mapping.py
[2024-12-20T19:23:45.518+0000] {logging_mixin.py:150} INFO - [2024-12-20T19:23:45.518+0000] {dag.py:2742} INFO - Sync 1 DAGs
[2024-12-20T19:23:45.532+0000] {logging_mixin.py:150} INFO - [2024-12-20T19:23:45.532+0000] {dag.py:3504} INFO - Setting next_dagrun for example_dynamic_task_mapping to 2022-03-04T00:00:00+00:00, run_after=2022-03-05T00:00:00+00:00
[2024-12-20T19:23:45.549+0000] {processor.py:179} INFO - Processing /home/vscode/.local/lib/python3.10/site-packages/airflow/example_dags/example_dynamic_task_mapping.py took 0.053 seconds
[2024-12-20T19:24:33.042+0000] {processor.py:157} INFO - Started process (PID=33669) to work on /home/vscode/.local/lib/python3.10/site-packages/airflow/example_dags/example_dynamic_task_mapping.py
[2024-12-20T19:24:33.043+0000] {processor.py:826} INFO - Processing file /home/vscode/.local/lib/python3.10/site-packages/airflow/example_dags/example_dynamic_task_mapping.py for tasks to queue
[2024-12-20T19:24:33.044+0000] {logging_mixin.py:150} INFO - [2024-12-20T19:24:33.043+0000] {dagbag.py:541} INFO - Filling up the DagBag from /home/vscode/.local/lib/python3.10/site-packages/airflow/example_dags/example_dynamic_task_mapping.py
[2024-12-20T19:24:33.049+0000] {processor.py:836} INFO - DAG(s) dict_keys(['example_dynamic_task_mapping']) retrieved from /home/vscode/.local/lib/python3.10/site-packages/airflow/example_dags/example_dynamic_task_mapping.py
[2024-12-20T19:24:33.060+0000] {logging_mixin.py:150} INFO - [2024-12-20T19:24:33.060+0000] {dag.py:2742} INFO - Sync 1 DAGs
[2024-12-20T19:24:33.075+0000] {logging_mixin.py:150} INFO - [2024-12-20T19:24:33.074+0000] {dag.py:3504} INFO - Setting next_dagrun for example_dynamic_task_mapping to 2022-03-04T00:00:00+00:00, run_after=2022-03-05T00:00:00+00:00
[2024-12-20T19:24:33.089+0000] {processor.py:179} INFO - Processing /home/vscode/.local/lib/python3.10/site-packages/airflow/example_dags/example_dynamic_task_mapping.py took 0.049 seconds
[2024-12-20T19:25:20.601+0000] {processor.py:157} INFO - Started process (PID=34110) to work on /home/vscode/.local/lib/python3.10/site-packages/airflow/example_dags/example_dynamic_task_mapping.py
[2024-12-20T19:25:20.601+0000] {processor.py:826} INFO - Processing file /home/vscode/.local/lib/python3.10/site-packages/airflow/example_dags/example_dynamic_task_mapping.py for tasks to queue
[2024-12-20T19:25:20.602+0000] {logging_mixin.py:150} INFO - [2024-12-20T19:25:20.602+0000] {dagbag.py:541} INFO - Filling up the DagBag from /home/vscode/.local/lib/python3.10/site-packages/airflow/example_dags/example_dynamic_task_mapping.py
[2024-12-20T19:25:20.607+0000] {processor.py:836} INFO - DAG(s) dict_keys(['example_dynamic_task_mapping']) retrieved from /home/vscode/.local/lib/python3.10/site-packages/airflow/example_dags/example_dynamic_task_mapping.py
[2024-12-20T19:25:20.618+0000] {logging_mixin.py:150} INFO - [2024-12-20T19:25:20.618+0000] {dag.py:2742} INFO - Sync 1 DAGs
[2024-12-20T19:25:20.632+0000] {logging_mixin.py:150} INFO - [2024-12-20T19:25:20.632+0000] {dag.py:3504} INFO - Setting next_dagrun for example_dynamic_task_mapping to 2022-03-04T00:00:00+00:00, run_after=2022-03-05T00:00:00+00:00
[2024-12-20T19:25:20.647+0000] {processor.py:179} INFO - Processing /home/vscode/.local/lib/python3.10/site-packages/airflow/example_dags/example_dynamic_task_mapping.py took 0.048 seconds
[2024-12-20T19:26:06.967+0000] {processor.py:157} INFO - Started process (PID=34547) to work on /home/vscode/.local/lib/python3.10/site-packages/airflow/example_dags/example_dynamic_task_mapping.py
[2024-12-20T19:26:06.967+0000] {processor.py:826} INFO - Processing file /home/vscode/.local/lib/python3.10/site-packages/airflow/example_dags/example_dynamic_task_mapping.py for tasks to queue
[2024-12-20T19:26:06.968+0000] {logging_mixin.py:150} INFO - [2024-12-20T19:26:06.968+0000] {dagbag.py:541} INFO - Filling up the DagBag from /home/vscode/.local/lib/python3.10/site-packages/airflow/example_dags/example_dynamic_task_mapping.py
[2024-12-20T19:26:06.973+0000] {processor.py:836} INFO - DAG(s) dict_keys(['example_dynamic_task_mapping']) retrieved from /home/vscode/.local/lib/python3.10/site-packages/airflow/example_dags/example_dynamic_task_mapping.py
[2024-12-20T19:26:06.984+0000] {logging_mixin.py:150} INFO - [2024-12-20T19:26:06.984+0000] {dag.py:2742} INFO - Sync 1 DAGs
[2024-12-20T19:26:06.997+0000] {logging_mixin.py:150} INFO - [2024-12-20T19:26:06.997+0000] {dag.py:3504} INFO - Setting next_dagrun for example_dynamic_task_mapping to 2022-03-04T00:00:00+00:00, run_after=2022-03-05T00:00:00+00:00
[2024-12-20T19:26:07.012+0000] {processor.py:179} INFO - Processing /home/vscode/.local/lib/python3.10/site-packages/airflow/example_dags/example_dynamic_task_mapping.py took 0.047 seconds
[2024-12-20T19:33:44.473+0000] {processor.py:157} INFO - Started process (PID=37889) to work on /home/vscode/.local/lib/python3.10/site-packages/airflow/example_dags/example_dynamic_task_mapping.py
[2024-12-20T19:33:44.474+0000] {processor.py:826} INFO - Processing file /home/vscode/.local/lib/python3.10/site-packages/airflow/example_dags/example_dynamic_task_mapping.py for tasks to queue
[2024-12-20T19:33:44.474+0000] {logging_mixin.py:150} INFO - [2024-12-20T19:33:44.474+0000] {dagbag.py:541} INFO - Filling up the DagBag from /home/vscode/.local/lib/python3.10/site-packages/airflow/example_dags/example_dynamic_task_mapping.py
[2024-12-20T19:33:44.479+0000] {processor.py:836} INFO - DAG(s) dict_keys(['example_dynamic_task_mapping']) retrieved from /home/vscode/.local/lib/python3.10/site-packages/airflow/example_dags/example_dynamic_task_mapping.py
[2024-12-20T19:33:44.490+0000] {logging_mixin.py:150} INFO - [2024-12-20T19:33:44.489+0000] {dag.py:2742} INFO - Sync 1 DAGs
[2024-12-20T19:33:44.503+0000] {logging_mixin.py:150} INFO - [2024-12-20T19:33:44.503+0000] {dag.py:3504} INFO - Setting next_dagrun for example_dynamic_task_mapping to 2022-03-04T00:00:00+00:00, run_after=2022-03-05T00:00:00+00:00
[2024-12-20T19:33:44.517+0000] {processor.py:179} INFO - Processing /home/vscode/.local/lib/python3.10/site-packages/airflow/example_dags/example_dynamic_task_mapping.py took 0.046 seconds
[2024-12-20T19:34:35.732+0000] {processor.py:157} INFO - Started process (PID=38290) to work on /home/vscode/.local/lib/python3.10/site-packages/airflow/example_dags/example_dynamic_task_mapping.py
[2024-12-20T19:34:35.733+0000] {processor.py:826} INFO - Processing file /home/vscode/.local/lib/python3.10/site-packages/airflow/example_dags/example_dynamic_task_mapping.py for tasks to queue
[2024-12-20T19:34:35.733+0000] {logging_mixin.py:150} INFO - [2024-12-20T19:34:35.733+0000] {dagbag.py:541} INFO - Filling up the DagBag from /home/vscode/.local/lib/python3.10/site-packages/airflow/example_dags/example_dynamic_task_mapping.py
[2024-12-20T19:34:35.738+0000] {processor.py:836} INFO - DAG(s) dict_keys(['example_dynamic_task_mapping']) retrieved from /home/vscode/.local/lib/python3.10/site-packages/airflow/example_dags/example_dynamic_task_mapping.py
[2024-12-20T19:34:35.749+0000] {logging_mixin.py:150} INFO - [2024-12-20T19:34:35.749+0000] {dag.py:2742} INFO - Sync 1 DAGs
[2024-12-20T19:34:35.763+0000] {logging_mixin.py:150} INFO - [2024-12-20T19:34:35.763+0000] {dag.py:3504} INFO - Setting next_dagrun for example_dynamic_task_mapping to 2022-03-04T00:00:00+00:00, run_after=2022-03-05T00:00:00+00:00
[2024-12-20T19:34:35.777+0000] {processor.py:179} INFO - Processing /home/vscode/.local/lib/python3.10/site-packages/airflow/example_dags/example_dynamic_task_mapping.py took 0.047 seconds
[2024-12-20T19:35:19.219+0000] {processor.py:157} INFO - Started process (PID=38630) to work on /home/vscode/.local/lib/python3.10/site-packages/airflow/example_dags/example_dynamic_task_mapping.py
[2024-12-20T19:35:19.220+0000] {processor.py:826} INFO - Processing file /home/vscode/.local/lib/python3.10/site-packages/airflow/example_dags/example_dynamic_task_mapping.py for tasks to queue
[2024-12-20T19:35:19.220+0000] {logging_mixin.py:150} INFO - [2024-12-20T19:35:19.220+0000] {dagbag.py:541} INFO - Filling up the DagBag from /home/vscode/.local/lib/python3.10/site-packages/airflow/example_dags/example_dynamic_task_mapping.py
[2024-12-20T19:35:19.226+0000] {processor.py:836} INFO - DAG(s) dict_keys(['example_dynamic_task_mapping']) retrieved from /home/vscode/.local/lib/python3.10/site-packages/airflow/example_dags/example_dynamic_task_mapping.py
[2024-12-20T19:35:19.236+0000] {logging_mixin.py:150} INFO - [2024-12-20T19:35:19.236+0000] {dag.py:2742} INFO - Sync 1 DAGs
[2024-12-20T19:35:19.249+0000] {logging_mixin.py:150} INFO - [2024-12-20T19:35:19.249+0000] {dag.py:3504} INFO - Setting next_dagrun for example_dynamic_task_mapping to 2022-03-04T00:00:00+00:00, run_after=2022-03-05T00:00:00+00:00
[2024-12-20T19:35:19.264+0000] {processor.py:179} INFO - Processing /home/vscode/.local/lib/python3.10/site-packages/airflow/example_dags/example_dynamic_task_mapping.py took 0.047 seconds
[2024-12-20T19:36:05.690+0000] {processor.py:157} INFO - Started process (PID=39011) to work on /home/vscode/.local/lib/python3.10/site-packages/airflow/example_dags/example_dynamic_task_mapping.py
[2024-12-20T19:36:05.690+0000] {processor.py:826} INFO - Processing file /home/vscode/.local/lib/python3.10/site-packages/airflow/example_dags/example_dynamic_task_mapping.py for tasks to queue
[2024-12-20T19:36:05.691+0000] {logging_mixin.py:150} INFO - [2024-12-20T19:36:05.691+0000] {dagbag.py:541} INFO - Filling up the DagBag from /home/vscode/.local/lib/python3.10/site-packages/airflow/example_dags/example_dynamic_task_mapping.py
[2024-12-20T19:36:05.696+0000] {processor.py:836} INFO - DAG(s) dict_keys(['example_dynamic_task_mapping']) retrieved from /home/vscode/.local/lib/python3.10/site-packages/airflow/example_dags/example_dynamic_task_mapping.py
[2024-12-20T19:36:05.706+0000] {logging_mixin.py:150} INFO - [2024-12-20T19:36:05.706+0000] {dag.py:2742} INFO - Sync 1 DAGs
[2024-12-20T19:36:05.722+0000] {logging_mixin.py:150} INFO - [2024-12-20T19:36:05.722+0000] {dag.py:3504} INFO - Setting next_dagrun for example_dynamic_task_mapping to 2022-03-04T00:00:00+00:00, run_after=2022-03-05T00:00:00+00:00
[2024-12-20T19:36:05.736+0000] {processor.py:179} INFO - Processing /home/vscode/.local/lib/python3.10/site-packages/airflow/example_dags/example_dynamic_task_mapping.py took 0.048 seconds
[2024-12-20T19:36:54.580+0000] {processor.py:157} INFO - Started process (PID=39496) to work on /home/vscode/.local/lib/python3.10/site-packages/airflow/example_dags/example_dynamic_task_mapping.py
[2024-12-20T19:36:54.580+0000] {processor.py:826} INFO - Processing file /home/vscode/.local/lib/python3.10/site-packages/airflow/example_dags/example_dynamic_task_mapping.py for tasks to queue
[2024-12-20T19:36:54.581+0000] {logging_mixin.py:150} INFO - [2024-12-20T19:36:54.581+0000] {dagbag.py:541} INFO - Filling up the DagBag from /home/vscode/.local/lib/python3.10/site-packages/airflow/example_dags/example_dynamic_task_mapping.py
[2024-12-20T19:36:54.586+0000] {processor.py:836} INFO - DAG(s) dict_keys(['example_dynamic_task_mapping']) retrieved from /home/vscode/.local/lib/python3.10/site-packages/airflow/example_dags/example_dynamic_task_mapping.py
[2024-12-20T19:36:54.596+0000] {logging_mixin.py:150} INFO - [2024-12-20T19:36:54.596+0000] {dag.py:2742} INFO - Sync 1 DAGs
[2024-12-20T19:36:54.610+0000] {logging_mixin.py:150} INFO - [2024-12-20T19:36:54.610+0000] {dag.py:3504} INFO - Setting next_dagrun for example_dynamic_task_mapping to 2022-03-04T00:00:00+00:00, run_after=2022-03-05T00:00:00+00:00
[2024-12-20T19:36:54.624+0000] {processor.py:179} INFO - Processing /home/vscode/.local/lib/python3.10/site-packages/airflow/example_dags/example_dynamic_task_mapping.py took 0.046 seconds
[2024-12-20T19:37:40.485+0000] {processor.py:157} INFO - Started process (PID=40022) to work on /home/vscode/.local/lib/python3.10/site-packages/airflow/example_dags/example_dynamic_task_mapping.py
[2024-12-20T19:37:40.486+0000] {processor.py:826} INFO - Processing file /home/vscode/.local/lib/python3.10/site-packages/airflow/example_dags/example_dynamic_task_mapping.py for tasks to queue
[2024-12-20T19:37:40.487+0000] {logging_mixin.py:150} INFO - [2024-12-20T19:37:40.486+0000] {dagbag.py:541} INFO - Filling up the DagBag from /home/vscode/.local/lib/python3.10/site-packages/airflow/example_dags/example_dynamic_task_mapping.py
[2024-12-20T19:37:40.492+0000] {processor.py:836} INFO - DAG(s) dict_keys(['example_dynamic_task_mapping']) retrieved from /home/vscode/.local/lib/python3.10/site-packages/airflow/example_dags/example_dynamic_task_mapping.py
[2024-12-20T19:37:40.502+0000] {logging_mixin.py:150} INFO - [2024-12-20T19:37:40.502+0000] {dag.py:2742} INFO - Sync 1 DAGs
[2024-12-20T19:37:40.516+0000] {logging_mixin.py:150} INFO - [2024-12-20T19:37:40.516+0000] {dag.py:3504} INFO - Setting next_dagrun for example_dynamic_task_mapping to 2022-03-04T00:00:00+00:00, run_after=2022-03-05T00:00:00+00:00
[2024-12-20T19:37:40.530+0000] {processor.py:179} INFO - Processing /home/vscode/.local/lib/python3.10/site-packages/airflow/example_dags/example_dynamic_task_mapping.py took 0.047 seconds
