[2024-12-20T19:23:42.456+0000] {processor.py:157} INFO - Started process (PID=33302) to work on /home/vscode/.local/lib/python3.10/site-packages/airflow/example_dags/example_sensors.py
[2024-12-20T19:23:42.456+0000] {processor.py:826} INFO - Processing file /home/vscode/.local/lib/python3.10/site-packages/airflow/example_dags/example_sensors.py for tasks to queue
[2024-12-20T19:23:42.457+0000] {logging_mixin.py:150} INFO - [2024-12-20T19:23:42.457+0000] {dagbag.py:541} INFO - Filling up the DagBag from /home/vscode/.local/lib/python3.10/site-packages/airflow/example_dags/example_sensors.py
[2024-12-20T19:23:42.465+0000] {processor.py:836} INFO - DAG(s) dict_keys(['example_sensors']) retrieved from /home/vscode/.local/lib/python3.10/site-packages/airflow/example_dags/example_sensors.py
[2024-12-20T19:23:42.481+0000] {logging_mixin.py:150} INFO - [2024-12-20T19:23:42.481+0000] {dag.py:2742} INFO - Sync 1 DAGs
[2024-12-20T19:23:42.499+0000] {logging_mixin.py:150} INFO - [2024-12-20T19:23:42.499+0000] {dag.py:3504} INFO - Setting next_dagrun for example_sensors to None, run_after=None
[2024-12-20T19:23:42.532+0000] {processor.py:179} INFO - Processing /home/vscode/.local/lib/python3.10/site-packages/airflow/example_dags/example_sensors.py took 0.078 seconds
[2024-12-20T19:24:30.673+0000] {processor.py:157} INFO - Started process (PID=33646) to work on /home/vscode/.local/lib/python3.10/site-packages/airflow/example_dags/example_sensors.py
[2024-12-20T19:24:30.674+0000] {processor.py:826} INFO - Processing file /home/vscode/.local/lib/python3.10/site-packages/airflow/example_dags/example_sensors.py for tasks to queue
[2024-12-20T19:24:30.674+0000] {logging_mixin.py:150} INFO - [2024-12-20T19:24:30.674+0000] {dagbag.py:541} INFO - Filling up the DagBag from /home/vscode/.local/lib/python3.10/site-packages/airflow/example_dags/example_sensors.py
[2024-12-20T19:24:30.681+0000] {processor.py:836} INFO - DAG(s) dict_keys(['example_sensors']) retrieved from /home/vscode/.local/lib/python3.10/site-packages/airflow/example_dags/example_sensors.py
[2024-12-20T19:24:30.695+0000] {logging_mixin.py:150} INFO - [2024-12-20T19:24:30.695+0000] {dag.py:2742} INFO - Sync 1 DAGs
[2024-12-20T19:24:30.709+0000] {logging_mixin.py:150} INFO - [2024-12-20T19:24:30.709+0000] {dag.py:3504} INFO - Setting next_dagrun for example_sensors to None, run_after=None
[2024-12-20T19:24:30.724+0000] {processor.py:179} INFO - Processing /home/vscode/.local/lib/python3.10/site-packages/airflow/example_dags/example_sensors.py took 0.053 seconds
[2024-12-20T19:25:16.974+0000] {processor.py:157} INFO - Started process (PID=34079) to work on /home/vscode/.local/lib/python3.10/site-packages/airflow/example_dags/example_sensors.py
[2024-12-20T19:25:16.975+0000] {processor.py:826} INFO - Processing file /home/vscode/.local/lib/python3.10/site-packages/airflow/example_dags/example_sensors.py for tasks to queue
[2024-12-20T19:25:16.975+0000] {logging_mixin.py:150} INFO - [2024-12-20T19:25:16.975+0000] {dagbag.py:541} INFO - Filling up the DagBag from /home/vscode/.local/lib/python3.10/site-packages/airflow/example_dags/example_sensors.py
[2024-12-20T19:25:16.983+0000] {processor.py:836} INFO - DAG(s) dict_keys(['example_sensors']) retrieved from /home/vscode/.local/lib/python3.10/site-packages/airflow/example_dags/example_sensors.py
[2024-12-20T19:25:16.998+0000] {logging_mixin.py:150} INFO - [2024-12-20T19:25:16.997+0000] {dag.py:2742} INFO - Sync 1 DAGs
[2024-12-20T19:25:17.011+0000] {logging_mixin.py:150} INFO - [2024-12-20T19:25:17.011+0000] {dag.py:3504} INFO - Setting next_dagrun for example_sensors to None, run_after=None
[2024-12-20T19:25:17.027+0000] {processor.py:179} INFO - Processing /home/vscode/.local/lib/python3.10/site-packages/airflow/example_dags/example_sensors.py took 0.055 seconds
[2024-12-20T19:26:03.721+0000] {processor.py:157} INFO - Started process (PID=34517) to work on /home/vscode/.local/lib/python3.10/site-packages/airflow/example_dags/example_sensors.py
[2024-12-20T19:26:03.722+0000] {processor.py:826} INFO - Processing file /home/vscode/.local/lib/python3.10/site-packages/airflow/example_dags/example_sensors.py for tasks to queue
[2024-12-20T19:26:03.722+0000] {logging_mixin.py:150} INFO - [2024-12-20T19:26:03.722+0000] {dagbag.py:541} INFO - Filling up the DagBag from /home/vscode/.local/lib/python3.10/site-packages/airflow/example_dags/example_sensors.py
[2024-12-20T19:26:03.730+0000] {processor.py:836} INFO - DAG(s) dict_keys(['example_sensors']) retrieved from /home/vscode/.local/lib/python3.10/site-packages/airflow/example_dags/example_sensors.py
[2024-12-20T19:26:03.752+0000] {logging_mixin.py:150} INFO - [2024-12-20T19:26:03.752+0000] {dag.py:2742} INFO - Sync 1 DAGs
[2024-12-20T19:26:03.772+0000] {logging_mixin.py:150} INFO - [2024-12-20T19:26:03.771+0000] {dag.py:3504} INFO - Setting next_dagrun for example_sensors to None, run_after=None
[2024-12-20T19:26:03.786+0000] {processor.py:179} INFO - Processing /home/vscode/.local/lib/python3.10/site-packages/airflow/example_dags/example_sensors.py took 0.067 seconds
[2024-12-20T19:33:41.632+0000] {processor.py:157} INFO - Started process (PID=37877) to work on /home/vscode/.local/lib/python3.10/site-packages/airflow/example_dags/example_sensors.py
[2024-12-20T19:33:41.633+0000] {processor.py:826} INFO - Processing file /home/vscode/.local/lib/python3.10/site-packages/airflow/example_dags/example_sensors.py for tasks to queue
[2024-12-20T19:33:41.633+0000] {logging_mixin.py:150} INFO - [2024-12-20T19:33:41.633+0000] {dagbag.py:541} INFO - Filling up the DagBag from /home/vscode/.local/lib/python3.10/site-packages/airflow/example_dags/example_sensors.py
[2024-12-20T19:33:41.640+0000] {processor.py:836} INFO - DAG(s) dict_keys(['example_sensors']) retrieved from /home/vscode/.local/lib/python3.10/site-packages/airflow/example_dags/example_sensors.py
[2024-12-20T19:33:41.654+0000] {logging_mixin.py:150} INFO - [2024-12-20T19:33:41.654+0000] {dag.py:2742} INFO - Sync 1 DAGs
[2024-12-20T19:33:41.667+0000] {logging_mixin.py:150} INFO - [2024-12-20T19:33:41.667+0000] {dag.py:3504} INFO - Setting next_dagrun for example_sensors to None, run_after=None
[2024-12-20T19:33:41.682+0000] {processor.py:179} INFO - Processing /home/vscode/.local/lib/python3.10/site-packages/airflow/example_dags/example_sensors.py took 0.052 seconds
[2024-12-20T19:34:32.951+0000] {processor.py:157} INFO - Started process (PID=38266) to work on /home/vscode/.local/lib/python3.10/site-packages/airflow/example_dags/example_sensors.py
[2024-12-20T19:34:32.952+0000] {processor.py:826} INFO - Processing file /home/vscode/.local/lib/python3.10/site-packages/airflow/example_dags/example_sensors.py for tasks to queue
[2024-12-20T19:34:32.952+0000] {logging_mixin.py:150} INFO - [2024-12-20T19:34:32.952+0000] {dagbag.py:541} INFO - Filling up the DagBag from /home/vscode/.local/lib/python3.10/site-packages/airflow/example_dags/example_sensors.py
[2024-12-20T19:34:32.959+0000] {processor.py:836} INFO - DAG(s) dict_keys(['example_sensors']) retrieved from /home/vscode/.local/lib/python3.10/site-packages/airflow/example_dags/example_sensors.py
[2024-12-20T19:34:32.973+0000] {logging_mixin.py:150} INFO - [2024-12-20T19:34:32.973+0000] {dag.py:2742} INFO - Sync 1 DAGs
[2024-12-20T19:34:32.987+0000] {logging_mixin.py:150} INFO - [2024-12-20T19:34:32.987+0000] {dag.py:3504} INFO - Setting next_dagrun for example_sensors to None, run_after=None
[2024-12-20T19:34:33.002+0000] {processor.py:179} INFO - Processing /home/vscode/.local/lib/python3.10/site-packages/airflow/example_dags/example_sensors.py took 0.053 seconds
[2024-12-20T19:35:16.173+0000] {processor.py:157} INFO - Started process (PID=38605) to work on /home/vscode/.local/lib/python3.10/site-packages/airflow/example_dags/example_sensors.py
[2024-12-20T19:35:16.174+0000] {processor.py:826} INFO - Processing file /home/vscode/.local/lib/python3.10/site-packages/airflow/example_dags/example_sensors.py for tasks to queue
[2024-12-20T19:35:16.175+0000] {logging_mixin.py:150} INFO - [2024-12-20T19:35:16.174+0000] {dagbag.py:541} INFO - Filling up the DagBag from /home/vscode/.local/lib/python3.10/site-packages/airflow/example_dags/example_sensors.py
[2024-12-20T19:35:16.181+0000] {processor.py:836} INFO - DAG(s) dict_keys(['example_sensors']) retrieved from /home/vscode/.local/lib/python3.10/site-packages/airflow/example_dags/example_sensors.py
[2024-12-20T19:35:16.195+0000] {logging_mixin.py:150} INFO - [2024-12-20T19:35:16.195+0000] {dag.py:2742} INFO - Sync 1 DAGs
[2024-12-20T19:35:16.208+0000] {logging_mixin.py:150} INFO - [2024-12-20T19:35:16.208+0000] {dag.py:3504} INFO - Setting next_dagrun for example_sensors to None, run_after=None
[2024-12-20T19:35:16.223+0000] {processor.py:179} INFO - Processing /home/vscode/.local/lib/python3.10/site-packages/airflow/example_dags/example_sensors.py took 0.051 seconds
[2024-12-20T19:36:03.193+0000] {processor.py:157} INFO - Started process (PID=38983) to work on /home/vscode/.local/lib/python3.10/site-packages/airflow/example_dags/example_sensors.py
[2024-12-20T19:36:03.193+0000] {processor.py:826} INFO - Processing file /home/vscode/.local/lib/python3.10/site-packages/airflow/example_dags/example_sensors.py for tasks to queue
[2024-12-20T19:36:03.194+0000] {logging_mixin.py:150} INFO - [2024-12-20T19:36:03.194+0000] {dagbag.py:541} INFO - Filling up the DagBag from /home/vscode/.local/lib/python3.10/site-packages/airflow/example_dags/example_sensors.py
[2024-12-20T19:36:03.201+0000] {processor.py:836} INFO - DAG(s) dict_keys(['example_sensors']) retrieved from /home/vscode/.local/lib/python3.10/site-packages/airflow/example_dags/example_sensors.py
[2024-12-20T19:36:03.214+0000] {logging_mixin.py:150} INFO - [2024-12-20T19:36:03.214+0000] {dag.py:2742} INFO - Sync 1 DAGs
[2024-12-20T19:36:03.228+0000] {logging_mixin.py:150} INFO - [2024-12-20T19:36:03.227+0000] {dag.py:3504} INFO - Setting next_dagrun for example_sensors to None, run_after=None
[2024-12-20T19:36:03.244+0000] {processor.py:179} INFO - Processing /home/vscode/.local/lib/python3.10/site-packages/airflow/example_dags/example_sensors.py took 0.053 seconds
[2024-12-20T19:36:51.737+0000] {processor.py:157} INFO - Started process (PID=39479) to work on /home/vscode/.local/lib/python3.10/site-packages/airflow/example_dags/example_sensors.py
[2024-12-20T19:36:51.737+0000] {processor.py:826} INFO - Processing file /home/vscode/.local/lib/python3.10/site-packages/airflow/example_dags/example_sensors.py for tasks to queue
[2024-12-20T19:36:51.738+0000] {logging_mixin.py:150} INFO - [2024-12-20T19:36:51.737+0000] {dagbag.py:541} INFO - Filling up the DagBag from /home/vscode/.local/lib/python3.10/site-packages/airflow/example_dags/example_sensors.py
[2024-12-20T19:36:51.744+0000] {processor.py:836} INFO - DAG(s) dict_keys(['example_sensors']) retrieved from /home/vscode/.local/lib/python3.10/site-packages/airflow/example_dags/example_sensors.py
[2024-12-20T19:36:51.762+0000] {logging_mixin.py:150} INFO - [2024-12-20T19:36:51.762+0000] {dag.py:2742} INFO - Sync 1 DAGs
[2024-12-20T19:36:51.776+0000] {logging_mixin.py:150} INFO - [2024-12-20T19:36:51.776+0000] {dag.py:3504} INFO - Setting next_dagrun for example_sensors to None, run_after=None
[2024-12-20T19:36:51.790+0000] {processor.py:179} INFO - Processing /home/vscode/.local/lib/python3.10/site-packages/airflow/example_dags/example_sensors.py took 0.055 seconds
[2024-12-20T19:37:36.842+0000] {processor.py:157} INFO - Started process (PID=39993) to work on /home/vscode/.local/lib/python3.10/site-packages/airflow/example_dags/example_sensors.py
[2024-12-20T19:37:36.843+0000] {processor.py:826} INFO - Processing file /home/vscode/.local/lib/python3.10/site-packages/airflow/example_dags/example_sensors.py for tasks to queue
[2024-12-20T19:37:36.843+0000] {logging_mixin.py:150} INFO - [2024-12-20T19:37:36.843+0000] {dagbag.py:541} INFO - Filling up the DagBag from /home/vscode/.local/lib/python3.10/site-packages/airflow/example_dags/example_sensors.py
[2024-12-20T19:37:36.850+0000] {processor.py:836} INFO - DAG(s) dict_keys(['example_sensors']) retrieved from /home/vscode/.local/lib/python3.10/site-packages/airflow/example_dags/example_sensors.py
[2024-12-20T19:37:36.864+0000] {logging_mixin.py:150} INFO - [2024-12-20T19:37:36.864+0000] {dag.py:2742} INFO - Sync 1 DAGs
[2024-12-20T19:37:36.878+0000] {logging_mixin.py:150} INFO - [2024-12-20T19:37:36.878+0000] {dag.py:3504} INFO - Setting next_dagrun for example_sensors to None, run_after=None
[2024-12-20T19:37:36.892+0000] {processor.py:179} INFO - Processing /home/vscode/.local/lib/python3.10/site-packages/airflow/example_dags/example_sensors.py took 0.052 seconds
