[2024-12-20T19:23:09.546+0000] {processor.py:157} INFO - Started process (PID=33080) to work on /home/vscode/.local/lib/python3.10/site-packages/airflow/example_dags/example_short_circuit_operator.py
[2024-12-20T19:23:09.547+0000] {processor.py:826} INFO - Processing file /home/vscode/.local/lib/python3.10/site-packages/airflow/example_dags/example_short_circuit_operator.py for tasks to queue
[2024-12-20T19:23:09.548+0000] {logging_mixin.py:150} INFO - [2024-12-20T19:23:09.547+0000] {dagbag.py:541} INFO - Filling up the DagBag from /home/vscode/.local/lib/python3.10/site-packages/airflow/example_dags/example_short_circuit_operator.py
[2024-12-20T19:23:09.556+0000] {processor.py:836} INFO - DAG(s) dict_keys(['example_short_circuit_operator']) retrieved from /home/vscode/.local/lib/python3.10/site-packages/airflow/example_dags/example_short_circuit_operator.py
[2024-12-20T19:23:09.574+0000] {logging_mixin.py:150} INFO - [2024-12-20T19:23:09.574+0000] {dag.py:2742} INFO - Sync 1 DAGs
[2024-12-20T19:23:09.686+0000] {logging_mixin.py:150} INFO - [2024-12-20T19:23:09.686+0000] {dag.py:3504} INFO - Setting next_dagrun for example_short_circuit_operator to 2024-12-19T19:23:09.685702+00:00, run_after=2024-12-20T19:23:09.685702+00:00
[2024-12-20T19:23:09.706+0000] {processor.py:179} INFO - Processing /home/vscode/.local/lib/python3.10/site-packages/airflow/example_dags/example_short_circuit_operator.py took 0.162 seconds
[2024-12-20T19:23:58.657+0000] {processor.py:157} INFO - Started process (PID=33409) to work on /home/vscode/.local/lib/python3.10/site-packages/airflow/example_dags/example_short_circuit_operator.py
[2024-12-20T19:23:58.657+0000] {processor.py:826} INFO - Processing file /home/vscode/.local/lib/python3.10/site-packages/airflow/example_dags/example_short_circuit_operator.py for tasks to queue
[2024-12-20T19:23:58.658+0000] {logging_mixin.py:150} INFO - [2024-12-20T19:23:58.658+0000] {dagbag.py:541} INFO - Filling up the DagBag from /home/vscode/.local/lib/python3.10/site-packages/airflow/example_dags/example_short_circuit_operator.py
[2024-12-20T19:23:58.667+0000] {processor.py:836} INFO - DAG(s) dict_keys(['example_short_circuit_operator']) retrieved from /home/vscode/.local/lib/python3.10/site-packages/airflow/example_dags/example_short_circuit_operator.py
[2024-12-20T19:23:58.682+0000] {logging_mixin.py:150} INFO - [2024-12-20T19:23:58.681+0000] {dag.py:2742} INFO - Sync 1 DAGs
[2024-12-20T19:23:58.697+0000] {logging_mixin.py:150} INFO - [2024-12-20T19:23:58.697+0000] {dag.py:3504} INFO - Setting next_dagrun for example_short_circuit_operator to 2024-12-19T19:23:58.696776+00:00, run_after=2024-12-20T19:23:58.696776+00:00
[2024-12-20T19:23:58.711+0000] {processor.py:179} INFO - Processing /home/vscode/.local/lib/python3.10/site-packages/airflow/example_dags/example_short_circuit_operator.py took 0.058 seconds
[2024-12-20T19:24:43.177+0000] {processor.py:157} INFO - Started process (PID=33749) to work on /home/vscode/.local/lib/python3.10/site-packages/airflow/example_dags/example_short_circuit_operator.py
[2024-12-20T19:24:43.178+0000] {processor.py:826} INFO - Processing file /home/vscode/.local/lib/python3.10/site-packages/airflow/example_dags/example_short_circuit_operator.py for tasks to queue
[2024-12-20T19:24:43.179+0000] {logging_mixin.py:150} INFO - [2024-12-20T19:24:43.178+0000] {dagbag.py:541} INFO - Filling up the DagBag from /home/vscode/.local/lib/python3.10/site-packages/airflow/example_dags/example_short_circuit_operator.py
[2024-12-20T19:24:43.186+0000] {processor.py:836} INFO - DAG(s) dict_keys(['example_short_circuit_operator']) retrieved from /home/vscode/.local/lib/python3.10/site-packages/airflow/example_dags/example_short_circuit_operator.py
[2024-12-20T19:24:43.199+0000] {logging_mixin.py:150} INFO - [2024-12-20T19:24:43.199+0000] {dag.py:2742} INFO - Sync 1 DAGs
[2024-12-20T19:24:43.213+0000] {logging_mixin.py:150} INFO - [2024-12-20T19:24:43.213+0000] {dag.py:3504} INFO - Setting next_dagrun for example_short_circuit_operator to 2024-12-19T19:24:43.213381+00:00, run_after=2024-12-20T19:24:43.213381+00:00
[2024-12-20T19:24:43.228+0000] {processor.py:179} INFO - Processing /home/vscode/.local/lib/python3.10/site-packages/airflow/example_dags/example_short_circuit_operator.py took 0.053 seconds
[2024-12-20T19:25:29.472+0000] {processor.py:157} INFO - Started process (PID=34175) to work on /home/vscode/.local/lib/python3.10/site-packages/airflow/example_dags/example_short_circuit_operator.py
[2024-12-20T19:25:29.473+0000] {processor.py:826} INFO - Processing file /home/vscode/.local/lib/python3.10/site-packages/airflow/example_dags/example_short_circuit_operator.py for tasks to queue
[2024-12-20T19:25:29.474+0000] {logging_mixin.py:150} INFO - [2024-12-20T19:25:29.473+0000] {dagbag.py:541} INFO - Filling up the DagBag from /home/vscode/.local/lib/python3.10/site-packages/airflow/example_dags/example_short_circuit_operator.py
[2024-12-20T19:25:29.480+0000] {processor.py:836} INFO - DAG(s) dict_keys(['example_short_circuit_operator']) retrieved from /home/vscode/.local/lib/python3.10/site-packages/airflow/example_dags/example_short_circuit_operator.py
[2024-12-20T19:25:29.498+0000] {logging_mixin.py:150} INFO - [2024-12-20T19:25:29.497+0000] {dag.py:2742} INFO - Sync 1 DAGs
[2024-12-20T19:25:29.519+0000] {logging_mixin.py:150} INFO - [2024-12-20T19:25:29.519+0000] {dag.py:3504} INFO - Setting next_dagrun for example_short_circuit_operator to 2024-12-19T19:25:29.519493+00:00, run_after=2024-12-20T19:25:29.519493+00:00
[2024-12-20T19:25:29.534+0000] {processor.py:179} INFO - Processing /home/vscode/.local/lib/python3.10/site-packages/airflow/example_dags/example_short_circuit_operator.py took 0.064 seconds
[2024-12-20T19:26:14.585+0000] {processor.py:157} INFO - Started process (PID=34602) to work on /home/vscode/.local/lib/python3.10/site-packages/airflow/example_dags/example_short_circuit_operator.py
[2024-12-20T19:26:14.585+0000] {processor.py:826} INFO - Processing file /home/vscode/.local/lib/python3.10/site-packages/airflow/example_dags/example_short_circuit_operator.py for tasks to queue
[2024-12-20T19:26:14.586+0000] {logging_mixin.py:150} INFO - [2024-12-20T19:26:14.586+0000] {dagbag.py:541} INFO - Filling up the DagBag from /home/vscode/.local/lib/python3.10/site-packages/airflow/example_dags/example_short_circuit_operator.py
[2024-12-20T19:26:14.593+0000] {processor.py:836} INFO - DAG(s) dict_keys(['example_short_circuit_operator']) retrieved from /home/vscode/.local/lib/python3.10/site-packages/airflow/example_dags/example_short_circuit_operator.py
[2024-12-20T19:26:14.607+0000] {logging_mixin.py:150} INFO - [2024-12-20T19:26:14.607+0000] {dag.py:2742} INFO - Sync 1 DAGs
[2024-12-20T19:26:14.628+0000] {logging_mixin.py:150} INFO - [2024-12-20T19:26:14.628+0000] {dag.py:3504} INFO - Setting next_dagrun for example_short_circuit_operator to 2024-12-19T19:26:14.627933+00:00, run_after=2024-12-20T19:26:14.627933+00:00
[2024-12-20T19:26:14.650+0000] {processor.py:179} INFO - Processing /home/vscode/.local/lib/python3.10/site-packages/airflow/example_dags/example_short_circuit_operator.py took 0.068 seconds
[2024-12-20T19:33:10.686+0000] {processor.py:157} INFO - Started process (PID=37658) to work on /home/vscode/.local/lib/python3.10/site-packages/airflow/example_dags/example_short_circuit_operator.py
[2024-12-20T19:33:10.687+0000] {processor.py:826} INFO - Processing file /home/vscode/.local/lib/python3.10/site-packages/airflow/example_dags/example_short_circuit_operator.py for tasks to queue
[2024-12-20T19:33:10.687+0000] {logging_mixin.py:150} INFO - [2024-12-20T19:33:10.687+0000] {dagbag.py:541} INFO - Filling up the DagBag from /home/vscode/.local/lib/python3.10/site-packages/airflow/example_dags/example_short_circuit_operator.py
[2024-12-20T19:33:10.695+0000] {processor.py:836} INFO - DAG(s) dict_keys(['example_short_circuit_operator']) retrieved from /home/vscode/.local/lib/python3.10/site-packages/airflow/example_dags/example_short_circuit_operator.py
[2024-12-20T19:33:10.713+0000] {logging_mixin.py:150} INFO - [2024-12-20T19:33:10.713+0000] {dag.py:2742} INFO - Sync 1 DAGs
[2024-12-20T19:33:10.802+0000] {logging_mixin.py:150} INFO - [2024-12-20T19:33:10.802+0000] {dag.py:3504} INFO - Setting next_dagrun for example_short_circuit_operator to 2024-12-19T19:33:10.802513+00:00, run_after=2024-12-20T19:33:10.802513+00:00
[2024-12-20T19:33:10.816+0000] {processor.py:179} INFO - Processing /home/vscode/.local/lib/python3.10/site-packages/airflow/example_dags/example_short_circuit_operator.py took 0.132 seconds
[2024-12-20T19:33:58.178+0000] {processor.py:157} INFO - Started process (PID=37995) to work on /home/vscode/.local/lib/python3.10/site-packages/airflow/example_dags/example_short_circuit_operator.py
[2024-12-20T19:33:58.178+0000] {processor.py:826} INFO - Processing file /home/vscode/.local/lib/python3.10/site-packages/airflow/example_dags/example_short_circuit_operator.py for tasks to queue
[2024-12-20T19:33:58.179+0000] {logging_mixin.py:150} INFO - [2024-12-20T19:33:58.179+0000] {dagbag.py:541} INFO - Filling up the DagBag from /home/vscode/.local/lib/python3.10/site-packages/airflow/example_dags/example_short_circuit_operator.py
[2024-12-20T19:33:58.185+0000] {processor.py:836} INFO - DAG(s) dict_keys(['example_short_circuit_operator']) retrieved from /home/vscode/.local/lib/python3.10/site-packages/airflow/example_dags/example_short_circuit_operator.py
[2024-12-20T19:33:58.197+0000] {logging_mixin.py:150} INFO - [2024-12-20T19:33:58.197+0000] {dag.py:2742} INFO - Sync 1 DAGs
[2024-12-20T19:33:58.214+0000] {logging_mixin.py:150} INFO - [2024-12-20T19:33:58.214+0000] {dag.py:3504} INFO - Setting next_dagrun for example_short_circuit_operator to 2024-12-19T19:33:58.214010+00:00, run_after=2024-12-20T19:33:58.214010+00:00
[2024-12-20T19:33:58.229+0000] {processor.py:179} INFO - Processing /home/vscode/.local/lib/python3.10/site-packages/airflow/example_dags/example_short_circuit_operator.py took 0.054 seconds
[2024-12-20T19:34:44.710+0000] {processor.py:157} INFO - Started process (PID=38362) to work on /home/vscode/.local/lib/python3.10/site-packages/airflow/example_dags/example_short_circuit_operator.py
[2024-12-20T19:34:44.711+0000] {processor.py:826} INFO - Processing file /home/vscode/.local/lib/python3.10/site-packages/airflow/example_dags/example_short_circuit_operator.py for tasks to queue
[2024-12-20T19:34:44.711+0000] {logging_mixin.py:150} INFO - [2024-12-20T19:34:44.711+0000] {dagbag.py:541} INFO - Filling up the DagBag from /home/vscode/.local/lib/python3.10/site-packages/airflow/example_dags/example_short_circuit_operator.py
[2024-12-20T19:34:44.717+0000] {processor.py:836} INFO - DAG(s) dict_keys(['example_short_circuit_operator']) retrieved from /home/vscode/.local/lib/python3.10/site-packages/airflow/example_dags/example_short_circuit_operator.py
[2024-12-20T19:34:44.731+0000] {logging_mixin.py:150} INFO - [2024-12-20T19:34:44.731+0000] {dag.py:2742} INFO - Sync 1 DAGs
[2024-12-20T19:34:44.746+0000] {logging_mixin.py:150} INFO - [2024-12-20T19:34:44.746+0000] {dag.py:3504} INFO - Setting next_dagrun for example_short_circuit_operator to 2024-12-19T19:34:44.746723+00:00, run_after=2024-12-20T19:34:44.746723+00:00
[2024-12-20T19:34:44.761+0000] {processor.py:179} INFO - Processing /home/vscode/.local/lib/python3.10/site-packages/airflow/example_dags/example_short_circuit_operator.py took 0.053 seconds
[2024-12-20T19:35:27.247+0000] {processor.py:157} INFO - Started process (PID=38681) to work on /home/vscode/.local/lib/python3.10/site-packages/airflow/example_dags/example_short_circuit_operator.py
[2024-12-20T19:35:27.247+0000] {processor.py:826} INFO - Processing file /home/vscode/.local/lib/python3.10/site-packages/airflow/example_dags/example_short_circuit_operator.py for tasks to queue
[2024-12-20T19:35:27.248+0000] {logging_mixin.py:150} INFO - [2024-12-20T19:35:27.248+0000] {dagbag.py:541} INFO - Filling up the DagBag from /home/vscode/.local/lib/python3.10/site-packages/airflow/example_dags/example_short_circuit_operator.py
[2024-12-20T19:35:27.256+0000] {processor.py:836} INFO - DAG(s) dict_keys(['example_short_circuit_operator']) retrieved from /home/vscode/.local/lib/python3.10/site-packages/airflow/example_dags/example_short_circuit_operator.py
[2024-12-20T19:35:27.276+0000] {logging_mixin.py:150} INFO - [2024-12-20T19:35:27.275+0000] {dag.py:2742} INFO - Sync 1 DAGs
[2024-12-20T19:35:27.299+0000] {logging_mixin.py:150} INFO - [2024-12-20T19:35:27.298+0000] {dag.py:3504} INFO - Setting next_dagrun for example_short_circuit_operator to 2024-12-19T19:35:27.298706+00:00, run_after=2024-12-20T19:35:27.298706+00:00
[2024-12-20T19:35:27.313+0000] {processor.py:179} INFO - Processing /home/vscode/.local/lib/python3.10/site-packages/airflow/example_dags/example_short_circuit_operator.py took 0.068 seconds
[2024-12-20T19:36:14.614+0000] {processor.py:157} INFO - Started process (PID=39117) to work on /home/vscode/.local/lib/python3.10/site-packages/airflow/example_dags/example_short_circuit_operator.py
[2024-12-20T19:36:14.615+0000] {processor.py:826} INFO - Processing file /home/vscode/.local/lib/python3.10/site-packages/airflow/example_dags/example_short_circuit_operator.py for tasks to queue
[2024-12-20T19:36:14.616+0000] {logging_mixin.py:150} INFO - [2024-12-20T19:36:14.615+0000] {dagbag.py:541} INFO - Filling up the DagBag from /home/vscode/.local/lib/python3.10/site-packages/airflow/example_dags/example_short_circuit_operator.py
[2024-12-20T19:36:14.621+0000] {processor.py:836} INFO - DAG(s) dict_keys(['example_short_circuit_operator']) retrieved from /home/vscode/.local/lib/python3.10/site-packages/airflow/example_dags/example_short_circuit_operator.py
[2024-12-20T19:36:14.634+0000] {logging_mixin.py:150} INFO - [2024-12-20T19:36:14.634+0000] {dag.py:2742} INFO - Sync 1 DAGs
[2024-12-20T19:36:14.647+0000] {logging_mixin.py:150} INFO - [2024-12-20T19:36:14.647+0000] {dag.py:3504} INFO - Setting next_dagrun for example_short_circuit_operator to 2024-12-19T19:36:14.647359+00:00, run_after=2024-12-20T19:36:14.647359+00:00
[2024-12-20T19:36:14.661+0000] {processor.py:179} INFO - Processing /home/vscode/.local/lib/python3.10/site-packages/airflow/example_dags/example_short_circuit_operator.py took 0.049 seconds
[2024-12-20T19:37:03.321+0000] {processor.py:157} INFO - Started process (PID=39566) to work on /home/vscode/.local/lib/python3.10/site-packages/airflow/example_dags/example_short_circuit_operator.py
[2024-12-20T19:37:03.322+0000] {processor.py:826} INFO - Processing file /home/vscode/.local/lib/python3.10/site-packages/airflow/example_dags/example_short_circuit_operator.py for tasks to queue
[2024-12-20T19:37:03.323+0000] {logging_mixin.py:150} INFO - [2024-12-20T19:37:03.322+0000] {dagbag.py:541} INFO - Filling up the DagBag from /home/vscode/.local/lib/python3.10/site-packages/airflow/example_dags/example_short_circuit_operator.py
[2024-12-20T19:37:03.329+0000] {processor.py:836} INFO - DAG(s) dict_keys(['example_short_circuit_operator']) retrieved from /home/vscode/.local/lib/python3.10/site-packages/airflow/example_dags/example_short_circuit_operator.py
[2024-12-20T19:37:03.342+0000] {logging_mixin.py:150} INFO - [2024-12-20T19:37:03.341+0000] {dag.py:2742} INFO - Sync 1 DAGs
[2024-12-20T19:37:03.356+0000] {logging_mixin.py:150} INFO - [2024-12-20T19:37:03.355+0000] {dag.py:3504} INFO - Setting next_dagrun for example_short_circuit_operator to 2024-12-19T19:37:03.355751+00:00, run_after=2024-12-20T19:37:03.355751+00:00
[2024-12-20T19:37:03.370+0000] {processor.py:179} INFO - Processing /home/vscode/.local/lib/python3.10/site-packages/airflow/example_dags/example_short_circuit_operator.py took 0.051 seconds
[2024-12-20T19:37:48.132+0000] {processor.py:157} INFO - Started process (PID=40101) to work on /home/vscode/.local/lib/python3.10/site-packages/airflow/example_dags/example_short_circuit_operator.py
[2024-12-20T19:37:48.132+0000] {processor.py:826} INFO - Processing file /home/vscode/.local/lib/python3.10/site-packages/airflow/example_dags/example_short_circuit_operator.py for tasks to queue
[2024-12-20T19:37:48.133+0000] {logging_mixin.py:150} INFO - [2024-12-20T19:37:48.133+0000] {dagbag.py:541} INFO - Filling up the DagBag from /home/vscode/.local/lib/python3.10/site-packages/airflow/example_dags/example_short_circuit_operator.py
[2024-12-20T19:37:48.139+0000] {processor.py:836} INFO - DAG(s) dict_keys(['example_short_circuit_operator']) retrieved from /home/vscode/.local/lib/python3.10/site-packages/airflow/example_dags/example_short_circuit_operator.py
[2024-12-20T19:37:48.152+0000] {logging_mixin.py:150} INFO - [2024-12-20T19:37:48.152+0000] {dag.py:2742} INFO - Sync 1 DAGs
[2024-12-20T19:37:48.166+0000] {logging_mixin.py:150} INFO - [2024-12-20T19:37:48.166+0000] {dag.py:3504} INFO - Setting next_dagrun for example_short_circuit_operator to 2024-12-19T19:37:48.165919+00:00, run_after=2024-12-20T19:37:48.165919+00:00
[2024-12-20T19:37:48.180+0000] {processor.py:179} INFO - Processing /home/vscode/.local/lib/python3.10/site-packages/airflow/example_dags/example_short_circuit_operator.py took 0.051 seconds
