[2024-12-20T19:23:35.016+0000] {processor.py:157} INFO - Started process (PID=33251) to work on /home/vscode/.local/lib/python3.10/site-packages/airflow/example_dags/example_external_task_marker_dag.py
[2024-12-20T19:23:35.016+0000] {processor.py:826} INFO - Processing file /home/vscode/.local/lib/python3.10/site-packages/airflow/example_dags/example_external_task_marker_dag.py for tasks to queue
[2024-12-20T19:23:35.017+0000] {logging_mixin.py:150} INFO - [2024-12-20T19:23:35.017+0000] {dagbag.py:541} INFO - Filling up the DagBag from /home/vscode/.local/lib/python3.10/site-packages/airflow/example_dags/example_external_task_marker_dag.py
[2024-12-20T19:23:35.021+0000] {processor.py:836} INFO - DAG(s) dict_keys(['example_external_task_marker_child', 'example_external_task_marker_parent']) retrieved from /home/vscode/.local/lib/python3.10/site-packages/airflow/example_dags/example_external_task_marker_dag.py
[2024-12-20T19:23:35.036+0000] {logging_mixin.py:150} INFO - [2024-12-20T19:23:35.036+0000] {dag.py:2742} INFO - Sync 2 DAGs
[2024-12-20T19:23:35.050+0000] {logging_mixin.py:150} INFO - [2024-12-20T19:23:35.050+0000] {dag.py:3504} INFO - Setting next_dagrun for example_external_task_marker_child to None, run_after=None
[2024-12-20T19:23:35.053+0000] {logging_mixin.py:150} INFO - [2024-12-20T19:23:35.052+0000] {dag.py:3504} INFO - Setting next_dagrun for example_external_task_marker_parent to None, run_after=None
[2024-12-20T19:23:35.067+0000] {processor.py:179} INFO - Processing /home/vscode/.local/lib/python3.10/site-packages/airflow/example_dags/example_external_task_marker_dag.py took 0.054 seconds
[2024-12-20T19:24:20.407+0000] {processor.py:157} INFO - Started process (PID=33573) to work on /home/vscode/.local/lib/python3.10/site-packages/airflow/example_dags/example_external_task_marker_dag.py
[2024-12-20T19:24:20.408+0000] {processor.py:826} INFO - Processing file /home/vscode/.local/lib/python3.10/site-packages/airflow/example_dags/example_external_task_marker_dag.py for tasks to queue
[2024-12-20T19:24:20.409+0000] {logging_mixin.py:150} INFO - [2024-12-20T19:24:20.408+0000] {dagbag.py:541} INFO - Filling up the DagBag from /home/vscode/.local/lib/python3.10/site-packages/airflow/example_dags/example_external_task_marker_dag.py
[2024-12-20T19:24:20.415+0000] {processor.py:836} INFO - DAG(s) dict_keys(['example_external_task_marker_parent', 'example_external_task_marker_child']) retrieved from /home/vscode/.local/lib/python3.10/site-packages/airflow/example_dags/example_external_task_marker_dag.py
[2024-12-20T19:24:20.437+0000] {logging_mixin.py:150} INFO - [2024-12-20T19:24:20.436+0000] {dag.py:2742} INFO - Sync 2 DAGs
[2024-12-20T19:24:20.453+0000] {logging_mixin.py:150} INFO - [2024-12-20T19:24:20.453+0000] {dag.py:3504} INFO - Setting next_dagrun for example_external_task_marker_child to None, run_after=None
[2024-12-20T19:24:20.456+0000] {logging_mixin.py:150} INFO - [2024-12-20T19:24:20.455+0000] {dag.py:3504} INFO - Setting next_dagrun for example_external_task_marker_parent to None, run_after=None
[2024-12-20T19:24:20.470+0000] {processor.py:179} INFO - Processing /home/vscode/.local/lib/python3.10/site-packages/airflow/example_dags/example_external_task_marker_dag.py took 0.067 seconds
[2024-12-20T19:25:05.534+0000] {processor.py:157} INFO - Started process (PID=33952) to work on /home/vscode/.local/lib/python3.10/site-packages/airflow/example_dags/example_external_task_marker_dag.py
[2024-12-20T19:25:05.535+0000] {processor.py:826} INFO - Processing file /home/vscode/.local/lib/python3.10/site-packages/airflow/example_dags/example_external_task_marker_dag.py for tasks to queue
[2024-12-20T19:25:05.536+0000] {logging_mixin.py:150} INFO - [2024-12-20T19:25:05.535+0000] {dagbag.py:541} INFO - Filling up the DagBag from /home/vscode/.local/lib/python3.10/site-packages/airflow/example_dags/example_external_task_marker_dag.py
[2024-12-20T19:25:05.546+0000] {processor.py:836} INFO - DAG(s) dict_keys(['example_external_task_marker_child', 'example_external_task_marker_parent']) retrieved from /home/vscode/.local/lib/python3.10/site-packages/airflow/example_dags/example_external_task_marker_dag.py
[2024-12-20T19:25:05.566+0000] {logging_mixin.py:150} INFO - [2024-12-20T19:25:05.566+0000] {dag.py:2742} INFO - Sync 2 DAGs
[2024-12-20T19:25:05.585+0000] {logging_mixin.py:150} INFO - [2024-12-20T19:25:05.585+0000] {dag.py:3504} INFO - Setting next_dagrun for example_external_task_marker_child to None, run_after=None
[2024-12-20T19:25:05.590+0000] {logging_mixin.py:150} INFO - [2024-12-20T19:25:05.589+0000] {dag.py:3504} INFO - Setting next_dagrun for example_external_task_marker_parent to None, run_after=None
[2024-12-20T19:25:05.605+0000] {processor.py:179} INFO - Processing /home/vscode/.local/lib/python3.10/site-packages/airflow/example_dags/example_external_task_marker_dag.py took 0.074 seconds
[2024-12-20T19:25:54.059+0000] {processor.py:157} INFO - Started process (PID=34398) to work on /home/vscode/.local/lib/python3.10/site-packages/airflow/example_dags/example_external_task_marker_dag.py
[2024-12-20T19:25:54.060+0000] {processor.py:826} INFO - Processing file /home/vscode/.local/lib/python3.10/site-packages/airflow/example_dags/example_external_task_marker_dag.py for tasks to queue
[2024-12-20T19:25:54.061+0000] {logging_mixin.py:150} INFO - [2024-12-20T19:25:54.060+0000] {dagbag.py:541} INFO - Filling up the DagBag from /home/vscode/.local/lib/python3.10/site-packages/airflow/example_dags/example_external_task_marker_dag.py
[2024-12-20T19:25:54.066+0000] {processor.py:836} INFO - DAG(s) dict_keys(['example_external_task_marker_parent', 'example_external_task_marker_child']) retrieved from /home/vscode/.local/lib/python3.10/site-packages/airflow/example_dags/example_external_task_marker_dag.py
[2024-12-20T19:25:54.083+0000] {logging_mixin.py:150} INFO - [2024-12-20T19:25:54.083+0000] {dag.py:2742} INFO - Sync 2 DAGs
[2024-12-20T19:25:54.099+0000] {logging_mixin.py:150} INFO - [2024-12-20T19:25:54.099+0000] {dag.py:3504} INFO - Setting next_dagrun for example_external_task_marker_child to None, run_after=None
[2024-12-20T19:25:54.101+0000] {logging_mixin.py:150} INFO - [2024-12-20T19:25:54.101+0000] {dag.py:3504} INFO - Setting next_dagrun for example_external_task_marker_parent to None, run_after=None
[2024-12-20T19:25:54.117+0000] {processor.py:179} INFO - Processing /home/vscode/.local/lib/python3.10/site-packages/airflow/example_dags/example_external_task_marker_dag.py took 0.060 seconds
[2024-12-20T19:26:37.350+0000] {processor.py:157} INFO - Started process (PID=34820) to work on /home/vscode/.local/lib/python3.10/site-packages/airflow/example_dags/example_external_task_marker_dag.py
[2024-12-20T19:26:37.351+0000] {processor.py:826} INFO - Processing file /home/vscode/.local/lib/python3.10/site-packages/airflow/example_dags/example_external_task_marker_dag.py for tasks to queue
[2024-12-20T19:26:37.351+0000] {logging_mixin.py:150} INFO - [2024-12-20T19:26:37.351+0000] {dagbag.py:541} INFO - Filling up the DagBag from /home/vscode/.local/lib/python3.10/site-packages/airflow/example_dags/example_external_task_marker_dag.py
[2024-12-20T19:26:37.356+0000] {processor.py:836} INFO - DAG(s) dict_keys(['example_external_task_marker_parent', 'example_external_task_marker_child']) retrieved from /home/vscode/.local/lib/python3.10/site-packages/airflow/example_dags/example_external_task_marker_dag.py
[2024-12-20T19:26:37.374+0000] {logging_mixin.py:150} INFO - [2024-12-20T19:26:37.373+0000] {dag.py:2742} INFO - Sync 2 DAGs
[2024-12-20T19:26:37.392+0000] {logging_mixin.py:150} INFO - [2024-12-20T19:26:37.391+0000] {dag.py:3504} INFO - Setting next_dagrun for example_external_task_marker_child to None, run_after=None
[2024-12-20T19:26:37.394+0000] {logging_mixin.py:150} INFO - [2024-12-20T19:26:37.394+0000] {dag.py:3504} INFO - Setting next_dagrun for example_external_task_marker_parent to None, run_after=None
[2024-12-20T19:26:37.413+0000] {processor.py:179} INFO - Processing /home/vscode/.local/lib/python3.10/site-packages/airflow/example_dags/example_external_task_marker_dag.py took 0.065 seconds
[2024-12-20T19:33:34.189+0000] {processor.py:157} INFO - Started process (PID=37822) to work on /home/vscode/.local/lib/python3.10/site-packages/airflow/example_dags/example_external_task_marker_dag.py
[2024-12-20T19:33:34.189+0000] {processor.py:826} INFO - Processing file /home/vscode/.local/lib/python3.10/site-packages/airflow/example_dags/example_external_task_marker_dag.py for tasks to queue
[2024-12-20T19:33:34.190+0000] {logging_mixin.py:150} INFO - [2024-12-20T19:33:34.189+0000] {dagbag.py:541} INFO - Filling up the DagBag from /home/vscode/.local/lib/python3.10/site-packages/airflow/example_dags/example_external_task_marker_dag.py
[2024-12-20T19:33:34.194+0000] {processor.py:836} INFO - DAG(s) dict_keys(['example_external_task_marker_parent', 'example_external_task_marker_child']) retrieved from /home/vscode/.local/lib/python3.10/site-packages/airflow/example_dags/example_external_task_marker_dag.py
[2024-12-20T19:33:34.208+0000] {logging_mixin.py:150} INFO - [2024-12-20T19:33:34.208+0000] {dag.py:2742} INFO - Sync 2 DAGs
[2024-12-20T19:33:34.223+0000] {logging_mixin.py:150} INFO - [2024-12-20T19:33:34.223+0000] {dag.py:3504} INFO - Setting next_dagrun for example_external_task_marker_child to None, run_after=None
[2024-12-20T19:33:34.225+0000] {logging_mixin.py:150} INFO - [2024-12-20T19:33:34.225+0000] {dag.py:3504} INFO - Setting next_dagrun for example_external_task_marker_parent to None, run_after=None
[2024-12-20T19:33:34.237+0000] {processor.py:179} INFO - Processing /home/vscode/.local/lib/python3.10/site-packages/airflow/example_dags/example_external_task_marker_dag.py took 0.051 seconds
[2024-12-20T19:34:21.499+0000] {processor.py:157} INFO - Started process (PID=38177) to work on /home/vscode/.local/lib/python3.10/site-packages/airflow/example_dags/example_external_task_marker_dag.py
[2024-12-20T19:34:21.499+0000] {processor.py:826} INFO - Processing file /home/vscode/.local/lib/python3.10/site-packages/airflow/example_dags/example_external_task_marker_dag.py for tasks to queue
[2024-12-20T19:34:21.500+0000] {logging_mixin.py:150} INFO - [2024-12-20T19:34:21.500+0000] {dagbag.py:541} INFO - Filling up the DagBag from /home/vscode/.local/lib/python3.10/site-packages/airflow/example_dags/example_external_task_marker_dag.py
[2024-12-20T19:34:21.504+0000] {processor.py:836} INFO - DAG(s) dict_keys(['example_external_task_marker_child', 'example_external_task_marker_parent']) retrieved from /home/vscode/.local/lib/python3.10/site-packages/airflow/example_dags/example_external_task_marker_dag.py
[2024-12-20T19:34:21.517+0000] {logging_mixin.py:150} INFO - [2024-12-20T19:34:21.517+0000] {dag.py:2742} INFO - Sync 2 DAGs
[2024-12-20T19:34:21.531+0000] {logging_mixin.py:150} INFO - [2024-12-20T19:34:21.531+0000] {dag.py:3504} INFO - Setting next_dagrun for example_external_task_marker_child to None, run_after=None
[2024-12-20T19:34:21.533+0000] {logging_mixin.py:150} INFO - [2024-12-20T19:34:21.533+0000] {dag.py:3504} INFO - Setting next_dagrun for example_external_task_marker_parent to None, run_after=None
[2024-12-20T19:34:21.546+0000] {processor.py:179} INFO - Processing /home/vscode/.local/lib/python3.10/site-packages/airflow/example_dags/example_external_task_marker_dag.py took 0.049 seconds
[2024-12-20T19:35:07.587+0000] {processor.py:157} INFO - Started process (PID=38543) to work on /home/vscode/.local/lib/python3.10/site-packages/airflow/example_dags/example_external_task_marker_dag.py
[2024-12-20T19:35:07.588+0000] {processor.py:826} INFO - Processing file /home/vscode/.local/lib/python3.10/site-packages/airflow/example_dags/example_external_task_marker_dag.py for tasks to queue
[2024-12-20T19:35:07.589+0000] {logging_mixin.py:150} INFO - [2024-12-20T19:35:07.588+0000] {dagbag.py:541} INFO - Filling up the DagBag from /home/vscode/.local/lib/python3.10/site-packages/airflow/example_dags/example_external_task_marker_dag.py
[2024-12-20T19:35:07.593+0000] {processor.py:836} INFO - DAG(s) dict_keys(['example_external_task_marker_child', 'example_external_task_marker_parent']) retrieved from /home/vscode/.local/lib/python3.10/site-packages/airflow/example_dags/example_external_task_marker_dag.py
[2024-12-20T19:35:07.606+0000] {logging_mixin.py:150} INFO - [2024-12-20T19:35:07.606+0000] {dag.py:2742} INFO - Sync 2 DAGs
[2024-12-20T19:35:07.620+0000] {logging_mixin.py:150} INFO - [2024-12-20T19:35:07.620+0000] {dag.py:3504} INFO - Setting next_dagrun for example_external_task_marker_child to None, run_after=None
[2024-12-20T19:35:07.622+0000] {logging_mixin.py:150} INFO - [2024-12-20T19:35:07.622+0000] {dag.py:3504} INFO - Setting next_dagrun for example_external_task_marker_parent to None, run_after=None
[2024-12-20T19:35:07.635+0000] {processor.py:179} INFO - Processing /home/vscode/.local/lib/python3.10/site-packages/airflow/example_dags/example_external_task_marker_dag.py took 0.050 seconds
[2024-12-20T19:35:54.084+0000] {processor.py:157} INFO - Started process (PID=38883) to work on /home/vscode/.local/lib/python3.10/site-packages/airflow/example_dags/example_external_task_marker_dag.py
[2024-12-20T19:35:54.085+0000] {processor.py:826} INFO - Processing file /home/vscode/.local/lib/python3.10/site-packages/airflow/example_dags/example_external_task_marker_dag.py for tasks to queue
[2024-12-20T19:35:54.085+0000] {logging_mixin.py:150} INFO - [2024-12-20T19:35:54.085+0000] {dagbag.py:541} INFO - Filling up the DagBag from /home/vscode/.local/lib/python3.10/site-packages/airflow/example_dags/example_external_task_marker_dag.py
[2024-12-20T19:35:54.090+0000] {processor.py:836} INFO - DAG(s) dict_keys(['example_external_task_marker_parent', 'example_external_task_marker_child']) retrieved from /home/vscode/.local/lib/python3.10/site-packages/airflow/example_dags/example_external_task_marker_dag.py
[2024-12-20T19:35:54.103+0000] {logging_mixin.py:150} INFO - [2024-12-20T19:35:54.103+0000] {dag.py:2742} INFO - Sync 2 DAGs
[2024-12-20T19:35:54.117+0000] {logging_mixin.py:150} INFO - [2024-12-20T19:35:54.117+0000] {dag.py:3504} INFO - Setting next_dagrun for example_external_task_marker_child to None, run_after=None
[2024-12-20T19:35:54.119+0000] {logging_mixin.py:150} INFO - [2024-12-20T19:35:54.119+0000] {dag.py:3504} INFO - Setting next_dagrun for example_external_task_marker_parent to None, run_after=None
[2024-12-20T19:35:54.131+0000] {processor.py:179} INFO - Processing /home/vscode/.local/lib/python3.10/site-packages/airflow/example_dags/example_external_task_marker_dag.py took 0.049 seconds
[2024-12-20T19:36:41.464+0000] {processor.py:157} INFO - Started process (PID=39389) to work on /home/vscode/.local/lib/python3.10/site-packages/airflow/example_dags/example_external_task_marker_dag.py
[2024-12-20T19:36:41.465+0000] {processor.py:826} INFO - Processing file /home/vscode/.local/lib/python3.10/site-packages/airflow/example_dags/example_external_task_marker_dag.py for tasks to queue
[2024-12-20T19:36:41.466+0000] {logging_mixin.py:150} INFO - [2024-12-20T19:36:41.465+0000] {dagbag.py:541} INFO - Filling up the DagBag from /home/vscode/.local/lib/python3.10/site-packages/airflow/example_dags/example_external_task_marker_dag.py
[2024-12-20T19:36:41.472+0000] {processor.py:836} INFO - DAG(s) dict_keys(['example_external_task_marker_child', 'example_external_task_marker_parent']) retrieved from /home/vscode/.local/lib/python3.10/site-packages/airflow/example_dags/example_external_task_marker_dag.py
[2024-12-20T19:36:41.490+0000] {logging_mixin.py:150} INFO - [2024-12-20T19:36:41.489+0000] {dag.py:2742} INFO - Sync 2 DAGs
[2024-12-20T19:36:41.508+0000] {logging_mixin.py:150} INFO - [2024-12-20T19:36:41.508+0000] {dag.py:3504} INFO - Setting next_dagrun for example_external_task_marker_child to None, run_after=None
[2024-12-20T19:36:41.511+0000] {logging_mixin.py:150} INFO - [2024-12-20T19:36:41.511+0000] {dag.py:3504} INFO - Setting next_dagrun for example_external_task_marker_parent to None, run_after=None
[2024-12-20T19:36:41.528+0000] {processor.py:179} INFO - Processing /home/vscode/.local/lib/python3.10/site-packages/airflow/example_dags/example_external_task_marker_dag.py took 0.066 seconds
[2024-12-20T19:37:29.006+0000] {processor.py:157} INFO - Started process (PID=39886) to work on /home/vscode/.local/lib/python3.10/site-packages/airflow/example_dags/example_external_task_marker_dag.py
[2024-12-20T19:37:29.007+0000] {processor.py:826} INFO - Processing file /home/vscode/.local/lib/python3.10/site-packages/airflow/example_dags/example_external_task_marker_dag.py for tasks to queue
[2024-12-20T19:37:29.008+0000] {logging_mixin.py:150} INFO - [2024-12-20T19:37:29.008+0000] {dagbag.py:541} INFO - Filling up the DagBag from /home/vscode/.local/lib/python3.10/site-packages/airflow/example_dags/example_external_task_marker_dag.py
[2024-12-20T19:37:29.014+0000] {processor.py:836} INFO - DAG(s) dict_keys(['example_external_task_marker_parent', 'example_external_task_marker_child']) retrieved from /home/vscode/.local/lib/python3.10/site-packages/airflow/example_dags/example_external_task_marker_dag.py
[2024-12-20T19:37:29.031+0000] {logging_mixin.py:150} INFO - [2024-12-20T19:37:29.031+0000] {dag.py:2742} INFO - Sync 2 DAGs
[2024-12-20T19:37:29.045+0000] {logging_mixin.py:150} INFO - [2024-12-20T19:37:29.045+0000] {dag.py:3504} INFO - Setting next_dagrun for example_external_task_marker_child to None, run_after=None
[2024-12-20T19:37:29.047+0000] {logging_mixin.py:150} INFO - [2024-12-20T19:37:29.047+0000] {dag.py:3504} INFO - Setting next_dagrun for example_external_task_marker_parent to None, run_after=None
[2024-12-20T19:37:29.061+0000] {processor.py:179} INFO - Processing /home/vscode/.local/lib/python3.10/site-packages/airflow/example_dags/example_external_task_marker_dag.py took 0.057 seconds
