[2024-12-20T19:23:49.488+0000] {processor.py:157} INFO - Started process (PID=33348) to work on /home/vscode/.local/lib/python3.10/site-packages/airflow/example_dags/example_sensor_decorator.py
[2024-12-20T19:23:49.489+0000] {processor.py:826} INFO - Processing file /home/vscode/.local/lib/python3.10/site-packages/airflow/example_dags/example_sensor_decorator.py for tasks to queue
[2024-12-20T19:23:49.489+0000] {logging_mixin.py:150} INFO - [2024-12-20T19:23:49.489+0000] {dagbag.py:541} INFO - Filling up the DagBag from /home/vscode/.local/lib/python3.10/site-packages/airflow/example_dags/example_sensor_decorator.py
[2024-12-20T19:23:49.494+0000] {processor.py:836} INFO - DAG(s) dict_keys(['example_sensor_decorator']) retrieved from /home/vscode/.local/lib/python3.10/site-packages/airflow/example_dags/example_sensor_decorator.py
[2024-12-20T19:23:49.505+0000] {logging_mixin.py:150} INFO - [2024-12-20T19:23:49.505+0000] {dag.py:2742} INFO - Sync 1 DAGs
[2024-12-20T19:23:49.518+0000] {logging_mixin.py:150} INFO - [2024-12-20T19:23:49.518+0000] {dag.py:3504} INFO - Setting next_dagrun for example_sensor_decorator to None, run_after=None
[2024-12-20T19:23:49.533+0000] {processor.py:179} INFO - Processing /home/vscode/.local/lib/python3.10/site-packages/airflow/example_dags/example_sensor_decorator.py took 0.047 seconds
[2024-12-20T19:24:36.966+0000] {processor.py:157} INFO - Started process (PID=33702) to work on /home/vscode/.local/lib/python3.10/site-packages/airflow/example_dags/example_sensor_decorator.py
[2024-12-20T19:24:36.966+0000] {processor.py:826} INFO - Processing file /home/vscode/.local/lib/python3.10/site-packages/airflow/example_dags/example_sensor_decorator.py for tasks to queue
[2024-12-20T19:24:36.967+0000] {logging_mixin.py:150} INFO - [2024-12-20T19:24:36.967+0000] {dagbag.py:541} INFO - Filling up the DagBag from /home/vscode/.local/lib/python3.10/site-packages/airflow/example_dags/example_sensor_decorator.py
[2024-12-20T19:24:36.971+0000] {processor.py:836} INFO - DAG(s) dict_keys(['example_sensor_decorator']) retrieved from /home/vscode/.local/lib/python3.10/site-packages/airflow/example_dags/example_sensor_decorator.py
[2024-12-20T19:24:36.983+0000] {logging_mixin.py:150} INFO - [2024-12-20T19:24:36.983+0000] {dag.py:2742} INFO - Sync 1 DAGs
[2024-12-20T19:24:36.997+0000] {logging_mixin.py:150} INFO - [2024-12-20T19:24:36.997+0000] {dag.py:3504} INFO - Setting next_dagrun for example_sensor_decorator to None, run_after=None
[2024-12-20T19:24:37.013+0000] {processor.py:179} INFO - Processing /home/vscode/.local/lib/python3.10/site-packages/airflow/example_dags/example_sensor_decorator.py took 0.050 seconds
[2024-12-20T19:25:23.722+0000] {processor.py:157} INFO - Started process (PID=34128) to work on /home/vscode/.local/lib/python3.10/site-packages/airflow/example_dags/example_sensor_decorator.py
[2024-12-20T19:25:23.722+0000] {processor.py:826} INFO - Processing file /home/vscode/.local/lib/python3.10/site-packages/airflow/example_dags/example_sensor_decorator.py for tasks to queue
[2024-12-20T19:25:23.723+0000] {logging_mixin.py:150} INFO - [2024-12-20T19:25:23.723+0000] {dagbag.py:541} INFO - Filling up the DagBag from /home/vscode/.local/lib/python3.10/site-packages/airflow/example_dags/example_sensor_decorator.py
[2024-12-20T19:25:23.727+0000] {processor.py:836} INFO - DAG(s) dict_keys(['example_sensor_decorator']) retrieved from /home/vscode/.local/lib/python3.10/site-packages/airflow/example_dags/example_sensor_decorator.py
[2024-12-20T19:25:23.743+0000] {logging_mixin.py:150} INFO - [2024-12-20T19:25:23.743+0000] {dag.py:2742} INFO - Sync 1 DAGs
[2024-12-20T19:25:23.757+0000] {logging_mixin.py:150} INFO - [2024-12-20T19:25:23.757+0000] {dag.py:3504} INFO - Setting next_dagrun for example_sensor_decorator to None, run_after=None
[2024-12-20T19:25:23.772+0000] {processor.py:179} INFO - Processing /home/vscode/.local/lib/python3.10/site-packages/airflow/example_dags/example_sensor_decorator.py took 0.052 seconds
[2024-12-20T19:26:10.561+0000] {processor.py:157} INFO - Started process (PID=34574) to work on /home/vscode/.local/lib/python3.10/site-packages/airflow/example_dags/example_sensor_decorator.py
[2024-12-20T19:26:10.562+0000] {processor.py:826} INFO - Processing file /home/vscode/.local/lib/python3.10/site-packages/airflow/example_dags/example_sensor_decorator.py for tasks to queue
[2024-12-20T19:26:10.562+0000] {logging_mixin.py:150} INFO - [2024-12-20T19:26:10.562+0000] {dagbag.py:541} INFO - Filling up the DagBag from /home/vscode/.local/lib/python3.10/site-packages/airflow/example_dags/example_sensor_decorator.py
[2024-12-20T19:26:10.566+0000] {processor.py:836} INFO - DAG(s) dict_keys(['example_sensor_decorator']) retrieved from /home/vscode/.local/lib/python3.10/site-packages/airflow/example_dags/example_sensor_decorator.py
[2024-12-20T19:26:10.578+0000] {logging_mixin.py:150} INFO - [2024-12-20T19:26:10.578+0000] {dag.py:2742} INFO - Sync 1 DAGs
[2024-12-20T19:26:10.592+0000] {logging_mixin.py:150} INFO - [2024-12-20T19:26:10.592+0000] {dag.py:3504} INFO - Setting next_dagrun for example_sensor_decorator to None, run_after=None
[2024-12-20T19:26:10.607+0000] {processor.py:179} INFO - Processing /home/vscode/.local/lib/python3.10/site-packages/airflow/example_dags/example_sensor_decorator.py took 0.049 seconds
[2024-12-20T19:33:48.949+0000] {processor.py:157} INFO - Started process (PID=37916) to work on /home/vscode/.local/lib/python3.10/site-packages/airflow/example_dags/example_sensor_decorator.py
[2024-12-20T19:33:48.950+0000] {processor.py:826} INFO - Processing file /home/vscode/.local/lib/python3.10/site-packages/airflow/example_dags/example_sensor_decorator.py for tasks to queue
[2024-12-20T19:33:48.950+0000] {logging_mixin.py:150} INFO - [2024-12-20T19:33:48.950+0000] {dagbag.py:541} INFO - Filling up the DagBag from /home/vscode/.local/lib/python3.10/site-packages/airflow/example_dags/example_sensor_decorator.py
[2024-12-20T19:33:48.954+0000] {processor.py:836} INFO - DAG(s) dict_keys(['example_sensor_decorator']) retrieved from /home/vscode/.local/lib/python3.10/site-packages/airflow/example_dags/example_sensor_decorator.py
[2024-12-20T19:33:48.965+0000] {logging_mixin.py:150} INFO - [2024-12-20T19:33:48.965+0000] {dag.py:2742} INFO - Sync 1 DAGs
[2024-12-20T19:33:48.979+0000] {logging_mixin.py:150} INFO - [2024-12-20T19:33:48.979+0000] {dag.py:3504} INFO - Setting next_dagrun for example_sensor_decorator to None, run_after=None
[2024-12-20T19:33:48.993+0000] {processor.py:179} INFO - Processing /home/vscode/.local/lib/python3.10/site-packages/airflow/example_dags/example_sensor_decorator.py took 0.046 seconds
[2024-12-20T19:34:40.325+0000] {processor.py:157} INFO - Started process (PID=38330) to work on /home/vscode/.local/lib/python3.10/site-packages/airflow/example_dags/example_sensor_decorator.py
[2024-12-20T19:34:40.325+0000] {processor.py:826} INFO - Processing file /home/vscode/.local/lib/python3.10/site-packages/airflow/example_dags/example_sensor_decorator.py for tasks to queue
[2024-12-20T19:34:40.326+0000] {logging_mixin.py:150} INFO - [2024-12-20T19:34:40.326+0000] {dagbag.py:541} INFO - Filling up the DagBag from /home/vscode/.local/lib/python3.10/site-packages/airflow/example_dags/example_sensor_decorator.py
[2024-12-20T19:34:40.330+0000] {processor.py:836} INFO - DAG(s) dict_keys(['example_sensor_decorator']) retrieved from /home/vscode/.local/lib/python3.10/site-packages/airflow/example_dags/example_sensor_decorator.py
[2024-12-20T19:34:40.341+0000] {logging_mixin.py:150} INFO - [2024-12-20T19:34:40.341+0000] {dag.py:2742} INFO - Sync 1 DAGs
[2024-12-20T19:34:40.354+0000] {logging_mixin.py:150} INFO - [2024-12-20T19:34:40.354+0000] {dag.py:3504} INFO - Setting next_dagrun for example_sensor_decorator to None, run_after=None
[2024-12-20T19:34:40.368+0000] {processor.py:179} INFO - Processing /home/vscode/.local/lib/python3.10/site-packages/airflow/example_dags/example_sensor_decorator.py took 0.046 seconds
[2024-12-20T19:35:23.227+0000] {processor.py:157} INFO - Started process (PID=38667) to work on /home/vscode/.local/lib/python3.10/site-packages/airflow/example_dags/example_sensor_decorator.py
[2024-12-20T19:35:23.227+0000] {processor.py:826} INFO - Processing file /home/vscode/.local/lib/python3.10/site-packages/airflow/example_dags/example_sensor_decorator.py for tasks to queue
[2024-12-20T19:35:23.228+0000] {logging_mixin.py:150} INFO - [2024-12-20T19:35:23.227+0000] {dagbag.py:541} INFO - Filling up the DagBag from /home/vscode/.local/lib/python3.10/site-packages/airflow/example_dags/example_sensor_decorator.py
[2024-12-20T19:35:23.232+0000] {processor.py:836} INFO - DAG(s) dict_keys(['example_sensor_decorator']) retrieved from /home/vscode/.local/lib/python3.10/site-packages/airflow/example_dags/example_sensor_decorator.py
[2024-12-20T19:35:23.243+0000] {logging_mixin.py:150} INFO - [2024-12-20T19:35:23.243+0000] {dag.py:2742} INFO - Sync 1 DAGs
[2024-12-20T19:35:23.257+0000] {logging_mixin.py:150} INFO - [2024-12-20T19:35:23.257+0000] {dag.py:3504} INFO - Setting next_dagrun for example_sensor_decorator to None, run_after=None
[2024-12-20T19:35:23.272+0000] {processor.py:179} INFO - Processing /home/vscode/.local/lib/python3.10/site-packages/airflow/example_dags/example_sensor_decorator.py took 0.047 seconds
[2024-12-20T19:36:09.477+0000] {processor.py:157} INFO - Started process (PID=39048) to work on /home/vscode/.local/lib/python3.10/site-packages/airflow/example_dags/example_sensor_decorator.py
[2024-12-20T19:36:09.478+0000] {processor.py:826} INFO - Processing file /home/vscode/.local/lib/python3.10/site-packages/airflow/example_dags/example_sensor_decorator.py for tasks to queue
[2024-12-20T19:36:09.479+0000] {logging_mixin.py:150} INFO - [2024-12-20T19:36:09.478+0000] {dagbag.py:541} INFO - Filling up the DagBag from /home/vscode/.local/lib/python3.10/site-packages/airflow/example_dags/example_sensor_decorator.py
[2024-12-20T19:36:09.483+0000] {processor.py:836} INFO - DAG(s) dict_keys(['example_sensor_decorator']) retrieved from /home/vscode/.local/lib/python3.10/site-packages/airflow/example_dags/example_sensor_decorator.py
[2024-12-20T19:36:09.494+0000] {logging_mixin.py:150} INFO - [2024-12-20T19:36:09.494+0000] {dag.py:2742} INFO - Sync 1 DAGs
[2024-12-20T19:36:09.507+0000] {logging_mixin.py:150} INFO - [2024-12-20T19:36:09.507+0000] {dag.py:3504} INFO - Setting next_dagrun for example_sensor_decorator to None, run_after=None
[2024-12-20T19:36:09.521+0000] {processor.py:179} INFO - Processing /home/vscode/.local/lib/python3.10/site-packages/airflow/example_dags/example_sensor_decorator.py took 0.047 seconds
[2024-12-20T19:36:58.606+0000] {processor.py:157} INFO - Started process (PID=39527) to work on /home/vscode/.local/lib/python3.10/site-packages/airflow/example_dags/example_sensor_decorator.py
[2024-12-20T19:36:58.607+0000] {processor.py:826} INFO - Processing file /home/vscode/.local/lib/python3.10/site-packages/airflow/example_dags/example_sensor_decorator.py for tasks to queue
[2024-12-20T19:36:58.608+0000] {logging_mixin.py:150} INFO - [2024-12-20T19:36:58.607+0000] {dagbag.py:541} INFO - Filling up the DagBag from /home/vscode/.local/lib/python3.10/site-packages/airflow/example_dags/example_sensor_decorator.py
[2024-12-20T19:36:58.613+0000] {processor.py:836} INFO - DAG(s) dict_keys(['example_sensor_decorator']) retrieved from /home/vscode/.local/lib/python3.10/site-packages/airflow/example_dags/example_sensor_decorator.py
[2024-12-20T19:36:58.625+0000] {logging_mixin.py:150} INFO - [2024-12-20T19:36:58.625+0000] {dag.py:2742} INFO - Sync 1 DAGs
[2024-12-20T19:36:58.640+0000] {logging_mixin.py:150} INFO - [2024-12-20T19:36:58.640+0000] {dag.py:3504} INFO - Setting next_dagrun for example_sensor_decorator to None, run_after=None
[2024-12-20T19:36:58.656+0000] {processor.py:179} INFO - Processing /home/vscode/.local/lib/python3.10/site-packages/airflow/example_dags/example_sensor_decorator.py took 0.053 seconds
[2024-12-20T19:37:44.402+0000] {processor.py:157} INFO - Started process (PID=40069) to work on /home/vscode/.local/lib/python3.10/site-packages/airflow/example_dags/example_sensor_decorator.py
[2024-12-20T19:37:44.403+0000] {processor.py:826} INFO - Processing file /home/vscode/.local/lib/python3.10/site-packages/airflow/example_dags/example_sensor_decorator.py for tasks to queue
[2024-12-20T19:37:44.403+0000] {logging_mixin.py:150} INFO - [2024-12-20T19:37:44.403+0000] {dagbag.py:541} INFO - Filling up the DagBag from /home/vscode/.local/lib/python3.10/site-packages/airflow/example_dags/example_sensor_decorator.py
[2024-12-20T19:37:44.408+0000] {processor.py:836} INFO - DAG(s) dict_keys(['example_sensor_decorator']) retrieved from /home/vscode/.local/lib/python3.10/site-packages/airflow/example_dags/example_sensor_decorator.py
[2024-12-20T19:37:44.419+0000] {logging_mixin.py:150} INFO - [2024-12-20T19:37:44.419+0000] {dag.py:2742} INFO - Sync 1 DAGs
[2024-12-20T19:37:44.433+0000] {logging_mixin.py:150} INFO - [2024-12-20T19:37:44.433+0000] {dag.py:3504} INFO - Setting next_dagrun for example_sensor_decorator to None, run_after=None
[2024-12-20T19:37:44.448+0000] {processor.py:179} INFO - Processing /home/vscode/.local/lib/python3.10/site-packages/airflow/example_dags/example_sensor_decorator.py took 0.048 seconds
