[2024-12-20T19:23:32.285+0000] {processor.py:157} INFO - Started process (PID=33233) to work on /home/vscode/.local/lib/python3.10/site-packages/airflow/example_dags/example_nested_branch_dag.py
[2024-12-20T19:23:32.285+0000] {processor.py:826} INFO - Processing file /home/vscode/.local/lib/python3.10/site-packages/airflow/example_dags/example_nested_branch_dag.py for tasks to queue
[2024-12-20T19:23:32.286+0000] {logging_mixin.py:150} INFO - [2024-12-20T19:23:32.285+0000] {dagbag.py:541} INFO - Filling up the DagBag from /home/vscode/.local/lib/python3.10/site-packages/airflow/example_dags/example_nested_branch_dag.py
[2024-12-20T19:23:32.293+0000] {processor.py:836} INFO - DAG(s) dict_keys(['example_nested_branch_dag']) retrieved from /home/vscode/.local/lib/python3.10/site-packages/airflow/example_dags/example_nested_branch_dag.py
[2024-12-20T19:23:32.308+0000] {logging_mixin.py:150} INFO - [2024-12-20T19:23:32.307+0000] {dag.py:2742} INFO - Sync 1 DAGs
[2024-12-20T19:23:32.323+0000] {logging_mixin.py:150} INFO - [2024-12-20T19:23:32.323+0000] {dag.py:3504} INFO - Setting next_dagrun for example_nested_branch_dag to 2024-12-19T00:00:00+00:00, run_after=2024-12-20T00:00:00+00:00
[2024-12-20T19:23:32.338+0000] {processor.py:179} INFO - Processing /home/vscode/.local/lib/python3.10/site-packages/airflow/example_dags/example_nested_branch_dag.py took 0.056 seconds
[2024-12-20T19:24:17.700+0000] {processor.py:157} INFO - Started process (PID=33552) to work on /home/vscode/.local/lib/python3.10/site-packages/airflow/example_dags/example_nested_branch_dag.py
[2024-12-20T19:24:17.700+0000] {processor.py:826} INFO - Processing file /home/vscode/.local/lib/python3.10/site-packages/airflow/example_dags/example_nested_branch_dag.py for tasks to queue
[2024-12-20T19:24:17.701+0000] {logging_mixin.py:150} INFO - [2024-12-20T19:24:17.701+0000] {dagbag.py:541} INFO - Filling up the DagBag from /home/vscode/.local/lib/python3.10/site-packages/airflow/example_dags/example_nested_branch_dag.py
[2024-12-20T19:24:17.710+0000] {processor.py:836} INFO - DAG(s) dict_keys(['example_nested_branch_dag']) retrieved from /home/vscode/.local/lib/python3.10/site-packages/airflow/example_dags/example_nested_branch_dag.py
[2024-12-20T19:24:17.724+0000] {logging_mixin.py:150} INFO - [2024-12-20T19:24:17.724+0000] {dag.py:2742} INFO - Sync 1 DAGs
[2024-12-20T19:24:17.740+0000] {logging_mixin.py:150} INFO - [2024-12-20T19:24:17.739+0000] {dag.py:3504} INFO - Setting next_dagrun for example_nested_branch_dag to 2024-12-19T00:00:00+00:00, run_after=2024-12-20T00:00:00+00:00
[2024-12-20T19:24:17.754+0000] {processor.py:179} INFO - Processing /home/vscode/.local/lib/python3.10/site-packages/airflow/example_dags/example_nested_branch_dag.py took 0.057 seconds
[2024-12-20T19:25:03.118+0000] {processor.py:157} INFO - Started process (PID=33927) to work on /home/vscode/.local/lib/python3.10/site-packages/airflow/example_dags/example_nested_branch_dag.py
[2024-12-20T19:25:03.119+0000] {processor.py:826} INFO - Processing file /home/vscode/.local/lib/python3.10/site-packages/airflow/example_dags/example_nested_branch_dag.py for tasks to queue
[2024-12-20T19:25:03.120+0000] {logging_mixin.py:150} INFO - [2024-12-20T19:25:03.119+0000] {dagbag.py:541} INFO - Filling up the DagBag from /home/vscode/.local/lib/python3.10/site-packages/airflow/example_dags/example_nested_branch_dag.py
[2024-12-20T19:25:03.127+0000] {processor.py:836} INFO - DAG(s) dict_keys(['example_nested_branch_dag']) retrieved from /home/vscode/.local/lib/python3.10/site-packages/airflow/example_dags/example_nested_branch_dag.py
[2024-12-20T19:25:03.140+0000] {logging_mixin.py:150} INFO - [2024-12-20T19:25:03.140+0000] {dag.py:2742} INFO - Sync 1 DAGs
[2024-12-20T19:25:03.156+0000] {logging_mixin.py:150} INFO - [2024-12-20T19:25:03.156+0000] {dag.py:3504} INFO - Setting next_dagrun for example_nested_branch_dag to 2024-12-19T00:00:00+00:00, run_after=2024-12-20T00:00:00+00:00
[2024-12-20T19:25:03.171+0000] {processor.py:179} INFO - Processing /home/vscode/.local/lib/python3.10/site-packages/airflow/example_dags/example_nested_branch_dag.py took 0.055 seconds
[2024-12-20T19:25:50.883+0000] {processor.py:157} INFO - Started process (PID=34374) to work on /home/vscode/.local/lib/python3.10/site-packages/airflow/example_dags/example_nested_branch_dag.py
[2024-12-20T19:25:50.883+0000] {processor.py:826} INFO - Processing file /home/vscode/.local/lib/python3.10/site-packages/airflow/example_dags/example_nested_branch_dag.py for tasks to queue
[2024-12-20T19:25:50.884+0000] {logging_mixin.py:150} INFO - [2024-12-20T19:25:50.884+0000] {dagbag.py:541} INFO - Filling up the DagBag from /home/vscode/.local/lib/python3.10/site-packages/airflow/example_dags/example_nested_branch_dag.py
[2024-12-20T19:25:50.891+0000] {processor.py:836} INFO - DAG(s) dict_keys(['example_nested_branch_dag']) retrieved from /home/vscode/.local/lib/python3.10/site-packages/airflow/example_dags/example_nested_branch_dag.py
[2024-12-20T19:25:50.905+0000] {logging_mixin.py:150} INFO - [2024-12-20T19:25:50.904+0000] {dag.py:2742} INFO - Sync 1 DAGs
[2024-12-20T19:25:50.924+0000] {logging_mixin.py:150} INFO - [2024-12-20T19:25:50.924+0000] {dag.py:3504} INFO - Setting next_dagrun for example_nested_branch_dag to 2024-12-19T00:00:00+00:00, run_after=2024-12-20T00:00:00+00:00
[2024-12-20T19:25:50.948+0000] {processor.py:179} INFO - Processing /home/vscode/.local/lib/python3.10/site-packages/airflow/example_dags/example_nested_branch_dag.py took 0.068 seconds
[2024-12-20T19:26:34.018+0000] {processor.py:157} INFO - Started process (PID=34776) to work on /home/vscode/.local/lib/python3.10/site-packages/airflow/example_dags/example_nested_branch_dag.py
[2024-12-20T19:26:34.019+0000] {processor.py:826} INFO - Processing file /home/vscode/.local/lib/python3.10/site-packages/airflow/example_dags/example_nested_branch_dag.py for tasks to queue
[2024-12-20T19:26:34.019+0000] {logging_mixin.py:150} INFO - [2024-12-20T19:26:34.019+0000] {dagbag.py:541} INFO - Filling up the DagBag from /home/vscode/.local/lib/python3.10/site-packages/airflow/example_dags/example_nested_branch_dag.py
[2024-12-20T19:26:34.027+0000] {processor.py:836} INFO - DAG(s) dict_keys(['example_nested_branch_dag']) retrieved from /home/vscode/.local/lib/python3.10/site-packages/airflow/example_dags/example_nested_branch_dag.py
[2024-12-20T19:26:34.039+0000] {logging_mixin.py:150} INFO - [2024-12-20T19:26:34.039+0000] {dag.py:2742} INFO - Sync 1 DAGs
[2024-12-20T19:26:34.055+0000] {logging_mixin.py:150} INFO - [2024-12-20T19:26:34.054+0000] {dag.py:3504} INFO - Setting next_dagrun for example_nested_branch_dag to 2024-12-19T00:00:00+00:00, run_after=2024-12-20T00:00:00+00:00
[2024-12-20T19:26:34.070+0000] {processor.py:179} INFO - Processing /home/vscode/.local/lib/python3.10/site-packages/airflow/example_dags/example_nested_branch_dag.py took 0.054 seconds
[2024-12-20T19:33:32.474+0000] {processor.py:157} INFO - Started process (PID=37804) to work on /home/vscode/.local/lib/python3.10/site-packages/airflow/example_dags/example_nested_branch_dag.py
[2024-12-20T19:33:32.475+0000] {processor.py:826} INFO - Processing file /home/vscode/.local/lib/python3.10/site-packages/airflow/example_dags/example_nested_branch_dag.py for tasks to queue
[2024-12-20T19:33:32.476+0000] {logging_mixin.py:150} INFO - [2024-12-20T19:33:32.475+0000] {dagbag.py:541} INFO - Filling up the DagBag from /home/vscode/.local/lib/python3.10/site-packages/airflow/example_dags/example_nested_branch_dag.py
[2024-12-20T19:33:32.483+0000] {processor.py:836} INFO - DAG(s) dict_keys(['example_nested_branch_dag']) retrieved from /home/vscode/.local/lib/python3.10/site-packages/airflow/example_dags/example_nested_branch_dag.py
[2024-12-20T19:33:32.496+0000] {logging_mixin.py:150} INFO - [2024-12-20T19:33:32.496+0000] {dag.py:2742} INFO - Sync 1 DAGs
[2024-12-20T19:33:32.511+0000] {logging_mixin.py:150} INFO - [2024-12-20T19:33:32.510+0000] {dag.py:3504} INFO - Setting next_dagrun for example_nested_branch_dag to 2024-12-19T00:00:00+00:00, run_after=2024-12-20T00:00:00+00:00
[2024-12-20T19:33:32.525+0000] {processor.py:179} INFO - Processing /home/vscode/.local/lib/python3.10/site-packages/airflow/example_dags/example_nested_branch_dag.py took 0.052 seconds
[2024-12-20T19:34:18.786+0000] {processor.py:157} INFO - Started process (PID=38154) to work on /home/vscode/.local/lib/python3.10/site-packages/airflow/example_dags/example_nested_branch_dag.py
[2024-12-20T19:34:18.787+0000] {processor.py:826} INFO - Processing file /home/vscode/.local/lib/python3.10/site-packages/airflow/example_dags/example_nested_branch_dag.py for tasks to queue
[2024-12-20T19:34:18.787+0000] {logging_mixin.py:150} INFO - [2024-12-20T19:34:18.787+0000] {dagbag.py:541} INFO - Filling up the DagBag from /home/vscode/.local/lib/python3.10/site-packages/airflow/example_dags/example_nested_branch_dag.py
[2024-12-20T19:34:18.794+0000] {processor.py:836} INFO - DAG(s) dict_keys(['example_nested_branch_dag']) retrieved from /home/vscode/.local/lib/python3.10/site-packages/airflow/example_dags/example_nested_branch_dag.py
[2024-12-20T19:34:18.806+0000] {logging_mixin.py:150} INFO - [2024-12-20T19:34:18.806+0000] {dag.py:2742} INFO - Sync 1 DAGs
[2024-12-20T19:34:18.821+0000] {logging_mixin.py:150} INFO - [2024-12-20T19:34:18.821+0000] {dag.py:3504} INFO - Setting next_dagrun for example_nested_branch_dag to 2024-12-19T00:00:00+00:00, run_after=2024-12-20T00:00:00+00:00
[2024-12-20T19:34:18.835+0000] {processor.py:179} INFO - Processing /home/vscode/.local/lib/python3.10/site-packages/airflow/example_dags/example_nested_branch_dag.py took 0.051 seconds
[2024-12-20T19:35:04.983+0000] {processor.py:157} INFO - Started process (PID=38525) to work on /home/vscode/.local/lib/python3.10/site-packages/airflow/example_dags/example_nested_branch_dag.py
[2024-12-20T19:35:04.983+0000] {processor.py:826} INFO - Processing file /home/vscode/.local/lib/python3.10/site-packages/airflow/example_dags/example_nested_branch_dag.py for tasks to queue
[2024-12-20T19:35:04.984+0000] {logging_mixin.py:150} INFO - [2024-12-20T19:35:04.984+0000] {dagbag.py:541} INFO - Filling up the DagBag from /home/vscode/.local/lib/python3.10/site-packages/airflow/example_dags/example_nested_branch_dag.py
[2024-12-20T19:35:04.991+0000] {processor.py:836} INFO - DAG(s) dict_keys(['example_nested_branch_dag']) retrieved from /home/vscode/.local/lib/python3.10/site-packages/airflow/example_dags/example_nested_branch_dag.py
[2024-12-20T19:35:05.003+0000] {logging_mixin.py:150} INFO - [2024-12-20T19:35:05.003+0000] {dag.py:2742} INFO - Sync 1 DAGs
[2024-12-20T19:35:05.018+0000] {logging_mixin.py:150} INFO - [2024-12-20T19:35:05.018+0000] {dag.py:3504} INFO - Setting next_dagrun for example_nested_branch_dag to 2024-12-19T00:00:00+00:00, run_after=2024-12-20T00:00:00+00:00
[2024-12-20T19:35:05.032+0000] {processor.py:179} INFO - Processing /home/vscode/.local/lib/python3.10/site-packages/airflow/example_dags/example_nested_branch_dag.py took 0.051 seconds
[2024-12-20T19:35:51.239+0000] {processor.py:157} INFO - Started process (PID=38860) to work on /home/vscode/.local/lib/python3.10/site-packages/airflow/example_dags/example_nested_branch_dag.py
[2024-12-20T19:35:51.240+0000] {processor.py:826} INFO - Processing file /home/vscode/.local/lib/python3.10/site-packages/airflow/example_dags/example_nested_branch_dag.py for tasks to queue
[2024-12-20T19:35:51.240+0000] {logging_mixin.py:150} INFO - [2024-12-20T19:35:51.240+0000] {dagbag.py:541} INFO - Filling up the DagBag from /home/vscode/.local/lib/python3.10/site-packages/airflow/example_dags/example_nested_branch_dag.py
[2024-12-20T19:35:51.247+0000] {processor.py:836} INFO - DAG(s) dict_keys(['example_nested_branch_dag']) retrieved from /home/vscode/.local/lib/python3.10/site-packages/airflow/example_dags/example_nested_branch_dag.py
[2024-12-20T19:35:51.259+0000] {logging_mixin.py:150} INFO - [2024-12-20T19:35:51.259+0000] {dag.py:2742} INFO - Sync 1 DAGs
[2024-12-20T19:35:51.274+0000] {logging_mixin.py:150} INFO - [2024-12-20T19:35:51.274+0000] {dag.py:3504} INFO - Setting next_dagrun for example_nested_branch_dag to 2024-12-19T00:00:00+00:00, run_after=2024-12-20T00:00:00+00:00
[2024-12-20T19:35:51.288+0000] {processor.py:179} INFO - Processing /home/vscode/.local/lib/python3.10/site-packages/airflow/example_dags/example_nested_branch_dag.py took 0.051 seconds
[2024-12-20T19:36:38.326+0000] {processor.py:157} INFO - Started process (PID=39339) to work on /home/vscode/.local/lib/python3.10/site-packages/airflow/example_dags/example_nested_branch_dag.py
[2024-12-20T19:36:38.326+0000] {processor.py:826} INFO - Processing file /home/vscode/.local/lib/python3.10/site-packages/airflow/example_dags/example_nested_branch_dag.py for tasks to queue
[2024-12-20T19:36:38.327+0000] {logging_mixin.py:150} INFO - [2024-12-20T19:36:38.327+0000] {dagbag.py:541} INFO - Filling up the DagBag from /home/vscode/.local/lib/python3.10/site-packages/airflow/example_dags/example_nested_branch_dag.py
[2024-12-20T19:36:38.334+0000] {processor.py:836} INFO - DAG(s) dict_keys(['example_nested_branch_dag']) retrieved from /home/vscode/.local/lib/python3.10/site-packages/airflow/example_dags/example_nested_branch_dag.py
[2024-12-20T19:36:38.348+0000] {logging_mixin.py:150} INFO - [2024-12-20T19:36:38.347+0000] {dag.py:2742} INFO - Sync 1 DAGs
[2024-12-20T19:36:38.362+0000] {logging_mixin.py:150} INFO - [2024-12-20T19:36:38.362+0000] {dag.py:3504} INFO - Setting next_dagrun for example_nested_branch_dag to 2024-12-19T00:00:00+00:00, run_after=2024-12-20T00:00:00+00:00
[2024-12-20T19:36:38.377+0000] {processor.py:179} INFO - Processing /home/vscode/.local/lib/python3.10/site-packages/airflow/example_dags/example_nested_branch_dag.py took 0.054 seconds
[2024-12-20T19:37:26.503+0000] {processor.py:157} INFO - Started process (PID=39851) to work on /home/vscode/.local/lib/python3.10/site-packages/airflow/example_dags/example_nested_branch_dag.py
[2024-12-20T19:37:26.504+0000] {processor.py:826} INFO - Processing file /home/vscode/.local/lib/python3.10/site-packages/airflow/example_dags/example_nested_branch_dag.py for tasks to queue
[2024-12-20T19:37:26.505+0000] {logging_mixin.py:150} INFO - [2024-12-20T19:37:26.505+0000] {dagbag.py:541} INFO - Filling up the DagBag from /home/vscode/.local/lib/python3.10/site-packages/airflow/example_dags/example_nested_branch_dag.py
[2024-12-20T19:37:26.513+0000] {processor.py:836} INFO - DAG(s) dict_keys(['example_nested_branch_dag']) retrieved from /home/vscode/.local/lib/python3.10/site-packages/airflow/example_dags/example_nested_branch_dag.py
[2024-12-20T19:37:26.525+0000] {logging_mixin.py:150} INFO - [2024-12-20T19:37:26.525+0000] {dag.py:2742} INFO - Sync 1 DAGs
[2024-12-20T19:37:26.541+0000] {logging_mixin.py:150} INFO - [2024-12-20T19:37:26.541+0000] {dag.py:3504} INFO - Setting next_dagrun for example_nested_branch_dag to 2024-12-19T00:00:00+00:00, run_after=2024-12-20T00:00:00+00:00
[2024-12-20T19:37:26.556+0000] {processor.py:179} INFO - Processing /home/vscode/.local/lib/python3.10/site-packages/airflow/example_dags/example_nested_branch_dag.py took 0.055 seconds
