[2024-12-20T19:23:22.346+0000] {processor.py:157} INFO - Started process (PID=33164) to work on /home/vscode/.local/lib/python3.10/site-packages/airflow/example_dags/tutorial_taskflow_api.py
[2024-12-20T19:23:22.347+0000] {processor.py:826} INFO - Processing file /home/vscode/.local/lib/python3.10/site-packages/airflow/example_dags/tutorial_taskflow_api.py for tasks to queue
[2024-12-20T19:23:22.348+0000] {logging_mixin.py:150} INFO - [2024-12-20T19:23:22.347+0000] {dagbag.py:541} INFO - Filling up the DagBag from /home/vscode/.local/lib/python3.10/site-packages/airflow/example_dags/tutorial_taskflow_api.py
[2024-12-20T19:23:22.353+0000] {processor.py:836} INFO - DAG(s) dict_keys(['tutorial_taskflow_api']) retrieved from /home/vscode/.local/lib/python3.10/site-packages/airflow/example_dags/tutorial_taskflow_api.py
[2024-12-20T19:23:22.367+0000] {logging_mixin.py:150} INFO - [2024-12-20T19:23:22.367+0000] {dag.py:2742} INFO - Sync 1 DAGs
[2024-12-20T19:23:22.382+0000] {logging_mixin.py:150} INFO - [2024-12-20T19:23:22.382+0000] {dag.py:3504} INFO - Setting next_dagrun for tutorial_taskflow_api to None, run_after=None
[2024-12-20T19:23:22.397+0000] {processor.py:179} INFO - Processing /home/vscode/.local/lib/python3.10/site-packages/airflow/example_dags/tutorial_taskflow_api.py took 0.053 seconds
[2024-12-20T19:24:08.970+0000] {processor.py:157} INFO - Started process (PID=33476) to work on /home/vscode/.local/lib/python3.10/site-packages/airflow/example_dags/tutorial_taskflow_api.py
[2024-12-20T19:24:08.971+0000] {processor.py:826} INFO - Processing file /home/vscode/.local/lib/python3.10/site-packages/airflow/example_dags/tutorial_taskflow_api.py for tasks to queue
[2024-12-20T19:24:08.972+0000] {logging_mixin.py:150} INFO - [2024-12-20T19:24:08.972+0000] {dagbag.py:541} INFO - Filling up the DagBag from /home/vscode/.local/lib/python3.10/site-packages/airflow/example_dags/tutorial_taskflow_api.py
[2024-12-20T19:24:08.980+0000] {processor.py:836} INFO - DAG(s) dict_keys(['tutorial_taskflow_api']) retrieved from /home/vscode/.local/lib/python3.10/site-packages/airflow/example_dags/tutorial_taskflow_api.py
[2024-12-20T19:24:09.006+0000] {logging_mixin.py:150} INFO - [2024-12-20T19:24:09.006+0000] {dag.py:2742} INFO - Sync 1 DAGs
[2024-12-20T19:24:09.023+0000] {logging_mixin.py:150} INFO - [2024-12-20T19:24:09.023+0000] {dag.py:3504} INFO - Setting next_dagrun for tutorial_taskflow_api to None, run_after=None
[2024-12-20T19:24:09.039+0000] {processor.py:179} INFO - Processing /home/vscode/.local/lib/python3.10/site-packages/airflow/example_dags/tutorial_taskflow_api.py took 0.072 seconds
[2024-12-20T19:24:54.481+0000] {processor.py:157} INFO - Started process (PID=33847) to work on /home/vscode/.local/lib/python3.10/site-packages/airflow/example_dags/tutorial_taskflow_api.py
[2024-12-20T19:24:54.482+0000] {processor.py:826} INFO - Processing file /home/vscode/.local/lib/python3.10/site-packages/airflow/example_dags/tutorial_taskflow_api.py for tasks to queue
[2024-12-20T19:24:54.483+0000] {logging_mixin.py:150} INFO - [2024-12-20T19:24:54.483+0000] {dagbag.py:541} INFO - Filling up the DagBag from /home/vscode/.local/lib/python3.10/site-packages/airflow/example_dags/tutorial_taskflow_api.py
[2024-12-20T19:24:54.489+0000] {processor.py:836} INFO - DAG(s) dict_keys(['tutorial_taskflow_api']) retrieved from /home/vscode/.local/lib/python3.10/site-packages/airflow/example_dags/tutorial_taskflow_api.py
[2024-12-20T19:24:54.503+0000] {logging_mixin.py:150} INFO - [2024-12-20T19:24:54.503+0000] {dag.py:2742} INFO - Sync 1 DAGs
[2024-12-20T19:24:54.518+0000] {logging_mixin.py:150} INFO - [2024-12-20T19:24:54.518+0000] {dag.py:3504} INFO - Setting next_dagrun for tutorial_taskflow_api to None, run_after=None
[2024-12-20T19:24:54.533+0000] {processor.py:179} INFO - Processing /home/vscode/.local/lib/python3.10/site-packages/airflow/example_dags/tutorial_taskflow_api.py took 0.054 seconds
[2024-12-20T19:25:39.781+0000] {processor.py:157} INFO - Started process (PID=34266) to work on /home/vscode/.local/lib/python3.10/site-packages/airflow/example_dags/tutorial_taskflow_api.py
[2024-12-20T19:25:39.781+0000] {processor.py:826} INFO - Processing file /home/vscode/.local/lib/python3.10/site-packages/airflow/example_dags/tutorial_taskflow_api.py for tasks to queue
[2024-12-20T19:25:39.782+0000] {logging_mixin.py:150} INFO - [2024-12-20T19:25:39.782+0000] {dagbag.py:541} INFO - Filling up the DagBag from /home/vscode/.local/lib/python3.10/site-packages/airflow/example_dags/tutorial_taskflow_api.py
[2024-12-20T19:25:39.787+0000] {processor.py:836} INFO - DAG(s) dict_keys(['tutorial_taskflow_api']) retrieved from /home/vscode/.local/lib/python3.10/site-packages/airflow/example_dags/tutorial_taskflow_api.py
[2024-12-20T19:25:39.799+0000] {logging_mixin.py:150} INFO - [2024-12-20T19:25:39.799+0000] {dag.py:2742} INFO - Sync 1 DAGs
[2024-12-20T19:25:39.814+0000] {logging_mixin.py:150} INFO - [2024-12-20T19:25:39.814+0000] {dag.py:3504} INFO - Setting next_dagrun for tutorial_taskflow_api to None, run_after=None
[2024-12-20T19:25:39.830+0000] {processor.py:179} INFO - Processing /home/vscode/.local/lib/python3.10/site-packages/airflow/example_dags/tutorial_taskflow_api.py took 0.051 seconds
[2024-12-20T19:26:23.693+0000] {processor.py:157} INFO - Started process (PID=34675) to work on /home/vscode/.local/lib/python3.10/site-packages/airflow/example_dags/tutorial_taskflow_api.py
[2024-12-20T19:26:23.693+0000] {processor.py:826} INFO - Processing file /home/vscode/.local/lib/python3.10/site-packages/airflow/example_dags/tutorial_taskflow_api.py for tasks to queue
[2024-12-20T19:26:23.694+0000] {logging_mixin.py:150} INFO - [2024-12-20T19:26:23.694+0000] {dagbag.py:541} INFO - Filling up the DagBag from /home/vscode/.local/lib/python3.10/site-packages/airflow/example_dags/tutorial_taskflow_api.py
[2024-12-20T19:26:23.699+0000] {processor.py:836} INFO - DAG(s) dict_keys(['tutorial_taskflow_api']) retrieved from /home/vscode/.local/lib/python3.10/site-packages/airflow/example_dags/tutorial_taskflow_api.py
[2024-12-20T19:26:23.710+0000] {logging_mixin.py:150} INFO - [2024-12-20T19:26:23.710+0000] {dag.py:2742} INFO - Sync 1 DAGs
[2024-12-20T19:26:23.724+0000] {logging_mixin.py:150} INFO - [2024-12-20T19:26:23.724+0000] {dag.py:3504} INFO - Setting next_dagrun for tutorial_taskflow_api to None, run_after=None
[2024-12-20T19:26:23.741+0000] {processor.py:179} INFO - Processing /home/vscode/.local/lib/python3.10/site-packages/airflow/example_dags/tutorial_taskflow_api.py took 0.050 seconds
[2024-12-20T19:33:23.451+0000] {processor.py:157} INFO - Started process (PID=37748) to work on /home/vscode/.local/lib/python3.10/site-packages/airflow/example_dags/tutorial_taskflow_api.py
[2024-12-20T19:33:23.452+0000] {processor.py:826} INFO - Processing file /home/vscode/.local/lib/python3.10/site-packages/airflow/example_dags/tutorial_taskflow_api.py for tasks to queue
[2024-12-20T19:33:23.453+0000] {logging_mixin.py:150} INFO - [2024-12-20T19:33:23.452+0000] {dagbag.py:541} INFO - Filling up the DagBag from /home/vscode/.local/lib/python3.10/site-packages/airflow/example_dags/tutorial_taskflow_api.py
[2024-12-20T19:33:23.458+0000] {processor.py:836} INFO - DAG(s) dict_keys(['tutorial_taskflow_api']) retrieved from /home/vscode/.local/lib/python3.10/site-packages/airflow/example_dags/tutorial_taskflow_api.py
[2024-12-20T19:33:23.471+0000] {logging_mixin.py:150} INFO - [2024-12-20T19:33:23.471+0000] {dag.py:2742} INFO - Sync 1 DAGs
[2024-12-20T19:33:23.485+0000] {logging_mixin.py:150} INFO - [2024-12-20T19:33:23.485+0000] {dag.py:3504} INFO - Setting next_dagrun for tutorial_taskflow_api to None, run_after=None
[2024-12-20T19:33:23.500+0000] {processor.py:179} INFO - Processing /home/vscode/.local/lib/python3.10/site-packages/airflow/example_dags/tutorial_taskflow_api.py took 0.051 seconds
[2024-12-20T19:34:09.649+0000] {processor.py:157} INFO - Started process (PID=38081) to work on /home/vscode/.local/lib/python3.10/site-packages/airflow/example_dags/tutorial_taskflow_api.py
[2024-12-20T19:34:09.649+0000] {processor.py:826} INFO - Processing file /home/vscode/.local/lib/python3.10/site-packages/airflow/example_dags/tutorial_taskflow_api.py for tasks to queue
[2024-12-20T19:34:09.650+0000] {logging_mixin.py:150} INFO - [2024-12-20T19:34:09.650+0000] {dagbag.py:541} INFO - Filling up the DagBag from /home/vscode/.local/lib/python3.10/site-packages/airflow/example_dags/tutorial_taskflow_api.py
[2024-12-20T19:34:09.655+0000] {processor.py:836} INFO - DAG(s) dict_keys(['tutorial_taskflow_api']) retrieved from /home/vscode/.local/lib/python3.10/site-packages/airflow/example_dags/tutorial_taskflow_api.py
[2024-12-20T19:34:09.667+0000] {logging_mixin.py:150} INFO - [2024-12-20T19:34:09.667+0000] {dag.py:2742} INFO - Sync 1 DAGs
[2024-12-20T19:34:09.689+0000] {logging_mixin.py:150} INFO - [2024-12-20T19:34:09.689+0000] {dag.py:3504} INFO - Setting next_dagrun for tutorial_taskflow_api to None, run_after=None
[2024-12-20T19:34:09.724+0000] {processor.py:179} INFO - Processing /home/vscode/.local/lib/python3.10/site-packages/airflow/example_dags/tutorial_taskflow_api.py took 0.079 seconds
[2024-12-20T19:34:54.849+0000] {processor.py:157} INFO - Started process (PID=38443) to work on /home/vscode/.local/lib/python3.10/site-packages/airflow/example_dags/tutorial_taskflow_api.py
[2024-12-20T19:34:54.850+0000] {processor.py:826} INFO - Processing file /home/vscode/.local/lib/python3.10/site-packages/airflow/example_dags/tutorial_taskflow_api.py for tasks to queue
[2024-12-20T19:34:54.851+0000] {logging_mixin.py:150} INFO - [2024-12-20T19:34:54.850+0000] {dagbag.py:541} INFO - Filling up the DagBag from /home/vscode/.local/lib/python3.10/site-packages/airflow/example_dags/tutorial_taskflow_api.py
[2024-12-20T19:34:54.855+0000] {processor.py:836} INFO - DAG(s) dict_keys(['tutorial_taskflow_api']) retrieved from /home/vscode/.local/lib/python3.10/site-packages/airflow/example_dags/tutorial_taskflow_api.py
[2024-12-20T19:34:54.867+0000] {logging_mixin.py:150} INFO - [2024-12-20T19:34:54.867+0000] {dag.py:2742} INFO - Sync 1 DAGs
[2024-12-20T19:34:54.881+0000] {logging_mixin.py:150} INFO - [2024-12-20T19:34:54.881+0000] {dag.py:3504} INFO - Setting next_dagrun for tutorial_taskflow_api to None, run_after=None
[2024-12-20T19:34:54.896+0000] {processor.py:179} INFO - Processing /home/vscode/.local/lib/python3.10/site-packages/airflow/example_dags/tutorial_taskflow_api.py took 0.048 seconds
[2024-12-20T19:35:37.545+0000] {processor.py:157} INFO - Started process (PID=38759) to work on /home/vscode/.local/lib/python3.10/site-packages/airflow/example_dags/tutorial_taskflow_api.py
[2024-12-20T19:35:37.545+0000] {processor.py:826} INFO - Processing file /home/vscode/.local/lib/python3.10/site-packages/airflow/example_dags/tutorial_taskflow_api.py for tasks to queue
[2024-12-20T19:35:37.546+0000] {logging_mixin.py:150} INFO - [2024-12-20T19:35:37.546+0000] {dagbag.py:541} INFO - Filling up the DagBag from /home/vscode/.local/lib/python3.10/site-packages/airflow/example_dags/tutorial_taskflow_api.py
[2024-12-20T19:35:37.550+0000] {processor.py:836} INFO - DAG(s) dict_keys(['tutorial_taskflow_api']) retrieved from /home/vscode/.local/lib/python3.10/site-packages/airflow/example_dags/tutorial_taskflow_api.py
[2024-12-20T19:35:37.561+0000] {logging_mixin.py:150} INFO - [2024-12-20T19:35:37.561+0000] {dag.py:2742} INFO - Sync 1 DAGs
[2024-12-20T19:35:37.574+0000] {logging_mixin.py:150} INFO - [2024-12-20T19:35:37.574+0000] {dag.py:3504} INFO - Setting next_dagrun for tutorial_taskflow_api to None, run_after=None
[2024-12-20T19:35:37.589+0000] {processor.py:179} INFO - Processing /home/vscode/.local/lib/python3.10/site-packages/airflow/example_dags/tutorial_taskflow_api.py took 0.046 seconds
[2024-12-20T19:36:25.904+0000] {processor.py:157} INFO - Started process (PID=39210) to work on /home/vscode/.local/lib/python3.10/site-packages/airflow/example_dags/tutorial_taskflow_api.py
[2024-12-20T19:36:25.905+0000] {processor.py:826} INFO - Processing file /home/vscode/.local/lib/python3.10/site-packages/airflow/example_dags/tutorial_taskflow_api.py for tasks to queue
[2024-12-20T19:36:25.905+0000] {logging_mixin.py:150} INFO - [2024-12-20T19:36:25.905+0000] {dagbag.py:541} INFO - Filling up the DagBag from /home/vscode/.local/lib/python3.10/site-packages/airflow/example_dags/tutorial_taskflow_api.py
[2024-12-20T19:36:25.910+0000] {processor.py:836} INFO - DAG(s) dict_keys(['tutorial_taskflow_api']) retrieved from /home/vscode/.local/lib/python3.10/site-packages/airflow/example_dags/tutorial_taskflow_api.py
[2024-12-20T19:36:25.921+0000] {logging_mixin.py:150} INFO - [2024-12-20T19:36:25.921+0000] {dag.py:2742} INFO - Sync 1 DAGs
[2024-12-20T19:36:25.934+0000] {logging_mixin.py:150} INFO - [2024-12-20T19:36:25.934+0000] {dag.py:3504} INFO - Setting next_dagrun for tutorial_taskflow_api to None, run_after=None
[2024-12-20T19:36:25.948+0000] {processor.py:179} INFO - Processing /home/vscode/.local/lib/python3.10/site-packages/airflow/example_dags/tutorial_taskflow_api.py took 0.046 seconds
[2024-12-20T19:37:14.451+0000] {processor.py:157} INFO - Started process (PID=39712) to work on /home/vscode/.local/lib/python3.10/site-packages/airflow/example_dags/tutorial_taskflow_api.py
[2024-12-20T19:37:14.451+0000] {processor.py:826} INFO - Processing file /home/vscode/.local/lib/python3.10/site-packages/airflow/example_dags/tutorial_taskflow_api.py for tasks to queue
[2024-12-20T19:37:14.452+0000] {logging_mixin.py:150} INFO - [2024-12-20T19:37:14.452+0000] {dagbag.py:541} INFO - Filling up the DagBag from /home/vscode/.local/lib/python3.10/site-packages/airflow/example_dags/tutorial_taskflow_api.py
[2024-12-20T19:37:14.457+0000] {processor.py:836} INFO - DAG(s) dict_keys(['tutorial_taskflow_api']) retrieved from /home/vscode/.local/lib/python3.10/site-packages/airflow/example_dags/tutorial_taskflow_api.py
[2024-12-20T19:37:14.468+0000] {logging_mixin.py:150} INFO - [2024-12-20T19:37:14.467+0000] {dag.py:2742} INFO - Sync 1 DAGs
[2024-12-20T19:37:14.482+0000] {logging_mixin.py:150} INFO - [2024-12-20T19:37:14.482+0000] {dag.py:3504} INFO - Setting next_dagrun for tutorial_taskflow_api to None, run_after=None
[2024-12-20T19:37:14.496+0000] {processor.py:179} INFO - Processing /home/vscode/.local/lib/python3.10/site-packages/airflow/example_dags/tutorial_taskflow_api.py took 0.047 seconds
[2024-12-20T19:37:59.398+0000] {processor.py:157} INFO - Started process (PID=40190) to work on /home/vscode/.local/lib/python3.10/site-packages/airflow/example_dags/tutorial_taskflow_api.py
[2024-12-20T19:37:59.399+0000] {processor.py:826} INFO - Processing file /home/vscode/.local/lib/python3.10/site-packages/airflow/example_dags/tutorial_taskflow_api.py for tasks to queue
[2024-12-20T19:37:59.399+0000] {logging_mixin.py:150} INFO - [2024-12-20T19:37:59.399+0000] {dagbag.py:541} INFO - Filling up the DagBag from /home/vscode/.local/lib/python3.10/site-packages/airflow/example_dags/tutorial_taskflow_api.py
[2024-12-20T19:37:59.404+0000] {processor.py:836} INFO - DAG(s) dict_keys(['tutorial_taskflow_api']) retrieved from /home/vscode/.local/lib/python3.10/site-packages/airflow/example_dags/tutorial_taskflow_api.py
[2024-12-20T19:37:59.415+0000] {logging_mixin.py:150} INFO - [2024-12-20T19:37:59.415+0000] {dag.py:2742} INFO - Sync 1 DAGs
[2024-12-20T19:37:59.429+0000] {logging_mixin.py:150} INFO - [2024-12-20T19:37:59.428+0000] {dag.py:3504} INFO - Setting next_dagrun for tutorial_taskflow_api to None, run_after=None
[2024-12-20T19:37:59.443+0000] {processor.py:179} INFO - Processing /home/vscode/.local/lib/python3.10/site-packages/airflow/example_dags/tutorial_taskflow_api.py took 0.046 seconds
