[2024-12-20T19:23:20.846+0000] {processor.py:157} INFO - Started process (PID=33154) to work on /home/vscode/.local/lib/python3.10/site-packages/airflow/example_dags/tutorial_dag.py
[2024-12-20T19:23:20.846+0000] {processor.py:826} INFO - Processing file /home/vscode/.local/lib/python3.10/site-packages/airflow/example_dags/tutorial_dag.py for tasks to queue
[2024-12-20T19:23:20.847+0000] {logging_mixin.py:150} INFO - [2024-12-20T19:23:20.847+0000] {dagbag.py:541} INFO - Filling up the DagBag from /home/vscode/.local/lib/python3.10/site-packages/airflow/example_dags/tutorial_dag.py
[2024-12-20T19:23:20.851+0000] {processor.py:836} INFO - DAG(s) dict_keys(['tutorial_dag']) retrieved from /home/vscode/.local/lib/python3.10/site-packages/airflow/example_dags/tutorial_dag.py
[2024-12-20T19:23:20.946+0000] {logging_mixin.py:150} INFO - [2024-12-20T19:23:20.946+0000] {dag.py:2742} INFO - Sync 1 DAGs
[2024-12-20T19:23:20.959+0000] {logging_mixin.py:150} INFO - [2024-12-20T19:23:20.959+0000] {dag.py:3504} INFO - Setting next_dagrun for tutorial_dag to None, run_after=None
[2024-12-20T19:23:20.972+0000] {processor.py:179} INFO - Processing /home/vscode/.local/lib/python3.10/site-packages/airflow/example_dags/tutorial_dag.py took 0.129 seconds
[2024-12-20T19:24:07.250+0000] {processor.py:157} INFO - Started process (PID=33470) to work on /home/vscode/.local/lib/python3.10/site-packages/airflow/example_dags/tutorial_dag.py
[2024-12-20T19:24:07.251+0000] {processor.py:826} INFO - Processing file /home/vscode/.local/lib/python3.10/site-packages/airflow/example_dags/tutorial_dag.py for tasks to queue
[2024-12-20T19:24:07.252+0000] {logging_mixin.py:150} INFO - [2024-12-20T19:24:07.251+0000] {dagbag.py:541} INFO - Filling up the DagBag from /home/vscode/.local/lib/python3.10/site-packages/airflow/example_dags/tutorial_dag.py
[2024-12-20T19:24:07.255+0000] {processor.py:836} INFO - DAG(s) dict_keys(['tutorial_dag']) retrieved from /home/vscode/.local/lib/python3.10/site-packages/airflow/example_dags/tutorial_dag.py
[2024-12-20T19:24:07.267+0000] {logging_mixin.py:150} INFO - [2024-12-20T19:24:07.267+0000] {dag.py:2742} INFO - Sync 1 DAGs
[2024-12-20T19:24:07.281+0000] {logging_mixin.py:150} INFO - [2024-12-20T19:24:07.281+0000] {dag.py:3504} INFO - Setting next_dagrun for tutorial_dag to None, run_after=None
[2024-12-20T19:24:07.295+0000] {processor.py:179} INFO - Processing /home/vscode/.local/lib/python3.10/site-packages/airflow/example_dags/tutorial_dag.py took 0.047 seconds
[2024-12-20T19:24:52.414+0000] {processor.py:157} INFO - Started process (PID=33817) to work on /home/vscode/.local/lib/python3.10/site-packages/airflow/example_dags/tutorial_dag.py
[2024-12-20T19:24:52.415+0000] {processor.py:826} INFO - Processing file /home/vscode/.local/lib/python3.10/site-packages/airflow/example_dags/tutorial_dag.py for tasks to queue
[2024-12-20T19:24:52.415+0000] {logging_mixin.py:150} INFO - [2024-12-20T19:24:52.415+0000] {dagbag.py:541} INFO - Filling up the DagBag from /home/vscode/.local/lib/python3.10/site-packages/airflow/example_dags/tutorial_dag.py
[2024-12-20T19:24:52.419+0000] {processor.py:836} INFO - DAG(s) dict_keys(['tutorial_dag']) retrieved from /home/vscode/.local/lib/python3.10/site-packages/airflow/example_dags/tutorial_dag.py
[2024-12-20T19:24:52.432+0000] {logging_mixin.py:150} INFO - [2024-12-20T19:24:52.432+0000] {dag.py:2742} INFO - Sync 1 DAGs
[2024-12-20T19:24:52.450+0000] {logging_mixin.py:150} INFO - [2024-12-20T19:24:52.450+0000] {dag.py:3504} INFO - Setting next_dagrun for tutorial_dag to None, run_after=None
[2024-12-20T19:24:52.467+0000] {processor.py:179} INFO - Processing /home/vscode/.local/lib/python3.10/site-packages/airflow/example_dags/tutorial_dag.py took 0.055 seconds
[2024-12-20T19:25:37.488+0000] {processor.py:157} INFO - Started process (PID=34251) to work on /home/vscode/.local/lib/python3.10/site-packages/airflow/example_dags/tutorial_dag.py
[2024-12-20T19:25:37.488+0000] {processor.py:826} INFO - Processing file /home/vscode/.local/lib/python3.10/site-packages/airflow/example_dags/tutorial_dag.py for tasks to queue
[2024-12-20T19:25:37.489+0000] {logging_mixin.py:150} INFO - [2024-12-20T19:25:37.489+0000] {dagbag.py:541} INFO - Filling up the DagBag from /home/vscode/.local/lib/python3.10/site-packages/airflow/example_dags/tutorial_dag.py
[2024-12-20T19:25:37.493+0000] {processor.py:836} INFO - DAG(s) dict_keys(['tutorial_dag']) retrieved from /home/vscode/.local/lib/python3.10/site-packages/airflow/example_dags/tutorial_dag.py
[2024-12-20T19:25:37.507+0000] {logging_mixin.py:150} INFO - [2024-12-20T19:25:37.507+0000] {dag.py:2742} INFO - Sync 1 DAGs
[2024-12-20T19:25:37.521+0000] {logging_mixin.py:150} INFO - [2024-12-20T19:25:37.521+0000] {dag.py:3504} INFO - Setting next_dagrun for tutorial_dag to None, run_after=None
[2024-12-20T19:25:37.537+0000] {processor.py:179} INFO - Processing /home/vscode/.local/lib/python3.10/site-packages/airflow/example_dags/tutorial_dag.py took 0.051 seconds
[2024-12-20T19:26:22.289+0000] {processor.py:157} INFO - Started process (PID=34665) to work on /home/vscode/.local/lib/python3.10/site-packages/airflow/example_dags/tutorial_dag.py
[2024-12-20T19:26:22.290+0000] {processor.py:826} INFO - Processing file /home/vscode/.local/lib/python3.10/site-packages/airflow/example_dags/tutorial_dag.py for tasks to queue
[2024-12-20T19:26:22.290+0000] {logging_mixin.py:150} INFO - [2024-12-20T19:26:22.290+0000] {dagbag.py:541} INFO - Filling up the DagBag from /home/vscode/.local/lib/python3.10/site-packages/airflow/example_dags/tutorial_dag.py
[2024-12-20T19:26:22.294+0000] {processor.py:836} INFO - DAG(s) dict_keys(['tutorial_dag']) retrieved from /home/vscode/.local/lib/python3.10/site-packages/airflow/example_dags/tutorial_dag.py
[2024-12-20T19:26:22.306+0000] {logging_mixin.py:150} INFO - [2024-12-20T19:26:22.306+0000] {dag.py:2742} INFO - Sync 1 DAGs
[2024-12-20T19:26:22.320+0000] {logging_mixin.py:150} INFO - [2024-12-20T19:26:22.320+0000] {dag.py:3504} INFO - Setting next_dagrun for tutorial_dag to None, run_after=None
[2024-12-20T19:26:22.334+0000] {processor.py:179} INFO - Processing /home/vscode/.local/lib/python3.10/site-packages/airflow/example_dags/tutorial_dag.py took 0.048 seconds
[2024-12-20T19:33:21.061+0000] {processor.py:157} INFO - Started process (PID=37731) to work on /home/vscode/.local/lib/python3.10/site-packages/airflow/example_dags/tutorial_dag.py
[2024-12-20T19:33:21.061+0000] {processor.py:826} INFO - Processing file /home/vscode/.local/lib/python3.10/site-packages/airflow/example_dags/tutorial_dag.py for tasks to queue
[2024-12-20T19:33:21.062+0000] {logging_mixin.py:150} INFO - [2024-12-20T19:33:21.061+0000] {dagbag.py:541} INFO - Filling up the DagBag from /home/vscode/.local/lib/python3.10/site-packages/airflow/example_dags/tutorial_dag.py
[2024-12-20T19:33:21.066+0000] {processor.py:836} INFO - DAG(s) dict_keys(['tutorial_dag']) retrieved from /home/vscode/.local/lib/python3.10/site-packages/airflow/example_dags/tutorial_dag.py
[2024-12-20T19:33:21.150+0000] {logging_mixin.py:150} INFO - [2024-12-20T19:33:21.150+0000] {dag.py:2742} INFO - Sync 1 DAGs
[2024-12-20T19:33:21.162+0000] {logging_mixin.py:150} INFO - [2024-12-20T19:33:21.162+0000] {dag.py:3504} INFO - Setting next_dagrun for tutorial_dag to None, run_after=None
[2024-12-20T19:33:21.177+0000] {processor.py:179} INFO - Processing /home/vscode/.local/lib/python3.10/site-packages/airflow/example_dags/tutorial_dag.py took 0.119 seconds
[2024-12-20T19:34:07.343+0000] {processor.py:157} INFO - Started process (PID=38066) to work on /home/vscode/.local/lib/python3.10/site-packages/airflow/example_dags/tutorial_dag.py
[2024-12-20T19:34:07.344+0000] {processor.py:826} INFO - Processing file /home/vscode/.local/lib/python3.10/site-packages/airflow/example_dags/tutorial_dag.py for tasks to queue
[2024-12-20T19:34:07.344+0000] {logging_mixin.py:150} INFO - [2024-12-20T19:34:07.344+0000] {dagbag.py:541} INFO - Filling up the DagBag from /home/vscode/.local/lib/python3.10/site-packages/airflow/example_dags/tutorial_dag.py
[2024-12-20T19:34:07.348+0000] {processor.py:836} INFO - DAG(s) dict_keys(['tutorial_dag']) retrieved from /home/vscode/.local/lib/python3.10/site-packages/airflow/example_dags/tutorial_dag.py
[2024-12-20T19:34:07.359+0000] {logging_mixin.py:150} INFO - [2024-12-20T19:34:07.359+0000] {dag.py:2742} INFO - Sync 1 DAGs
[2024-12-20T19:34:07.373+0000] {logging_mixin.py:150} INFO - [2024-12-20T19:34:07.373+0000] {dag.py:3504} INFO - Setting next_dagrun for tutorial_dag to None, run_after=None
[2024-12-20T19:34:07.388+0000] {processor.py:179} INFO - Processing /home/vscode/.local/lib/python3.10/site-packages/airflow/example_dags/tutorial_dag.py took 0.047 seconds
[2024-12-20T19:34:53.317+0000] {processor.py:157} INFO - Started process (PID=38429) to work on /home/vscode/.local/lib/python3.10/site-packages/airflow/example_dags/tutorial_dag.py
[2024-12-20T19:34:53.317+0000] {processor.py:826} INFO - Processing file /home/vscode/.local/lib/python3.10/site-packages/airflow/example_dags/tutorial_dag.py for tasks to queue
[2024-12-20T19:34:53.318+0000] {logging_mixin.py:150} INFO - [2024-12-20T19:34:53.318+0000] {dagbag.py:541} INFO - Filling up the DagBag from /home/vscode/.local/lib/python3.10/site-packages/airflow/example_dags/tutorial_dag.py
[2024-12-20T19:34:53.322+0000] {processor.py:836} INFO - DAG(s) dict_keys(['tutorial_dag']) retrieved from /home/vscode/.local/lib/python3.10/site-packages/airflow/example_dags/tutorial_dag.py
[2024-12-20T19:34:53.334+0000] {logging_mixin.py:150} INFO - [2024-12-20T19:34:53.333+0000] {dag.py:2742} INFO - Sync 1 DAGs
[2024-12-20T19:34:53.348+0000] {logging_mixin.py:150} INFO - [2024-12-20T19:34:53.347+0000] {dag.py:3504} INFO - Setting next_dagrun for tutorial_dag to None, run_after=None
[2024-12-20T19:34:53.362+0000] {processor.py:179} INFO - Processing /home/vscode/.local/lib/python3.10/site-packages/airflow/example_dags/tutorial_dag.py took 0.048 seconds
[2024-12-20T19:35:35.286+0000] {processor.py:157} INFO - Started process (PID=38742) to work on /home/vscode/.local/lib/python3.10/site-packages/airflow/example_dags/tutorial_dag.py
[2024-12-20T19:35:35.286+0000] {processor.py:826} INFO - Processing file /home/vscode/.local/lib/python3.10/site-packages/airflow/example_dags/tutorial_dag.py for tasks to queue
[2024-12-20T19:35:35.287+0000] {logging_mixin.py:150} INFO - [2024-12-20T19:35:35.286+0000] {dagbag.py:541} INFO - Filling up the DagBag from /home/vscode/.local/lib/python3.10/site-packages/airflow/example_dags/tutorial_dag.py
[2024-12-20T19:35:35.291+0000] {processor.py:836} INFO - DAG(s) dict_keys(['tutorial_dag']) retrieved from /home/vscode/.local/lib/python3.10/site-packages/airflow/example_dags/tutorial_dag.py
[2024-12-20T19:35:35.302+0000] {logging_mixin.py:150} INFO - [2024-12-20T19:35:35.302+0000] {dag.py:2742} INFO - Sync 1 DAGs
[2024-12-20T19:35:35.315+0000] {logging_mixin.py:150} INFO - [2024-12-20T19:35:35.315+0000] {dag.py:3504} INFO - Setting next_dagrun for tutorial_dag to None, run_after=None
[2024-12-20T19:35:35.329+0000] {processor.py:179} INFO - Processing /home/vscode/.local/lib/python3.10/site-packages/airflow/example_dags/tutorial_dag.py took 0.046 seconds
[2024-12-20T19:36:23.752+0000] {processor.py:157} INFO - Started process (PID=39200) to work on /home/vscode/.local/lib/python3.10/site-packages/airflow/example_dags/tutorial_dag.py
[2024-12-20T19:36:23.753+0000] {processor.py:826} INFO - Processing file /home/vscode/.local/lib/python3.10/site-packages/airflow/example_dags/tutorial_dag.py for tasks to queue
[2024-12-20T19:36:23.753+0000] {logging_mixin.py:150} INFO - [2024-12-20T19:36:23.753+0000] {dagbag.py:541} INFO - Filling up the DagBag from /home/vscode/.local/lib/python3.10/site-packages/airflow/example_dags/tutorial_dag.py
[2024-12-20T19:36:23.757+0000] {processor.py:836} INFO - DAG(s) dict_keys(['tutorial_dag']) retrieved from /home/vscode/.local/lib/python3.10/site-packages/airflow/example_dags/tutorial_dag.py
[2024-12-20T19:36:23.768+0000] {logging_mixin.py:150} INFO - [2024-12-20T19:36:23.768+0000] {dag.py:2742} INFO - Sync 1 DAGs
[2024-12-20T19:36:23.782+0000] {logging_mixin.py:150} INFO - [2024-12-20T19:36:23.782+0000] {dag.py:3504} INFO - Setting next_dagrun for tutorial_dag to None, run_after=None
[2024-12-20T19:36:23.798+0000] {processor.py:179} INFO - Processing /home/vscode/.local/lib/python3.10/site-packages/airflow/example_dags/tutorial_dag.py took 0.047 seconds
[2024-12-20T19:37:12.165+0000] {processor.py:157} INFO - Started process (PID=39685) to work on /home/vscode/.local/lib/python3.10/site-packages/airflow/example_dags/tutorial_dag.py
[2024-12-20T19:37:12.166+0000] {processor.py:826} INFO - Processing file /home/vscode/.local/lib/python3.10/site-packages/airflow/example_dags/tutorial_dag.py for tasks to queue
[2024-12-20T19:37:12.166+0000] {logging_mixin.py:150} INFO - [2024-12-20T19:37:12.166+0000] {dagbag.py:541} INFO - Filling up the DagBag from /home/vscode/.local/lib/python3.10/site-packages/airflow/example_dags/tutorial_dag.py
[2024-12-20T19:37:12.170+0000] {processor.py:836} INFO - DAG(s) dict_keys(['tutorial_dag']) retrieved from /home/vscode/.local/lib/python3.10/site-packages/airflow/example_dags/tutorial_dag.py
[2024-12-20T19:37:12.182+0000] {logging_mixin.py:150} INFO - [2024-12-20T19:37:12.181+0000] {dag.py:2742} INFO - Sync 1 DAGs
[2024-12-20T19:37:12.195+0000] {logging_mixin.py:150} INFO - [2024-12-20T19:37:12.195+0000] {dag.py:3504} INFO - Setting next_dagrun for tutorial_dag to None, run_after=None
[2024-12-20T19:37:12.209+0000] {processor.py:179} INFO - Processing /home/vscode/.local/lib/python3.10/site-packages/airflow/example_dags/tutorial_dag.py took 0.046 seconds
[2024-12-20T19:37:57.110+0000] {processor.py:157} INFO - Started process (PID=40175) to work on /home/vscode/.local/lib/python3.10/site-packages/airflow/example_dags/tutorial_dag.py
[2024-12-20T19:37:57.110+0000] {processor.py:826} INFO - Processing file /home/vscode/.local/lib/python3.10/site-packages/airflow/example_dags/tutorial_dag.py for tasks to queue
[2024-12-20T19:37:57.111+0000] {logging_mixin.py:150} INFO - [2024-12-20T19:37:57.111+0000] {dagbag.py:541} INFO - Filling up the DagBag from /home/vscode/.local/lib/python3.10/site-packages/airflow/example_dags/tutorial_dag.py
[2024-12-20T19:37:57.115+0000] {processor.py:836} INFO - DAG(s) dict_keys(['tutorial_dag']) retrieved from /home/vscode/.local/lib/python3.10/site-packages/airflow/example_dags/tutorial_dag.py
[2024-12-20T19:37:57.126+0000] {logging_mixin.py:150} INFO - [2024-12-20T19:37:57.126+0000] {dag.py:2742} INFO - Sync 1 DAGs
[2024-12-20T19:37:57.140+0000] {logging_mixin.py:150} INFO - [2024-12-20T19:37:57.140+0000] {dag.py:3504} INFO - Setting next_dagrun for tutorial_dag to None, run_after=None
[2024-12-20T19:37:57.154+0000] {processor.py:179} INFO - Processing /home/vscode/.local/lib/python3.10/site-packages/airflow/example_dags/tutorial_dag.py took 0.046 seconds
