2024-12-20 19:23:02,018 INFO - Starting the scheduler
2024-12-20 19:23:02,019 INFO - Processing each file at most -1 times
2024-12-20 19:23:02,025 INFO - Launched DagFileProcessorManager with pid: 33007
2024-12-20 19:23:02,028 INFO - Resetting orphaned tasks for active dag runs
2024-12-20 19:23:02,030 INFO - Configured default timezone Timezone('UTC')
2024-12-20 19:26:45,557 INFO - Exiting gracefully upon receiving signal 15
2024-12-20 19:26:46,561 INFO - Sending Signals.SIGTERM to group 33007. PIDs of all processes in the group: [33007]
2024-12-20 19:26:46,561 INFO - Sending the signal Signals.SIGTERM to group 33007
2024-12-20 19:26:46,740 INFO - Process psutil.Process(pid=33007, status='terminated', exitcode=0, started='19:23:01') (33007) terminated with exit code 0
2024-12-20 19:26:46,742 INFO - Sending Signals.SIGTERM to group 33007. PIDs of all processes in the group: []
2024-12-20 19:26:46,743 INFO - Sending the signal Signals.SIGTERM to group 33007
2024-12-20 19:26:46,743 INFO - Sending the signal Signals.SIGTERM to process 33007 as process group is missing.
2024-12-20 19:26:46,743 INFO - Exited execute loop
2024-12-20 19:33:03,109 INFO - Starting the scheduler
2024-12-20 19:33:03,110 INFO - Processing each file at most -1 times
2024-12-20 19:33:03,116 INFO - Launched DagFileProcessorManager with pid: 37582
2024-12-20 19:33:03,118 INFO - Resetting orphaned tasks for active dag runs
2024-12-20 19:33:03,128 INFO - Configured default timezone Timezone('UTC')
2024-12-20 19:38:00,050 INFO - Exiting gracefully upon receiving signal 15
2024-12-20 19:38:01,054 INFO - Sending Signals.SIGTERM to group 37582. PIDs of all processes in the group: [37582]
2024-12-20 19:38:01,055 INFO - Sending the signal Signals.SIGTERM to group 37582
2024-12-20 19:38:01,232 INFO - Process psutil.Process(pid=37582, status='terminated', exitcode=0, started='19:33:02') (37582) terminated with exit code 0
2024-12-20 19:38:01,234 INFO - Sending Signals.SIGTERM to group 37582. PIDs of all processes in the group: []
2024-12-20 19:38:01,234 INFO - Sending the signal Signals.SIGTERM to group 37582
2024-12-20 19:38:01,234 INFO - Sending the signal Signals.SIGTERM to process 37582 as process group is missing.
2024-12-20 19:38:01,234 INFO - Exited execute loop
2024-12-20 19:38:57,399 INFO - Starting the scheduler
2024-12-20 19:38:57,400 INFO - Processing each file at most -1 times
2024-12-20 19:38:57,404 INFO - Launched DagFileProcessorManager with pid: 40739
2024-12-20 19:38:57,405 INFO - Resetting orphaned tasks for active dag runs
2024-12-20 19:38:57,408 INFO - Configured default timezone Timezone('UTC')
2024-12-20 19:43:57,471 INFO - Resetting orphaned tasks for active dag runs
2024-12-20 19:48:57,510 INFO - Resetting orphaned tasks for active dag runs
2024-12-20 19:53:57,538 INFO - Resetting orphaned tasks for active dag runs
2024-12-20 19:58:57,641 INFO - Resetting orphaned tasks for active dag runs
2024-12-20 20:03:57,668 INFO - Resetting orphaned tasks for active dag runs
2024-12-20 20:08:18,286 INFO - 1 tasks up for execution:
	<TaskInstance: one_task_dag.one_task manual__2024-12-20T20:08:17.302413+00:00 [scheduled]>
2024-12-20 20:08:18,286 INFO - DAG one_task_dag has 0/16 running and queued tasks
2024-12-20 20:08:18,287 INFO - Setting the following tasks to queued state:
	<TaskInstance: one_task_dag.one_task manual__2024-12-20T20:08:17.302413+00:00 [scheduled]>
2024-12-20 20:08:18,289 INFO - Sending TaskInstanceKey(dag_id='one_task_dag', task_id='one_task', run_id='manual__2024-12-20T20:08:17.302413+00:00', try_number=1, map_index=-1) to executor with priority 1 and queue default
2024-12-20 20:08:18,290 INFO - Adding to queue: ['airflow', 'tasks', 'run', 'one_task_dag', 'one_task', 'manual__2024-12-20T20:08:17.302413+00:00', '--local', '--subdir', 'DAGS_FOLDER/one_task_dag.py']
2024-12-20 20:08:18,293 INFO - Executing command: ['airflow', 'tasks', 'run', 'one_task_dag', 'one_task', 'manual__2024-12-20T20:08:17.302413+00:00', '--local', '--subdir', 'DAGS_FOLDER/one_task_dag.py']
2024-12-20 20:08:20,179 INFO - Received executor event with state success for task instance TaskInstanceKey(dag_id='one_task_dag', task_id='one_task', run_id='manual__2024-12-20T20:08:17.302413+00:00', try_number=1, map_index=-1)
2024-12-20 20:08:20,185 INFO - TaskInstance Finished: dag_id=one_task_dag, task_id=one_task, run_id=manual__2024-12-20T20:08:17.302413+00:00, map_index=-1, run_start_date=2024-12-20 20:08:19.577893+00:00, run_end_date=2024-12-20 20:08:19.938077+00:00, run_duration=0.360184, state=failed, executor_state=success, try_number=1, max_tries=0, job_id=4, pool=default_pool, queue=default, priority_weight=1, operator=BashOperator, queued_dttm=2024-12-20 20:08:18.287940+00:00, queued_by_job_id=3, pid=52100
2024-12-20 20:08:20,225 ERROR - Marking run <DagRun one_task_dag @ 2024-12-20 20:08:17.302413+00:00: manual__2024-12-20T20:08:17.302413+00:00, state:running, queued_at: 2024-12-20 20:08:17.326922+00:00. externally triggered: True> failed
2024-12-20 20:08:20,225 INFO - DagRun Finished: dag_id=one_task_dag, execution_date=2024-12-20 20:08:17.302413+00:00, run_id=manual__2024-12-20T20:08:17.302413+00:00, run_start_date=2024-12-20 20:08:18.206363+00:00, run_end_date=2024-12-20 20:08:20.225673+00:00, run_duration=2.01931, state=failed, external_trigger=True, run_type=manual, data_interval_start=2024-12-20 20:08:17.302413+00:00, data_interval_end=2024-12-20 20:08:17.302413+00:00, dag_hash=0fdcc0c6f0503a44a83f08c42ea7496c
2024-12-20 20:08:50,354 INFO - 1 tasks up for execution:
	<TaskInstance: one_task_dag.one_task manual__2024-12-20T20:08:49.840887+00:00 [scheduled]>
2024-12-20 20:08:50,354 INFO - DAG one_task_dag has 0/16 running and queued tasks
2024-12-20 20:08:50,355 INFO - Setting the following tasks to queued state:
	<TaskInstance: one_task_dag.one_task manual__2024-12-20T20:08:49.840887+00:00 [scheduled]>
2024-12-20 20:08:50,366 INFO - Sending TaskInstanceKey(dag_id='one_task_dag', task_id='one_task', run_id='manual__2024-12-20T20:08:49.840887+00:00', try_number=1, map_index=-1) to executor with priority 1 and queue default
2024-12-20 20:08:50,366 INFO - Adding to queue: ['airflow', 'tasks', 'run', 'one_task_dag', 'one_task', 'manual__2024-12-20T20:08:49.840887+00:00', '--local', '--subdir', 'DAGS_FOLDER/one_task_dag.py']
2024-12-20 20:08:50,371 INFO - Executing command: ['airflow', 'tasks', 'run', 'one_task_dag', 'one_task', 'manual__2024-12-20T20:08:49.840887+00:00', '--local', '--subdir', 'DAGS_FOLDER/one_task_dag.py']
2024-12-20 20:08:52,423 INFO - Received executor event with state success for task instance TaskInstanceKey(dag_id='one_task_dag', task_id='one_task', run_id='manual__2024-12-20T20:08:49.840887+00:00', try_number=1, map_index=-1)
2024-12-20 20:08:52,427 INFO - TaskInstance Finished: dag_id=one_task_dag, task_id=one_task, run_id=manual__2024-12-20T20:08:49.840887+00:00, map_index=-1, run_start_date=2024-12-20 20:08:51.770035+00:00, run_end_date=2024-12-20 20:08:52.146831+00:00, run_duration=0.376796, state=failed, executor_state=success, try_number=1, max_tries=0, job_id=5, pool=default_pool, queue=default, priority_weight=1, operator=BashOperator, queued_dttm=2024-12-20 20:08:50.355694+00:00, queued_by_job_id=3, pid=52290
2024-12-20 20:08:52,465 ERROR - Marking run <DagRun one_task_dag @ 2024-12-20 20:08:49.840887+00:00: manual__2024-12-20T20:08:49.840887+00:00, state:running, queued_at: 2024-12-20 20:08:49.846514+00:00. externally triggered: True> failed
2024-12-20 20:08:52,466 INFO - DagRun Finished: dag_id=one_task_dag, execution_date=2024-12-20 20:08:49.840887+00:00, run_id=manual__2024-12-20T20:08:49.840887+00:00, run_start_date=2024-12-20 20:08:50.300201+00:00, run_end_date=2024-12-20 20:08:52.466253+00:00, run_duration=2.166052, state=failed, external_trigger=True, run_type=manual, data_interval_start=2024-12-20 20:08:49.840887+00:00, data_interval_end=2024-12-20 20:08:49.840887+00:00, dag_hash=0fdcc0c6f0503a44a83f08c42ea7496c
2024-12-20 20:08:57,695 INFO - Resetting orphaned tasks for active dag runs
2024-12-20 20:09:57,585 INFO - 1 tasks up for execution:
	<TaskInstance: one_task_dag.one_task manual__2024-12-20T20:09:56.729915+00:00 [scheduled]>
2024-12-20 20:09:57,585 INFO - DAG one_task_dag has 0/16 running and queued tasks
2024-12-20 20:09:57,586 INFO - Setting the following tasks to queued state:
	<TaskInstance: one_task_dag.one_task manual__2024-12-20T20:09:56.729915+00:00 [scheduled]>
2024-12-20 20:09:57,589 INFO - Sending TaskInstanceKey(dag_id='one_task_dag', task_id='one_task', run_id='manual__2024-12-20T20:09:56.729915+00:00', try_number=1, map_index=-1) to executor with priority 1 and queue default
2024-12-20 20:09:57,589 INFO - Adding to queue: ['airflow', 'tasks', 'run', 'one_task_dag', 'one_task', 'manual__2024-12-20T20:09:56.729915+00:00', '--local', '--subdir', 'DAGS_FOLDER/one_task_dag.py']
2024-12-20 20:09:57,594 INFO - Executing command: ['airflow', 'tasks', 'run', 'one_task_dag', 'one_task', 'manual__2024-12-20T20:09:56.729915+00:00', '--local', '--subdir', 'DAGS_FOLDER/one_task_dag.py']
2024-12-20 20:09:59,557 INFO - Received executor event with state success for task instance TaskInstanceKey(dag_id='one_task_dag', task_id='one_task', run_id='manual__2024-12-20T20:09:56.729915+00:00', try_number=1, map_index=-1)
2024-12-20 20:09:59,560 INFO - TaskInstance Finished: dag_id=one_task_dag, task_id=one_task, run_id=manual__2024-12-20T20:09:56.729915+00:00, map_index=-1, run_start_date=2024-12-20 20:09:58.909635+00:00, run_end_date=2024-12-20 20:09:59.268011+00:00, run_duration=0.358376, state=failed, executor_state=success, try_number=1, max_tries=0, job_id=6, pool=default_pool, queue=default, priority_weight=1, operator=BashOperator, queued_dttm=2024-12-20 20:09:57.586988+00:00, queued_by_job_id=3, pid=52761
2024-12-20 20:09:59,619 ERROR - Marking run <DagRun one_task_dag @ 2024-12-20 20:09:56.729915+00:00: manual__2024-12-20T20:09:56.729915+00:00, state:running, queued_at: 2024-12-20 20:09:56.738250+00:00. externally triggered: True> failed
2024-12-20 20:09:59,620 INFO - DagRun Finished: dag_id=one_task_dag, execution_date=2024-12-20 20:09:56.729915+00:00, run_id=manual__2024-12-20T20:09:56.729915+00:00, run_start_date=2024-12-20 20:09:57.562713+00:00, run_end_date=2024-12-20 20:09:59.620047+00:00, run_duration=2.057334, state=failed, external_trigger=True, run_type=manual, data_interval_start=2024-12-20 20:09:56.729915+00:00, data_interval_end=2024-12-20 20:09:56.729915+00:00, dag_hash=c7a408a2c7d39cd17c78a7c9af231066
2024-12-20 20:13:57,733 INFO - Resetting orphaned tasks for active dag runs
2024-12-20 20:17:52,052 INFO - 1 tasks up for execution:
	<TaskInstance: one_task_dag.one_task manual__2024-12-20T20:17:51.816526+00:00 [scheduled]>
2024-12-20 20:17:52,053 INFO - DAG one_task_dag has 0/16 running and queued tasks
2024-12-20 20:17:52,053 INFO - Setting the following tasks to queued state:
	<TaskInstance: one_task_dag.one_task manual__2024-12-20T20:17:51.816526+00:00 [scheduled]>
2024-12-20 20:17:52,054 INFO - Sending TaskInstanceKey(dag_id='one_task_dag', task_id='one_task', run_id='manual__2024-12-20T20:17:51.816526+00:00', try_number=1, map_index=-1) to executor with priority 1 and queue default
2024-12-20 20:17:52,054 INFO - Adding to queue: ['airflow', 'tasks', 'run', 'one_task_dag', 'one_task', 'manual__2024-12-20T20:17:51.816526+00:00', '--local', '--subdir', 'DAGS_FOLDER/one_task_dag.py']
2024-12-20 20:17:52,057 INFO - Executing command: ['airflow', 'tasks', 'run', 'one_task_dag', 'one_task', 'manual__2024-12-20T20:17:51.816526+00:00', '--local', '--subdir', 'DAGS_FOLDER/one_task_dag.py']
2024-12-20 20:17:54,135 INFO - Received executor event with state success for task instance TaskInstanceKey(dag_id='one_task_dag', task_id='one_task', run_id='manual__2024-12-20T20:17:51.816526+00:00', try_number=1, map_index=-1)
2024-12-20 20:17:54,138 INFO - TaskInstance Finished: dag_id=one_task_dag, task_id=one_task, run_id=manual__2024-12-20T20:17:51.816526+00:00, map_index=-1, run_start_date=2024-12-20 20:17:53.586252+00:00, run_end_date=2024-12-20 20:17:53.917496+00:00, run_duration=0.331244, state=failed, executor_state=success, try_number=1, max_tries=0, job_id=4, pool=default_pool, queue=default, priority_weight=1, operator=BashOperator, queued_dttm=2024-12-20 20:17:52.053587+00:00, queued_by_job_id=3, pid=56049
2024-12-20 20:17:54,176 ERROR - Marking run <DagRun one_task_dag @ 2024-12-20 20:17:51.816526+00:00: manual__2024-12-20T20:17:51.816526+00:00, state:running, queued_at: 2024-12-20 20:17:51.831468+00:00. externally triggered: True> failed
2024-12-20 20:17:54,176 INFO - DagRun Finished: dag_id=one_task_dag, execution_date=2024-12-20 20:17:51.816526+00:00, run_id=manual__2024-12-20T20:17:51.816526+00:00, run_start_date=2024-12-20 20:17:52.038158+00:00, run_end_date=2024-12-20 20:17:54.176693+00:00, run_duration=2.138535, state=failed, external_trigger=True, run_type=manual, data_interval_start=2024-12-20 20:17:51.816526+00:00, data_interval_end=2024-12-20 20:17:51.816526+00:00, dag_hash=fef24174d8b4da6cefcf023db68ed98c
2024-12-20 20:18:57,760 INFO - Resetting orphaned tasks for active dag runs
2024-12-20 20:20:37,974 INFO - 1 tasks up for execution:
	<TaskInstance: one_task_dag.one_task manual__2024-12-20T20:20:36.000818+00:00 [scheduled]>
2024-12-20 20:20:37,974 INFO - DAG one_task_dag has 0/16 running and queued tasks
2024-12-20 20:20:37,974 INFO - Setting the following tasks to queued state:
	<TaskInstance: one_task_dag.one_task manual__2024-12-20T20:20:36.000818+00:00 [scheduled]>
2024-12-20 20:20:37,975 INFO - Sending TaskInstanceKey(dag_id='one_task_dag', task_id='one_task', run_id='manual__2024-12-20T20:20:36.000818+00:00', try_number=1, map_index=-1) to executor with priority 1 and queue default
2024-12-20 20:20:37,976 INFO - Adding to queue: ['airflow', 'tasks', 'run', 'one_task_dag', 'one_task', 'manual__2024-12-20T20:20:36.000818+00:00', '--local', '--subdir', 'DAGS_FOLDER/one_task_dag.py']
2024-12-20 20:20:37,978 INFO - Executing command: ['airflow', 'tasks', 'run', 'one_task_dag', 'one_task', 'manual__2024-12-20T20:20:36.000818+00:00', '--local', '--subdir', 'DAGS_FOLDER/one_task_dag.py']
2024-12-20 20:20:39,785 INFO - Received executor event with state success for task instance TaskInstanceKey(dag_id='one_task_dag', task_id='one_task', run_id='manual__2024-12-20T20:20:36.000818+00:00', try_number=1, map_index=-1)
2024-12-20 20:20:39,789 INFO - TaskInstance Finished: dag_id=one_task_dag, task_id=one_task, run_id=manual__2024-12-20T20:20:36.000818+00:00, map_index=-1, run_start_date=2024-12-20 20:20:39.156371+00:00, run_end_date=2024-12-20 20:20:39.541284+00:00, run_duration=0.384913, state=success, executor_state=success, try_number=1, max_tries=0, job_id=4, pool=default_pool, queue=default, priority_weight=1, operator=BashOperator, queued_dttm=2024-12-20 20:20:37.974963+00:00, queued_by_job_id=3, pid=57156
2024-12-20 20:20:39,842 INFO - Marking run <DagRun one_task_dag @ 2024-12-20 20:20:36.000818+00:00: manual__2024-12-20T20:20:36.000818+00:00, state:running, queued_at: 2024-12-20 20:20:36.011937+00:00. externally triggered: True> successful
2024-12-20 20:20:39,842 INFO - DagRun Finished: dag_id=one_task_dag, execution_date=2024-12-20 20:20:36.000818+00:00, run_id=manual__2024-12-20T20:20:36.000818+00:00, run_start_date=2024-12-20 20:20:37.958371+00:00, run_end_date=2024-12-20 20:20:39.842637+00:00, run_duration=1.884266, state=success, external_trigger=True, run_type=manual, data_interval_start=2024-12-20 20:20:36.000818+00:00, data_interval_end=2024-12-20 20:20:36.000818+00:00, dag_hash=90f1a56bcef36e48f6a4358e117a4710
2024-12-20 20:22:52,804 INFO - 1 tasks up for execution:
	<TaskInstance: one_task_dag.one_task manual__2024-12-20T20:22:51.102498+00:00 [scheduled]>
2024-12-20 20:22:52,804 INFO - DAG one_task_dag has 0/16 running and queued tasks
2024-12-20 20:22:52,805 INFO - Setting the following tasks to queued state:
	<TaskInstance: one_task_dag.one_task manual__2024-12-20T20:22:51.102498+00:00 [scheduled]>
2024-12-20 20:22:52,807 INFO - Sending TaskInstanceKey(dag_id='one_task_dag', task_id='one_task', run_id='manual__2024-12-20T20:22:51.102498+00:00', try_number=1, map_index=-1) to executor with priority 1 and queue default
2024-12-20 20:22:52,808 INFO - Adding to queue: ['airflow', 'tasks', 'run', 'one_task_dag', 'one_task', 'manual__2024-12-20T20:22:51.102498+00:00', '--local', '--subdir', 'DAGS_FOLDER/one_task_dag.py']
2024-12-20 20:22:52,811 INFO - Executing command: ['airflow', 'tasks', 'run', 'one_task_dag', 'one_task', 'manual__2024-12-20T20:22:51.102498+00:00', '--local', '--subdir', 'DAGS_FOLDER/one_task_dag.py']
2024-12-20 20:22:54,641 INFO - Received executor event with state success for task instance TaskInstanceKey(dag_id='one_task_dag', task_id='one_task', run_id='manual__2024-12-20T20:22:51.102498+00:00', try_number=1, map_index=-1)
2024-12-20 20:22:54,644 INFO - TaskInstance Finished: dag_id=one_task_dag, task_id=one_task, run_id=manual__2024-12-20T20:22:51.102498+00:00, map_index=-1, run_start_date=2024-12-20 20:22:54.039532+00:00, run_end_date=2024-12-20 20:22:54.390315+00:00, run_duration=0.350783, state=success, executor_state=success, try_number=1, max_tries=0, job_id=4, pool=default_pool, queue=default, priority_weight=1, operator=BashOperator, queued_dttm=2024-12-20 20:22:52.805772+00:00, queued_by_job_id=3, pid=58223
2024-12-20 20:22:54,666 INFO - Marking run <DagRun one_task_dag @ 2024-12-20 20:22:51.102498+00:00: manual__2024-12-20T20:22:51.102498+00:00, state:running, queued_at: 2024-12-20 20:22:51.113711+00:00. externally triggered: True> successful
2024-12-20 20:22:54,667 INFO - DagRun Finished: dag_id=one_task_dag, execution_date=2024-12-20 20:22:51.102498+00:00, run_id=manual__2024-12-20T20:22:51.102498+00:00, run_start_date=2024-12-20 20:22:52.782438+00:00, run_end_date=2024-12-20 20:22:54.667279+00:00, run_duration=1.884841, state=success, external_trigger=True, run_type=manual, data_interval_start=2024-12-20 20:22:51.102498+00:00, data_interval_end=2024-12-20 20:22:51.102498+00:00, dag_hash=0c69cb7a1bebfd359bce766c7dee3083
2024-12-20 20:23:57,787 INFO - Resetting orphaned tasks for active dag runs
2024-12-20 20:28:57,814 INFO - Resetting orphaned tasks for active dag runs
2024-12-20 20:33:57,852 INFO - Resetting orphaned tasks for active dag runs
2024-12-20 20:38:57,889 INFO - Resetting orphaned tasks for active dag runs
2024-12-20 20:43:57,917 INFO - Resetting orphaned tasks for active dag runs
2024-12-20 20:48:57,950 INFO - Resetting orphaned tasks for active dag runs
2024-12-20 20:53:57,978 INFO - Resetting orphaned tasks for active dag runs
2024-12-20 20:58:58,007 INFO - Resetting orphaned tasks for active dag runs
2024-12-20 21:03:58,055 INFO - Resetting orphaned tasks for active dag runs
